[0.950s] Invoking command in '/home/orin_nano/f1tenth_ws/build/vesc_driver': CMAKE_PREFIX_PATH=/home/orin_nano/f1tenth_ws/install/vesc_msgs:/home/orin_nano/f1tenth_ws/install/vesc:/home/orin_nano/f1tenth_ws/install/vesc_driver:/home/orin_nano/f1tenth_ws/install/vesc_ackermann:/home/orin_nano/f1tenth_ws/install/urg_node2:/home/orin_nano/f1tenth_ws/install/combine_pkg:/home/orin_nano/f1tenth_ws/install/f1_test:/opt/ros/foxy LD_LIBRARY_PATH=/home/orin_nano/f1tenth_ws/install/vesc_msgs/lib:/home/orin_nano/f1tenth_ws/install/vesc_driver/lib:/home/orin_nano/f1tenth_ws/install/vesc_ackermann/lib:/home/orin_nano/f1tenth_ws/install/urg_node2/lib:/opt/ros/foxy/opt/yaml_cpp_vendor/lib:/opt/ros/foxy/opt/rviz_ogre_vendor/lib:/opt/ros/foxy/lib/aarch64-linux-gnu:/opt/ros/foxy/lib:/usr/local/cuda-11.4/lib64 /usr/bin/cmake --build /home/orin_nano/f1tenth_ws/build/vesc_driver -- -j6 -l6
[1.057s] [35m[1mScanning dependencies of target vesc_driver[0m
[1.094s] [ 20%] Built target vesc_driver_node
[1.117s] [ 30%] [32mBuilding CXX object CMakeFiles/vesc_driver.dir/src/vesc_driver.cpp.o[0m
[18.421s] [ 40%] [32m[1mLinking CXX shared library libvesc_driver.so[0m
[19.542s] [ 70%] Built target vesc_driver
[19.596s] [ 80%] [32m[1mLinking CXX executable vesc_device_namer[0m
[20.132s] [100%] Built target vesc_device_namer
[20.159s] Invoked command in '/home/orin_nano/f1tenth_ws/build/vesc_driver' returned '0': CMAKE_PREFIX_PATH=/home/orin_nano/f1tenth_ws/install/vesc_msgs:/home/orin_nano/f1tenth_ws/install/vesc:/home/orin_nano/f1tenth_ws/install/vesc_driver:/home/orin_nano/f1tenth_ws/install/vesc_ackermann:/home/orin_nano/f1tenth_ws/install/urg_node2:/home/orin_nano/f1tenth_ws/install/combine_pkg:/home/orin_nano/f1tenth_ws/install/f1_test:/opt/ros/foxy LD_LIBRARY_PATH=/home/orin_nano/f1tenth_ws/install/vesc_msgs/lib:/home/orin_nano/f1tenth_ws/install/vesc_driver/lib:/home/orin_nano/f1tenth_ws/install/vesc_ackermann/lib:/home/orin_nano/f1tenth_ws/install/urg_node2/lib:/opt/ros/foxy/opt/yaml_cpp_vendor/lib:/opt/ros/foxy/opt/rviz_ogre_vendor/lib:/opt/ros/foxy/lib/aarch64-linux-gnu:/opt/ros/foxy/lib:/usr/local/cuda-11.4/lib64 /usr/bin/cmake --build /home/orin_nano/f1tenth_ws/build/vesc_driver -- -j6 -l6
[20.247s] Invoking command in '/home/orin_nano/f1tenth_ws/build/vesc_driver': CMAKE_PREFIX_PATH=/home/orin_nano/f1tenth_ws/install/vesc_msgs:/home/orin_nano/f1tenth_ws/install/vesc:/home/orin_nano/f1tenth_ws/install/vesc_driver:/home/orin_nano/f1tenth_ws/install/vesc_ackermann:/home/orin_nano/f1tenth_ws/install/urg_node2:/home/orin_nano/f1tenth_ws/install/combine_pkg:/home/orin_nano/f1tenth_ws/install/f1_test:/opt/ros/foxy LD_LIBRARY_PATH=/home/orin_nano/f1tenth_ws/install/vesc_msgs/lib:/home/orin_nano/f1tenth_ws/install/vesc_driver/lib:/home/orin_nano/f1tenth_ws/install/vesc_ackermann/lib:/home/orin_nano/f1tenth_ws/install/urg_node2/lib:/opt/ros/foxy/opt/yaml_cpp_vendor/lib:/opt/ros/foxy/opt/rviz_ogre_vendor/lib:/opt/ros/foxy/lib/aarch64-linux-gnu:/opt/ros/foxy/lib:/usr/local/cuda-11.4/lib64 /usr/bin/cmake --install /home/orin_nano/f1tenth_ws/build/vesc_driver
[20.266s] -- Install configuration: ""
[20.266s] -- Up-to-date: /home/orin_nano/f1tenth_ws/install/vesc_driver/lib/vesc_driver/vesc_driver_node
[20.267s] -- Up-to-date: /home/orin_nano/f1tenth_ws/install/vesc_driver/include
[20.267s] -- Up-to-date: /home/orin_nano/f1tenth_ws/install/vesc_driver/include/vesc_driver
[20.268s] -- Up-to-date: /home/orin_nano/f1tenth_ws/install/vesc_driver/include/vesc_driver/datatypes.hpp
[20.268s] -- Up-to-date: /home/orin_nano/f1tenth_ws/install/vesc_driver/include/vesc_driver/vesc_interface.hpp
[20.268s] -- Up-to-date: /home/orin_nano/f1tenth_ws/install/vesc_driver/include/vesc_driver/vesc_driver.hpp
[20.268s] -- Up-to-date: /home/orin_nano/f1tenth_ws/install/vesc_driver/include/vesc_driver/vesc_packet.hpp
[20.269s] -- Up-to-date: /home/orin_nano/f1tenth_ws/install/vesc_driver/include/vesc_driver/crc.hpp
[20.269s] -- Up-to-date: /home/orin_nano/f1tenth_ws/install/vesc_driver/include/vesc_driver/vesc_device_uuid_lookup.hpp
[20.269s] -- Up-to-date: /home/orin_nano/f1tenth_ws/install/vesc_driver/include/vesc_driver/vesc_packet_factory.hpp
[20.269s] -- Up-to-date: /home/orin_nano/f1tenth_ws/install/vesc_driver/share/vesc_driver/environment/library_path.sh
[20.270s] -- Up-to-date: /home/orin_nano/f1tenth_ws/install/vesc_driver/share/vesc_driver/environment/library_path.dsv
[20.270s] -- Installing: /home/orin_nano/f1tenth_ws/install/vesc_driver/lib/libvesc_driver.so
[20.281s] -- Set runtime path of "/home/orin_nano/f1tenth_ws/install/vesc_driver/lib/libvesc_driver.so" to ""
[20.281s] -- Installing: /home/orin_nano/f1tenth_ws/install/vesc_driver/lib/vesc_driver/vesc_device_namer
[20.282s] -- Set runtime path of "/home/orin_nano/f1tenth_ws/install/vesc_driver/lib/vesc_driver/vesc_device_namer" to ""
[20.283s] -- Up-to-date: /home/orin_nano/f1tenth_ws/install/vesc_driver/share/vesc_driver/launch
[20.283s] -- Up-to-date: /home/orin_nano/f1tenth_ws/install/vesc_driver/share/vesc_driver/launch/vesc_driver_node.launch.py
[20.283s] -- Up-to-date: /home/orin_nano/f1tenth_ws/install/vesc_driver/share/vesc_driver/params
[20.284s] -- Up-to-date: /home/orin_nano/f1tenth_ws/install/vesc_driver/share/vesc_driver/params/vesc_config.yaml
[20.284s] -- Up-to-date: /home/orin_nano/f1tenth_ws/install/vesc_driver/share/ament_index/resource_index/package_run_dependencies/vesc_driver
[20.284s] -- Up-to-date: /home/orin_nano/f1tenth_ws/install/vesc_driver/share/ament_index/resource_index/parent_prefix_path/vesc_driver
[20.285s] -- Up-to-date: /home/orin_nano/f1tenth_ws/install/vesc_driver/share/vesc_driver/environment/ament_prefix_path.sh
[20.285s] -- Up-to-date: /home/orin_nano/f1tenth_ws/install/vesc_driver/share/vesc_driver/environment/ament_prefix_path.dsv
[20.285s] -- Up-to-date: /home/orin_nano/f1tenth_ws/install/vesc_driver/share/vesc_driver/environment/path.sh
[20.286s] -- Up-to-date: /home/orin_nano/f1tenth_ws/install/vesc_driver/share/vesc_driver/environment/path.dsv
[20.286s] -- Up-to-date: /home/orin_nano/f1tenth_ws/install/vesc_driver/share/vesc_driver/local_setup.bash
[20.286s] -- Up-to-date: /home/orin_nano/f1tenth_ws/install/vesc_driver/share/vesc_driver/local_setup.sh
[20.287s] -- Up-to-date: /home/orin_nano/f1tenth_ws/install/vesc_driver/share/vesc_driver/local_setup.zsh
[20.287s] -- Up-to-date: /home/orin_nano/f1tenth_ws/install/vesc_driver/share/vesc_driver/local_setup.dsv
[20.287s] -- Installing: /home/orin_nano/f1tenth_ws/install/vesc_driver/share/vesc_driver/package.dsv
[20.287s] -- Up-to-date: /home/orin_nano/f1tenth_ws/install/vesc_driver/share/ament_index/resource_index/packages/vesc_driver
[20.288s] -- Up-to-date: /home/orin_nano/f1tenth_ws/install/vesc_driver/share/ament_index/resource_index/rclcpp_components/vesc_driver
[20.288s] -- Up-to-date: /home/orin_nano/f1tenth_ws/install/vesc_driver/share/vesc_driver/cmake/ament_cmake_export_dependencies-extras.cmake
[20.288s] -- Up-to-date: /home/orin_nano/f1tenth_ws/install/vesc_driver/share/vesc_driver/cmake/ament_cmake_export_include_directories-extras.cmake
[20.288s] -- Up-to-date: /home/orin_nano/f1tenth_ws/install/vesc_driver/share/vesc_driver/cmake/ament_cmake_export_libraries-extras.cmake
[20.289s] -- Up-to-date: /home/orin_nano/f1tenth_ws/install/vesc_driver/share/vesc_driver/cmake/vesc_driverConfig.cmake
[20.289s] -- Up-to-date: /home/orin_nano/f1tenth_ws/install/vesc_driver/share/vesc_driver/cmake/vesc_driverConfig-version.cmake
[20.290s] -- Up-to-date: /home/orin_nano/f1tenth_ws/install/vesc_driver/share/vesc_driver/package.xml
[20.292s] Invoked command in '/home/orin_nano/f1tenth_ws/build/vesc_driver' returned '0': CMAKE_PREFIX_PATH=/home/orin_nano/f1tenth_ws/install/vesc_msgs:/home/orin_nano/f1tenth_ws/install/vesc:/home/orin_nano/f1tenth_ws/install/vesc_driver:/home/orin_nano/f1tenth_ws/install/vesc_ackermann:/home/orin_nano/f1tenth_ws/install/urg_node2:/home/orin_nano/f1tenth_ws/install/combine_pkg:/home/orin_nano/f1tenth_ws/install/f1_test:/opt/ros/foxy LD_LIBRARY_PATH=/home/orin_nano/f1tenth_ws/install/vesc_msgs/lib:/home/orin_nano/f1tenth_ws/install/vesc_driver/lib:/home/orin_nano/f1tenth_ws/install/vesc_ackermann/lib:/home/orin_nano/f1tenth_ws/install/urg_node2/lib:/opt/ros/foxy/opt/yaml_cpp_vendor/lib:/opt/ros/foxy/opt/rviz_ogre_vendor/lib:/opt/ros/foxy/lib/aarch64-linux-gnu:/opt/ros/foxy/lib:/usr/local/cuda-11.4/lib64 /usr/bin/cmake --install /home/orin_nano/f1tenth_ws/build/vesc_driver
