[1.124s] Invoking command in '/home/orin_nano/f1tenth_ws/build/vesc_ackermann': AMENT_PREFIX_PATH=/home/orin_nano/f1tenth_ws/install/vesc_msgs:${AMENT_PREFIX_PATH} CMAKE_PREFIX_PATH=/home/orin_nano/f1tenth_ws/install/vesc_msgs:/opt/ros/foxy LD_LIBRARY_PATH=/home/orin_nano/f1tenth_ws/install/vesc_msgs/lib:/opt/ros/foxy/opt/yaml_cpp_vendor/lib:/opt/ros/foxy/opt/rviz_ogre_vendor/lib:/opt/ros/foxy/lib/aarch64-linux-gnu:/opt/ros/foxy/lib:/usr/local/cuda-11.4/lib64 PYTHONPATH=/home/orin_nano/f1tenth_ws/install/vesc_msgs/lib/python3.8/site-packages:${PYTHONPATH} /usr/bin/cmake --build /home/orin_nano/f1tenth_ws/build/vesc_ackermann -- -j6 -l6
[1.215s] [35m[1mScanning dependencies of target vesc_ackermann[0m
[1.251s] [ 57%] Built target ackermann_to_vesc_node
[1.251s] [ 57%] Built target vesc_to_odom_node
[1.278s] [ 71%] [32mBuilding CXX object CMakeFiles/vesc_ackermann.dir/src/vesc_to_odom.cpp.o[0m
[13.735s] [ 85%] [32m[1mLinking CXX shared library libvesc_ackermann.so[0m
[14.644s] [100%] Built target vesc_ackermann
[14.670s] Invoked command in '/home/orin_nano/f1tenth_ws/build/vesc_ackermann' returned '0': AMENT_PREFIX_PATH=/home/orin_nano/f1tenth_ws/install/vesc_msgs:${AMENT_PREFIX_PATH} CMAKE_PREFIX_PATH=/home/orin_nano/f1tenth_ws/install/vesc_msgs:/opt/ros/foxy LD_LIBRARY_PATH=/home/orin_nano/f1tenth_ws/install/vesc_msgs/lib:/opt/ros/foxy/opt/yaml_cpp_vendor/lib:/opt/ros/foxy/opt/rviz_ogre_vendor/lib:/opt/ros/foxy/lib/aarch64-linux-gnu:/opt/ros/foxy/lib:/usr/local/cuda-11.4/lib64 PYTHONPATH=/home/orin_nano/f1tenth_ws/install/vesc_msgs/lib/python3.8/site-packages:${PYTHONPATH} /usr/bin/cmake --build /home/orin_nano/f1tenth_ws/build/vesc_ackermann -- -j6 -l6
[14.741s] Invoking command in '/home/orin_nano/f1tenth_ws/build/vesc_ackermann': AMENT_PREFIX_PATH=/home/orin_nano/f1tenth_ws/install/vesc_msgs:${AMENT_PREFIX_PATH} CMAKE_PREFIX_PATH=/home/orin_nano/f1tenth_ws/install/vesc_msgs:/opt/ros/foxy LD_LIBRARY_PATH=/home/orin_nano/f1tenth_ws/install/vesc_msgs/lib:/opt/ros/foxy/opt/yaml_cpp_vendor/lib:/opt/ros/foxy/opt/rviz_ogre_vendor/lib:/opt/ros/foxy/lib/aarch64-linux-gnu:/opt/ros/foxy/lib:/usr/local/cuda-11.4/lib64 PYTHONPATH=/home/orin_nano/f1tenth_ws/install/vesc_msgs/lib/python3.8/site-packages:${PYTHONPATH} /usr/bin/cmake --install /home/orin_nano/f1tenth_ws/build/vesc_ackermann
[14.758s] -- Install configuration: ""
[14.759s] -- Installing: /home/orin_nano/f1tenth_ws/install/vesc_ackermann/lib/vesc_ackermann/ackermann_to_vesc_node
[14.760s] -- Set runtime path of "/home/orin_nano/f1tenth_ws/install/vesc_ackermann/lib/vesc_ackermann/ackermann_to_vesc_node" to ""
[14.760s] -- Installing: /home/orin_nano/f1tenth_ws/install/vesc_ackermann/lib/vesc_ackermann/vesc_to_odom_node
[14.761s] -- Set runtime path of "/home/orin_nano/f1tenth_ws/install/vesc_ackermann/lib/vesc_ackermann/vesc_to_odom_node" to ""
[14.761s] -- Installing: /home/orin_nano/f1tenth_ws/install/vesc_ackermann/include
[14.762s] -- Installing: /home/orin_nano/f1tenth_ws/install/vesc_ackermann/include/vesc_ackermann
[14.762s] -- Installing: /home/orin_nano/f1tenth_ws/install/vesc_ackermann/include/vesc_ackermann/vesc_to_odom.hpp
[14.762s] -- Installing: /home/orin_nano/f1tenth_ws/install/vesc_ackermann/include/vesc_ackermann/ackermann_to_vesc.hpp
[14.762s] -- Installing: /home/orin_nano/f1tenth_ws/install/vesc_ackermann/share/vesc_ackermann/environment/library_path.sh
[14.762s] -- Installing: /home/orin_nano/f1tenth_ws/install/vesc_ackermann/share/vesc_ackermann/environment/library_path.dsv
[14.763s] -- Installing: /home/orin_nano/f1tenth_ws/install/vesc_ackermann/lib/libvesc_ackermann.so
[14.773s] -- Set runtime path of "/home/orin_nano/f1tenth_ws/install/vesc_ackermann/lib/libvesc_ackermann.so" to ""
[14.774s] -- Installing: /home/orin_nano/f1tenth_ws/install/vesc_ackermann/share/vesc_ackermann/launch
[14.774s] -- Installing: /home/orin_nano/f1tenth_ws/install/vesc_ackermann/share/vesc_ackermann/launch/ackermann_to_vesc_node.launch.xml
[14.775s] -- Installing: /home/orin_nano/f1tenth_ws/install/vesc_ackermann/share/vesc_ackermann/launch/vesc_to_odom_node.launch.xml
[14.775s] -- Installing: /home/orin_nano/f1tenth_ws/install/vesc_ackermann/share/ament_index/resource_index/package_run_dependencies/vesc_ackermann
[14.776s] -- Installing: /home/orin_nano/f1tenth_ws/install/vesc_ackermann/share/ament_index/resource_index/parent_prefix_path/vesc_ackermann
[14.776s] -- Installing: /home/orin_nano/f1tenth_ws/install/vesc_ackermann/share/vesc_ackermann/environment/ament_prefix_path.sh
[14.776s] -- Installing: /home/orin_nano/f1tenth_ws/install/vesc_ackermann/share/vesc_ackermann/environment/ament_prefix_path.dsv
[14.777s] -- Installing: /home/orin_nano/f1tenth_ws/install/vesc_ackermann/share/vesc_ackermann/environment/path.sh
[14.777s] -- Installing: /home/orin_nano/f1tenth_ws/install/vesc_ackermann/share/vesc_ackermann/environment/path.dsv
[14.777s] -- Installing: /home/orin_nano/f1tenth_ws/install/vesc_ackermann/share/vesc_ackermann/local_setup.bash
[14.778s] -- Installing: /home/orin_nano/f1tenth_ws/install/vesc_ackermann/share/vesc_ackermann/local_setup.sh
[14.778s] -- Installing: /home/orin_nano/f1tenth_ws/install/vesc_ackermann/share/vesc_ackermann/local_setup.zsh
[14.778s] -- Installing: /home/orin_nano/f1tenth_ws/install/vesc_ackermann/share/vesc_ackermann/local_setup.dsv
[14.779s] -- Installing: /home/orin_nano/f1tenth_ws/install/vesc_ackermann/share/vesc_ackermann/package.dsv
[14.779s] -- Installing: /home/orin_nano/f1tenth_ws/install/vesc_ackermann/share/ament_index/resource_index/packages/vesc_ackermann
[14.779s] -- Installing: /home/orin_nano/f1tenth_ws/install/vesc_ackermann/share/ament_index/resource_index/rclcpp_components/vesc_ackermann
[14.780s] -- Installing: /home/orin_nano/f1tenth_ws/install/vesc_ackermann/share/vesc_ackermann/cmake/ament_cmake_export_dependencies-extras.cmake
[14.780s] -- Installing: /home/orin_nano/f1tenth_ws/install/vesc_ackermann/share/vesc_ackermann/cmake/ament_cmake_export_include_directories-extras.cmake
[14.780s] -- Installing: /home/orin_nano/f1tenth_ws/install/vesc_ackermann/share/vesc_ackermann/cmake/ament_cmake_export_libraries-extras.cmake
[14.781s] -- Installing: /home/orin_nano/f1tenth_ws/install/vesc_ackermann/share/vesc_ackermann/cmake/vesc_ackermannConfig.cmake
[14.781s] -- Installing: /home/orin_nano/f1tenth_ws/install/vesc_ackermann/share/vesc_ackermann/cmake/vesc_ackermannConfig-version.cmake
[14.781s] -- Installing: /home/orin_nano/f1tenth_ws/install/vesc_ackermann/share/vesc_ackermann/package.xml
[14.786s] Invoked command in '/home/orin_nano/f1tenth_ws/build/vesc_ackermann' returned '0': AMENT_PREFIX_PATH=/home/orin_nano/f1tenth_ws/install/vesc_msgs:${AMENT_PREFIX_PATH} CMAKE_PREFIX_PATH=/home/orin_nano/f1tenth_ws/install/vesc_msgs:/opt/ros/foxy LD_LIBRARY_PATH=/home/orin_nano/f1tenth_ws/install/vesc_msgs/lib:/opt/ros/foxy/opt/yaml_cpp_vendor/lib:/opt/ros/foxy/opt/rviz_ogre_vendor/lib:/opt/ros/foxy/lib/aarch64-linux-gnu:/opt/ros/foxy/lib:/usr/local/cuda-11.4/lib64 PYTHONPATH=/home/orin_nano/f1tenth_ws/install/vesc_msgs/lib/python3.8/site-packages:${PYTHONPATH} /usr/bin/cmake --install /home/orin_nano/f1tenth_ws/build/vesc_ackermann
