[1.159s] Invoking command in '/home/orin_nano/f1tenth_ws/build/urg_node2': CMAKE_PREFIX_PATH=${CMAKE_PREFIX_PATH}:/home/orin_nano/f1tenth_ws/install/f1_test:/opt/ros/foxy /usr/bin/cmake --build /home/orin_nano/f1tenth_ws/build/urg_node2 -- -j6 -l6
[1.296s] [ 10%] Built target gtest
[1.298s] [ 20%] Built target gtest_main
[1.324s] [ 40%] Built target urg_node2_node
[1.325s] [ 75%] Built target urg_c
[1.403s] [100%] Built target urg_node2
[1.403s] [100%] Built target urg_node2_test
[1.553s] Invoked command in '/home/orin_nano/f1tenth_ws/build/urg_node2' returned '0': CMAKE_PREFIX_PATH=${CMAKE_PREFIX_PATH}:/home/orin_nano/f1tenth_ws/install/f1_test:/opt/ros/foxy /usr/bin/cmake --build /home/orin_nano/f1tenth_ws/build/urg_node2 -- -j6 -l6
[2.341s] Invoking command in '/home/orin_nano/f1tenth_ws/build/urg_node2': CMAKE_PREFIX_PATH=${CMAKE_PREFIX_PATH}:/home/orin_nano/f1tenth_ws/install/f1_test:/opt/ros/foxy /usr/bin/cmake --install /home/orin_nano/f1tenth_ws/build/urg_node2
[2.362s] -- Install configuration: ""
[2.363s] -- Up-to-date: /home/orin_nano/f1tenth_ws/install/urg_node2/lib/urg_node2/urg_node2_node
[2.364s] -- Up-to-date: /home/orin_nano/f1tenth_ws/install/urg_node2/lib/liburg_node2.so
[2.365s] -- Up-to-date: /home/orin_nano/f1tenth_ws/install/urg_node2/lib/liburg_c.so
[2.365s] -- Up-to-date: /home/orin_nano/f1tenth_ws/install/urg_node2/share/urg_node2/launch
[2.366s] -- Up-to-date: /home/orin_nano/f1tenth_ws/install/urg_node2/share/urg_node2/launch/urg_node2_component.launch.py
[2.366s] -- Up-to-date: /home/orin_nano/f1tenth_ws/install/urg_node2/share/urg_node2/launch/urg_node2.launch.py
[2.366s] -- Up-to-date: /home/orin_nano/f1tenth_ws/install/urg_node2/share/urg_node2/launch/urg_node2_2lidar.launch.py
[2.367s] -- Up-to-date: /home/orin_nano/f1tenth_ws/install/urg_node2/share/urg_node2/config
[2.367s] -- Up-to-date: /home/orin_nano/f1tenth_ws/install/urg_node2/share/urg_node2/config/params_serial.yaml
[2.367s] -- Up-to-date: /home/orin_nano/f1tenth_ws/install/urg_node2/share/urg_node2/config/params_ether_2nd.yaml
[2.367s] -- Up-to-date: /home/orin_nano/f1tenth_ws/install/urg_node2/share/urg_node2/config/params_ether.yaml
[2.368s] -- Up-to-date: /home/orin_nano/f1tenth_ws/install/urg_node2/share/ament_index/resource_index/package_run_dependencies/urg_node2
[2.368s] -- Up-to-date: /home/orin_nano/f1tenth_ws/install/urg_node2/share/ament_index/resource_index/parent_prefix_path/urg_node2
[2.368s] -- Up-to-date: /home/orin_nano/f1tenth_ws/install/urg_node2/share/urg_node2/environment/ament_prefix_path.sh
[2.369s] -- Up-to-date: /home/orin_nano/f1tenth_ws/install/urg_node2/share/urg_node2/environment/ament_prefix_path.dsv
[2.369s] -- Up-to-date: /home/orin_nano/f1tenth_ws/install/urg_node2/share/urg_node2/environment/path.sh
[2.369s] -- Up-to-date: /home/orin_nano/f1tenth_ws/install/urg_node2/share/urg_node2/environment/path.dsv
[2.369s] -- Up-to-date: /home/orin_nano/f1tenth_ws/install/urg_node2/share/urg_node2/local_setup.bash
[2.369s] -- Up-to-date: /home/orin_nano/f1tenth_ws/install/urg_node2/share/urg_node2/local_setup.sh
[2.369s] -- Up-to-date: /home/orin_nano/f1tenth_ws/install/urg_node2/share/urg_node2/local_setup.zsh
[2.369s] -- Up-to-date: /home/orin_nano/f1tenth_ws/install/urg_node2/share/urg_node2/local_setup.dsv
[2.370s] -- Installing: /home/orin_nano/f1tenth_ws/install/urg_node2/share/urg_node2/package.dsv
[2.370s] -- Up-to-date: /home/orin_nano/f1tenth_ws/install/urg_node2/share/ament_index/resource_index/packages/urg_node2
[2.370s] -- Up-to-date: /home/orin_nano/f1tenth_ws/install/urg_node2/share/ament_index/resource_index/rclcpp_components/urg_node2
[2.371s] -- Up-to-date: /home/orin_nano/f1tenth_ws/install/urg_node2/share/urg_node2/cmake/urg_node2Config.cmake
[2.371s] -- Up-to-date: /home/orin_nano/f1tenth_ws/install/urg_node2/share/urg_node2/cmake/urg_node2Config-version.cmake
[2.371s] -- Up-to-date: /home/orin_nano/f1tenth_ws/install/urg_node2/share/urg_node2/package.xml
[2.375s] Invoked command in '/home/orin_nano/f1tenth_ws/build/urg_node2' returned '0': CMAKE_PREFIX_PATH=${CMAKE_PREFIX_PATH}:/home/orin_nano/f1tenth_ws/install/f1_test:/opt/ros/foxy /usr/bin/cmake --install /home/orin_nano/f1tenth_ws/build/urg_node2
