[1.262s] Invoking command in '/home/orin_nano/f1tenth_ws/build/vesc_ackermann': CMAKE_PREFIX_PATH=/home/orin_nano/f1tenth_ws/install/vesc_msgs:/home/orin_nano/f1tenth_ws/install/vesc:/home/orin_nano/f1tenth_ws/install/vesc_driver:/home/orin_nano/f1tenth_ws/install/vesc_ackermann:/home/orin_nano/f1tenth_ws/install/urg_node2:/home/orin_nano/f1tenth_ws/install/combine_pkg:/home/orin_nano/f1tenth_ws/install/f1_test:/opt/ros/foxy LD_LIBRARY_PATH=/home/orin_nano/f1tenth_ws/install/vesc_msgs/lib:/home/orin_nano/f1tenth_ws/install/vesc_driver/lib:/home/orin_nano/f1tenth_ws/install/vesc_ackermann/lib:/home/orin_nano/f1tenth_ws/install/urg_node2/lib:/opt/ros/foxy/opt/yaml_cpp_vendor/lib:/opt/ros/foxy/opt/rviz_ogre_vendor/lib:/opt/ros/foxy/lib/aarch64-linux-gnu:/opt/ros/foxy/lib:/usr/local/cuda-11.4/lib64 /usr/bin/cmake --build /home/orin_nano/f1tenth_ws/build/vesc_ackermann -- -j6 -l6
[1.368s] [35m[1mScanning dependencies of target vesc_ackermann[0m
[1.403s] [ 57%] Built target ackermann_to_vesc_node
[1.403s] [ 57%] Built target vesc_to_odom_node
[1.434s] [ 71%] [32mBuilding CXX object CMakeFiles/vesc_ackermann.dir/src/vesc_to_odom.cpp.o[0m
[14.432s] [ 85%] [32m[1mLinking CXX shared library libvesc_ackermann.so[0m
[15.382s] [100%] Built target vesc_ackermann
[15.408s] Invoked command in '/home/orin_nano/f1tenth_ws/build/vesc_ackermann' returned '0': CMAKE_PREFIX_PATH=/home/orin_nano/f1tenth_ws/install/vesc_msgs:/home/orin_nano/f1tenth_ws/install/vesc:/home/orin_nano/f1tenth_ws/install/vesc_driver:/home/orin_nano/f1tenth_ws/install/vesc_ackermann:/home/orin_nano/f1tenth_ws/install/urg_node2:/home/orin_nano/f1tenth_ws/install/combine_pkg:/home/orin_nano/f1tenth_ws/install/f1_test:/opt/ros/foxy LD_LIBRARY_PATH=/home/orin_nano/f1tenth_ws/install/vesc_msgs/lib:/home/orin_nano/f1tenth_ws/install/vesc_driver/lib:/home/orin_nano/f1tenth_ws/install/vesc_ackermann/lib:/home/orin_nano/f1tenth_ws/install/urg_node2/lib:/opt/ros/foxy/opt/yaml_cpp_vendor/lib:/opt/ros/foxy/opt/rviz_ogre_vendor/lib:/opt/ros/foxy/lib/aarch64-linux-gnu:/opt/ros/foxy/lib:/usr/local/cuda-11.4/lib64 /usr/bin/cmake --build /home/orin_nano/f1tenth_ws/build/vesc_ackermann -- -j6 -l6
[15.481s] Invoking command in '/home/orin_nano/f1tenth_ws/build/vesc_ackermann': CMAKE_PREFIX_PATH=/home/orin_nano/f1tenth_ws/install/vesc_msgs:/home/orin_nano/f1tenth_ws/install/vesc:/home/orin_nano/f1tenth_ws/install/vesc_driver:/home/orin_nano/f1tenth_ws/install/vesc_ackermann:/home/orin_nano/f1tenth_ws/install/urg_node2:/home/orin_nano/f1tenth_ws/install/combine_pkg:/home/orin_nano/f1tenth_ws/install/f1_test:/opt/ros/foxy LD_LIBRARY_PATH=/home/orin_nano/f1tenth_ws/install/vesc_msgs/lib:/home/orin_nano/f1tenth_ws/install/vesc_driver/lib:/home/orin_nano/f1tenth_ws/install/vesc_ackermann/lib:/home/orin_nano/f1tenth_ws/install/urg_node2/lib:/opt/ros/foxy/opt/yaml_cpp_vendor/lib:/opt/ros/foxy/opt/rviz_ogre_vendor/lib:/opt/ros/foxy/lib/aarch64-linux-gnu:/opt/ros/foxy/lib:/usr/local/cuda-11.4/lib64 /usr/bin/cmake --install /home/orin_nano/f1tenth_ws/build/vesc_ackermann
[15.502s] -- Install configuration: ""
[15.503s] -- Up-to-date: /home/orin_nano/f1tenth_ws/install/vesc_ackermann/lib/vesc_ackermann/ackermann_to_vesc_node
[15.503s] -- Up-to-date: /home/orin_nano/f1tenth_ws/install/vesc_ackermann/lib/vesc_ackermann/vesc_to_odom_node
[15.504s] -- Up-to-date: /home/orin_nano/f1tenth_ws/install/vesc_ackermann/include
[15.504s] -- Up-to-date: /home/orin_nano/f1tenth_ws/install/vesc_ackermann/include/vesc_ackermann
[15.504s] -- Up-to-date: /home/orin_nano/f1tenth_ws/install/vesc_ackermann/include/vesc_ackermann/vesc_to_odom.hpp
[15.505s] -- Up-to-date: /home/orin_nano/f1tenth_ws/install/vesc_ackermann/include/vesc_ackermann/ackermann_to_vesc.hpp
[15.505s] -- Up-to-date: /home/orin_nano/f1tenth_ws/install/vesc_ackermann/share/vesc_ackermann/environment/library_path.sh
[15.505s] -- Up-to-date: /home/orin_nano/f1tenth_ws/install/vesc_ackermann/share/vesc_ackermann/environment/library_path.dsv
[15.505s] -- Installing: /home/orin_nano/f1tenth_ws/install/vesc_ackermann/lib/libvesc_ackermann.so
[15.516s] -- Set runtime path of "/home/orin_nano/f1tenth_ws/install/vesc_ackermann/lib/libvesc_ackermann.so" to ""
[15.517s] -- Up-to-date: /home/orin_nano/f1tenth_ws/install/vesc_ackermann/share/vesc_ackermann/launch
[15.518s] -- Up-to-date: /home/orin_nano/f1tenth_ws/install/vesc_ackermann/share/vesc_ackermann/launch/ackermann_to_vesc_node.launch.xml
[15.518s] -- Up-to-date: /home/orin_nano/f1tenth_ws/install/vesc_ackermann/share/vesc_ackermann/launch/vesc_to_odom_node.launch.xml
[15.518s] -- Up-to-date: /home/orin_nano/f1tenth_ws/install/vesc_ackermann/share/ament_index/resource_index/package_run_dependencies/vesc_ackermann
[15.519s] -- Up-to-date: /home/orin_nano/f1tenth_ws/install/vesc_ackermann/share/ament_index/resource_index/parent_prefix_path/vesc_ackermann
[15.519s] -- Up-to-date: /home/orin_nano/f1tenth_ws/install/vesc_ackermann/share/vesc_ackermann/environment/ament_prefix_path.sh
[15.519s] -- Up-to-date: /home/orin_nano/f1tenth_ws/install/vesc_ackermann/share/vesc_ackermann/environment/ament_prefix_path.dsv
[15.519s] -- Up-to-date: /home/orin_nano/f1tenth_ws/install/vesc_ackermann/share/vesc_ackermann/environment/path.sh
[15.520s] -- Up-to-date: /home/orin_nano/f1tenth_ws/install/vesc_ackermann/share/vesc_ackermann/environment/path.dsv
[15.520s] -- Up-to-date: /home/orin_nano/f1tenth_ws/install/vesc_ackermann/share/vesc_ackermann/local_setup.bash
[15.520s] -- Up-to-date: /home/orin_nano/f1tenth_ws/install/vesc_ackermann/share/vesc_ackermann/local_setup.sh
[15.520s] -- Up-to-date: /home/orin_nano/f1tenth_ws/install/vesc_ackermann/share/vesc_ackermann/local_setup.zsh
[15.520s] -- Up-to-date: /home/orin_nano/f1tenth_ws/install/vesc_ackermann/share/vesc_ackermann/local_setup.dsv
[15.520s] -- Installing: /home/orin_nano/f1tenth_ws/install/vesc_ackermann/share/vesc_ackermann/package.dsv
[15.520s] -- Up-to-date: /home/orin_nano/f1tenth_ws/install/vesc_ackermann/share/ament_index/resource_index/packages/vesc_ackermann
[15.520s] -- Up-to-date: /home/orin_nano/f1tenth_ws/install/vesc_ackermann/share/ament_index/resource_index/rclcpp_components/vesc_ackermann
[15.521s] -- Up-to-date: /home/orin_nano/f1tenth_ws/install/vesc_ackermann/share/vesc_ackermann/cmake/ament_cmake_export_dependencies-extras.cmake
[15.521s] -- Up-to-date: /home/orin_nano/f1tenth_ws/install/vesc_ackermann/share/vesc_ackermann/cmake/ament_cmake_export_include_directories-extras.cmake
[15.521s] -- Up-to-date: /home/orin_nano/f1tenth_ws/install/vesc_ackermann/share/vesc_ackermann/cmake/ament_cmake_export_libraries-extras.cmake
[15.521s] -- Up-to-date: /home/orin_nano/f1tenth_ws/install/vesc_ackermann/share/vesc_ackermann/cmake/vesc_ackermannConfig.cmake
[15.521s] -- Up-to-date: /home/orin_nano/f1tenth_ws/install/vesc_ackermann/share/vesc_ackermann/cmake/vesc_ackermannConfig-version.cmake
[15.521s] -- Up-to-date: /home/orin_nano/f1tenth_ws/install/vesc_ackermann/share/vesc_ackermann/package.xml
[15.525s] Invoked command in '/home/orin_nano/f1tenth_ws/build/vesc_ackermann' returned '0': CMAKE_PREFIX_PATH=/home/orin_nano/f1tenth_ws/install/vesc_msgs:/home/orin_nano/f1tenth_ws/install/vesc:/home/orin_nano/f1tenth_ws/install/vesc_driver:/home/orin_nano/f1tenth_ws/install/vesc_ackermann:/home/orin_nano/f1tenth_ws/install/urg_node2:/home/orin_nano/f1tenth_ws/install/combine_pkg:/home/orin_nano/f1tenth_ws/install/f1_test:/opt/ros/foxy LD_LIBRARY_PATH=/home/orin_nano/f1tenth_ws/install/vesc_msgs/lib:/home/orin_nano/f1tenth_ws/install/vesc_driver/lib:/home/orin_nano/f1tenth_ws/install/vesc_ackermann/lib:/home/orin_nano/f1tenth_ws/install/urg_node2/lib:/opt/ros/foxy/opt/yaml_cpp_vendor/lib:/opt/ros/foxy/opt/rviz_ogre_vendor/lib:/opt/ros/foxy/lib/aarch64-linux-gnu:/opt/ros/foxy/lib:/usr/local/cuda-11.4/lib64 /usr/bin/cmake --install /home/orin_nano/f1tenth_ws/build/vesc_ackermann
