[0.365s] Invoking command in '/home/orin_nano/f1tenth_ws/build/vesc': CMAKE_PREFIX_PATH=/home/orin_nano/f1tenth_ws/install/vesc_driver:/home/orin_nano/f1tenth_ws/install/vesc_ackermann:/home/orin_nano/f1tenth_ws/install/vesc_msgs:/home/orin_nano/f1tenth_ws/install/vesc:/home/orin_nano/f1tenth_ws/install/urg_node2:/home/orin_nano/f1tenth_ws/install/combine_pkg:/home/orin_nano/f1tenth_ws/install/f1_test:/opt/ros/foxy LD_LIBRARY_PATH=/home/orin_nano/f1tenth_ws/install/vesc_driver/lib:/home/orin_nano/f1tenth_ws/install/vesc_ackermann/lib:/home/orin_nano/f1tenth_ws/install/vesc_msgs/lib:/home/orin_nano/f1tenth_ws/install/urg_node2/lib:/opt/ros/foxy/opt/yaml_cpp_vendor/lib:/opt/ros/foxy/opt/rviz_ogre_vendor/lib:/opt/ros/foxy/lib/aarch64-linux-gnu:/opt/ros/foxy/lib:/usr/local/cuda-11.4/lib64 /usr/bin/cmake --build /home/orin_nano/f1tenth_ws/build/vesc -- -j6 -l6
[0.462s] Invoked command in '/home/orin_nano/f1tenth_ws/build/vesc' returned '0': CMAKE_PREFIX_PATH=/home/orin_nano/f1tenth_ws/install/vesc_driver:/home/orin_nano/f1tenth_ws/install/vesc_ackermann:/home/orin_nano/f1tenth_ws/install/vesc_msgs:/home/orin_nano/f1tenth_ws/install/vesc:/home/orin_nano/f1tenth_ws/install/urg_node2:/home/orin_nano/f1tenth_ws/install/combine_pkg:/home/orin_nano/f1tenth_ws/install/f1_test:/opt/ros/foxy LD_LIBRARY_PATH=/home/orin_nano/f1tenth_ws/install/vesc_driver/lib:/home/orin_nano/f1tenth_ws/install/vesc_ackermann/lib:/home/orin_nano/f1tenth_ws/install/vesc_msgs/lib:/home/orin_nano/f1tenth_ws/install/urg_node2/lib:/opt/ros/foxy/opt/yaml_cpp_vendor/lib:/opt/ros/foxy/opt/rviz_ogre_vendor/lib:/opt/ros/foxy/lib/aarch64-linux-gnu:/opt/ros/foxy/lib:/usr/local/cuda-11.4/lib64 /usr/bin/cmake --build /home/orin_nano/f1tenth_ws/build/vesc -- -j6 -l6
[0.518s] Invoking command in '/home/orin_nano/f1tenth_ws/build/vesc': CMAKE_PREFIX_PATH=/home/orin_nano/f1tenth_ws/install/vesc_driver:/home/orin_nano/f1tenth_ws/install/vesc_ackermann:/home/orin_nano/f1tenth_ws/install/vesc_msgs:/home/orin_nano/f1tenth_ws/install/vesc:/home/orin_nano/f1tenth_ws/install/urg_node2:/home/orin_nano/f1tenth_ws/install/combine_pkg:/home/orin_nano/f1tenth_ws/install/f1_test:/opt/ros/foxy LD_LIBRARY_PATH=/home/orin_nano/f1tenth_ws/install/vesc_driver/lib:/home/orin_nano/f1tenth_ws/install/vesc_ackermann/lib:/home/orin_nano/f1tenth_ws/install/vesc_msgs/lib:/home/orin_nano/f1tenth_ws/install/urg_node2/lib:/opt/ros/foxy/opt/yaml_cpp_vendor/lib:/opt/ros/foxy/opt/rviz_ogre_vendor/lib:/opt/ros/foxy/lib/aarch64-linux-gnu:/opt/ros/foxy/lib:/usr/local/cuda-11.4/lib64 /usr/bin/cmake --install /home/orin_nano/f1tenth_ws/build/vesc
[0.539s] -- Install configuration: ""
[0.540s] -- Up-to-date: /home/orin_nano/f1tenth_ws/install/vesc/share/ament_index/resource_index/package_run_dependencies/vesc
[0.540s] -- Up-to-date: /home/orin_nano/f1tenth_ws/install/vesc/share/ament_index/resource_index/parent_prefix_path/vesc
[0.540s] -- Up-to-date: /home/orin_nano/f1tenth_ws/install/vesc/share/vesc/environment/ament_prefix_path.sh
[0.541s] -- Up-to-date: /home/orin_nano/f1tenth_ws/install/vesc/share/vesc/environment/ament_prefix_path.dsv
[0.541s] -- Up-to-date: /home/orin_nano/f1tenth_ws/install/vesc/share/vesc/environment/path.sh
[0.541s] -- Up-to-date: /home/orin_nano/f1tenth_ws/install/vesc/share/vesc/environment/path.dsv
[0.541s] -- Up-to-date: /home/orin_nano/f1tenth_ws/install/vesc/share/vesc/local_setup.bash
[0.541s] -- Up-to-date: /home/orin_nano/f1tenth_ws/install/vesc/share/vesc/local_setup.sh
[0.542s] -- Up-to-date: /home/orin_nano/f1tenth_ws/install/vesc/share/vesc/local_setup.zsh
[0.542s] -- Up-to-date: /home/orin_nano/f1tenth_ws/install/vesc/share/vesc/local_setup.dsv
[0.542s] -- Installing: /home/orin_nano/f1tenth_ws/install/vesc/share/vesc/package.dsv
[0.542s] -- Up-to-date: /home/orin_nano/f1tenth_ws/install/vesc/share/ament_index/resource_index/packages/vesc
[0.542s] -- Up-to-date: /home/orin_nano/f1tenth_ws/install/vesc/share/vesc/cmake/vescConfig.cmake
[0.542s] -- Up-to-date: /home/orin_nano/f1tenth_ws/install/vesc/share/vesc/cmake/vescConfig-version.cmake
[0.542s] -- Up-to-date: /home/orin_nano/f1tenth_ws/install/vesc/share/vesc/package.xml
[0.547s] Invoked command in '/home/orin_nano/f1tenth_ws/build/vesc' returned '0': CMAKE_PREFIX_PATH=/home/orin_nano/f1tenth_ws/install/vesc_driver:/home/orin_nano/f1tenth_ws/install/vesc_ackermann:/home/orin_nano/f1tenth_ws/install/vesc_msgs:/home/orin_nano/f1tenth_ws/install/vesc:/home/orin_nano/f1tenth_ws/install/urg_node2:/home/orin_nano/f1tenth_ws/install/combine_pkg:/home/orin_nano/f1tenth_ws/install/f1_test:/opt/ros/foxy LD_LIBRARY_PATH=/home/orin_nano/f1tenth_ws/install/vesc_driver/lib:/home/orin_nano/f1tenth_ws/install/vesc_ackermann/lib:/home/orin_nano/f1tenth_ws/install/vesc_msgs/lib:/home/orin_nano/f1tenth_ws/install/urg_node2/lib:/opt/ros/foxy/opt/yaml_cpp_vendor/lib:/opt/ros/foxy/opt/rviz_ogre_vendor/lib:/opt/ros/foxy/lib/aarch64-linux-gnu:/opt/ros/foxy/lib:/usr/local/cuda-11.4/lib64 /usr/bin/cmake --install /home/orin_nano/f1tenth_ws/build/vesc
