[4.505s] DEBUG:colcon:Command line arguments: ['/usr/bin/colcon', 'build']
[4.505s] DEBUG:colcon:Parsed command line arguments: Namespace(allow_overriding=[], ament_cmake_args=None, base_paths=['.'], build_base='build', catkin_cmake_args=None, catkin_skip_building_tests=False, cmake_args=None, cmake_clean_cache=False, cmake_clean_first=False, cmake_force_configure=False, cmake_target=None, cmake_target_skip_unavailable=False, continue_on_error=False, event_handlers=None, executor='parallel', ignore_user_meta=False, install_base='install', log_base=None, log_level=None, main=<bound method BuildVerb.main of <colcon_core.verb.build.BuildVerb object at 0xffffb8533370>>, merge_install=False, metas=['./colcon.meta'], packages_above=None, packages_above_and_dependencies=None, packages_above_depth=None, packages_end=None, packages_ignore=None, packages_ignore_regex=None, packages_select=None, packages_select_build_failed=False, packages_select_by_dep=None, packages_select_regex=None, packages_select_test_failures=False, packages_skip=None, packages_skip_build_finished=False, packages_skip_by_dep=None, packages_skip_regex=None, packages_skip_test_passed=False, packages_skip_up_to=None, packages_start=None, packages_up_to=None, packages_up_to_regex=None, parallel_workers=6, paths=None, symlink_install=False, test_result_base=None, verb_extension=<colcon_core.verb.build.BuildVerb object at 0xffffb8533370>, verb_name='build', verb_parser=<colcon_defaults.argument_parser.defaults.DefaultArgumentsDecorator object at 0xffffb81900d0>)
[4.730s] Level 1:colcon.colcon_core.package_discovery:discover_packages(colcon_meta) check parameters
[4.730s] Level 1:colcon.colcon_core.package_discovery:discover_packages(recursive) check parameters
[4.730s] Level 1:colcon.colcon_core.package_discovery:discover_packages(ignore) check parameters
[4.730s] Level 1:colcon.colcon_core.package_discovery:discover_packages(path) check parameters
[4.730s] Level 1:colcon.colcon_core.package_discovery:discover_packages(colcon_meta) discover
[4.730s] Level 1:colcon.colcon_core.package_discovery:discover_packages(recursive) discover
[4.730s] INFO:colcon.colcon_core.package_discovery:Crawling recursively for packages in '/home/orin_nano/f1tenth_ws'
[4.731s] Level 1:colcon.colcon_core.package_identification:_identify(.) by extensions ['ignore', 'ignore_ament_install']
[4.731s] Level 1:colcon.colcon_core.package_identification:_identify(.) by extension 'ignore'
[4.731s] Level 1:colcon.colcon_core.package_identification:_identify(.) by extension 'ignore_ament_install'
[4.731s] Level 1:colcon.colcon_core.package_identification:_identify(.) by extensions ['colcon_pkg']
[4.731s] Level 1:colcon.colcon_core.package_identification:_identify(.) by extension 'colcon_pkg'
[4.731s] Level 1:colcon.colcon_core.package_identification:_identify(.) by extensions ['colcon_meta']
[4.731s] Level 1:colcon.colcon_core.package_identification:_identify(.) by extension 'colcon_meta'
[4.732s] Level 1:colcon.colcon_core.package_identification:_identify(.) by extensions ['ros']
[4.732s] Level 1:colcon.colcon_core.package_identification:_identify(.) by extension 'ros'
[4.755s] Level 1:colcon.colcon_core.package_identification:_identify(.) by extensions ['cmake', 'python']
[4.755s] Level 1:colcon.colcon_core.package_identification:_identify(.) by extension 'cmake'
[4.755s] Level 1:colcon.colcon_core.package_identification:_identify(.) by extension 'python'
[4.756s] Level 1:colcon.colcon_core.package_identification:_identify(.) by extensions ['python_setup_py']
[4.756s] Level 1:colcon.colcon_core.package_identification:_identify(.) by extension 'python_setup_py'
[4.756s] Level 1:colcon.colcon_core.package_identification:_identify(build) by extensions ['ignore', 'ignore_ament_install']
[4.756s] Level 1:colcon.colcon_core.package_identification:_identify(build) by extension 'ignore'
[4.756s] Level 1:colcon.colcon_core.package_identification:_identify(build) ignored
[4.757s] Level 1:colcon.colcon_core.package_identification:_identify(install) by extensions ['ignore', 'ignore_ament_install']
[4.757s] Level 1:colcon.colcon_core.package_identification:_identify(install) by extension 'ignore'
[4.757s] Level 1:colcon.colcon_core.package_identification:_identify(install) ignored
[4.757s] Level 1:colcon.colcon_core.package_identification:_identify(log) by extensions ['ignore', 'ignore_ament_install']
[4.757s] Level 1:colcon.colcon_core.package_identification:_identify(log) by extension 'ignore'
[4.757s] Level 1:colcon.colcon_core.package_identification:_identify(log) ignored
[4.758s] Level 1:colcon.colcon_core.package_identification:_identify(src) by extensions ['ignore', 'ignore_ament_install']
[4.758s] Level 1:colcon.colcon_core.package_identification:_identify(src) by extension 'ignore'
[4.758s] Level 1:colcon.colcon_core.package_identification:_identify(src) by extension 'ignore_ament_install'
[4.758s] Level 1:colcon.colcon_core.package_identification:_identify(src) by extensions ['colcon_pkg']
[4.758s] Level 1:colcon.colcon_core.package_identification:_identify(src) by extension 'colcon_pkg'
[4.758s] Level 1:colcon.colcon_core.package_identification:_identify(src) by extensions ['colcon_meta']
[4.758s] Level 1:colcon.colcon_core.package_identification:_identify(src) by extension 'colcon_meta'
[4.758s] Level 1:colcon.colcon_core.package_identification:_identify(src) by extensions ['ros']
[4.758s] Level 1:colcon.colcon_core.package_identification:_identify(src) by extension 'ros'
[4.759s] Level 1:colcon.colcon_core.package_identification:_identify(src) by extensions ['cmake', 'python']
[4.759s] Level 1:colcon.colcon_core.package_identification:_identify(src) by extension 'cmake'
[4.759s] Level 1:colcon.colcon_core.package_identification:_identify(src) by extension 'python'
[4.759s] Level 1:colcon.colcon_core.package_identification:_identify(src) by extensions ['python_setup_py']
[4.759s] Level 1:colcon.colcon_core.package_identification:_identify(src) by extension 'python_setup_py'
[4.759s] Level 1:colcon.colcon_core.package_identification:_identify(src/combine_pkg) by extensions ['ignore', 'ignore_ament_install']
[4.759s] Level 1:colcon.colcon_core.package_identification:_identify(src/combine_pkg) by extension 'ignore'
[4.759s] Level 1:colcon.colcon_core.package_identification:_identify(src/combine_pkg) by extension 'ignore_ament_install'
[4.760s] Level 1:colcon.colcon_core.package_identification:_identify(src/combine_pkg) by extensions ['colcon_pkg']
[4.760s] Level 1:colcon.colcon_core.package_identification:_identify(src/combine_pkg) by extension 'colcon_pkg'
[4.760s] Level 1:colcon.colcon_core.package_identification:_identify(src/combine_pkg) by extensions ['colcon_meta']
[4.760s] Level 1:colcon.colcon_core.package_identification:_identify(src/combine_pkg) by extension 'colcon_meta'
[4.760s] Level 1:colcon.colcon_core.package_identification:_identify(src/combine_pkg) by extensions ['ros']
[4.760s] Level 1:colcon.colcon_core.package_identification:_identify(src/combine_pkg) by extension 'ros'
[4.768s] DEBUG:colcon.colcon_core.package_identification:Package 'src/combine_pkg' with type 'ros.ament_cmake' and name 'combine_pkg'
[4.768s] Level 1:colcon.colcon_core.package_identification:_identify(src/f1_test) by extensions ['ignore', 'ignore_ament_install']
[4.769s] Level 1:colcon.colcon_core.package_identification:_identify(src/f1_test) by extension 'ignore'
[4.769s] Level 1:colcon.colcon_core.package_identification:_identify(src/f1_test) by extension 'ignore_ament_install'
[4.769s] Level 1:colcon.colcon_core.package_identification:_identify(src/f1_test) by extensions ['colcon_pkg']
[4.769s] Level 1:colcon.colcon_core.package_identification:_identify(src/f1_test) by extension 'colcon_pkg'
[4.769s] Level 1:colcon.colcon_core.package_identification:_identify(src/f1_test) by extensions ['colcon_meta']
[4.769s] Level 1:colcon.colcon_core.package_identification:_identify(src/f1_test) by extension 'colcon_meta'
[4.769s] Level 1:colcon.colcon_core.package_identification:_identify(src/f1_test) by extensions ['ros']
[4.770s] Level 1:colcon.colcon_core.package_identification:_identify(src/f1_test) by extension 'ros'
[4.771s] DEBUG:colcon.colcon_core.package_identification:Package 'src/f1_test' with type 'ros.ament_python' and name 'f1_test'
[4.771s] Level 1:colcon.colcon_core.package_identification:_identify(src/urg_node2) by extensions ['ignore', 'ignore_ament_install']
[4.771s] Level 1:colcon.colcon_core.package_identification:_identify(src/urg_node2) by extension 'ignore'
[4.771s] Level 1:colcon.colcon_core.package_identification:_identify(src/urg_node2) by extension 'ignore_ament_install'
[4.771s] Level 1:colcon.colcon_core.package_identification:_identify(src/urg_node2) by extensions ['colcon_pkg']
[4.771s] Level 1:colcon.colcon_core.package_identification:_identify(src/urg_node2) by extension 'colcon_pkg'
[4.772s] Level 1:colcon.colcon_core.package_identification:_identify(src/urg_node2) by extensions ['colcon_meta']
[4.772s] Level 1:colcon.colcon_core.package_identification:_identify(src/urg_node2) by extension 'colcon_meta'
[4.772s] Level 1:colcon.colcon_core.package_identification:_identify(src/urg_node2) by extensions ['ros']
[4.772s] Level 1:colcon.colcon_core.package_identification:_identify(src/urg_node2) by extension 'ros'
[4.774s] DEBUG:colcon.colcon_core.package_identification:Package 'src/urg_node2' with type 'ros.ament_cmake' and name 'urg_node2'
[4.774s] Level 1:colcon.colcon_core.package_identification:_identify(src/vesc) by extensions ['ignore', 'ignore_ament_install']
[4.774s] Level 1:colcon.colcon_core.package_identification:_identify(src/vesc) by extension 'ignore'
[4.774s] Level 1:colcon.colcon_core.package_identification:_identify(src/vesc) by extension 'ignore_ament_install'
[4.775s] Level 1:colcon.colcon_core.package_identification:_identify(src/vesc) by extensions ['colcon_pkg']
[4.775s] Level 1:colcon.colcon_core.package_identification:_identify(src/vesc) by extension 'colcon_pkg'
[4.775s] Level 1:colcon.colcon_core.package_identification:_identify(src/vesc) by extensions ['colcon_meta']
[4.775s] Level 1:colcon.colcon_core.package_identification:_identify(src/vesc) by extension 'colcon_meta'
[4.775s] Level 1:colcon.colcon_core.package_identification:_identify(src/vesc) by extensions ['ros']
[4.775s] Level 1:colcon.colcon_core.package_identification:_identify(src/vesc) by extension 'ros'
[4.775s] Level 1:colcon.colcon_core.package_identification:_identify(src/vesc) by extensions ['cmake', 'python']
[4.775s] Level 1:colcon.colcon_core.package_identification:_identify(src/vesc) by extension 'cmake'
[4.775s] Level 1:colcon.colcon_core.package_identification:_identify(src/vesc) by extension 'python'
[4.776s] Level 1:colcon.colcon_core.package_identification:_identify(src/vesc) by extensions ['python_setup_py']
[4.776s] Level 1:colcon.colcon_core.package_identification:_identify(src/vesc) by extension 'python_setup_py'
[4.776s] Level 1:colcon.colcon_core.package_identification:_identify(src/vesc/vesc) by extensions ['ignore', 'ignore_ament_install']
[4.776s] Level 1:colcon.colcon_core.package_identification:_identify(src/vesc/vesc) by extension 'ignore'
[4.776s] Level 1:colcon.colcon_core.package_identification:_identify(src/vesc/vesc) by extension 'ignore_ament_install'
[4.776s] Level 1:colcon.colcon_core.package_identification:_identify(src/vesc/vesc) by extensions ['colcon_pkg']
[4.776s] Level 1:colcon.colcon_core.package_identification:_identify(src/vesc/vesc) by extension 'colcon_pkg'
[4.776s] Level 1:colcon.colcon_core.package_identification:_identify(src/vesc/vesc) by extensions ['colcon_meta']
[4.776s] Level 1:colcon.colcon_core.package_identification:_identify(src/vesc/vesc) by extension 'colcon_meta'
[4.777s] Level 1:colcon.colcon_core.package_identification:_identify(src/vesc/vesc) by extensions ['ros']
[4.777s] Level 1:colcon.colcon_core.package_identification:_identify(src/vesc/vesc) by extension 'ros'
[4.778s] DEBUG:colcon.colcon_core.package_identification:Package 'src/vesc/vesc' with type 'ros.ament_cmake' and name 'vesc'
[4.778s] Level 1:colcon.colcon_core.package_identification:_identify(src/vesc/vesc_ackermann) by extensions ['ignore', 'ignore_ament_install']
[4.778s] Level 1:colcon.colcon_core.package_identification:_identify(src/vesc/vesc_ackermann) by extension 'ignore'
[4.778s] Level 1:colcon.colcon_core.package_identification:_identify(src/vesc/vesc_ackermann) by extension 'ignore_ament_install'
[4.778s] Level 1:colcon.colcon_core.package_identification:_identify(src/vesc/vesc_ackermann) by extensions ['colcon_pkg']
[4.779s] Level 1:colcon.colcon_core.package_identification:_identify(src/vesc/vesc_ackermann) by extension 'colcon_pkg'
[4.779s] Level 1:colcon.colcon_core.package_identification:_identify(src/vesc/vesc_ackermann) by extensions ['colcon_meta']
[4.779s] Level 1:colcon.colcon_core.package_identification:_identify(src/vesc/vesc_ackermann) by extension 'colcon_meta'
[4.779s] Level 1:colcon.colcon_core.package_identification:_identify(src/vesc/vesc_ackermann) by extensions ['ros']
[4.779s] Level 1:colcon.colcon_core.package_identification:_identify(src/vesc/vesc_ackermann) by extension 'ros'
[4.781s] DEBUG:colcon.colcon_core.package_identification:Package 'src/vesc/vesc_ackermann' with type 'ros.ament_cmake' and name 'vesc_ackermann'
[4.781s] Level 1:colcon.colcon_core.package_identification:_identify(src/vesc/vesc_driver) by extensions ['ignore', 'ignore_ament_install']
[4.782s] Level 1:colcon.colcon_core.package_identification:_identify(src/vesc/vesc_driver) by extension 'ignore'
[4.782s] Level 1:colcon.colcon_core.package_identification:_identify(src/vesc/vesc_driver) by extension 'ignore_ament_install'
[4.782s] Level 1:colcon.colcon_core.package_identification:_identify(src/vesc/vesc_driver) by extensions ['colcon_pkg']
[4.782s] Level 1:colcon.colcon_core.package_identification:_identify(src/vesc/vesc_driver) by extension 'colcon_pkg'
[4.782s] Level 1:colcon.colcon_core.package_identification:_identify(src/vesc/vesc_driver) by extensions ['colcon_meta']
[4.782s] Level 1:colcon.colcon_core.package_identification:_identify(src/vesc/vesc_driver) by extension 'colcon_meta'
[4.782s] Level 1:colcon.colcon_core.package_identification:_identify(src/vesc/vesc_driver) by extensions ['ros']
[4.782s] Level 1:colcon.colcon_core.package_identification:_identify(src/vesc/vesc_driver) by extension 'ros'
[4.784s] DEBUG:colcon.colcon_core.package_identification:Package 'src/vesc/vesc_driver' with type 'ros.ament_cmake' and name 'vesc_driver'
[4.784s] Level 1:colcon.colcon_core.package_identification:_identify(src/vesc/vesc_msgs) by extensions ['ignore', 'ignore_ament_install']
[4.785s] Level 1:colcon.colcon_core.package_identification:_identify(src/vesc/vesc_msgs) by extension 'ignore'
[4.785s] Level 1:colcon.colcon_core.package_identification:_identify(src/vesc/vesc_msgs) by extension 'ignore_ament_install'
[4.785s] Level 1:colcon.colcon_core.package_identification:_identify(src/vesc/vesc_msgs) by extensions ['colcon_pkg']
[4.785s] Level 1:colcon.colcon_core.package_identification:_identify(src/vesc/vesc_msgs) by extension 'colcon_pkg'
[4.785s] Level 1:colcon.colcon_core.package_identification:_identify(src/vesc/vesc_msgs) by extensions ['colcon_meta']
[4.785s] Level 1:colcon.colcon_core.package_identification:_identify(src/vesc/vesc_msgs) by extension 'colcon_meta'
[4.785s] Level 1:colcon.colcon_core.package_identification:_identify(src/vesc/vesc_msgs) by extensions ['ros']
[4.785s] Level 1:colcon.colcon_core.package_identification:_identify(src/vesc/vesc_msgs) by extension 'ros'
[4.787s] DEBUG:colcon.colcon_core.package_identification:Package 'src/vesc/vesc_msgs' with type 'ros.ament_cmake' and name 'vesc_msgs'
[4.787s] Level 1:colcon.colcon_core.package_discovery:discover_packages(recursive) using defaults
[4.787s] Level 1:colcon.colcon_core.package_discovery:discover_packages(ignore) discover
[4.787s] Level 1:colcon.colcon_core.package_discovery:discover_packages(ignore) using defaults
[4.787s] Level 1:colcon.colcon_core.package_discovery:discover_packages(path) discover
[4.787s] Level 1:colcon.colcon_core.package_discovery:discover_packages(path) using defaults
[5.193s] Level 1:colcon.colcon_core.package_discovery:discover_packages(prefix_path) check parameters
[5.194s] Level 1:colcon.colcon_core.package_discovery:discover_packages(prefix_path) discover
[5.346s] DEBUG:colcon.colcon_installed_package_information.package_discovery:Found 7 installed packages in /home/orin_nano/f1tenth_ws/install
[5.422s] DEBUG:colcon.colcon_installed_package_information.package_discovery:Found 262 installed packages in /opt/ros/foxy
[5.425s] Level 1:colcon.colcon_core.package_discovery:discover_packages(prefix_path) using defaults
[5.753s] Level 5:colcon.colcon_core.verb:set package 'combine_pkg' build argument 'cmake_args' from command line to 'None'
[5.754s] Level 5:colcon.colcon_core.verb:set package 'combine_pkg' build argument 'cmake_target' from command line to 'None'
[5.754s] Level 5:colcon.colcon_core.verb:set package 'combine_pkg' build argument 'cmake_target_skip_unavailable' from command line to 'False'
[5.754s] Level 5:colcon.colcon_core.verb:set package 'combine_pkg' build argument 'cmake_clean_cache' from command line to 'False'
[5.754s] Level 5:colcon.colcon_core.verb:set package 'combine_pkg' build argument 'cmake_clean_first' from command line to 'False'
[5.754s] Level 5:colcon.colcon_core.verb:set package 'combine_pkg' build argument 'cmake_force_configure' from command line to 'False'
[5.754s] Level 5:colcon.colcon_core.verb:set package 'combine_pkg' build argument 'ament_cmake_args' from command line to 'None'
[5.754s] Level 5:colcon.colcon_core.verb:set package 'combine_pkg' build argument 'catkin_cmake_args' from command line to 'None'
[5.754s] Level 5:colcon.colcon_core.verb:set package 'combine_pkg' build argument 'catkin_skip_building_tests' from command line to 'False'
[5.754s] DEBUG:colcon.colcon_core.verb:Building package 'combine_pkg' with the following arguments: {'ament_cmake_args': None, 'build_base': '/home/orin_nano/f1tenth_ws/build/combine_pkg', 'catkin_cmake_args': None, 'catkin_skip_building_tests': False, 'cmake_args': None, 'cmake_clean_cache': False, 'cmake_clean_first': False, 'cmake_force_configure': False, 'cmake_target': None, 'cmake_target_skip_unavailable': False, 'install_base': '/home/orin_nano/f1tenth_ws/install/combine_pkg', 'merge_install': False, 'path': '/home/orin_nano/f1tenth_ws/src/combine_pkg', 'symlink_install': False, 'test_result_base': None}
[5.828s] Level 5:colcon.colcon_core.verb:set package 'f1_test' build argument 'cmake_args' from command line to 'None'
[5.828s] Level 5:colcon.colcon_core.verb:set package 'f1_test' build argument 'cmake_target' from command line to 'None'
[5.828s] Level 5:colcon.colcon_core.verb:set package 'f1_test' build argument 'cmake_target_skip_unavailable' from command line to 'False'
[5.828s] Level 5:colcon.colcon_core.verb:set package 'f1_test' build argument 'cmake_clean_cache' from command line to 'False'
[5.828s] Level 5:colcon.colcon_core.verb:set package 'f1_test' build argument 'cmake_clean_first' from command line to 'False'
[5.828s] Level 5:colcon.colcon_core.verb:set package 'f1_test' build argument 'cmake_force_configure' from command line to 'False'
[5.828s] Level 5:colcon.colcon_core.verb:set package 'f1_test' build argument 'ament_cmake_args' from command line to 'None'
[5.828s] Level 5:colcon.colcon_core.verb:set package 'f1_test' build argument 'catkin_cmake_args' from command line to 'None'
[5.828s] Level 5:colcon.colcon_core.verb:set package 'f1_test' build argument 'catkin_skip_building_tests' from command line to 'False'
[5.829s] DEBUG:colcon.colcon_core.verb:Building package 'f1_test' with the following arguments: {'ament_cmake_args': None, 'build_base': '/home/orin_nano/f1tenth_ws/build/f1_test', 'catkin_cmake_args': None, 'catkin_skip_building_tests': False, 'cmake_args': None, 'cmake_clean_cache': False, 'cmake_clean_first': False, 'cmake_force_configure': False, 'cmake_target': None, 'cmake_target_skip_unavailable': False, 'install_base': '/home/orin_nano/f1tenth_ws/install/f1_test', 'merge_install': False, 'path': '/home/orin_nano/f1tenth_ws/src/f1_test', 'symlink_install': False, 'test_result_base': None}
[5.903s] Level 5:colcon.colcon_core.verb:set package 'urg_node2' build argument 'cmake_args' from command line to 'None'
[5.903s] Level 5:colcon.colcon_core.verb:set package 'urg_node2' build argument 'cmake_target' from command line to 'None'
[5.903s] Level 5:colcon.colcon_core.verb:set package 'urg_node2' build argument 'cmake_target_skip_unavailable' from command line to 'False'
[5.903s] Level 5:colcon.colcon_core.verb:set package 'urg_node2' build argument 'cmake_clean_cache' from command line to 'False'
[5.903s] Level 5:colcon.colcon_core.verb:set package 'urg_node2' build argument 'cmake_clean_first' from command line to 'False'
[5.903s] Level 5:colcon.colcon_core.verb:set package 'urg_node2' build argument 'cmake_force_configure' from command line to 'False'
[5.904s] Level 5:colcon.colcon_core.verb:set package 'urg_node2' build argument 'ament_cmake_args' from command line to 'None'
[5.904s] Level 5:colcon.colcon_core.verb:set package 'urg_node2' build argument 'catkin_cmake_args' from command line to 'None'
[5.904s] Level 5:colcon.colcon_core.verb:set package 'urg_node2' build argument 'catkin_skip_building_tests' from command line to 'False'
[5.904s] DEBUG:colcon.colcon_core.verb:Building package 'urg_node2' with the following arguments: {'ament_cmake_args': None, 'build_base': '/home/orin_nano/f1tenth_ws/build/urg_node2', 'catkin_cmake_args': None, 'catkin_skip_building_tests': False, 'cmake_args': None, 'cmake_clean_cache': False, 'cmake_clean_first': False, 'cmake_force_configure': False, 'cmake_target': None, 'cmake_target_skip_unavailable': False, 'install_base': '/home/orin_nano/f1tenth_ws/install/urg_node2', 'merge_install': False, 'path': '/home/orin_nano/f1tenth_ws/src/urg_node2', 'symlink_install': False, 'test_result_base': None}
[5.978s] Level 5:colcon.colcon_core.verb:set package 'vesc_msgs' build argument 'cmake_args' from command line to 'None'
[5.979s] Level 5:colcon.colcon_core.verb:set package 'vesc_msgs' build argument 'cmake_target' from command line to 'None'
[5.979s] Level 5:colcon.colcon_core.verb:set package 'vesc_msgs' build argument 'cmake_target_skip_unavailable' from command line to 'False'
[5.979s] Level 5:colcon.colcon_core.verb:set package 'vesc_msgs' build argument 'cmake_clean_cache' from command line to 'False'
[5.979s] Level 5:colcon.colcon_core.verb:set package 'vesc_msgs' build argument 'cmake_clean_first' from command line to 'False'
[5.979s] Level 5:colcon.colcon_core.verb:set package 'vesc_msgs' build argument 'cmake_force_configure' from command line to 'False'
[5.979s] Level 5:colcon.colcon_core.verb:set package 'vesc_msgs' build argument 'ament_cmake_args' from command line to 'None'
[5.979s] Level 5:colcon.colcon_core.verb:set package 'vesc_msgs' build argument 'catkin_cmake_args' from command line to 'None'
[5.979s] Level 5:colcon.colcon_core.verb:set package 'vesc_msgs' build argument 'catkin_skip_building_tests' from command line to 'False'
[5.979s] DEBUG:colcon.colcon_core.verb:Building package 'vesc_msgs' with the following arguments: {'ament_cmake_args': None, 'build_base': '/home/orin_nano/f1tenth_ws/build/vesc_msgs', 'catkin_cmake_args': None, 'catkin_skip_building_tests': False, 'cmake_args': None, 'cmake_clean_cache': False, 'cmake_clean_first': False, 'cmake_force_configure': False, 'cmake_target': None, 'cmake_target_skip_unavailable': False, 'install_base': '/home/orin_nano/f1tenth_ws/install/vesc_msgs', 'merge_install': False, 'path': '/home/orin_nano/f1tenth_ws/src/vesc/vesc_msgs', 'symlink_install': False, 'test_result_base': None}
[6.052s] Level 5:colcon.colcon_core.verb:set package 'vesc_ackermann' build argument 'cmake_args' from command line to 'None'
[6.052s] Level 5:colcon.colcon_core.verb:set package 'vesc_ackermann' build argument 'cmake_target' from command line to 'None'
[6.052s] Level 5:colcon.colcon_core.verb:set package 'vesc_ackermann' build argument 'cmake_target_skip_unavailable' from command line to 'False'
[6.052s] Level 5:colcon.colcon_core.verb:set package 'vesc_ackermann' build argument 'cmake_clean_cache' from command line to 'False'
[6.052s] Level 5:colcon.colcon_core.verb:set package 'vesc_ackermann' build argument 'cmake_clean_first' from command line to 'False'
[6.053s] Level 5:colcon.colcon_core.verb:set package 'vesc_ackermann' build argument 'cmake_force_configure' from command line to 'False'
[6.053s] Level 5:colcon.colcon_core.verb:set package 'vesc_ackermann' build argument 'ament_cmake_args' from command line to 'None'
[6.053s] Level 5:colcon.colcon_core.verb:set package 'vesc_ackermann' build argument 'catkin_cmake_args' from command line to 'None'
[6.053s] Level 5:colcon.colcon_core.verb:set package 'vesc_ackermann' build argument 'catkin_skip_building_tests' from command line to 'False'
[6.053s] DEBUG:colcon.colcon_core.verb:Building package 'vesc_ackermann' with the following arguments: {'ament_cmake_args': None, 'build_base': '/home/orin_nano/f1tenth_ws/build/vesc_ackermann', 'catkin_cmake_args': None, 'catkin_skip_building_tests': False, 'cmake_args': None, 'cmake_clean_cache': False, 'cmake_clean_first': False, 'cmake_force_configure': False, 'cmake_target': None, 'cmake_target_skip_unavailable': False, 'install_base': '/home/orin_nano/f1tenth_ws/install/vesc_ackermann', 'merge_install': False, 'path': '/home/orin_nano/f1tenth_ws/src/vesc/vesc_ackermann', 'symlink_install': False, 'test_result_base': None}
[6.128s] Level 5:colcon.colcon_core.verb:set package 'vesc_driver' build argument 'cmake_args' from command line to 'None'
[6.128s] Level 5:colcon.colcon_core.verb:set package 'vesc_driver' build argument 'cmake_target' from command line to 'None'
[6.129s] Level 5:colcon.colcon_core.verb:set package 'vesc_driver' build argument 'cmake_target_skip_unavailable' from command line to 'False'
[6.129s] Level 5:colcon.colcon_core.verb:set package 'vesc_driver' build argument 'cmake_clean_cache' from command line to 'False'
[6.129s] Level 5:colcon.colcon_core.verb:set package 'vesc_driver' build argument 'cmake_clean_first' from command line to 'False'
[6.129s] Level 5:colcon.colcon_core.verb:set package 'vesc_driver' build argument 'cmake_force_configure' from command line to 'False'
[6.129s] Level 5:colcon.colcon_core.verb:set package 'vesc_driver' build argument 'ament_cmake_args' from command line to 'None'
[6.129s] Level 5:colcon.colcon_core.verb:set package 'vesc_driver' build argument 'catkin_cmake_args' from command line to 'None'
[6.129s] Level 5:colcon.colcon_core.verb:set package 'vesc_driver' build argument 'catkin_skip_building_tests' from command line to 'False'
[6.129s] DEBUG:colcon.colcon_core.verb:Building package 'vesc_driver' with the following arguments: {'ament_cmake_args': None, 'build_base': '/home/orin_nano/f1tenth_ws/build/vesc_driver', 'catkin_cmake_args': None, 'catkin_skip_building_tests': False, 'cmake_args': None, 'cmake_clean_cache': False, 'cmake_clean_first': False, 'cmake_force_configure': False, 'cmake_target': None, 'cmake_target_skip_unavailable': False, 'install_base': '/home/orin_nano/f1tenth_ws/install/vesc_driver', 'merge_install': False, 'path': '/home/orin_nano/f1tenth_ws/src/vesc/vesc_driver', 'symlink_install': False, 'test_result_base': None}
[6.204s] Level 5:colcon.colcon_core.verb:set package 'vesc' build argument 'cmake_args' from command line to 'None'
[6.204s] Level 5:colcon.colcon_core.verb:set package 'vesc' build argument 'cmake_target' from command line to 'None'
[6.204s] Level 5:colcon.colcon_core.verb:set package 'vesc' build argument 'cmake_target_skip_unavailable' from command line to 'False'
[6.204s] Level 5:colcon.colcon_core.verb:set package 'vesc' build argument 'cmake_clean_cache' from command line to 'False'
[6.204s] Level 5:colcon.colcon_core.verb:set package 'vesc' build argument 'cmake_clean_first' from command line to 'False'
[6.204s] Level 5:colcon.colcon_core.verb:set package 'vesc' build argument 'cmake_force_configure' from command line to 'False'
[6.204s] Level 5:colcon.colcon_core.verb:set package 'vesc' build argument 'ament_cmake_args' from command line to 'None'
[6.205s] Level 5:colcon.colcon_core.verb:set package 'vesc' build argument 'catkin_cmake_args' from command line to 'None'
[6.205s] Level 5:colcon.colcon_core.verb:set package 'vesc' build argument 'catkin_skip_building_tests' from command line to 'False'
[6.205s] DEBUG:colcon.colcon_core.verb:Building package 'vesc' with the following arguments: {'ament_cmake_args': None, 'build_base': '/home/orin_nano/f1tenth_ws/build/vesc', 'catkin_cmake_args': None, 'catkin_skip_building_tests': False, 'cmake_args': None, 'cmake_clean_cache': False, 'cmake_clean_first': False, 'cmake_force_configure': False, 'cmake_target': None, 'cmake_target_skip_unavailable': False, 'install_base': '/home/orin_nano/f1tenth_ws/install/vesc', 'merge_install': False, 'path': '/home/orin_nano/f1tenth_ws/src/vesc/vesc', 'symlink_install': False, 'test_result_base': None}
[6.279s] INFO:colcon.colcon_core.executor:Executing jobs using 'parallel' executor
[6.355s] DEBUG:colcon.colcon_parallel_executor.executor.parallel:run_until_complete
[6.356s] INFO:colcon.colcon_ros.task.ament_cmake.build:Building ROS package in '/home/orin_nano/f1tenth_ws/src/vesc/vesc_msgs' with build type 'ament_cmake'
[6.357s] INFO:colcon.colcon_cmake.task.cmake.build:Building CMake package in '/home/orin_nano/f1tenth_ws/src/vesc/vesc_msgs'
[6.437s] INFO:colcon.colcon_core.plugin_system:Skipping extension 'colcon_core.shell.bat': Not used on non-Windows systems
[6.438s] INFO:colcon.colcon_core.shell:Skip shell extension 'powershell' for command environment: Not usable outside of PowerShell
[6.438s] DEBUG:colcon.colcon_core.shell:Skip shell extension 'dsv' for command environment
[6.682s] INFO:colcon.colcon_ros.task.ament_cmake.build:Building ROS package in '/home/orin_nano/f1tenth_ws/src/combine_pkg' with build type 'ament_cmake'
[6.683s] INFO:colcon.colcon_cmake.task.cmake.build:Building CMake package in '/home/orin_nano/f1tenth_ws/src/combine_pkg'
[6.763s] INFO:colcon.colcon_core.shell:Skip shell extension 'powershell' for command environment: Not usable outside of PowerShell
[6.763s] DEBUG:colcon.colcon_core.shell:Skip shell extension 'dsv' for command environment
[7.005s] INFO:colcon.colcon_ros.task.ament_python.build:Building ROS package in '/home/orin_nano/f1tenth_ws/src/f1_test' with build type 'ament_python'
[7.006s] Level 1:colcon.colcon_core.shell:create_environment_hook('f1_test', 'ament_prefix_path')
[7.094s] INFO:colcon.colcon_core.shell:Creating environment hook '/home/orin_nano/f1tenth_ws/install/f1_test/share/f1_test/hook/ament_prefix_path.ps1'
[7.096s] INFO:colcon.colcon_core.shell:Creating environment descriptor '/home/orin_nano/f1tenth_ws/install/f1_test/share/f1_test/hook/ament_prefix_path.dsv'
[7.097s] INFO:colcon.colcon_core.shell:Creating environment hook '/home/orin_nano/f1tenth_ws/install/f1_test/share/f1_test/hook/ament_prefix_path.sh'
[7.190s] INFO:colcon.colcon_core.shell:Skip shell extension 'powershell' for command environment: Not usable outside of PowerShell
[7.190s] DEBUG:colcon.colcon_core.shell:Skip shell extension 'dsv' for command environment
[7.431s] INFO:colcon.colcon_ros.task.ament_cmake.build:Building ROS package in '/home/orin_nano/f1tenth_ws/src/urg_node2' with build type 'ament_cmake'
[7.432s] INFO:colcon.colcon_cmake.task.cmake.build:Building CMake package in '/home/orin_nano/f1tenth_ws/src/urg_node2'
[7.511s] INFO:colcon.colcon_core.shell:Skip shell extension 'powershell' for command environment: Not usable outside of PowerShell
[7.511s] DEBUG:colcon.colcon_core.shell:Skip shell extension 'dsv' for command environment
[7.766s] DEBUG:colcon.colcon_core.event_handler.log_command:Invoking command in '/home/orin_nano/f1tenth_ws/build/vesc_msgs': CMAKE_PREFIX_PATH=${CMAKE_PREFIX_PATH}:/home/orin_nano/f1tenth_ws/install/f1_test:/opt/ros/foxy /usr/bin/cmake --build /home/orin_nano/f1tenth_ws/build/vesc_msgs -- -j6 -l6
[7.774s] DEBUG:colcon.colcon_core.event_handler.log_command:Invoking command in '/home/orin_nano/f1tenth_ws/build/combine_pkg': CMAKE_PREFIX_PATH=${CMAKE_PREFIX_PATH}:/home/orin_nano/f1tenth_ws/install/f1_test:/opt/ros/foxy /usr/bin/cmake --build /home/orin_nano/f1tenth_ws/build/combine_pkg -- -j6 -l6
[8.296s] INFO:colcon.colcon_core.task.python.build:Building Python package in '/home/orin_nano/f1tenth_ws/src/f1_test'
[8.418s] INFO:colcon.colcon_core.shell:Skip shell extension 'powershell' for command environment: Not usable outside of PowerShell
[8.418s] DEBUG:colcon.colcon_core.shell:Skip shell extension 'dsv' for command environment
[8.680s] DEBUG:colcon.colcon_core.event_handler.log_command:Invoking command in '/home/orin_nano/f1tenth_ws/build/urg_node2': CMAKE_PREFIX_PATH=${CMAKE_PREFIX_PATH}:/home/orin_nano/f1tenth_ws/install/f1_test:/opt/ros/foxy /usr/bin/cmake --build /home/orin_nano/f1tenth_ws/build/urg_node2 -- -j6 -l6
[8.683s] DEBUG:colcon.colcon_core.event_handler.log_command:Invoked command in '/home/orin_nano/f1tenth_ws/build/vesc_msgs' returned '0': CMAKE_PREFIX_PATH=${CMAKE_PREFIX_PATH}:/home/orin_nano/f1tenth_ws/install/f1_test:/opt/ros/foxy /usr/bin/cmake --build /home/orin_nano/f1tenth_ws/build/vesc_msgs -- -j6 -l6
[8.691s] DEBUG:colcon.colcon_core.event_handler.log_command:Invoked command in '/home/orin_nano/f1tenth_ws/build/combine_pkg' returned '0': CMAKE_PREFIX_PATH=${CMAKE_PREFIX_PATH}:/home/orin_nano/f1tenth_ws/install/f1_test:/opt/ros/foxy /usr/bin/cmake --build /home/orin_nano/f1tenth_ws/build/combine_pkg -- -j6 -l6
[8.790s] DEBUG:colcon.colcon_core.event_handler.log_command:Invoking command in '/home/orin_nano/f1tenth_ws/build/combine_pkg': CMAKE_PREFIX_PATH=${CMAKE_PREFIX_PATH}:/home/orin_nano/f1tenth_ws/install/f1_test:/opt/ros/foxy /usr/bin/cmake --install /home/orin_nano/f1tenth_ws/build/combine_pkg
[8.851s] Level 1:colcon.colcon_core.environment:create_environment_scripts_only(combine_pkg)
[8.861s] DEBUG:colcon.colcon_core.event_handler.log_command:Invoked command in '/home/orin_nano/f1tenth_ws/build/combine_pkg' returned '0': CMAKE_PREFIX_PATH=${CMAKE_PREFIX_PATH}:/home/orin_nano/f1tenth_ws/install/f1_test:/opt/ros/foxy /usr/bin/cmake --install /home/orin_nano/f1tenth_ws/build/combine_pkg
[8.966s] Level 1:colcon.colcon_core.environment:checking '/home/orin_nano/f1tenth_ws/install/combine_pkg' for CMake module files
[8.967s] Level 1:colcon.colcon_core.environment:checking '/home/orin_nano/f1tenth_ws/install/combine_pkg' for CMake config files
[8.968s] Level 1:colcon.colcon_core.shell:create_environment_hook('combine_pkg', 'cmake_prefix_path')
[9.058s] INFO:colcon.colcon_core.shell:Creating environment hook '/home/orin_nano/f1tenth_ws/install/combine_pkg/share/combine_pkg/hook/cmake_prefix_path.ps1'
[9.059s] INFO:colcon.colcon_core.shell:Creating environment descriptor '/home/orin_nano/f1tenth_ws/install/combine_pkg/share/combine_pkg/hook/cmake_prefix_path.dsv'
[9.060s] INFO:colcon.colcon_core.shell:Creating environment hook '/home/orin_nano/f1tenth_ws/install/combine_pkg/share/combine_pkg/hook/cmake_prefix_path.sh'
[9.062s] Level 1:colcon.colcon_core.environment:checking '/home/orin_nano/f1tenth_ws/install/combine_pkg/bin'
[9.062s] Level 1:colcon.colcon_core.environment:checking '/home/orin_nano/f1tenth_ws/install/combine_pkg/lib/pkgconfig/combine_pkg.pc'
[9.063s] Level 1:colcon.colcon_core.environment:checking '/home/orin_nano/f1tenth_ws/install/combine_pkg/lib/python3.8/site-packages'
[9.063s] Level 1:colcon.colcon_core.environment:checking '/home/orin_nano/f1tenth_ws/install/combine_pkg/bin'
[9.150s] INFO:colcon.colcon_core.shell:Creating package script '/home/orin_nano/f1tenth_ws/install/combine_pkg/share/combine_pkg/package.ps1'
[9.152s] INFO:colcon.colcon_core.shell:Creating package descriptor '/home/orin_nano/f1tenth_ws/install/combine_pkg/share/combine_pkg/package.dsv'
[9.153s] INFO:colcon.colcon_core.shell:Creating package script '/home/orin_nano/f1tenth_ws/install/combine_pkg/share/combine_pkg/package.sh'
[9.155s] INFO:colcon.colcon_core.shell:Creating package script '/home/orin_nano/f1tenth_ws/install/combine_pkg/share/combine_pkg/package.bash'
[9.156s] INFO:colcon.colcon_core.shell:Creating package script '/home/orin_nano/f1tenth_ws/install/combine_pkg/share/combine_pkg/package.zsh'
[9.158s] Level 1:colcon.colcon_core.environment:create_file_with_runtime_dependencies(/home/orin_nano/f1tenth_ws/install/combine_pkg/share/colcon-core/packages/combine_pkg)
[9.172s] DEBUG:colcon.colcon_core.event_handler.log_command:Invoked command in '/home/orin_nano/f1tenth_ws/build/urg_node2' returned '0': CMAKE_PREFIX_PATH=${CMAKE_PREFIX_PATH}:/home/orin_nano/f1tenth_ws/install/f1_test:/opt/ros/foxy /usr/bin/cmake --build /home/orin_nano/f1tenth_ws/build/urg_node2 -- -j6 -l6
[9.186s] DEBUG:colcon.colcon_core.event_handler.log_command:Invoking command in '/home/orin_nano/f1tenth_ws/build/vesc_msgs': CMAKE_PREFIX_PATH=${CMAKE_PREFIX_PATH}:/home/orin_nano/f1tenth_ws/install/f1_test:/opt/ros/foxy /usr/bin/cmake --install /home/orin_nano/f1tenth_ws/build/vesc_msgs
[9.351s] Level 1:colcon.colcon_core.environment:create_environment_scripts_only(combine_pkg)
[9.432s] Level 1:colcon.colcon_core.environment:checking '/home/orin_nano/f1tenth_ws/install/combine_pkg' for CMake module files
[9.433s] Level 1:colcon.colcon_core.environment:checking '/home/orin_nano/f1tenth_ws/install/combine_pkg' for CMake config files
[9.434s] Level 1:colcon.colcon_core.shell:create_environment_hook('combine_pkg', 'cmake_prefix_path')
[9.511s] INFO:colcon.colcon_core.shell:Creating environment hook '/home/orin_nano/f1tenth_ws/install/combine_pkg/share/combine_pkg/hook/cmake_prefix_path.ps1'
[9.512s] INFO:colcon.colcon_core.shell:Creating environment descriptor '/home/orin_nano/f1tenth_ws/install/combine_pkg/share/combine_pkg/hook/cmake_prefix_path.dsv'
[9.513s] INFO:colcon.colcon_core.shell:Creating environment hook '/home/orin_nano/f1tenth_ws/install/combine_pkg/share/combine_pkg/hook/cmake_prefix_path.sh'
[9.514s] Level 1:colcon.colcon_core.environment:checking '/home/orin_nano/f1tenth_ws/install/combine_pkg/bin'
[9.514s] Level 1:colcon.colcon_core.environment:checking '/home/orin_nano/f1tenth_ws/install/combine_pkg/lib/pkgconfig/combine_pkg.pc'
[9.515s] Level 1:colcon.colcon_core.environment:checking '/home/orin_nano/f1tenth_ws/install/combine_pkg/lib/python3.8/site-packages'
[9.515s] Level 1:colcon.colcon_core.environment:checking '/home/orin_nano/f1tenth_ws/install/combine_pkg/bin'
[9.591s] INFO:colcon.colcon_core.shell:Creating package script '/home/orin_nano/f1tenth_ws/install/combine_pkg/share/combine_pkg/package.ps1'
[9.593s] INFO:colcon.colcon_core.shell:Creating package descriptor '/home/orin_nano/f1tenth_ws/install/combine_pkg/share/combine_pkg/package.dsv'
[9.595s] INFO:colcon.colcon_core.shell:Creating package script '/home/orin_nano/f1tenth_ws/install/combine_pkg/share/combine_pkg/package.sh'
[9.596s] INFO:colcon.colcon_core.shell:Creating package script '/home/orin_nano/f1tenth_ws/install/combine_pkg/share/combine_pkg/package.bash'
[9.597s] INFO:colcon.colcon_core.shell:Creating package script '/home/orin_nano/f1tenth_ws/install/combine_pkg/share/combine_pkg/package.zsh'
[9.598s] Level 1:colcon.colcon_core.environment:create_file_with_runtime_dependencies(/home/orin_nano/f1tenth_ws/install/combine_pkg/share/colcon-core/packages/combine_pkg)
[9.609s] DEBUG:colcon.colcon_core.event_handler.log_command:Invoking command in '/home/orin_nano/f1tenth_ws/build/urg_node2': CMAKE_PREFIX_PATH=${CMAKE_PREFIX_PATH}:/home/orin_nano/f1tenth_ws/install/f1_test:/opt/ros/foxy /usr/bin/cmake --install /home/orin_nano/f1tenth_ws/build/urg_node2
[9.610s] Level 1:colcon.colcon_core.environment:create_environment_scripts_only(vesc_msgs)
[9.612s] DEBUG:colcon.colcon_core.event_handler.log_command:Invoked command in '/home/orin_nano/f1tenth_ws/build/vesc_msgs' returned '0': CMAKE_PREFIX_PATH=${CMAKE_PREFIX_PATH}:/home/orin_nano/f1tenth_ws/install/f1_test:/opt/ros/foxy /usr/bin/cmake --install /home/orin_nano/f1tenth_ws/build/vesc_msgs
[9.717s] Level 1:colcon.colcon_core.environment:checking '/home/orin_nano/f1tenth_ws/install/vesc_msgs' for CMake module files
[9.719s] Level 1:colcon.colcon_core.environment:checking '/home/orin_nano/f1tenth_ws/install/vesc_msgs' for CMake config files
[9.720s] Level 1:colcon.colcon_core.shell:create_environment_hook('vesc_msgs', 'cmake_prefix_path')
[9.798s] INFO:colcon.colcon_core.shell:Creating environment hook '/home/orin_nano/f1tenth_ws/install/vesc_msgs/share/vesc_msgs/hook/cmake_prefix_path.ps1'
[9.799s] INFO:colcon.colcon_core.shell:Creating environment descriptor '/home/orin_nano/f1tenth_ws/install/vesc_msgs/share/vesc_msgs/hook/cmake_prefix_path.dsv'
[9.800s] INFO:colcon.colcon_core.shell:Creating environment hook '/home/orin_nano/f1tenth_ws/install/vesc_msgs/share/vesc_msgs/hook/cmake_prefix_path.sh'
[9.801s] Level 1:colcon.colcon_core.environment:checking '/home/orin_nano/f1tenth_ws/install/vesc_msgs/lib'
[9.802s] Level 1:colcon.colcon_core.shell:create_environment_hook('vesc_msgs', 'ld_library_path_lib')
[9.880s] INFO:colcon.colcon_core.shell:Creating environment hook '/home/orin_nano/f1tenth_ws/install/vesc_msgs/share/vesc_msgs/hook/ld_library_path_lib.ps1'
[9.881s] INFO:colcon.colcon_core.shell:Creating environment descriptor '/home/orin_nano/f1tenth_ws/install/vesc_msgs/share/vesc_msgs/hook/ld_library_path_lib.dsv'
[9.882s] INFO:colcon.colcon_core.shell:Creating environment hook '/home/orin_nano/f1tenth_ws/install/vesc_msgs/share/vesc_msgs/hook/ld_library_path_lib.sh'
[9.883s] Level 1:colcon.colcon_core.environment:checking '/home/orin_nano/f1tenth_ws/install/vesc_msgs/bin'
[9.883s] Level 1:colcon.colcon_core.environment:checking '/home/orin_nano/f1tenth_ws/install/vesc_msgs/lib/pkgconfig/vesc_msgs.pc'
[9.883s] Level 1:colcon.colcon_core.environment:checking '/home/orin_nano/f1tenth_ws/install/vesc_msgs/lib/python3.8/site-packages'
[9.883s] Level 1:colcon.colcon_core.shell:create_environment_hook('vesc_msgs', 'pythonpath')
[9.960s] INFO:colcon.colcon_core.shell:Creating environment hook '/home/orin_nano/f1tenth_ws/install/vesc_msgs/share/vesc_msgs/hook/pythonpath.ps1'
[9.962s] INFO:colcon.colcon_core.shell:Creating environment descriptor '/home/orin_nano/f1tenth_ws/install/vesc_msgs/share/vesc_msgs/hook/pythonpath.dsv'
[9.963s] INFO:colcon.colcon_core.shell:Creating environment hook '/home/orin_nano/f1tenth_ws/install/vesc_msgs/share/vesc_msgs/hook/pythonpath.sh'
[9.964s] Level 1:colcon.colcon_core.environment:checking '/home/orin_nano/f1tenth_ws/install/vesc_msgs/bin'
[10.042s] INFO:colcon.colcon_core.shell:Creating package script '/home/orin_nano/f1tenth_ws/install/vesc_msgs/share/vesc_msgs/package.ps1'
[10.044s] INFO:colcon.colcon_core.shell:Creating package descriptor '/home/orin_nano/f1tenth_ws/install/vesc_msgs/share/vesc_msgs/package.dsv'
[10.045s] INFO:colcon.colcon_core.shell:Creating package script '/home/orin_nano/f1tenth_ws/install/vesc_msgs/share/vesc_msgs/package.sh'
[10.046s] INFO:colcon.colcon_core.shell:Creating package script '/home/orin_nano/f1tenth_ws/install/vesc_msgs/share/vesc_msgs/package.bash'
[10.047s] INFO:colcon.colcon_core.shell:Creating package script '/home/orin_nano/f1tenth_ws/install/vesc_msgs/share/vesc_msgs/package.zsh'
[10.047s] Level 1:colcon.colcon_core.environment:create_file_with_runtime_dependencies(/home/orin_nano/f1tenth_ws/install/vesc_msgs/share/colcon-core/packages/vesc_msgs)
[10.067s] DEBUG:colcon.colcon_core.event_handler.log_command:Invoking command in '/home/orin_nano/f1tenth_ws/src/f1_test': PYTHONPATH=/home/orin_nano/f1tenth_ws/build/f1_test/prefix_override:/home/orin_nano/f1tenth_ws/install/f1_test/lib/python3.8/site-packages:${PYTHONPATH} /usr/bin/python3 setup.py egg_info --egg-base ../../build/f1_test build --build-base /home/orin_nano/f1tenth_ws/build/f1_test/build install --record /home/orin_nano/f1tenth_ws/build/f1_test/install.log --install-scripts $base/lib/f1_test --single-version-externally-managed
[10.070s] Level 1:colcon.colcon_core.environment:create_environment_scripts_only(urg_node2)
[10.071s] DEBUG:colcon.colcon_core.event_handler.log_command:Invoked command in '/home/orin_nano/f1tenth_ws/build/urg_node2' returned '0': CMAKE_PREFIX_PATH=${CMAKE_PREFIX_PATH}:/home/orin_nano/f1tenth_ws/install/f1_test:/opt/ros/foxy /usr/bin/cmake --install /home/orin_nano/f1tenth_ws/build/urg_node2
[10.158s] Level 1:colcon.colcon_core.environment:checking '/home/orin_nano/f1tenth_ws/install/urg_node2' for CMake module files
[10.159s] Level 1:colcon.colcon_core.environment:checking '/home/orin_nano/f1tenth_ws/install/urg_node2' for CMake config files
[10.160s] Level 1:colcon.colcon_core.shell:create_environment_hook('urg_node2', 'cmake_prefix_path')
[10.243s] INFO:colcon.colcon_core.shell:Creating environment hook '/home/orin_nano/f1tenth_ws/install/urg_node2/share/urg_node2/hook/cmake_prefix_path.ps1'
[10.245s] INFO:colcon.colcon_core.shell:Creating environment descriptor '/home/orin_nano/f1tenth_ws/install/urg_node2/share/urg_node2/hook/cmake_prefix_path.dsv'
[10.246s] INFO:colcon.colcon_core.shell:Creating environment hook '/home/orin_nano/f1tenth_ws/install/urg_node2/share/urg_node2/hook/cmake_prefix_path.sh'
[10.247s] Level 1:colcon.colcon_core.environment:checking '/home/orin_nano/f1tenth_ws/install/urg_node2/lib'
[10.247s] Level 1:colcon.colcon_core.shell:create_environment_hook('urg_node2', 'ld_library_path_lib')
[10.325s] INFO:colcon.colcon_core.shell:Creating environment hook '/home/orin_nano/f1tenth_ws/install/urg_node2/share/urg_node2/hook/ld_library_path_lib.ps1'
[10.327s] INFO:colcon.colcon_core.shell:Creating environment descriptor '/home/orin_nano/f1tenth_ws/install/urg_node2/share/urg_node2/hook/ld_library_path_lib.dsv'
[10.328s] INFO:colcon.colcon_core.shell:Creating environment hook '/home/orin_nano/f1tenth_ws/install/urg_node2/share/urg_node2/hook/ld_library_path_lib.sh'
[10.329s] Level 1:colcon.colcon_core.environment:checking '/home/orin_nano/f1tenth_ws/install/urg_node2/bin'
[10.330s] Level 1:colcon.colcon_core.environment:checking '/home/orin_nano/f1tenth_ws/install/urg_node2/lib/pkgconfig/urg_node2.pc'
[10.330s] Level 1:colcon.colcon_core.environment:checking '/home/orin_nano/f1tenth_ws/install/urg_node2/lib/python3.8/site-packages'
[10.330s] Level 1:colcon.colcon_core.environment:checking '/home/orin_nano/f1tenth_ws/install/urg_node2/bin'
[10.410s] INFO:colcon.colcon_core.shell:Creating package script '/home/orin_nano/f1tenth_ws/install/urg_node2/share/urg_node2/package.ps1'
[10.411s] INFO:colcon.colcon_core.shell:Creating package descriptor '/home/orin_nano/f1tenth_ws/install/urg_node2/share/urg_node2/package.dsv'
[10.412s] INFO:colcon.colcon_core.shell:Creating package script '/home/orin_nano/f1tenth_ws/install/urg_node2/share/urg_node2/package.sh'
[10.413s] INFO:colcon.colcon_core.shell:Creating package script '/home/orin_nano/f1tenth_ws/install/urg_node2/share/urg_node2/package.bash'
[10.414s] INFO:colcon.colcon_core.shell:Creating package script '/home/orin_nano/f1tenth_ws/install/urg_node2/share/urg_node2/package.zsh'
[10.415s] Level 1:colcon.colcon_core.environment:create_file_with_runtime_dependencies(/home/orin_nano/f1tenth_ws/install/urg_node2/share/colcon-core/packages/urg_node2)
[10.515s] Level 1:colcon.colcon_core.environment:create_environment_scripts_only(vesc_msgs)
[10.614s] Level 1:colcon.colcon_core.environment:checking '/home/orin_nano/f1tenth_ws/install/vesc_msgs' for CMake module files
[10.615s] Level 1:colcon.colcon_core.environment:checking '/home/orin_nano/f1tenth_ws/install/vesc_msgs' for CMake config files
[10.617s] Level 1:colcon.colcon_core.shell:create_environment_hook('vesc_msgs', 'cmake_prefix_path')
[10.705s] INFO:colcon.colcon_core.shell:Creating environment hook '/home/orin_nano/f1tenth_ws/install/vesc_msgs/share/vesc_msgs/hook/cmake_prefix_path.ps1'
[10.707s] INFO:colcon.colcon_core.shell:Creating environment descriptor '/home/orin_nano/f1tenth_ws/install/vesc_msgs/share/vesc_msgs/hook/cmake_prefix_path.dsv'
[10.708s] INFO:colcon.colcon_core.shell:Creating environment hook '/home/orin_nano/f1tenth_ws/install/vesc_msgs/share/vesc_msgs/hook/cmake_prefix_path.sh'
[10.710s] Level 1:colcon.colcon_core.environment:checking '/home/orin_nano/f1tenth_ws/install/vesc_msgs/lib'
[10.710s] Level 1:colcon.colcon_core.shell:create_environment_hook('vesc_msgs', 'ld_library_path_lib')
[10.797s] INFO:colcon.colcon_core.shell:Creating environment hook '/home/orin_nano/f1tenth_ws/install/vesc_msgs/share/vesc_msgs/hook/ld_library_path_lib.ps1'
[10.799s] INFO:colcon.colcon_core.shell:Creating environment descriptor '/home/orin_nano/f1tenth_ws/install/vesc_msgs/share/vesc_msgs/hook/ld_library_path_lib.dsv'
[10.800s] INFO:colcon.colcon_core.shell:Creating environment hook '/home/orin_nano/f1tenth_ws/install/vesc_msgs/share/vesc_msgs/hook/ld_library_path_lib.sh'
[10.800s] Level 1:colcon.colcon_core.environment:checking '/home/orin_nano/f1tenth_ws/install/vesc_msgs/bin'
[10.801s] Level 1:colcon.colcon_core.environment:checking '/home/orin_nano/f1tenth_ws/install/vesc_msgs/lib/pkgconfig/vesc_msgs.pc'
[10.801s] Level 1:colcon.colcon_core.environment:checking '/home/orin_nano/f1tenth_ws/install/vesc_msgs/lib/python3.8/site-packages'
[10.801s] Level 1:colcon.colcon_core.shell:create_environment_hook('vesc_msgs', 'pythonpath')
[10.924s] INFO:colcon.colcon_core.shell:Creating environment hook '/home/orin_nano/f1tenth_ws/install/vesc_msgs/share/vesc_msgs/hook/pythonpath.ps1'
[10.926s] INFO:colcon.colcon_core.shell:Creating environment descriptor '/home/orin_nano/f1tenth_ws/install/vesc_msgs/share/vesc_msgs/hook/pythonpath.dsv'
[10.927s] INFO:colcon.colcon_core.shell:Creating environment hook '/home/orin_nano/f1tenth_ws/install/vesc_msgs/share/vesc_msgs/hook/pythonpath.sh'
[10.929s] Level 1:colcon.colcon_core.environment:checking '/home/orin_nano/f1tenth_ws/install/vesc_msgs/bin'
[11.013s] INFO:colcon.colcon_core.shell:Creating package script '/home/orin_nano/f1tenth_ws/install/vesc_msgs/share/vesc_msgs/package.ps1'
[11.015s] INFO:colcon.colcon_core.shell:Creating package descriptor '/home/orin_nano/f1tenth_ws/install/vesc_msgs/share/vesc_msgs/package.dsv'
[11.016s] INFO:colcon.colcon_core.shell:Creating package script '/home/orin_nano/f1tenth_ws/install/vesc_msgs/share/vesc_msgs/package.sh'
[11.017s] INFO:colcon.colcon_core.shell:Creating package script '/home/orin_nano/f1tenth_ws/install/vesc_msgs/share/vesc_msgs/package.bash'
[11.018s] INFO:colcon.colcon_core.shell:Creating package script '/home/orin_nano/f1tenth_ws/install/vesc_msgs/share/vesc_msgs/package.zsh'
[11.019s] Level 1:colcon.colcon_core.environment:create_file_with_runtime_dependencies(/home/orin_nano/f1tenth_ws/install/vesc_msgs/share/colcon-core/packages/vesc_msgs)
[11.021s] INFO:colcon.colcon_ros.task.ament_cmake.build:Building ROS package in '/home/orin_nano/f1tenth_ws/src/vesc/vesc_ackermann' with build type 'ament_cmake'
[11.022s] INFO:colcon.colcon_cmake.task.cmake.build:Building CMake package in '/home/orin_nano/f1tenth_ws/src/vesc/vesc_ackermann'
[11.099s] INFO:colcon.colcon_core.shell:Skip shell extension 'powershell' for command environment: Not usable outside of PowerShell
[11.099s] DEBUG:colcon.colcon_core.shell:Skip shell extension 'dsv' for command environment
[11.342s] INFO:colcon.colcon_ros.task.ament_cmake.build:Building ROS package in '/home/orin_nano/f1tenth_ws/src/vesc/vesc_driver' with build type 'ament_cmake'
[11.343s] INFO:colcon.colcon_cmake.task.cmake.build:Building CMake package in '/home/orin_nano/f1tenth_ws/src/vesc/vesc_driver'
[11.421s] INFO:colcon.colcon_core.shell:Skip shell extension 'powershell' for command environment: Not usable outside of PowerShell
[11.422s] DEBUG:colcon.colcon_core.shell:Skip shell extension 'dsv' for command environment
[11.672s] DEBUG:colcon.colcon_core.event_handler.log_command:Invoked command in '/home/orin_nano/f1tenth_ws/src/f1_test' returned '0': PYTHONPATH=/home/orin_nano/f1tenth_ws/build/f1_test/prefix_override:/home/orin_nano/f1tenth_ws/install/f1_test/lib/python3.8/site-packages:${PYTHONPATH} /usr/bin/python3 setup.py egg_info --egg-base ../../build/f1_test build --build-base /home/orin_nano/f1tenth_ws/build/f1_test/build install --record /home/orin_nano/f1tenth_ws/build/f1_test/install.log --install-scripts $base/lib/f1_test --single-version-externally-managed
[11.751s] Level 1:colcon.colcon_core.environment:checking '/home/orin_nano/f1tenth_ws/install/f1_test' for CMake module files
[11.752s] Level 1:colcon.colcon_core.environment:checking '/home/orin_nano/f1tenth_ws/install/f1_test' for CMake config files
[11.754s] Level 1:colcon.colcon_core.environment:checking '/home/orin_nano/f1tenth_ws/install/f1_test/lib'
[11.754s] Level 1:colcon.colcon_core.environment:checking '/home/orin_nano/f1tenth_ws/install/f1_test/bin'
[11.754s] Level 1:colcon.colcon_core.environment:checking '/home/orin_nano/f1tenth_ws/install/f1_test/lib/pkgconfig/f1_test.pc'
[11.754s] Level 1:colcon.colcon_core.environment:checking '/home/orin_nano/f1tenth_ws/install/f1_test/lib/python3.8/site-packages'
[11.754s] Level 1:colcon.colcon_core.shell:create_environment_hook('f1_test', 'pythonpath')
[11.836s] INFO:colcon.colcon_core.shell:Creating environment hook '/home/orin_nano/f1tenth_ws/install/f1_test/share/f1_test/hook/pythonpath.ps1'
[11.837s] INFO:colcon.colcon_core.shell:Creating environment descriptor '/home/orin_nano/f1tenth_ws/install/f1_test/share/f1_test/hook/pythonpath.dsv'
[11.838s] INFO:colcon.colcon_core.shell:Creating environment hook '/home/orin_nano/f1tenth_ws/install/f1_test/share/f1_test/hook/pythonpath.sh'
[11.839s] Level 1:colcon.colcon_core.environment:checking '/home/orin_nano/f1tenth_ws/install/f1_test/bin'
[11.839s] Level 1:colcon.colcon_core.environment:create_environment_scripts_only(f1_test)
[11.917s] INFO:colcon.colcon_core.shell:Creating package script '/home/orin_nano/f1tenth_ws/install/f1_test/share/f1_test/package.ps1'
[11.919s] INFO:colcon.colcon_core.shell:Creating package descriptor '/home/orin_nano/f1tenth_ws/install/f1_test/share/f1_test/package.dsv'
[11.919s] INFO:colcon.colcon_core.shell:Creating package script '/home/orin_nano/f1tenth_ws/install/f1_test/share/f1_test/package.sh'
[11.920s] INFO:colcon.colcon_core.shell:Creating package script '/home/orin_nano/f1tenth_ws/install/f1_test/share/f1_test/package.bash'
[11.921s] INFO:colcon.colcon_core.shell:Creating package script '/home/orin_nano/f1tenth_ws/install/f1_test/share/f1_test/package.zsh'
[11.922s] Level 1:colcon.colcon_core.environment:create_file_with_runtime_dependencies(/home/orin_nano/f1tenth_ws/install/f1_test/share/colcon-core/packages/f1_test)
[12.003s] Level 1:colcon.colcon_core.environment:create_environment_scripts_only(urg_node2)
[12.080s] Level 1:colcon.colcon_core.environment:checking '/home/orin_nano/f1tenth_ws/install/urg_node2' for CMake module files
[12.081s] Level 1:colcon.colcon_core.environment:checking '/home/orin_nano/f1tenth_ws/install/urg_node2' for CMake config files
[12.081s] Level 1:colcon.colcon_core.shell:create_environment_hook('urg_node2', 'cmake_prefix_path')
[12.159s] INFO:colcon.colcon_core.shell:Creating environment hook '/home/orin_nano/f1tenth_ws/install/urg_node2/share/urg_node2/hook/cmake_prefix_path.ps1'
[12.161s] INFO:colcon.colcon_core.shell:Creating environment descriptor '/home/orin_nano/f1tenth_ws/install/urg_node2/share/urg_node2/hook/cmake_prefix_path.dsv'
[12.162s] INFO:colcon.colcon_core.shell:Creating environment hook '/home/orin_nano/f1tenth_ws/install/urg_node2/share/urg_node2/hook/cmake_prefix_path.sh'
[12.164s] Level 1:colcon.colcon_core.environment:checking '/home/orin_nano/f1tenth_ws/install/urg_node2/lib'
[12.164s] Level 1:colcon.colcon_core.shell:create_environment_hook('urg_node2', 'ld_library_path_lib')
[12.243s] INFO:colcon.colcon_core.shell:Creating environment hook '/home/orin_nano/f1tenth_ws/install/urg_node2/share/urg_node2/hook/ld_library_path_lib.ps1'
[12.244s] INFO:colcon.colcon_core.shell:Creating environment descriptor '/home/orin_nano/f1tenth_ws/install/urg_node2/share/urg_node2/hook/ld_library_path_lib.dsv'
[12.245s] INFO:colcon.colcon_core.shell:Creating environment hook '/home/orin_nano/f1tenth_ws/install/urg_node2/share/urg_node2/hook/ld_library_path_lib.sh'
[12.246s] Level 1:colcon.colcon_core.environment:checking '/home/orin_nano/f1tenth_ws/install/urg_node2/bin'
[12.246s] Level 1:colcon.colcon_core.environment:checking '/home/orin_nano/f1tenth_ws/install/urg_node2/lib/pkgconfig/urg_node2.pc'
[12.246s] Level 1:colcon.colcon_core.environment:checking '/home/orin_nano/f1tenth_ws/install/urg_node2/lib/python3.8/site-packages'
[12.247s] Level 1:colcon.colcon_core.environment:checking '/home/orin_nano/f1tenth_ws/install/urg_node2/bin'
[12.323s] INFO:colcon.colcon_core.shell:Creating package script '/home/orin_nano/f1tenth_ws/install/urg_node2/share/urg_node2/package.ps1'
[12.325s] INFO:colcon.colcon_core.shell:Creating package descriptor '/home/orin_nano/f1tenth_ws/install/urg_node2/share/urg_node2/package.dsv'
[12.326s] INFO:colcon.colcon_core.shell:Creating package script '/home/orin_nano/f1tenth_ws/install/urg_node2/share/urg_node2/package.sh'
[12.327s] INFO:colcon.colcon_core.shell:Creating package script '/home/orin_nano/f1tenth_ws/install/urg_node2/share/urg_node2/package.bash'
[12.328s] INFO:colcon.colcon_core.shell:Creating package script '/home/orin_nano/f1tenth_ws/install/urg_node2/share/urg_node2/package.zsh'
[12.329s] Level 1:colcon.colcon_core.environment:create_file_with_runtime_dependencies(/home/orin_nano/f1tenth_ws/install/urg_node2/share/colcon-core/packages/urg_node2)
[12.342s] DEBUG:colcon.colcon_core.event_handler.log_command:Invoking command in '/home/orin_nano/f1tenth_ws/build/vesc_ackermann': CMAKE_PREFIX_PATH=/home/orin_nano/f1tenth_ws/install/vesc_msgs:/home/orin_nano/f1tenth_ws/install/vesc:/home/orin_nano/f1tenth_ws/install/vesc_driver:/home/orin_nano/f1tenth_ws/install/vesc_ackermann:/home/orin_nano/f1tenth_ws/install/urg_node2:/home/orin_nano/f1tenth_ws/install/combine_pkg:/home/orin_nano/f1tenth_ws/install/f1_test:/opt/ros/foxy LD_LIBRARY_PATH=/home/orin_nano/f1tenth_ws/install/vesc_msgs/lib:/home/orin_nano/f1tenth_ws/install/vesc_driver/lib:/home/orin_nano/f1tenth_ws/install/vesc_ackermann/lib:/home/orin_nano/f1tenth_ws/install/urg_node2/lib:/opt/ros/foxy/opt/yaml_cpp_vendor/lib:/opt/ros/foxy/opt/rviz_ogre_vendor/lib:/opt/ros/foxy/lib/aarch64-linux-gnu:/opt/ros/foxy/lib:/usr/local/cuda-11.4/lib64 /usr/bin/cmake --build /home/orin_nano/f1tenth_ws/build/vesc_ackermann -- -j6 -l6
[12.353s] DEBUG:colcon.colcon_core.event_handler.log_command:Invoking command in '/home/orin_nano/f1tenth_ws/build/vesc_driver': CMAKE_PREFIX_PATH=/home/orin_nano/f1tenth_ws/install/vesc_msgs:/home/orin_nano/f1tenth_ws/install/vesc:/home/orin_nano/f1tenth_ws/install/vesc_driver:/home/orin_nano/f1tenth_ws/install/vesc_ackermann:/home/orin_nano/f1tenth_ws/install/urg_node2:/home/orin_nano/f1tenth_ws/install/combine_pkg:/home/orin_nano/f1tenth_ws/install/f1_test:/opt/ros/foxy LD_LIBRARY_PATH=/home/orin_nano/f1tenth_ws/install/vesc_msgs/lib:/home/orin_nano/f1tenth_ws/install/vesc_driver/lib:/home/orin_nano/f1tenth_ws/install/vesc_ackermann/lib:/home/orin_nano/f1tenth_ws/install/urg_node2/lib:/opt/ros/foxy/opt/yaml_cpp_vendor/lib:/opt/ros/foxy/opt/rviz_ogre_vendor/lib:/opt/ros/foxy/lib/aarch64-linux-gnu:/opt/ros/foxy/lib:/usr/local/cuda-11.4/lib64 /usr/bin/cmake --build /home/orin_nano/f1tenth_ws/build/vesc_driver -- -j6 -l6
[12.599s] DEBUG:colcon.colcon_core.event_handler.log_command:Invoked command in '/home/orin_nano/f1tenth_ws/build/vesc_driver' returned '0': CMAKE_PREFIX_PATH=/home/orin_nano/f1tenth_ws/install/vesc_msgs:/home/orin_nano/f1tenth_ws/install/vesc:/home/orin_nano/f1tenth_ws/install/vesc_driver:/home/orin_nano/f1tenth_ws/install/vesc_ackermann:/home/orin_nano/f1tenth_ws/install/urg_node2:/home/orin_nano/f1tenth_ws/install/combine_pkg:/home/orin_nano/f1tenth_ws/install/f1_test:/opt/ros/foxy LD_LIBRARY_PATH=/home/orin_nano/f1tenth_ws/install/vesc_msgs/lib:/home/orin_nano/f1tenth_ws/install/vesc_driver/lib:/home/orin_nano/f1tenth_ws/install/vesc_ackermann/lib:/home/orin_nano/f1tenth_ws/install/urg_node2/lib:/opt/ros/foxy/opt/yaml_cpp_vendor/lib:/opt/ros/foxy/opt/rviz_ogre_vendor/lib:/opt/ros/foxy/lib/aarch64-linux-gnu:/opt/ros/foxy/lib:/usr/local/cuda-11.4/lib64 /usr/bin/cmake --build /home/orin_nano/f1tenth_ws/build/vesc_driver -- -j6 -l6
[12.684s] DEBUG:colcon.colcon_core.event_handler.log_command:Invoking command in '/home/orin_nano/f1tenth_ws/build/vesc_driver': CMAKE_PREFIX_PATH=/home/orin_nano/f1tenth_ws/install/vesc_msgs:/home/orin_nano/f1tenth_ws/install/vesc:/home/orin_nano/f1tenth_ws/install/vesc_driver:/home/orin_nano/f1tenth_ws/install/vesc_ackermann:/home/orin_nano/f1tenth_ws/install/urg_node2:/home/orin_nano/f1tenth_ws/install/combine_pkg:/home/orin_nano/f1tenth_ws/install/f1_test:/opt/ros/foxy LD_LIBRARY_PATH=/home/orin_nano/f1tenth_ws/install/vesc_msgs/lib:/home/orin_nano/f1tenth_ws/install/vesc_driver/lib:/home/orin_nano/f1tenth_ws/install/vesc_ackermann/lib:/home/orin_nano/f1tenth_ws/install/urg_node2/lib:/opt/ros/foxy/opt/yaml_cpp_vendor/lib:/opt/ros/foxy/opt/rviz_ogre_vendor/lib:/opt/ros/foxy/lib/aarch64-linux-gnu:/opt/ros/foxy/lib:/usr/local/cuda-11.4/lib64 /usr/bin/cmake --install /home/orin_nano/f1tenth_ws/build/vesc_driver
[12.718s] Level 1:colcon.colcon_core.environment:create_environment_scripts_only(vesc_driver)
[12.725s] DEBUG:colcon.colcon_core.event_handler.log_command:Invoked command in '/home/orin_nano/f1tenth_ws/build/vesc_driver' returned '0': CMAKE_PREFIX_PATH=/home/orin_nano/f1tenth_ws/install/vesc_msgs:/home/orin_nano/f1tenth_ws/install/vesc:/home/orin_nano/f1tenth_ws/install/vesc_driver:/home/orin_nano/f1tenth_ws/install/vesc_ackermann:/home/orin_nano/f1tenth_ws/install/urg_node2:/home/orin_nano/f1tenth_ws/install/combine_pkg:/home/orin_nano/f1tenth_ws/install/f1_test:/opt/ros/foxy LD_LIBRARY_PATH=/home/orin_nano/f1tenth_ws/install/vesc_msgs/lib:/home/orin_nano/f1tenth_ws/install/vesc_driver/lib:/home/orin_nano/f1tenth_ws/install/vesc_ackermann/lib:/home/orin_nano/f1tenth_ws/install/urg_node2/lib:/opt/ros/foxy/opt/yaml_cpp_vendor/lib:/opt/ros/foxy/opt/rviz_ogre_vendor/lib:/opt/ros/foxy/lib/aarch64-linux-gnu:/opt/ros/foxy/lib:/usr/local/cuda-11.4/lib64 /usr/bin/cmake --install /home/orin_nano/f1tenth_ws/build/vesc_driver
[12.805s] Level 1:colcon.colcon_core.environment:checking '/home/orin_nano/f1tenth_ws/install/vesc_driver' for CMake module files
[12.806s] Level 1:colcon.colcon_core.environment:checking '/home/orin_nano/f1tenth_ws/install/vesc_driver' for CMake config files
[12.807s] Level 1:colcon.colcon_core.shell:create_environment_hook('vesc_driver', 'cmake_prefix_path')
[12.886s] INFO:colcon.colcon_core.shell:Creating environment hook '/home/orin_nano/f1tenth_ws/install/vesc_driver/share/vesc_driver/hook/cmake_prefix_path.ps1'
[12.887s] INFO:colcon.colcon_core.shell:Creating environment descriptor '/home/orin_nano/f1tenth_ws/install/vesc_driver/share/vesc_driver/hook/cmake_prefix_path.dsv'
[12.888s] INFO:colcon.colcon_core.shell:Creating environment hook '/home/orin_nano/f1tenth_ws/install/vesc_driver/share/vesc_driver/hook/cmake_prefix_path.sh'
[12.889s] Level 1:colcon.colcon_core.environment:checking '/home/orin_nano/f1tenth_ws/install/vesc_driver/lib'
[12.889s] Level 1:colcon.colcon_core.shell:create_environment_hook('vesc_driver', 'ld_library_path_lib')
[12.968s] INFO:colcon.colcon_core.shell:Creating environment hook '/home/orin_nano/f1tenth_ws/install/vesc_driver/share/vesc_driver/hook/ld_library_path_lib.ps1'
[12.970s] INFO:colcon.colcon_core.shell:Creating environment descriptor '/home/orin_nano/f1tenth_ws/install/vesc_driver/share/vesc_driver/hook/ld_library_path_lib.dsv'
[12.971s] INFO:colcon.colcon_core.shell:Creating environment hook '/home/orin_nano/f1tenth_ws/install/vesc_driver/share/vesc_driver/hook/ld_library_path_lib.sh'
[12.972s] Level 1:colcon.colcon_core.environment:checking '/home/orin_nano/f1tenth_ws/install/vesc_driver/bin'
[12.972s] Level 1:colcon.colcon_core.environment:checking '/home/orin_nano/f1tenth_ws/install/vesc_driver/lib/pkgconfig/vesc_driver.pc'
[12.972s] Level 1:colcon.colcon_core.environment:checking '/home/orin_nano/f1tenth_ws/install/vesc_driver/lib/python3.8/site-packages'
[12.973s] Level 1:colcon.colcon_core.environment:checking '/home/orin_nano/f1tenth_ws/install/vesc_driver/bin'
[13.051s] INFO:colcon.colcon_core.shell:Creating package script '/home/orin_nano/f1tenth_ws/install/vesc_driver/share/vesc_driver/package.ps1'
[13.052s] INFO:colcon.colcon_core.shell:Creating package descriptor '/home/orin_nano/f1tenth_ws/install/vesc_driver/share/vesc_driver/package.dsv'
[13.053s] INFO:colcon.colcon_core.shell:Creating package script '/home/orin_nano/f1tenth_ws/install/vesc_driver/share/vesc_driver/package.sh'
[13.054s] INFO:colcon.colcon_core.shell:Creating package script '/home/orin_nano/f1tenth_ws/install/vesc_driver/share/vesc_driver/package.bash'
[13.055s] INFO:colcon.colcon_core.shell:Creating package script '/home/orin_nano/f1tenth_ws/install/vesc_driver/share/vesc_driver/package.zsh'
[13.055s] Level 1:colcon.colcon_core.environment:create_file_with_runtime_dependencies(/home/orin_nano/f1tenth_ws/install/vesc_driver/share/colcon-core/packages/vesc_driver)
[13.223s] Level 1:colcon.colcon_core.environment:create_environment_scripts_only(vesc_driver)
[13.303s] Level 1:colcon.colcon_core.environment:checking '/home/orin_nano/f1tenth_ws/install/vesc_driver' for CMake module files
[13.305s] Level 1:colcon.colcon_core.environment:checking '/home/orin_nano/f1tenth_ws/install/vesc_driver' for CMake config files
[13.305s] Level 1:colcon.colcon_core.shell:create_environment_hook('vesc_driver', 'cmake_prefix_path')
[13.383s] INFO:colcon.colcon_core.shell:Creating environment hook '/home/orin_nano/f1tenth_ws/install/vesc_driver/share/vesc_driver/hook/cmake_prefix_path.ps1'
[13.385s] INFO:colcon.colcon_core.shell:Creating environment descriptor '/home/orin_nano/f1tenth_ws/install/vesc_driver/share/vesc_driver/hook/cmake_prefix_path.dsv'
[13.385s] INFO:colcon.colcon_core.shell:Creating environment hook '/home/orin_nano/f1tenth_ws/install/vesc_driver/share/vesc_driver/hook/cmake_prefix_path.sh'
[13.387s] Level 1:colcon.colcon_core.environment:checking '/home/orin_nano/f1tenth_ws/install/vesc_driver/lib'
[13.387s] Level 1:colcon.colcon_core.shell:create_environment_hook('vesc_driver', 'ld_library_path_lib')
[13.467s] INFO:colcon.colcon_core.shell:Creating environment hook '/home/orin_nano/f1tenth_ws/install/vesc_driver/share/vesc_driver/hook/ld_library_path_lib.ps1'
[13.468s] INFO:colcon.colcon_core.shell:Creating environment descriptor '/home/orin_nano/f1tenth_ws/install/vesc_driver/share/vesc_driver/hook/ld_library_path_lib.dsv'
[13.469s] INFO:colcon.colcon_core.shell:Creating environment hook '/home/orin_nano/f1tenth_ws/install/vesc_driver/share/vesc_driver/hook/ld_library_path_lib.sh'
[13.470s] Level 1:colcon.colcon_core.environment:checking '/home/orin_nano/f1tenth_ws/install/vesc_driver/bin'
[13.470s] Level 1:colcon.colcon_core.environment:checking '/home/orin_nano/f1tenth_ws/install/vesc_driver/lib/pkgconfig/vesc_driver.pc'
[13.470s] Level 1:colcon.colcon_core.environment:checking '/home/orin_nano/f1tenth_ws/install/vesc_driver/lib/python3.8/site-packages'
[13.471s] Level 1:colcon.colcon_core.environment:checking '/home/orin_nano/f1tenth_ws/install/vesc_driver/bin'
[13.549s] INFO:colcon.colcon_core.shell:Creating package script '/home/orin_nano/f1tenth_ws/install/vesc_driver/share/vesc_driver/package.ps1'
[13.550s] INFO:colcon.colcon_core.shell:Creating package descriptor '/home/orin_nano/f1tenth_ws/install/vesc_driver/share/vesc_driver/package.dsv'
[13.551s] INFO:colcon.colcon_core.shell:Creating package script '/home/orin_nano/f1tenth_ws/install/vesc_driver/share/vesc_driver/package.sh'
[13.552s] INFO:colcon.colcon_core.shell:Creating package script '/home/orin_nano/f1tenth_ws/install/vesc_driver/share/vesc_driver/package.bash'
[13.553s] INFO:colcon.colcon_core.shell:Creating package script '/home/orin_nano/f1tenth_ws/install/vesc_driver/share/vesc_driver/package.zsh'
[13.554s] Level 1:colcon.colcon_core.environment:create_file_with_runtime_dependencies(/home/orin_nano/f1tenth_ws/install/vesc_driver/share/colcon-core/packages/vesc_driver)
[26.663s] DEBUG:colcon.colcon_core.event_handler.log_command:Invoked command in '/home/orin_nano/f1tenth_ws/build/vesc_ackermann' returned '0': CMAKE_PREFIX_PATH=/home/orin_nano/f1tenth_ws/install/vesc_msgs:/home/orin_nano/f1tenth_ws/install/vesc:/home/orin_nano/f1tenth_ws/install/vesc_driver:/home/orin_nano/f1tenth_ws/install/vesc_ackermann:/home/orin_nano/f1tenth_ws/install/urg_node2:/home/orin_nano/f1tenth_ws/install/combine_pkg:/home/orin_nano/f1tenth_ws/install/f1_test:/opt/ros/foxy LD_LIBRARY_PATH=/home/orin_nano/f1tenth_ws/install/vesc_msgs/lib:/home/orin_nano/f1tenth_ws/install/vesc_driver/lib:/home/orin_nano/f1tenth_ws/install/vesc_ackermann/lib:/home/orin_nano/f1tenth_ws/install/urg_node2/lib:/opt/ros/foxy/opt/yaml_cpp_vendor/lib:/opt/ros/foxy/opt/rviz_ogre_vendor/lib:/opt/ros/foxy/lib/aarch64-linux-gnu:/opt/ros/foxy/lib:/usr/local/cuda-11.4/lib64 /usr/bin/cmake --build /home/orin_nano/f1tenth_ws/build/vesc_ackermann -- -j6 -l6
[26.745s] DEBUG:colcon.colcon_core.event_handler.log_command:Invoking command in '/home/orin_nano/f1tenth_ws/build/vesc_ackermann': CMAKE_PREFIX_PATH=/home/orin_nano/f1tenth_ws/install/vesc_msgs:/home/orin_nano/f1tenth_ws/install/vesc:/home/orin_nano/f1tenth_ws/install/vesc_driver:/home/orin_nano/f1tenth_ws/install/vesc_ackermann:/home/orin_nano/f1tenth_ws/install/urg_node2:/home/orin_nano/f1tenth_ws/install/combine_pkg:/home/orin_nano/f1tenth_ws/install/f1_test:/opt/ros/foxy LD_LIBRARY_PATH=/home/orin_nano/f1tenth_ws/install/vesc_msgs/lib:/home/orin_nano/f1tenth_ws/install/vesc_driver/lib:/home/orin_nano/f1tenth_ws/install/vesc_ackermann/lib:/home/orin_nano/f1tenth_ws/install/urg_node2/lib:/opt/ros/foxy/opt/yaml_cpp_vendor/lib:/opt/ros/foxy/opt/rviz_ogre_vendor/lib:/opt/ros/foxy/lib/aarch64-linux-gnu:/opt/ros/foxy/lib:/usr/local/cuda-11.4/lib64 /usr/bin/cmake --install /home/orin_nano/f1tenth_ws/build/vesc_ackermann
[26.788s] Level 1:colcon.colcon_core.environment:create_environment_scripts_only(vesc_ackermann)
[26.789s] DEBUG:colcon.colcon_core.event_handler.log_command:Invoked command in '/home/orin_nano/f1tenth_ws/build/vesc_ackermann' returned '0': CMAKE_PREFIX_PATH=/home/orin_nano/f1tenth_ws/install/vesc_msgs:/home/orin_nano/f1tenth_ws/install/vesc:/home/orin_nano/f1tenth_ws/install/vesc_driver:/home/orin_nano/f1tenth_ws/install/vesc_ackermann:/home/orin_nano/f1tenth_ws/install/urg_node2:/home/orin_nano/f1tenth_ws/install/combine_pkg:/home/orin_nano/f1tenth_ws/install/f1_test:/opt/ros/foxy LD_LIBRARY_PATH=/home/orin_nano/f1tenth_ws/install/vesc_msgs/lib:/home/orin_nano/f1tenth_ws/install/vesc_driver/lib:/home/orin_nano/f1tenth_ws/install/vesc_ackermann/lib:/home/orin_nano/f1tenth_ws/install/urg_node2/lib:/opt/ros/foxy/opt/yaml_cpp_vendor/lib:/opt/ros/foxy/opt/rviz_ogre_vendor/lib:/opt/ros/foxy/lib/aarch64-linux-gnu:/opt/ros/foxy/lib:/usr/local/cuda-11.4/lib64 /usr/bin/cmake --install /home/orin_nano/f1tenth_ws/build/vesc_ackermann
[26.911s] Level 1:colcon.colcon_core.environment:checking '/home/orin_nano/f1tenth_ws/install/vesc_ackermann' for CMake module files
[26.912s] Level 1:colcon.colcon_core.environment:checking '/home/orin_nano/f1tenth_ws/install/vesc_ackermann' for CMake config files
[26.913s] Level 1:colcon.colcon_core.shell:create_environment_hook('vesc_ackermann', 'cmake_prefix_path')
[26.991s] INFO:colcon.colcon_core.shell:Creating environment hook '/home/orin_nano/f1tenth_ws/install/vesc_ackermann/share/vesc_ackermann/hook/cmake_prefix_path.ps1'
[26.992s] INFO:colcon.colcon_core.shell:Creating environment descriptor '/home/orin_nano/f1tenth_ws/install/vesc_ackermann/share/vesc_ackermann/hook/cmake_prefix_path.dsv'
[26.995s] INFO:colcon.colcon_core.shell:Creating environment hook '/home/orin_nano/f1tenth_ws/install/vesc_ackermann/share/vesc_ackermann/hook/cmake_prefix_path.sh'
[26.997s] Level 1:colcon.colcon_core.environment:checking '/home/orin_nano/f1tenth_ws/install/vesc_ackermann/lib'
[26.997s] Level 1:colcon.colcon_core.shell:create_environment_hook('vesc_ackermann', 'ld_library_path_lib')
[27.080s] INFO:colcon.colcon_core.shell:Creating environment hook '/home/orin_nano/f1tenth_ws/install/vesc_ackermann/share/vesc_ackermann/hook/ld_library_path_lib.ps1'
[27.081s] INFO:colcon.colcon_core.shell:Creating environment descriptor '/home/orin_nano/f1tenth_ws/install/vesc_ackermann/share/vesc_ackermann/hook/ld_library_path_lib.dsv'
[27.082s] INFO:colcon.colcon_core.shell:Creating environment hook '/home/orin_nano/f1tenth_ws/install/vesc_ackermann/share/vesc_ackermann/hook/ld_library_path_lib.sh'
[27.083s] Level 1:colcon.colcon_core.environment:checking '/home/orin_nano/f1tenth_ws/install/vesc_ackermann/bin'
[27.083s] Level 1:colcon.colcon_core.environment:checking '/home/orin_nano/f1tenth_ws/install/vesc_ackermann/lib/pkgconfig/vesc_ackermann.pc'
[27.083s] Level 1:colcon.colcon_core.environment:checking '/home/orin_nano/f1tenth_ws/install/vesc_ackermann/lib/python3.8/site-packages'
[27.084s] Level 1:colcon.colcon_core.environment:checking '/home/orin_nano/f1tenth_ws/install/vesc_ackermann/bin'
[27.170s] INFO:colcon.colcon_core.shell:Creating package script '/home/orin_nano/f1tenth_ws/install/vesc_ackermann/share/vesc_ackermann/package.ps1'
[27.172s] INFO:colcon.colcon_core.shell:Creating package descriptor '/home/orin_nano/f1tenth_ws/install/vesc_ackermann/share/vesc_ackermann/package.dsv'
[27.173s] INFO:colcon.colcon_core.shell:Creating package script '/home/orin_nano/f1tenth_ws/install/vesc_ackermann/share/vesc_ackermann/package.sh'
[27.174s] INFO:colcon.colcon_core.shell:Creating package script '/home/orin_nano/f1tenth_ws/install/vesc_ackermann/share/vesc_ackermann/package.bash'
[27.175s] INFO:colcon.colcon_core.shell:Creating package script '/home/orin_nano/f1tenth_ws/install/vesc_ackermann/share/vesc_ackermann/package.zsh'
[27.176s] Level 1:colcon.colcon_core.environment:create_file_with_runtime_dependencies(/home/orin_nano/f1tenth_ws/install/vesc_ackermann/share/colcon-core/packages/vesc_ackermann)
[27.327s] Level 1:colcon.colcon_core.environment:create_environment_scripts_only(vesc_ackermann)
[27.405s] Level 1:colcon.colcon_core.environment:checking '/home/orin_nano/f1tenth_ws/install/vesc_ackermann' for CMake module files
[27.406s] Level 1:colcon.colcon_core.environment:checking '/home/orin_nano/f1tenth_ws/install/vesc_ackermann' for CMake config files
[27.407s] Level 1:colcon.colcon_core.shell:create_environment_hook('vesc_ackermann', 'cmake_prefix_path')
[27.483s] INFO:colcon.colcon_core.shell:Creating environment hook '/home/orin_nano/f1tenth_ws/install/vesc_ackermann/share/vesc_ackermann/hook/cmake_prefix_path.ps1'
[27.484s] INFO:colcon.colcon_core.shell:Creating environment descriptor '/home/orin_nano/f1tenth_ws/install/vesc_ackermann/share/vesc_ackermann/hook/cmake_prefix_path.dsv'
[27.485s] INFO:colcon.colcon_core.shell:Creating environment hook '/home/orin_nano/f1tenth_ws/install/vesc_ackermann/share/vesc_ackermann/hook/cmake_prefix_path.sh'
[27.486s] Level 1:colcon.colcon_core.environment:checking '/home/orin_nano/f1tenth_ws/install/vesc_ackermann/lib'
[27.486s] Level 1:colcon.colcon_core.shell:create_environment_hook('vesc_ackermann', 'ld_library_path_lib')
[27.563s] INFO:colcon.colcon_core.shell:Creating environment hook '/home/orin_nano/f1tenth_ws/install/vesc_ackermann/share/vesc_ackermann/hook/ld_library_path_lib.ps1'
[27.565s] INFO:colcon.colcon_core.shell:Creating environment descriptor '/home/orin_nano/f1tenth_ws/install/vesc_ackermann/share/vesc_ackermann/hook/ld_library_path_lib.dsv'
[27.566s] INFO:colcon.colcon_core.shell:Creating environment hook '/home/orin_nano/f1tenth_ws/install/vesc_ackermann/share/vesc_ackermann/hook/ld_library_path_lib.sh'
[27.567s] Level 1:colcon.colcon_core.environment:checking '/home/orin_nano/f1tenth_ws/install/vesc_ackermann/bin'
[27.567s] Level 1:colcon.colcon_core.environment:checking '/home/orin_nano/f1tenth_ws/install/vesc_ackermann/lib/pkgconfig/vesc_ackermann.pc'
[27.568s] Level 1:colcon.colcon_core.environment:checking '/home/orin_nano/f1tenth_ws/install/vesc_ackermann/lib/python3.8/site-packages'
[27.568s] Level 1:colcon.colcon_core.environment:checking '/home/orin_nano/f1tenth_ws/install/vesc_ackermann/bin'
[27.646s] INFO:colcon.colcon_core.shell:Creating package script '/home/orin_nano/f1tenth_ws/install/vesc_ackermann/share/vesc_ackermann/package.ps1'
[27.647s] INFO:colcon.colcon_core.shell:Creating package descriptor '/home/orin_nano/f1tenth_ws/install/vesc_ackermann/share/vesc_ackermann/package.dsv'
[27.648s] INFO:colcon.colcon_core.shell:Creating package script '/home/orin_nano/f1tenth_ws/install/vesc_ackermann/share/vesc_ackermann/package.sh'
[27.649s] INFO:colcon.colcon_core.shell:Creating package script '/home/orin_nano/f1tenth_ws/install/vesc_ackermann/share/vesc_ackermann/package.bash'
[27.650s] INFO:colcon.colcon_core.shell:Creating package script '/home/orin_nano/f1tenth_ws/install/vesc_ackermann/share/vesc_ackermann/package.zsh'
[27.651s] Level 1:colcon.colcon_core.environment:create_file_with_runtime_dependencies(/home/orin_nano/f1tenth_ws/install/vesc_ackermann/share/colcon-core/packages/vesc_ackermann)
[27.652s] INFO:colcon.colcon_ros.task.ament_cmake.build:Building ROS package in '/home/orin_nano/f1tenth_ws/src/vesc/vesc' with build type 'ament_cmake'
[27.652s] INFO:colcon.colcon_cmake.task.cmake.build:Building CMake package in '/home/orin_nano/f1tenth_ws/src/vesc/vesc'
[27.731s] INFO:colcon.colcon_core.shell:Skip shell extension 'powershell' for command environment: Not usable outside of PowerShell
[27.731s] DEBUG:colcon.colcon_core.shell:Skip shell extension 'dsv' for command environment
[27.996s] DEBUG:colcon.colcon_core.event_handler.log_command:Invoking command in '/home/orin_nano/f1tenth_ws/build/vesc': CMAKE_PREFIX_PATH=/home/orin_nano/f1tenth_ws/install/vesc_driver:/home/orin_nano/f1tenth_ws/install/vesc_ackermann:/home/orin_nano/f1tenth_ws/install/vesc_msgs:/home/orin_nano/f1tenth_ws/install/vesc:/home/orin_nano/f1tenth_ws/install/urg_node2:/home/orin_nano/f1tenth_ws/install/combine_pkg:/home/orin_nano/f1tenth_ws/install/f1_test:/opt/ros/foxy LD_LIBRARY_PATH=/home/orin_nano/f1tenth_ws/install/vesc_driver/lib:/home/orin_nano/f1tenth_ws/install/vesc_ackermann/lib:/home/orin_nano/f1tenth_ws/install/vesc_msgs/lib:/home/orin_nano/f1tenth_ws/install/urg_node2/lib:/opt/ros/foxy/opt/yaml_cpp_vendor/lib:/opt/ros/foxy/opt/rviz_ogre_vendor/lib:/opt/ros/foxy/lib/aarch64-linux-gnu:/opt/ros/foxy/lib:/usr/local/cuda-11.4/lib64 /usr/bin/cmake --build /home/orin_nano/f1tenth_ws/build/vesc -- -j6 -l6
[28.088s] DEBUG:colcon.colcon_core.event_handler.log_command:Invoked command in '/home/orin_nano/f1tenth_ws/build/vesc' returned '0': CMAKE_PREFIX_PATH=/home/orin_nano/f1tenth_ws/install/vesc_driver:/home/orin_nano/f1tenth_ws/install/vesc_ackermann:/home/orin_nano/f1tenth_ws/install/vesc_msgs:/home/orin_nano/f1tenth_ws/install/vesc:/home/orin_nano/f1tenth_ws/install/urg_node2:/home/orin_nano/f1tenth_ws/install/combine_pkg:/home/orin_nano/f1tenth_ws/install/f1_test:/opt/ros/foxy LD_LIBRARY_PATH=/home/orin_nano/f1tenth_ws/install/vesc_driver/lib:/home/orin_nano/f1tenth_ws/install/vesc_ackermann/lib:/home/orin_nano/f1tenth_ws/install/vesc_msgs/lib:/home/orin_nano/f1tenth_ws/install/urg_node2/lib:/opt/ros/foxy/opt/yaml_cpp_vendor/lib:/opt/ros/foxy/opt/rviz_ogre_vendor/lib:/opt/ros/foxy/lib/aarch64-linux-gnu:/opt/ros/foxy/lib:/usr/local/cuda-11.4/lib64 /usr/bin/cmake --build /home/orin_nano/f1tenth_ws/build/vesc -- -j6 -l6
[28.143s] DEBUG:colcon.colcon_core.event_handler.log_command:Invoking command in '/home/orin_nano/f1tenth_ws/build/vesc': CMAKE_PREFIX_PATH=/home/orin_nano/f1tenth_ws/install/vesc_driver:/home/orin_nano/f1tenth_ws/install/vesc_ackermann:/home/orin_nano/f1tenth_ws/install/vesc_msgs:/home/orin_nano/f1tenth_ws/install/vesc:/home/orin_nano/f1tenth_ws/install/urg_node2:/home/orin_nano/f1tenth_ws/install/combine_pkg:/home/orin_nano/f1tenth_ws/install/f1_test:/opt/ros/foxy LD_LIBRARY_PATH=/home/orin_nano/f1tenth_ws/install/vesc_driver/lib:/home/orin_nano/f1tenth_ws/install/vesc_ackermann/lib:/home/orin_nano/f1tenth_ws/install/vesc_msgs/lib:/home/orin_nano/f1tenth_ws/install/urg_node2/lib:/opt/ros/foxy/opt/yaml_cpp_vendor/lib:/opt/ros/foxy/opt/rviz_ogre_vendor/lib:/opt/ros/foxy/lib/aarch64-linux-gnu:/opt/ros/foxy/lib:/usr/local/cuda-11.4/lib64 /usr/bin/cmake --install /home/orin_nano/f1tenth_ws/build/vesc
[28.172s] Level 1:colcon.colcon_core.environment:create_environment_scripts_only(vesc)
[28.174s] DEBUG:colcon.colcon_core.event_handler.log_command:Invoked command in '/home/orin_nano/f1tenth_ws/build/vesc' returned '0': CMAKE_PREFIX_PATH=/home/orin_nano/f1tenth_ws/install/vesc_driver:/home/orin_nano/f1tenth_ws/install/vesc_ackermann:/home/orin_nano/f1tenth_ws/install/vesc_msgs:/home/orin_nano/f1tenth_ws/install/vesc:/home/orin_nano/f1tenth_ws/install/urg_node2:/home/orin_nano/f1tenth_ws/install/combine_pkg:/home/orin_nano/f1tenth_ws/install/f1_test:/opt/ros/foxy LD_LIBRARY_PATH=/home/orin_nano/f1tenth_ws/install/vesc_driver/lib:/home/orin_nano/f1tenth_ws/install/vesc_ackermann/lib:/home/orin_nano/f1tenth_ws/install/vesc_msgs/lib:/home/orin_nano/f1tenth_ws/install/urg_node2/lib:/opt/ros/foxy/opt/yaml_cpp_vendor/lib:/opt/ros/foxy/opt/rviz_ogre_vendor/lib:/opt/ros/foxy/lib/aarch64-linux-gnu:/opt/ros/foxy/lib:/usr/local/cuda-11.4/lib64 /usr/bin/cmake --install /home/orin_nano/f1tenth_ws/build/vesc
[28.258s] Level 1:colcon.colcon_core.environment:checking '/home/orin_nano/f1tenth_ws/install/vesc' for CMake module files
[28.259s] Level 1:colcon.colcon_core.environment:checking '/home/orin_nano/f1tenth_ws/install/vesc' for CMake config files
[28.260s] Level 1:colcon.colcon_core.shell:create_environment_hook('vesc', 'cmake_prefix_path')
[28.336s] INFO:colcon.colcon_core.shell:Creating environment hook '/home/orin_nano/f1tenth_ws/install/vesc/share/vesc/hook/cmake_prefix_path.ps1'
[28.338s] INFO:colcon.colcon_core.shell:Creating environment descriptor '/home/orin_nano/f1tenth_ws/install/vesc/share/vesc/hook/cmake_prefix_path.dsv'
[28.338s] INFO:colcon.colcon_core.shell:Creating environment hook '/home/orin_nano/f1tenth_ws/install/vesc/share/vesc/hook/cmake_prefix_path.sh'
[28.339s] Level 1:colcon.colcon_core.environment:checking '/home/orin_nano/f1tenth_ws/install/vesc/bin'
[28.340s] Level 1:colcon.colcon_core.environment:checking '/home/orin_nano/f1tenth_ws/install/vesc/lib/pkgconfig/vesc.pc'
[28.340s] Level 1:colcon.colcon_core.environment:checking '/home/orin_nano/f1tenth_ws/install/vesc/lib/python3.8/site-packages'
[28.340s] Level 1:colcon.colcon_core.environment:checking '/home/orin_nano/f1tenth_ws/install/vesc/bin'
[28.422s] INFO:colcon.colcon_core.shell:Creating package script '/home/orin_nano/f1tenth_ws/install/vesc/share/vesc/package.ps1'
[28.424s] INFO:colcon.colcon_core.shell:Creating package descriptor '/home/orin_nano/f1tenth_ws/install/vesc/share/vesc/package.dsv'
[28.424s] INFO:colcon.colcon_core.shell:Creating package script '/home/orin_nano/f1tenth_ws/install/vesc/share/vesc/package.sh'
[28.425s] INFO:colcon.colcon_core.shell:Creating package script '/home/orin_nano/f1tenth_ws/install/vesc/share/vesc/package.bash'
[28.427s] INFO:colcon.colcon_core.shell:Creating package script '/home/orin_nano/f1tenth_ws/install/vesc/share/vesc/package.zsh'
[28.428s] Level 1:colcon.colcon_core.environment:create_file_with_runtime_dependencies(/home/orin_nano/f1tenth_ws/install/vesc/share/colcon-core/packages/vesc)
[28.559s] Level 1:colcon.colcon_core.environment:create_environment_scripts_only(vesc)
[28.638s] Level 1:colcon.colcon_core.environment:checking '/home/orin_nano/f1tenth_ws/install/vesc' for CMake module files
[28.639s] Level 1:colcon.colcon_core.environment:checking '/home/orin_nano/f1tenth_ws/install/vesc' for CMake config files
[28.639s] Level 1:colcon.colcon_core.shell:create_environment_hook('vesc', 'cmake_prefix_path')
[28.716s] INFO:colcon.colcon_core.shell:Creating environment hook '/home/orin_nano/f1tenth_ws/install/vesc/share/vesc/hook/cmake_prefix_path.ps1'
[28.717s] INFO:colcon.colcon_core.shell:Creating environment descriptor '/home/orin_nano/f1tenth_ws/install/vesc/share/vesc/hook/cmake_prefix_path.dsv'
[28.718s] INFO:colcon.colcon_core.shell:Creating environment hook '/home/orin_nano/f1tenth_ws/install/vesc/share/vesc/hook/cmake_prefix_path.sh'
[28.719s] Level 1:colcon.colcon_core.environment:checking '/home/orin_nano/f1tenth_ws/install/vesc/bin'
[28.719s] Level 1:colcon.colcon_core.environment:checking '/home/orin_nano/f1tenth_ws/install/vesc/lib/pkgconfig/vesc.pc'
[28.720s] Level 1:colcon.colcon_core.environment:checking '/home/orin_nano/f1tenth_ws/install/vesc/lib/python3.8/site-packages'
[28.720s] Level 1:colcon.colcon_core.environment:checking '/home/orin_nano/f1tenth_ws/install/vesc/bin'
[28.800s] INFO:colcon.colcon_core.shell:Creating package script '/home/orin_nano/f1tenth_ws/install/vesc/share/vesc/package.ps1'
[28.801s] INFO:colcon.colcon_core.shell:Creating package descriptor '/home/orin_nano/f1tenth_ws/install/vesc/share/vesc/package.dsv'
[28.803s] INFO:colcon.colcon_core.shell:Creating package script '/home/orin_nano/f1tenth_ws/install/vesc/share/vesc/package.sh'
[28.803s] INFO:colcon.colcon_core.shell:Creating package script '/home/orin_nano/f1tenth_ws/install/vesc/share/vesc/package.bash'
[28.804s] INFO:colcon.colcon_core.shell:Creating package script '/home/orin_nano/f1tenth_ws/install/vesc/share/vesc/package.zsh'
[28.805s] Level 1:colcon.colcon_core.environment:create_file_with_runtime_dependencies(/home/orin_nano/f1tenth_ws/install/vesc/share/colcon-core/packages/vesc)
[28.806s] DEBUG:colcon.colcon_parallel_executor.executor.parallel:closing loop
[28.807s] DEBUG:colcon.colcon_parallel_executor.executor.parallel:loop closed
[28.808s] DEBUG:colcon.colcon_parallel_executor.executor.parallel:run_until_complete finished with '0'
[28.808s] DEBUG:colcon.colcon_core.event_reactor:joining thread
[28.896s] INFO:colcon.colcon_core.plugin_system:Skipping extension 'colcon_notification.desktop_notification.terminal_notifier': Not used on non-Darwin systems
[28.896s] INFO:colcon.colcon_core.plugin_system:Skipping extension 'colcon_notification.desktop_notification.win32': Not used on non-Windows systems
[28.896s] INFO:colcon.colcon_notification.desktop_notification:Sending desktop notification using 'notify2'
[28.934s] DEBUG:colcon.colcon_core.event_reactor:joined thread
[29.013s] INFO:colcon.colcon_core.shell:Creating prefix script '/home/orin_nano/f1tenth_ws/install/local_setup.ps1'
[29.015s] INFO:colcon.colcon_core.shell:Creating prefix util module '/home/orin_nano/f1tenth_ws/install/_local_setup_util_ps1.py'
[29.018s] INFO:colcon.colcon_core.shell:Creating prefix chain script '/home/orin_nano/f1tenth_ws/install/setup.ps1'
[29.094s] INFO:colcon.colcon_core.shell:Creating prefix script '/home/orin_nano/f1tenth_ws/install/local_setup.sh'
[29.096s] INFO:colcon.colcon_core.shell:Creating prefix util module '/home/orin_nano/f1tenth_ws/install/_local_setup_util_sh.py'
[29.097s] INFO:colcon.colcon_core.shell:Creating prefix chain script '/home/orin_nano/f1tenth_ws/install/setup.sh'
[29.174s] INFO:colcon.colcon_core.shell:Creating prefix script '/home/orin_nano/f1tenth_ws/install/local_setup.bash'
[29.175s] INFO:colcon.colcon_core.shell:Creating prefix chain script '/home/orin_nano/f1tenth_ws/install/setup.bash'
[29.252s] INFO:colcon.colcon_core.shell:Creating prefix script '/home/orin_nano/f1tenth_ws/install/local_setup.zsh'
[29.253s] INFO:colcon.colcon_core.shell:Creating prefix chain script '/home/orin_nano/f1tenth_ws/install/setup.zsh'
