[1.360s] Invoking command in '/home/orin_nano/f1tenth_ws/build/vesc_msgs': CMAKE_PREFIX_PATH=${CMAKE_PREFIX_PATH}:/home/orin_nano/f1tenth_ws/install/f1_test:/opt/ros/foxy /usr/bin/cmake --build /home/orin_nano/f1tenth_ws/build/vesc_msgs -- -j6 -l6
[2.256s] [  1%] Built target vesc_msgs__cpp
[2.258s] [ 12%] Built target vesc_msgs__rosidl_generator_c
[2.261s] [ 30%] Built target vesc_msgs__rosidl_typesupport_cpp
[2.269s] [ 40%] Built target vesc_msgs__rosidl_typesupport_fastrtps_cpp
[2.269s] [ 45%] Built target vesc_msgs__rosidl_typesupport_c
[2.270s] [ 56%] Built target vesc_msgs__rosidl_typesupport_introspection_cpp
[2.270s] [ 67%] Built target vesc_msgs__rosidl_typesupport_introspection_c
[2.270s] [ 78%] Built target vesc_msgs__rosidl_typesupport_fastrtps_c
[2.270s] [ 78%] Built target vesc_msgs
[2.270s] [ 80%] Built target vesc_msgs__py
[2.270s] [ 89%] Built target vesc_msgs__python
[2.271s] [ 94%] Built target vesc_msgs__rosidl_typesupport_introspection_c__pyext
[2.272s] [ 96%] Built target vesc_msgs__rosidl_typesupport_c__pyext
[2.274s] [100%] Built target vesc_msgs__rosidl_typesupport_fastrtps_c__pyext
[2.281s] Invoked command in '/home/orin_nano/f1tenth_ws/build/vesc_msgs' returned '0': CMAKE_PREFIX_PATH=${CMAKE_PREFIX_PATH}:/home/orin_nano/f1tenth_ws/install/f1_test:/opt/ros/foxy /usr/bin/cmake --build /home/orin_nano/f1tenth_ws/build/vesc_msgs -- -j6 -l6
[2.779s] Invoking command in '/home/orin_nano/f1tenth_ws/build/vesc_msgs': CMAKE_PREFIX_PATH=${CMAKE_PREFIX_PATH}:/home/orin_nano/f1tenth_ws/install/f1_test:/opt/ros/foxy /usr/bin/cmake --install /home/orin_nano/f1tenth_ws/build/vesc_msgs
[2.805s] -- Install configuration: ""
[2.806s] -- Up-to-date: /home/orin_nano/f1tenth_ws/install/vesc_msgs/share/ament_index/resource_index/rosidl_interfaces/vesc_msgs
[2.806s] -- Up-to-date: /home/orin_nano/f1tenth_ws/install/vesc_msgs/include/vesc_msgs
[2.806s] -- Up-to-date: /home/orin_nano/f1tenth_ws/install/vesc_msgs/include/vesc_msgs/msg
[2.807s] -- Up-to-date: /home/orin_nano/f1tenth_ws/install/vesc_msgs/include/vesc_msgs/msg/vesc_imu.h
[2.807s] -- Up-to-date: /home/orin_nano/f1tenth_ws/install/vesc_msgs/include/vesc_msgs/msg/vesc_imu_stamped.h
[2.807s] -- Up-to-date: /home/orin_nano/f1tenth_ws/install/vesc_msgs/include/vesc_msgs/msg/detail
[2.807s] -- Up-to-date: /home/orin_nano/f1tenth_ws/install/vesc_msgs/include/vesc_msgs/msg/detail/vesc_state__struct.h
[2.807s] -- Up-to-date: /home/orin_nano/f1tenth_ws/install/vesc_msgs/include/vesc_msgs/msg/detail/vesc_state__type_support.h
[2.807s] -- Up-to-date: /home/orin_nano/f1tenth_ws/install/vesc_msgs/include/vesc_msgs/msg/detail/vesc_imu__functions.h
[2.807s] -- Up-to-date: /home/orin_nano/f1tenth_ws/install/vesc_msgs/include/vesc_msgs/msg/detail/vesc_state__functions.h
[2.807s] -- Up-to-date: /home/orin_nano/f1tenth_ws/install/vesc_msgs/include/vesc_msgs/msg/detail/vesc_imu_stamped__struct.h
[2.808s] -- Up-to-date: /home/orin_nano/f1tenth_ws/install/vesc_msgs/include/vesc_msgs/msg/detail/vesc_imu__struct.h
[2.808s] -- Up-to-date: /home/orin_nano/f1tenth_ws/install/vesc_msgs/include/vesc_msgs/msg/detail/vesc_imu_stamped__functions.c
[2.808s] -- Up-to-date: /home/orin_nano/f1tenth_ws/install/vesc_msgs/include/vesc_msgs/msg/detail/vesc_imu_stamped__type_support.h
[2.808s] -- Up-to-date: /home/orin_nano/f1tenth_ws/install/vesc_msgs/include/vesc_msgs/msg/detail/vesc_imu__type_support.h
[2.808s] -- Up-to-date: /home/orin_nano/f1tenth_ws/install/vesc_msgs/include/vesc_msgs/msg/detail/vesc_state__functions.c
[2.808s] -- Up-to-date: /home/orin_nano/f1tenth_ws/install/vesc_msgs/include/vesc_msgs/msg/detail/vesc_state_stamped__struct.h
[2.808s] -- Up-to-date: /home/orin_nano/f1tenth_ws/install/vesc_msgs/include/vesc_msgs/msg/detail/vesc_state_stamped__functions.c
[2.808s] -- Up-to-date: /home/orin_nano/f1tenth_ws/install/vesc_msgs/include/vesc_msgs/msg/detail/vesc_imu__functions.c
[2.809s] -- Up-to-date: /home/orin_nano/f1tenth_ws/install/vesc_msgs/include/vesc_msgs/msg/detail/vesc_state_stamped__functions.h
[2.809s] -- Up-to-date: /home/orin_nano/f1tenth_ws/install/vesc_msgs/include/vesc_msgs/msg/detail/vesc_imu_stamped__functions.h
[2.809s] -- Up-to-date: /home/orin_nano/f1tenth_ws/install/vesc_msgs/include/vesc_msgs/msg/detail/vesc_state_stamped__type_support.h
[2.809s] -- Up-to-date: /home/orin_nano/f1tenth_ws/install/vesc_msgs/include/vesc_msgs/msg/rosidl_generator_c__visibility_control.h
[2.810s] -- Up-to-date: /home/orin_nano/f1tenth_ws/install/vesc_msgs/include/vesc_msgs/msg/vesc_state.h
[2.810s] -- Up-to-date: /home/orin_nano/f1tenth_ws/install/vesc_msgs/include/vesc_msgs/msg/vesc_state_stamped.h
[2.810s] -- Up-to-date: /home/orin_nano/f1tenth_ws/install/vesc_msgs/share/vesc_msgs/environment/library_path.sh
[2.810s] -- Up-to-date: /home/orin_nano/f1tenth_ws/install/vesc_msgs/share/vesc_msgs/environment/library_path.dsv
[2.810s] -- Up-to-date: /home/orin_nano/f1tenth_ws/install/vesc_msgs/lib/libvesc_msgs__rosidl_generator_c.so
[2.811s] -- Up-to-date: /home/orin_nano/f1tenth_ws/install/vesc_msgs/include/vesc_msgs
[2.811s] -- Up-to-date: /home/orin_nano/f1tenth_ws/install/vesc_msgs/include/vesc_msgs/msg
[2.811s] -- Up-to-date: /home/orin_nano/f1tenth_ws/install/vesc_msgs/include/vesc_msgs/msg/rosidl_typesupport_fastrtps_c__visibility_control.h
[2.811s] -- Up-to-date: /home/orin_nano/f1tenth_ws/install/vesc_msgs/include/vesc_msgs/msg/detail
[2.811s] -- Up-to-date: /home/orin_nano/f1tenth_ws/install/vesc_msgs/include/vesc_msgs/msg/detail/vesc_state_stamped__rosidl_typesupport_fastrtps_c.h
[2.812s] -- Up-to-date: /home/orin_nano/f1tenth_ws/install/vesc_msgs/include/vesc_msgs/msg/detail/vesc_imu_stamped__rosidl_typesupport_fastrtps_c.h
[2.812s] -- Up-to-date: /home/orin_nano/f1tenth_ws/install/vesc_msgs/include/vesc_msgs/msg/detail/vesc_imu__rosidl_typesupport_fastrtps_c.h
[2.812s] -- Up-to-date: /home/orin_nano/f1tenth_ws/install/vesc_msgs/include/vesc_msgs/msg/detail/vesc_state__rosidl_typesupport_fastrtps_c.h
[2.812s] -- Up-to-date: /home/orin_nano/f1tenth_ws/install/vesc_msgs/lib/libvesc_msgs__rosidl_typesupport_fastrtps_c.so
[2.813s] -- Up-to-date: /home/orin_nano/f1tenth_ws/install/vesc_msgs/include/vesc_msgs
[2.813s] -- Up-to-date: /home/orin_nano/f1tenth_ws/install/vesc_msgs/include/vesc_msgs/msg
[2.813s] -- Up-to-date: /home/orin_nano/f1tenth_ws/install/vesc_msgs/include/vesc_msgs/msg/detail
[2.813s] -- Up-to-date: /home/orin_nano/f1tenth_ws/install/vesc_msgs/include/vesc_msgs/msg/detail/vesc_state__rosidl_typesupport_fastrtps_cpp.hpp
[2.813s] -- Up-to-date: /home/orin_nano/f1tenth_ws/install/vesc_msgs/include/vesc_msgs/msg/detail/dds_fastrtps
[2.814s] -- Up-to-date: /home/orin_nano/f1tenth_ws/install/vesc_msgs/include/vesc_msgs/msg/detail/vesc_state_stamped__rosidl_typesupport_fastrtps_cpp.hpp
[2.814s] -- Up-to-date: /home/orin_nano/f1tenth_ws/install/vesc_msgs/include/vesc_msgs/msg/detail/vesc_imu_stamped__rosidl_typesupport_fastrtps_cpp.hpp
[2.814s] -- Up-to-date: /home/orin_nano/f1tenth_ws/install/vesc_msgs/include/vesc_msgs/msg/detail/vesc_imu__rosidl_typesupport_fastrtps_cpp.hpp
[2.814s] -- Up-to-date: /home/orin_nano/f1tenth_ws/install/vesc_msgs/include/vesc_msgs/msg/rosidl_typesupport_fastrtps_cpp__visibility_control.h
[2.814s] -- Up-to-date: /home/orin_nano/f1tenth_ws/install/vesc_msgs/lib/libvesc_msgs__rosidl_typesupport_fastrtps_cpp.so
[2.814s] -- Up-to-date: /home/orin_nano/f1tenth_ws/install/vesc_msgs/include/vesc_msgs
[2.814s] -- Up-to-date: /home/orin_nano/f1tenth_ws/install/vesc_msgs/include/vesc_msgs/msg
[2.815s] -- Up-to-date: /home/orin_nano/f1tenth_ws/install/vesc_msgs/include/vesc_msgs/msg/detail
[2.815s] -- Up-to-date: /home/orin_nano/f1tenth_ws/install/vesc_msgs/include/vesc_msgs/msg/detail/vesc_imu__type_support.c
[2.815s] -- Up-to-date: /home/orin_nano/f1tenth_ws/install/vesc_msgs/include/vesc_msgs/msg/detail/vesc_state_stamped__rosidl_typesupport_introspection_c.h
[2.815s] -- Up-to-date: /home/orin_nano/f1tenth_ws/install/vesc_msgs/include/vesc_msgs/msg/detail/vesc_imu__rosidl_typesupport_introspection_c.h
[2.815s] -- Up-to-date: /home/orin_nano/f1tenth_ws/install/vesc_msgs/include/vesc_msgs/msg/detail/vesc_imu_stamped__type_support.c
[2.816s] -- Up-to-date: /home/orin_nano/f1tenth_ws/install/vesc_msgs/include/vesc_msgs/msg/detail/vesc_state__type_support.c
[2.816s] -- Up-to-date: /home/orin_nano/f1tenth_ws/install/vesc_msgs/include/vesc_msgs/msg/detail/vesc_state_stamped__type_support.c
[2.816s] -- Up-to-date: /home/orin_nano/f1tenth_ws/install/vesc_msgs/include/vesc_msgs/msg/detail/vesc_state__rosidl_typesupport_introspection_c.h
[2.816s] -- Up-to-date: /home/orin_nano/f1tenth_ws/install/vesc_msgs/include/vesc_msgs/msg/detail/vesc_imu_stamped__rosidl_typesupport_introspection_c.h
[2.816s] -- Up-to-date: /home/orin_nano/f1tenth_ws/install/vesc_msgs/include/vesc_msgs/msg/rosidl_typesupport_introspection_c__visibility_control.h
[2.816s] -- Up-to-date: /home/orin_nano/f1tenth_ws/install/vesc_msgs/lib/libvesc_msgs__rosidl_typesupport_introspection_c.so
[2.817s] -- Up-to-date: /home/orin_nano/f1tenth_ws/install/vesc_msgs/lib/libvesc_msgs__rosidl_typesupport_c.so
[2.818s] -- Up-to-date: /home/orin_nano/f1tenth_ws/install/vesc_msgs/include/vesc_msgs
[2.819s] -- Up-to-date: /home/orin_nano/f1tenth_ws/install/vesc_msgs/include/vesc_msgs/msg
[2.819s] -- Up-to-date: /home/orin_nano/f1tenth_ws/install/vesc_msgs/include/vesc_msgs/msg/vesc_state_stamped.hpp
[2.819s] -- Up-to-date: /home/orin_nano/f1tenth_ws/install/vesc_msgs/include/vesc_msgs/msg/rosidl_generator_cpp__visibility_control.hpp
[2.819s] -- Up-to-date: /home/orin_nano/f1tenth_ws/install/vesc_msgs/include/vesc_msgs/msg/vesc_imu_stamped.hpp
[2.819s] -- Up-to-date: /home/orin_nano/f1tenth_ws/install/vesc_msgs/include/vesc_msgs/msg/detail
[2.820s] -- Up-to-date: /home/orin_nano/f1tenth_ws/install/vesc_msgs/include/vesc_msgs/msg/detail/vesc_state__struct.hpp
[2.820s] -- Up-to-date: /home/orin_nano/f1tenth_ws/install/vesc_msgs/include/vesc_msgs/msg/detail/vesc_imu_stamped__builder.hpp
[2.820s] -- Up-to-date: /home/orin_nano/f1tenth_ws/install/vesc_msgs/include/vesc_msgs/msg/detail/vesc_state__traits.hpp
[2.820s] -- Up-to-date: /home/orin_nano/f1tenth_ws/install/vesc_msgs/include/vesc_msgs/msg/detail/vesc_state_stamped__builder.hpp
[2.821s] -- Up-to-date: /home/orin_nano/f1tenth_ws/install/vesc_msgs/include/vesc_msgs/msg/detail/vesc_imu__type_support.hpp
[2.822s] -- Up-to-date: /home/orin_nano/f1tenth_ws/install/vesc_msgs/include/vesc_msgs/msg/detail/vesc_imu__struct.hpp
[2.832s] -- Up-to-date: /home/orin_nano/f1tenth_ws/install/vesc_msgs/include/vesc_msgs/msg/detail/vesc_state__type_support.hpp
[2.833s] -- Up-to-date: /home/orin_nano/f1tenth_ws/install/vesc_msgs/include/vesc_msgs/msg/detail/vesc_imu_stamped__type_support.hpp
[2.833s] -- Up-to-date: /home/orin_nano/f1tenth_ws/install/vesc_msgs/include/vesc_msgs/msg/detail/vesc_state_stamped__struct.hpp
[2.833s] -- Up-to-date: /home/orin_nano/f1tenth_ws/install/vesc_msgs/include/vesc_msgs/msg/detail/vesc_imu__builder.hpp
[2.833s] -- Up-to-date: /home/orin_nano/f1tenth_ws/install/vesc_msgs/include/vesc_msgs/msg/detail/vesc_state_stamped__traits.hpp
[2.833s] -- Up-to-date: /home/orin_nano/f1tenth_ws/install/vesc_msgs/include/vesc_msgs/msg/detail/vesc_imu_stamped__struct.hpp
[2.833s] -- Up-to-date: /home/orin_nano/f1tenth_ws/install/vesc_msgs/include/vesc_msgs/msg/detail/vesc_imu_stamped__traits.hpp
[2.833s] -- Up-to-date: /home/orin_nano/f1tenth_ws/install/vesc_msgs/include/vesc_msgs/msg/detail/vesc_state__builder.hpp
[2.834s] -- Up-to-date: /home/orin_nano/f1tenth_ws/install/vesc_msgs/include/vesc_msgs/msg/detail/vesc_imu__traits.hpp
[2.834s] -- Up-to-date: /home/orin_nano/f1tenth_ws/install/vesc_msgs/include/vesc_msgs/msg/detail/vesc_state_stamped__type_support.hpp
[2.834s] -- Up-to-date: /home/orin_nano/f1tenth_ws/install/vesc_msgs/include/vesc_msgs/msg/vesc_imu.hpp
[2.834s] -- Up-to-date: /home/orin_nano/f1tenth_ws/install/vesc_msgs/include/vesc_msgs/msg/vesc_state.hpp
[2.834s] -- Up-to-date: /home/orin_nano/f1tenth_ws/install/vesc_msgs/include/vesc_msgs
[2.834s] -- Up-to-date: /home/orin_nano/f1tenth_ws/install/vesc_msgs/include/vesc_msgs/msg
[2.834s] -- Up-to-date: /home/orin_nano/f1tenth_ws/install/vesc_msgs/include/vesc_msgs/msg/detail
[2.834s] -- Up-to-date: /home/orin_nano/f1tenth_ws/install/vesc_msgs/include/vesc_msgs/msg/detail/vesc_imu__type_support.cpp
[2.835s] -- Up-to-date: /home/orin_nano/f1tenth_ws/install/vesc_msgs/include/vesc_msgs/msg/detail/vesc_state_stamped__rosidl_typesupport_introspection_cpp.hpp
[2.835s] -- Up-to-date: /home/orin_nano/f1tenth_ws/install/vesc_msgs/include/vesc_msgs/msg/detail/vesc_state__rosidl_typesupport_introspection_cpp.hpp
[2.835s] -- Up-to-date: /home/orin_nano/f1tenth_ws/install/vesc_msgs/include/vesc_msgs/msg/detail/vesc_imu_stamped__type_support.cpp
[2.835s] -- Up-to-date: /home/orin_nano/f1tenth_ws/install/vesc_msgs/include/vesc_msgs/msg/detail/vesc_imu_stamped__rosidl_typesupport_introspection_cpp.hpp
[2.835s] -- Up-to-date: /home/orin_nano/f1tenth_ws/install/vesc_msgs/include/vesc_msgs/msg/detail/vesc_imu__rosidl_typesupport_introspection_cpp.hpp
[2.835s] -- Up-to-date: /home/orin_nano/f1tenth_ws/install/vesc_msgs/include/vesc_msgs/msg/detail/vesc_state__type_support.cpp
[2.835s] -- Up-to-date: /home/orin_nano/f1tenth_ws/install/vesc_msgs/include/vesc_msgs/msg/detail/vesc_state_stamped__type_support.cpp
[2.835s] -- Up-to-date: /home/orin_nano/f1tenth_ws/install/vesc_msgs/lib/libvesc_msgs__rosidl_typesupport_introspection_cpp.so
[2.836s] -- Up-to-date: /home/orin_nano/f1tenth_ws/install/vesc_msgs/lib/libvesc_msgs__rosidl_typesupport_cpp.so
[2.836s] -- Up-to-date: /home/orin_nano/f1tenth_ws/install/vesc_msgs/share/vesc_msgs/environment/pythonpath.sh
[2.836s] -- Up-to-date: /home/orin_nano/f1tenth_ws/install/vesc_msgs/share/vesc_msgs/environment/pythonpath.dsv
[2.836s] -- Up-to-date: /home/orin_nano/f1tenth_ws/install/vesc_msgs/lib/python3.8/site-packages/vesc_msgs/__init__.py
[2.902s] -- Up-to-date: /home/orin_nano/f1tenth_ws/install/vesc_msgs/lib/python3.8/site-packages/vesc_msgs/msg
[2.902s] -- Up-to-date: /home/orin_nano/f1tenth_ws/install/vesc_msgs/lib/python3.8/site-packages/vesc_msgs/msg/_vesc_imu_stamped.py
[2.902s] -- Up-to-date: /home/orin_nano/f1tenth_ws/install/vesc_msgs/lib/python3.8/site-packages/vesc_msgs/msg/_vesc_state_stamped_s.c
[2.903s] -- Up-to-date: /home/orin_nano/f1tenth_ws/install/vesc_msgs/lib/python3.8/site-packages/vesc_msgs/msg/_vesc_state_s.c
[2.903s] -- Up-to-date: /home/orin_nano/f1tenth_ws/install/vesc_msgs/lib/python3.8/site-packages/vesc_msgs/msg/_vesc_state_stamped.py
[2.903s] -- Up-to-date: /home/orin_nano/f1tenth_ws/install/vesc_msgs/lib/python3.8/site-packages/vesc_msgs/msg/_vesc_imu.py
[2.903s] -- Up-to-date: /home/orin_nano/f1tenth_ws/install/vesc_msgs/lib/python3.8/site-packages/vesc_msgs/msg/_vesc_imu_stamped_s.c
[2.903s] -- Up-to-date: /home/orin_nano/f1tenth_ws/install/vesc_msgs/lib/python3.8/site-packages/vesc_msgs/msg/_vesc_state.py
[2.903s] -- Up-to-date: /home/orin_nano/f1tenth_ws/install/vesc_msgs/lib/python3.8/site-packages/vesc_msgs/msg/_vesc_imu_s.c
[2.904s] -- Up-to-date: /home/orin_nano/f1tenth_ws/install/vesc_msgs/lib/python3.8/site-packages/vesc_msgs/msg/__init__.py
[2.904s] -- Up-to-date: /home/orin_nano/f1tenth_ws/install/vesc_msgs/lib/python3.8/site-packages/vesc_msgs/vesc_msgs_s__rosidl_typesupport_fastrtps_c.cpython-38-aarch64-linux-gnu.so
[2.905s] -- Up-to-date: /home/orin_nano/f1tenth_ws/install/vesc_msgs/lib/python3.8/site-packages/vesc_msgs/vesc_msgs_s__rosidl_typesupport_introspection_c.cpython-38-aarch64-linux-gnu.so
[2.909s] -- Up-to-date: /home/orin_nano/f1tenth_ws/install/vesc_msgs/lib/python3.8/site-packages/vesc_msgs/vesc_msgs_s__rosidl_typesupport_c.cpython-38-aarch64-linux-gnu.so
[2.910s] -- Up-to-date: /home/orin_nano/f1tenth_ws/install/vesc_msgs/lib/libvesc_msgs__python.so
[2.910s] -- Up-to-date: /home/orin_nano/f1tenth_ws/install/vesc_msgs/share/vesc_msgs/msg/VescState.idl
[2.910s] -- Up-to-date: /home/orin_nano/f1tenth_ws/install/vesc_msgs/share/vesc_msgs/msg/VescStateStamped.idl
[2.911s] -- Up-to-date: /home/orin_nano/f1tenth_ws/install/vesc_msgs/share/vesc_msgs/msg/VescImu.idl
[2.911s] -- Up-to-date: /home/orin_nano/f1tenth_ws/install/vesc_msgs/share/vesc_msgs/msg/VescImuStamped.idl
[2.911s] -- Up-to-date: /home/orin_nano/f1tenth_ws/install/vesc_msgs/share/vesc_msgs/msg/VescState.msg
[2.912s] -- Up-to-date: /home/orin_nano/f1tenth_ws/install/vesc_msgs/share/vesc_msgs/msg/VescStateStamped.msg
[2.913s] -- Up-to-date: /home/orin_nano/f1tenth_ws/install/vesc_msgs/share/vesc_msgs/msg/VescImu.msg
[2.913s] -- Up-to-date: /home/orin_nano/f1tenth_ws/install/vesc_msgs/share/vesc_msgs/msg/VescImuStamped.msg
[2.914s] -- Up-to-date: /home/orin_nano/f1tenth_ws/install/vesc_msgs/share/ament_index/resource_index/package_run_dependencies/vesc_msgs
[2.925s] -- Up-to-date: /home/orin_nano/f1tenth_ws/install/vesc_msgs/share/ament_index/resource_index/parent_prefix_path/vesc_msgs
[2.926s] -- Up-to-date: /home/orin_nano/f1tenth_ws/install/vesc_msgs/share/vesc_msgs/environment/ament_prefix_path.sh
[2.927s] -- Up-to-date: /home/orin_nano/f1tenth_ws/install/vesc_msgs/share/vesc_msgs/environment/ament_prefix_path.dsv
[2.928s] -- Up-to-date: /home/orin_nano/f1tenth_ws/install/vesc_msgs/share/vesc_msgs/environment/path.sh
[2.929s] -- Up-to-date: /home/orin_nano/f1tenth_ws/install/vesc_msgs/share/vesc_msgs/environment/path.dsv
[2.929s] -- Up-to-date: /home/orin_nano/f1tenth_ws/install/vesc_msgs/share/vesc_msgs/local_setup.bash
[2.930s] -- Up-to-date: /home/orin_nano/f1tenth_ws/install/vesc_msgs/share/vesc_msgs/local_setup.sh
[2.931s] -- Up-to-date: /home/orin_nano/f1tenth_ws/install/vesc_msgs/share/vesc_msgs/local_setup.zsh
[2.932s] -- Up-to-date: /home/orin_nano/f1tenth_ws/install/vesc_msgs/share/vesc_msgs/local_setup.dsv
[2.932s] -- Installing: /home/orin_nano/f1tenth_ws/install/vesc_msgs/share/vesc_msgs/package.dsv
[2.940s] -- Up-to-date: /home/orin_nano/f1tenth_ws/install/vesc_msgs/share/ament_index/resource_index/packages/vesc_msgs
[2.941s] -- Up-to-date: /home/orin_nano/f1tenth_ws/install/vesc_msgs/share/vesc_msgs/cmake/vesc_msgs__rosidl_generator_cExport.cmake
[2.941s] -- Up-to-date: /home/orin_nano/f1tenth_ws/install/vesc_msgs/share/vesc_msgs/cmake/vesc_msgs__rosidl_generator_cExport-noconfig.cmake
[2.942s] -- Up-to-date: /home/orin_nano/f1tenth_ws/install/vesc_msgs/share/vesc_msgs/cmake/vesc_msgs__rosidl_typesupport_introspection_cExport.cmake
[2.942s] -- Up-to-date: /home/orin_nano/f1tenth_ws/install/vesc_msgs/share/vesc_msgs/cmake/vesc_msgs__rosidl_typesupport_introspection_cExport-noconfig.cmake
[2.944s] -- Up-to-date: /home/orin_nano/f1tenth_ws/install/vesc_msgs/share/vesc_msgs/cmake/vesc_msgs__rosidl_typesupport_cExport.cmake
[2.944s] -- Up-to-date: /home/orin_nano/f1tenth_ws/install/vesc_msgs/share/vesc_msgs/cmake/vesc_msgs__rosidl_typesupport_cExport-noconfig.cmake
[2.945s] -- Up-to-date: /home/orin_nano/f1tenth_ws/install/vesc_msgs/share/vesc_msgs/cmake/vesc_msgs__rosidl_generator_cppExport.cmake
[2.945s] -- Up-to-date: /home/orin_nano/f1tenth_ws/install/vesc_msgs/share/vesc_msgs/cmake/vesc_msgs__rosidl_typesupport_introspection_cppExport.cmake
[2.946s] -- Up-to-date: /home/orin_nano/f1tenth_ws/install/vesc_msgs/share/vesc_msgs/cmake/vesc_msgs__rosidl_typesupport_introspection_cppExport-noconfig.cmake
[2.946s] -- Up-to-date: /home/orin_nano/f1tenth_ws/install/vesc_msgs/share/vesc_msgs/cmake/vesc_msgs__rosidl_typesupport_cppExport.cmake
[2.947s] -- Up-to-date: /home/orin_nano/f1tenth_ws/install/vesc_msgs/share/vesc_msgs/cmake/vesc_msgs__rosidl_typesupport_cppExport-noconfig.cmake
[2.948s] -- Up-to-date: /home/orin_nano/f1tenth_ws/install/vesc_msgs/share/vesc_msgs/cmake/rosidl_cmake-extras.cmake
[2.950s] -- Up-to-date: /home/orin_nano/f1tenth_ws/install/vesc_msgs/share/vesc_msgs/cmake/ament_cmake_export_dependencies-extras.cmake
[2.952s] -- Up-to-date: /home/orin_nano/f1tenth_ws/install/vesc_msgs/share/vesc_msgs/cmake/ament_cmake_export_libraries-extras.cmake
[2.952s] -- Up-to-date: /home/orin_nano/f1tenth_ws/install/vesc_msgs/share/vesc_msgs/cmake/ament_cmake_export_targets-extras.cmake
[2.953s] -- Up-to-date: /home/orin_nano/f1tenth_ws/install/vesc_msgs/share/vesc_msgs/cmake/ament_cmake_export_include_directories-extras.cmake
[2.953s] -- Up-to-date: /home/orin_nano/f1tenth_ws/install/vesc_msgs/share/vesc_msgs/cmake/rosidl_cmake_export_typesupport_libraries-extras.cmake
[2.953s] -- Up-to-date: /home/orin_nano/f1tenth_ws/install/vesc_msgs/share/vesc_msgs/cmake/rosidl_cmake_export_typesupport_targets-extras.cmake
[2.953s] -- Up-to-date: /home/orin_nano/f1tenth_ws/install/vesc_msgs/share/vesc_msgs/cmake/vesc_msgsConfig.cmake
[2.953s] -- Up-to-date: /home/orin_nano/f1tenth_ws/install/vesc_msgs/share/vesc_msgs/cmake/vesc_msgsConfig-version.cmake
[2.953s] -- Up-to-date: /home/orin_nano/f1tenth_ws/install/vesc_msgs/share/vesc_msgs/package.xml
[3.197s] Invoked command in '/home/orin_nano/f1tenth_ws/build/vesc_msgs' returned '0': CMAKE_PREFIX_PATH=${CMAKE_PREFIX_PATH}:/home/orin_nano/f1tenth_ws/install/f1_test:/opt/ros/foxy /usr/bin/cmake --install /home/orin_nano/f1tenth_ws/build/vesc_msgs
