[1.297s] Invoking command in '/home/orin_nano/f1tenth_ws/build/vesc_msgs': CMAKE_PREFIX_PATH=${CMAKE_PREFIX_PATH}:/home/orin_nano/f1tenth_ws/install/f1_test:/opt/ros/foxy /usr/bin/cmake --build /home/orin_nano/f1tenth_ws/build/vesc_msgs -- -j6 -l6
[2.125s] [  1%] Built target vesc_msgs__cpp
[2.127s] [ 12%] Built target vesc_msgs__rosidl_generator_c
[2.127s] [ 45%] Built target vesc_msgs__rosidl_typesupport_introspection_cpp
[2.128s] [ 47%] Built target vesc_msgs__rosidl_typesupport_c
[2.128s] [ 52%] Built target vesc_msgs__rosidl_typesupport_introspection_c
[2.129s] [ 56%] Built target vesc_msgs__rosidl_typesupport_cpp
[2.129s] [ 67%] Built target vesc_msgs__rosidl_typesupport_fastrtps_cpp
[2.129s] [ 78%] Built target vesc_msgs__rosidl_typesupport_fastrtps_c
[2.129s] [ 78%] Built target vesc_msgs
[2.130s] [ 80%] Built target vesc_msgs__py
[2.130s] [ 89%] Built target vesc_msgs__python
[2.130s] [ 96%] Built target vesc_msgs__rosidl_typesupport_introspection_c__pyext
[2.134s] [ 96%] Built target vesc_msgs__rosidl_typesupport_c__pyext
[2.135s] [100%] Built target vesc_msgs__rosidl_typesupport_fastrtps_c__pyext
[2.140s] Invoked command in '/home/orin_nano/f1tenth_ws/build/vesc_msgs' returned '0': CMAKE_PREFIX_PATH=${CMAKE_PREFIX_PATH}:/home/orin_nano/f1tenth_ws/install/f1_test:/opt/ros/foxy /usr/bin/cmake --build /home/orin_nano/f1tenth_ws/build/vesc_msgs -- -j6 -l6
[2.531s] Invoking command in '/home/orin_nano/f1tenth_ws/build/vesc_msgs': CMAKE_PREFIX_PATH=${CMAKE_PREFIX_PATH}:/home/orin_nano/f1tenth_ws/install/f1_test:/opt/ros/foxy /usr/bin/cmake --install /home/orin_nano/f1tenth_ws/build/vesc_msgs
[2.552s] -- Install configuration: ""
[2.552s] -- Up-to-date: /home/orin_nano/f1tenth_ws/install/vesc_msgs/share/ament_index/resource_index/rosidl_interfaces/vesc_msgs
[2.553s] -- Up-to-date: /home/orin_nano/f1tenth_ws/install/vesc_msgs/include/vesc_msgs
[2.553s] -- Up-to-date: /home/orin_nano/f1tenth_ws/install/vesc_msgs/include/vesc_msgs/msg
[2.553s] -- Up-to-date: /home/orin_nano/f1tenth_ws/install/vesc_msgs/include/vesc_msgs/msg/vesc_imu.h
[2.553s] -- Up-to-date: /home/orin_nano/f1tenth_ws/install/vesc_msgs/include/vesc_msgs/msg/vesc_imu_stamped.h
[2.553s] -- Up-to-date: /home/orin_nano/f1tenth_ws/install/vesc_msgs/include/vesc_msgs/msg/detail
[2.554s] -- Up-to-date: /home/orin_nano/f1tenth_ws/install/vesc_msgs/include/vesc_msgs/msg/detail/vesc_state__struct.h
[2.554s] -- Up-to-date: /home/orin_nano/f1tenth_ws/install/vesc_msgs/include/vesc_msgs/msg/detail/vesc_state__type_support.h
[2.554s] -- Up-to-date: /home/orin_nano/f1tenth_ws/install/vesc_msgs/include/vesc_msgs/msg/detail/vesc_imu__functions.h
[2.554s] -- Up-to-date: /home/orin_nano/f1tenth_ws/install/vesc_msgs/include/vesc_msgs/msg/detail/vesc_state__functions.h
[2.554s] -- Up-to-date: /home/orin_nano/f1tenth_ws/install/vesc_msgs/include/vesc_msgs/msg/detail/vesc_imu_stamped__struct.h
[2.555s] -- Up-to-date: /home/orin_nano/f1tenth_ws/install/vesc_msgs/include/vesc_msgs/msg/detail/vesc_imu__struct.h
[2.555s] -- Up-to-date: /home/orin_nano/f1tenth_ws/install/vesc_msgs/include/vesc_msgs/msg/detail/vesc_imu_stamped__functions.c
[2.555s] -- Up-to-date: /home/orin_nano/f1tenth_ws/install/vesc_msgs/include/vesc_msgs/msg/detail/vesc_imu_stamped__type_support.h
[2.555s] -- Up-to-date: /home/orin_nano/f1tenth_ws/install/vesc_msgs/include/vesc_msgs/msg/detail/vesc_imu__type_support.h
[2.555s] -- Up-to-date: /home/orin_nano/f1tenth_ws/install/vesc_msgs/include/vesc_msgs/msg/detail/vesc_state__functions.c
[2.555s] -- Up-to-date: /home/orin_nano/f1tenth_ws/install/vesc_msgs/include/vesc_msgs/msg/detail/vesc_state_stamped__struct.h
[2.555s] -- Up-to-date: /home/orin_nano/f1tenth_ws/install/vesc_msgs/include/vesc_msgs/msg/detail/vesc_state_stamped__functions.c
[2.556s] -- Up-to-date: /home/orin_nano/f1tenth_ws/install/vesc_msgs/include/vesc_msgs/msg/detail/vesc_imu__functions.c
[2.556s] -- Up-to-date: /home/orin_nano/f1tenth_ws/install/vesc_msgs/include/vesc_msgs/msg/detail/vesc_state_stamped__functions.h
[2.556s] -- Up-to-date: /home/orin_nano/f1tenth_ws/install/vesc_msgs/include/vesc_msgs/msg/detail/vesc_imu_stamped__functions.h
[2.557s] -- Up-to-date: /home/orin_nano/f1tenth_ws/install/vesc_msgs/include/vesc_msgs/msg/detail/vesc_state_stamped__type_support.h
[2.557s] -- Up-to-date: /home/orin_nano/f1tenth_ws/install/vesc_msgs/include/vesc_msgs/msg/rosidl_generator_c__visibility_control.h
[2.557s] -- Up-to-date: /home/orin_nano/f1tenth_ws/install/vesc_msgs/include/vesc_msgs/msg/vesc_state.h
[2.557s] -- Up-to-date: /home/orin_nano/f1tenth_ws/install/vesc_msgs/include/vesc_msgs/msg/vesc_state_stamped.h
[2.558s] -- Up-to-date: /home/orin_nano/f1tenth_ws/install/vesc_msgs/share/vesc_msgs/environment/library_path.sh
[2.558s] -- Up-to-date: /home/orin_nano/f1tenth_ws/install/vesc_msgs/share/vesc_msgs/environment/library_path.dsv
[2.558s] -- Up-to-date: /home/orin_nano/f1tenth_ws/install/vesc_msgs/lib/libvesc_msgs__rosidl_generator_c.so
[2.558s] -- Up-to-date: /home/orin_nano/f1tenth_ws/install/vesc_msgs/include/vesc_msgs
[2.559s] -- Up-to-date: /home/orin_nano/f1tenth_ws/install/vesc_msgs/include/vesc_msgs/msg
[2.559s] -- Up-to-date: /home/orin_nano/f1tenth_ws/install/vesc_msgs/include/vesc_msgs/msg/rosidl_typesupport_fastrtps_c__visibility_control.h
[2.560s] -- Up-to-date: /home/orin_nano/f1tenth_ws/install/vesc_msgs/include/vesc_msgs/msg/detail
[2.560s] -- Up-to-date: /home/orin_nano/f1tenth_ws/install/vesc_msgs/include/vesc_msgs/msg/detail/vesc_state_stamped__rosidl_typesupport_fastrtps_c.h
[2.560s] -- Up-to-date: /home/orin_nano/f1tenth_ws/install/vesc_msgs/include/vesc_msgs/msg/detail/vesc_imu_stamped__rosidl_typesupport_fastrtps_c.h
[2.561s] -- Up-to-date: /home/orin_nano/f1tenth_ws/install/vesc_msgs/include/vesc_msgs/msg/detail/vesc_imu__rosidl_typesupport_fastrtps_c.h
[2.561s] -- Up-to-date: /home/orin_nano/f1tenth_ws/install/vesc_msgs/include/vesc_msgs/msg/detail/vesc_state__rosidl_typesupport_fastrtps_c.h
[2.561s] -- Up-to-date: /home/orin_nano/f1tenth_ws/install/vesc_msgs/lib/libvesc_msgs__rosidl_typesupport_fastrtps_c.so
[2.561s] -- Up-to-date: /home/orin_nano/f1tenth_ws/install/vesc_msgs/include/vesc_msgs
[2.562s] -- Up-to-date: /home/orin_nano/f1tenth_ws/install/vesc_msgs/include/vesc_msgs/msg
[2.562s] -- Up-to-date: /home/orin_nano/f1tenth_ws/install/vesc_msgs/include/vesc_msgs/msg/detail
[2.562s] -- Up-to-date: /home/orin_nano/f1tenth_ws/install/vesc_msgs/include/vesc_msgs/msg/detail/vesc_state__rosidl_typesupport_fastrtps_cpp.hpp
[2.562s] -- Up-to-date: /home/orin_nano/f1tenth_ws/install/vesc_msgs/include/vesc_msgs/msg/detail/dds_fastrtps
[2.562s] -- Up-to-date: /home/orin_nano/f1tenth_ws/install/vesc_msgs/include/vesc_msgs/msg/detail/vesc_state_stamped__rosidl_typesupport_fastrtps_cpp.hpp
[2.563s] -- Up-to-date: /home/orin_nano/f1tenth_ws/install/vesc_msgs/include/vesc_msgs/msg/detail/vesc_imu_stamped__rosidl_typesupport_fastrtps_cpp.hpp
[2.563s] -- Up-to-date: /home/orin_nano/f1tenth_ws/install/vesc_msgs/include/vesc_msgs/msg/detail/vesc_imu__rosidl_typesupport_fastrtps_cpp.hpp
[2.563s] -- Up-to-date: /home/orin_nano/f1tenth_ws/install/vesc_msgs/include/vesc_msgs/msg/rosidl_typesupport_fastrtps_cpp__visibility_control.h
[2.563s] -- Up-to-date: /home/orin_nano/f1tenth_ws/install/vesc_msgs/lib/libvesc_msgs__rosidl_typesupport_fastrtps_cpp.so
[2.563s] -- Up-to-date: /home/orin_nano/f1tenth_ws/install/vesc_msgs/include/vesc_msgs
[2.563s] -- Up-to-date: /home/orin_nano/f1tenth_ws/install/vesc_msgs/include/vesc_msgs/msg
[2.563s] -- Up-to-date: /home/orin_nano/f1tenth_ws/install/vesc_msgs/include/vesc_msgs/msg/detail
[2.563s] -- Up-to-date: /home/orin_nano/f1tenth_ws/install/vesc_msgs/include/vesc_msgs/msg/detail/vesc_imu__type_support.c
[2.564s] -- Up-to-date: /home/orin_nano/f1tenth_ws/install/vesc_msgs/include/vesc_msgs/msg/detail/vesc_state_stamped__rosidl_typesupport_introspection_c.h
[2.564s] -- Up-to-date: /home/orin_nano/f1tenth_ws/install/vesc_msgs/include/vesc_msgs/msg/detail/vesc_imu__rosidl_typesupport_introspection_c.h
[2.564s] -- Up-to-date: /home/orin_nano/f1tenth_ws/install/vesc_msgs/include/vesc_msgs/msg/detail/vesc_imu_stamped__type_support.c
[2.564s] -- Up-to-date: /home/orin_nano/f1tenth_ws/install/vesc_msgs/include/vesc_msgs/msg/detail/vesc_state__type_support.c
[2.564s] -- Up-to-date: /home/orin_nano/f1tenth_ws/install/vesc_msgs/include/vesc_msgs/msg/detail/vesc_state_stamped__type_support.c
[2.564s] -- Up-to-date: /home/orin_nano/f1tenth_ws/install/vesc_msgs/include/vesc_msgs/msg/detail/vesc_state__rosidl_typesupport_introspection_c.h
[2.564s] -- Up-to-date: /home/orin_nano/f1tenth_ws/install/vesc_msgs/include/vesc_msgs/msg/detail/vesc_imu_stamped__rosidl_typesupport_introspection_c.h
[2.564s] -- Up-to-date: /home/orin_nano/f1tenth_ws/install/vesc_msgs/include/vesc_msgs/msg/rosidl_typesupport_introspection_c__visibility_control.h
[2.565s] -- Up-to-date: /home/orin_nano/f1tenth_ws/install/vesc_msgs/lib/libvesc_msgs__rosidl_typesupport_introspection_c.so
[2.565s] -- Up-to-date: /home/orin_nano/f1tenth_ws/install/vesc_msgs/lib/libvesc_msgs__rosidl_typesupport_c.so
[2.565s] -- Up-to-date: /home/orin_nano/f1tenth_ws/install/vesc_msgs/include/vesc_msgs
[2.565s] -- Up-to-date: /home/orin_nano/f1tenth_ws/install/vesc_msgs/include/vesc_msgs/msg
[2.565s] -- Up-to-date: /home/orin_nano/f1tenth_ws/install/vesc_msgs/include/vesc_msgs/msg/vesc_state_stamped.hpp
[2.565s] -- Up-to-date: /home/orin_nano/f1tenth_ws/install/vesc_msgs/include/vesc_msgs/msg/rosidl_generator_cpp__visibility_control.hpp
[2.565s] -- Up-to-date: /home/orin_nano/f1tenth_ws/install/vesc_msgs/include/vesc_msgs/msg/vesc_imu_stamped.hpp
[2.565s] -- Up-to-date: /home/orin_nano/f1tenth_ws/install/vesc_msgs/include/vesc_msgs/msg/detail
[2.566s] -- Up-to-date: /home/orin_nano/f1tenth_ws/install/vesc_msgs/include/vesc_msgs/msg/detail/vesc_state__struct.hpp
[2.566s] -- Up-to-date: /home/orin_nano/f1tenth_ws/install/vesc_msgs/include/vesc_msgs/msg/detail/vesc_imu_stamped__builder.hpp
[2.566s] -- Up-to-date: /home/orin_nano/f1tenth_ws/install/vesc_msgs/include/vesc_msgs/msg/detail/vesc_state__traits.hpp
[2.566s] -- Up-to-date: /home/orin_nano/f1tenth_ws/install/vesc_msgs/include/vesc_msgs/msg/detail/vesc_state_stamped__builder.hpp
[2.566s] -- Up-to-date: /home/orin_nano/f1tenth_ws/install/vesc_msgs/include/vesc_msgs/msg/detail/vesc_imu__type_support.hpp
[2.566s] -- Up-to-date: /home/orin_nano/f1tenth_ws/install/vesc_msgs/include/vesc_msgs/msg/detail/vesc_imu__struct.hpp
[2.566s] -- Up-to-date: /home/orin_nano/f1tenth_ws/install/vesc_msgs/include/vesc_msgs/msg/detail/vesc_state__type_support.hpp
[2.566s] -- Up-to-date: /home/orin_nano/f1tenth_ws/install/vesc_msgs/include/vesc_msgs/msg/detail/vesc_imu_stamped__type_support.hpp
[2.567s] -- Up-to-date: /home/orin_nano/f1tenth_ws/install/vesc_msgs/include/vesc_msgs/msg/detail/vesc_state_stamped__struct.hpp
[2.567s] -- Up-to-date: /home/orin_nano/f1tenth_ws/install/vesc_msgs/include/vesc_msgs/msg/detail/vesc_imu__builder.hpp
[2.567s] -- Up-to-date: /home/orin_nano/f1tenth_ws/install/vesc_msgs/include/vesc_msgs/msg/detail/vesc_state_stamped__traits.hpp
[2.567s] -- Up-to-date: /home/orin_nano/f1tenth_ws/install/vesc_msgs/include/vesc_msgs/msg/detail/vesc_imu_stamped__struct.hpp
[2.567s] -- Up-to-date: /home/orin_nano/f1tenth_ws/install/vesc_msgs/include/vesc_msgs/msg/detail/vesc_imu_stamped__traits.hpp
[2.567s] -- Up-to-date: /home/orin_nano/f1tenth_ws/install/vesc_msgs/include/vesc_msgs/msg/detail/vesc_state__builder.hpp
[2.567s] -- Up-to-date: /home/orin_nano/f1tenth_ws/install/vesc_msgs/include/vesc_msgs/msg/detail/vesc_imu__traits.hpp
[2.567s] -- Up-to-date: /home/orin_nano/f1tenth_ws/install/vesc_msgs/include/vesc_msgs/msg/detail/vesc_state_stamped__type_support.hpp
[2.567s] -- Up-to-date: /home/orin_nano/f1tenth_ws/install/vesc_msgs/include/vesc_msgs/msg/vesc_imu.hpp
[2.568s] -- Up-to-date: /home/orin_nano/f1tenth_ws/install/vesc_msgs/include/vesc_msgs/msg/vesc_state.hpp
[2.568s] -- Up-to-date: /home/orin_nano/f1tenth_ws/install/vesc_msgs/include/vesc_msgs
[2.568s] -- Up-to-date: /home/orin_nano/f1tenth_ws/install/vesc_msgs/include/vesc_msgs/msg
[2.568s] -- Up-to-date: /home/orin_nano/f1tenth_ws/install/vesc_msgs/include/vesc_msgs/msg/detail
[2.569s] -- Up-to-date: /home/orin_nano/f1tenth_ws/install/vesc_msgs/include/vesc_msgs/msg/detail/vesc_imu__type_support.cpp
[2.569s] -- Up-to-date: /home/orin_nano/f1tenth_ws/install/vesc_msgs/include/vesc_msgs/msg/detail/vesc_state_stamped__rosidl_typesupport_introspection_cpp.hpp
[2.570s] -- Up-to-date: /home/orin_nano/f1tenth_ws/install/vesc_msgs/include/vesc_msgs/msg/detail/vesc_state__rosidl_typesupport_introspection_cpp.hpp
[2.571s] -- Up-to-date: /home/orin_nano/f1tenth_ws/install/vesc_msgs/include/vesc_msgs/msg/detail/vesc_imu_stamped__type_support.cpp
[2.571s] -- Up-to-date: /home/orin_nano/f1tenth_ws/install/vesc_msgs/include/vesc_msgs/msg/detail/vesc_imu_stamped__rosidl_typesupport_introspection_cpp.hpp
[2.571s] -- Up-to-date: /home/orin_nano/f1tenth_ws/install/vesc_msgs/include/vesc_msgs/msg/detail/vesc_imu__rosidl_typesupport_introspection_cpp.hpp
[2.571s] -- Up-to-date: /home/orin_nano/f1tenth_ws/install/vesc_msgs/include/vesc_msgs/msg/detail/vesc_state__type_support.cpp
[2.572s] -- Up-to-date: /home/orin_nano/f1tenth_ws/install/vesc_msgs/include/vesc_msgs/msg/detail/vesc_state_stamped__type_support.cpp
[2.572s] -- Up-to-date: /home/orin_nano/f1tenth_ws/install/vesc_msgs/lib/libvesc_msgs__rosidl_typesupport_introspection_cpp.so
[2.572s] -- Up-to-date: /home/orin_nano/f1tenth_ws/install/vesc_msgs/lib/libvesc_msgs__rosidl_typesupport_cpp.so
[2.572s] -- Up-to-date: /home/orin_nano/f1tenth_ws/install/vesc_msgs/share/vesc_msgs/environment/pythonpath.sh
[2.572s] -- Up-to-date: /home/orin_nano/f1tenth_ws/install/vesc_msgs/share/vesc_msgs/environment/pythonpath.dsv
[2.573s] -- Up-to-date: /home/orin_nano/f1tenth_ws/install/vesc_msgs/lib/python3.8/site-packages/vesc_msgs/__init__.py
[2.633s] -- Up-to-date: /home/orin_nano/f1tenth_ws/install/vesc_msgs/lib/python3.8/site-packages/vesc_msgs/msg
[2.634s] -- Up-to-date: /home/orin_nano/f1tenth_ws/install/vesc_msgs/lib/python3.8/site-packages/vesc_msgs/msg/_vesc_imu_stamped.py
[2.634s] -- Up-to-date: /home/orin_nano/f1tenth_ws/install/vesc_msgs/lib/python3.8/site-packages/vesc_msgs/msg/_vesc_state_stamped_s.c
[2.635s] -- Up-to-date: /home/orin_nano/f1tenth_ws/install/vesc_msgs/lib/python3.8/site-packages/vesc_msgs/msg/_vesc_state_s.c
[2.636s] -- Up-to-date: /home/orin_nano/f1tenth_ws/install/vesc_msgs/lib/python3.8/site-packages/vesc_msgs/msg/_vesc_state_stamped.py
[2.637s] -- Up-to-date: /home/orin_nano/f1tenth_ws/install/vesc_msgs/lib/python3.8/site-packages/vesc_msgs/msg/_vesc_imu.py
[2.637s] -- Up-to-date: /home/orin_nano/f1tenth_ws/install/vesc_msgs/lib/python3.8/site-packages/vesc_msgs/msg/_vesc_imu_stamped_s.c
[2.638s] -- Up-to-date: /home/orin_nano/f1tenth_ws/install/vesc_msgs/lib/python3.8/site-packages/vesc_msgs/msg/_vesc_state.py
[2.639s] -- Up-to-date: /home/orin_nano/f1tenth_ws/install/vesc_msgs/lib/python3.8/site-packages/vesc_msgs/msg/_vesc_imu_s.c
[2.640s] -- Up-to-date: /home/orin_nano/f1tenth_ws/install/vesc_msgs/lib/python3.8/site-packages/vesc_msgs/msg/__init__.py
[2.640s] -- Up-to-date: /home/orin_nano/f1tenth_ws/install/vesc_msgs/lib/python3.8/site-packages/vesc_msgs/vesc_msgs_s__rosidl_typesupport_fastrtps_c.cpython-38-aarch64-linux-gnu.so
[2.641s] -- Up-to-date: /home/orin_nano/f1tenth_ws/install/vesc_msgs/lib/python3.8/site-packages/vesc_msgs/vesc_msgs_s__rosidl_typesupport_introspection_c.cpython-38-aarch64-linux-gnu.so
[2.643s] -- Up-to-date: /home/orin_nano/f1tenth_ws/install/vesc_msgs/lib/python3.8/site-packages/vesc_msgs/vesc_msgs_s__rosidl_typesupport_c.cpython-38-aarch64-linux-gnu.so
[2.643s] -- Up-to-date: /home/orin_nano/f1tenth_ws/install/vesc_msgs/lib/libvesc_msgs__python.so
[2.644s] -- Up-to-date: /home/orin_nano/f1tenth_ws/install/vesc_msgs/share/vesc_msgs/msg/VescState.idl
[2.644s] -- Up-to-date: /home/orin_nano/f1tenth_ws/install/vesc_msgs/share/vesc_msgs/msg/VescStateStamped.idl
[2.645s] -- Up-to-date: /home/orin_nano/f1tenth_ws/install/vesc_msgs/share/vesc_msgs/msg/VescImu.idl
[2.646s] -- Up-to-date: /home/orin_nano/f1tenth_ws/install/vesc_msgs/share/vesc_msgs/msg/VescImuStamped.idl
[2.647s] -- Up-to-date: /home/orin_nano/f1tenth_ws/install/vesc_msgs/share/vesc_msgs/msg/VescState.msg
[2.648s] -- Up-to-date: /home/orin_nano/f1tenth_ws/install/vesc_msgs/share/vesc_msgs/msg/VescStateStamped.msg
[2.648s] -- Up-to-date: /home/orin_nano/f1tenth_ws/install/vesc_msgs/share/vesc_msgs/msg/VescImu.msg
[2.649s] -- Up-to-date: /home/orin_nano/f1tenth_ws/install/vesc_msgs/share/vesc_msgs/msg/VescImuStamped.msg
[2.650s] -- Up-to-date: /home/orin_nano/f1tenth_ws/install/vesc_msgs/share/ament_index/resource_index/package_run_dependencies/vesc_msgs
[2.650s] -- Up-to-date: /home/orin_nano/f1tenth_ws/install/vesc_msgs/share/ament_index/resource_index/parent_prefix_path/vesc_msgs
[2.651s] -- Up-to-date: /home/orin_nano/f1tenth_ws/install/vesc_msgs/share/vesc_msgs/environment/ament_prefix_path.sh
[2.651s] -- Up-to-date: /home/orin_nano/f1tenth_ws/install/vesc_msgs/share/vesc_msgs/environment/ament_prefix_path.dsv
[2.651s] -- Up-to-date: /home/orin_nano/f1tenth_ws/install/vesc_msgs/share/vesc_msgs/environment/path.sh
[2.653s] -- Up-to-date: /home/orin_nano/f1tenth_ws/install/vesc_msgs/share/vesc_msgs/environment/path.dsv
[2.654s] -- Up-to-date: /home/orin_nano/f1tenth_ws/install/vesc_msgs/share/vesc_msgs/local_setup.bash
[2.654s] -- Up-to-date: /home/orin_nano/f1tenth_ws/install/vesc_msgs/share/vesc_msgs/local_setup.sh
[2.656s] -- Up-to-date: /home/orin_nano/f1tenth_ws/install/vesc_msgs/share/vesc_msgs/local_setup.zsh
[2.657s] -- Up-to-date: /home/orin_nano/f1tenth_ws/install/vesc_msgs/share/vesc_msgs/local_setup.dsv
[2.657s] -- Installing: /home/orin_nano/f1tenth_ws/install/vesc_msgs/share/vesc_msgs/package.dsv
[2.658s] -- Up-to-date: /home/orin_nano/f1tenth_ws/install/vesc_msgs/share/ament_index/resource_index/packages/vesc_msgs
[2.659s] -- Up-to-date: /home/orin_nano/f1tenth_ws/install/vesc_msgs/share/vesc_msgs/cmake/vesc_msgs__rosidl_generator_cExport.cmake
[2.660s] -- Up-to-date: /home/orin_nano/f1tenth_ws/install/vesc_msgs/share/vesc_msgs/cmake/vesc_msgs__rosidl_generator_cExport-noconfig.cmake
[2.660s] -- Up-to-date: /home/orin_nano/f1tenth_ws/install/vesc_msgs/share/vesc_msgs/cmake/vesc_msgs__rosidl_typesupport_introspection_cExport.cmake
[2.661s] -- Up-to-date: /home/orin_nano/f1tenth_ws/install/vesc_msgs/share/vesc_msgs/cmake/vesc_msgs__rosidl_typesupport_introspection_cExport-noconfig.cmake
[2.661s] -- Up-to-date: /home/orin_nano/f1tenth_ws/install/vesc_msgs/share/vesc_msgs/cmake/vesc_msgs__rosidl_typesupport_cExport.cmake
[2.662s] -- Up-to-date: /home/orin_nano/f1tenth_ws/install/vesc_msgs/share/vesc_msgs/cmake/vesc_msgs__rosidl_typesupport_cExport-noconfig.cmake
[2.663s] -- Up-to-date: /home/orin_nano/f1tenth_ws/install/vesc_msgs/share/vesc_msgs/cmake/vesc_msgs__rosidl_generator_cppExport.cmake
[2.664s] -- Up-to-date: /home/orin_nano/f1tenth_ws/install/vesc_msgs/share/vesc_msgs/cmake/vesc_msgs__rosidl_typesupport_introspection_cppExport.cmake
[2.664s] -- Up-to-date: /home/orin_nano/f1tenth_ws/install/vesc_msgs/share/vesc_msgs/cmake/vesc_msgs__rosidl_typesupport_introspection_cppExport-noconfig.cmake
[2.666s] -- Up-to-date: /home/orin_nano/f1tenth_ws/install/vesc_msgs/share/vesc_msgs/cmake/vesc_msgs__rosidl_typesupport_cppExport.cmake
[2.667s] -- Up-to-date: /home/orin_nano/f1tenth_ws/install/vesc_msgs/share/vesc_msgs/cmake/vesc_msgs__rosidl_typesupport_cppExport-noconfig.cmake
[2.667s] -- Up-to-date: /home/orin_nano/f1tenth_ws/install/vesc_msgs/share/vesc_msgs/cmake/rosidl_cmake-extras.cmake
[2.667s] -- Up-to-date: /home/orin_nano/f1tenth_ws/install/vesc_msgs/share/vesc_msgs/cmake/ament_cmake_export_dependencies-extras.cmake
[2.667s] -- Up-to-date: /home/orin_nano/f1tenth_ws/install/vesc_msgs/share/vesc_msgs/cmake/ament_cmake_export_libraries-extras.cmake
[2.667s] -- Up-to-date: /home/orin_nano/f1tenth_ws/install/vesc_msgs/share/vesc_msgs/cmake/ament_cmake_export_targets-extras.cmake
[2.667s] -- Up-to-date: /home/orin_nano/f1tenth_ws/install/vesc_msgs/share/vesc_msgs/cmake/ament_cmake_export_include_directories-extras.cmake
[2.667s] -- Up-to-date: /home/orin_nano/f1tenth_ws/install/vesc_msgs/share/vesc_msgs/cmake/rosidl_cmake_export_typesupport_libraries-extras.cmake
[2.667s] -- Up-to-date: /home/orin_nano/f1tenth_ws/install/vesc_msgs/share/vesc_msgs/cmake/rosidl_cmake_export_typesupport_targets-extras.cmake
[2.668s] -- Up-to-date: /home/orin_nano/f1tenth_ws/install/vesc_msgs/share/vesc_msgs/cmake/vesc_msgsConfig.cmake
[2.668s] -- Up-to-date: /home/orin_nano/f1tenth_ws/install/vesc_msgs/share/vesc_msgs/cmake/vesc_msgsConfig-version.cmake
[2.668s] -- Up-to-date: /home/orin_nano/f1tenth_ws/install/vesc_msgs/share/vesc_msgs/package.xml
[2.916s] Invoked command in '/home/orin_nano/f1tenth_ws/build/vesc_msgs' returned '0': CMAKE_PREFIX_PATH=${CMAKE_PREFIX_PATH}:/home/orin_nano/f1tenth_ws/install/f1_test:/opt/ros/foxy /usr/bin/cmake --install /home/orin_nano/f1tenth_ws/build/vesc_msgs
