[4.262s] DEBUG:colcon:Command line arguments: ['/usr/bin/colcon', 'build']
[4.262s] DEBUG:colcon:Parsed command line arguments: Namespace(allow_overriding=[], ament_cmake_args=None, base_paths=['.'], build_base='build', catkin_cmake_args=None, catkin_skip_building_tests=False, cmake_args=None, cmake_clean_cache=False, cmake_clean_first=False, cmake_force_configure=False, cmake_target=None, cmake_target_skip_unavailable=False, continue_on_error=False, event_handlers=None, executor='parallel', ignore_user_meta=False, install_base='install', log_base=None, log_level=None, main=<bound method BuildVerb.main of <colcon_core.verb.build.BuildVerb object at 0xffffba8ff910>>, merge_install=False, metas=['./colcon.meta'], packages_above=None, packages_above_and_dependencies=None, packages_above_depth=None, packages_end=None, packages_ignore=None, packages_ignore_regex=None, packages_select=None, packages_select_build_failed=False, packages_select_by_dep=None, packages_select_regex=None, packages_select_test_failures=False, packages_skip=None, packages_skip_build_finished=False, packages_skip_by_dep=None, packages_skip_regex=None, packages_skip_test_passed=False, packages_skip_up_to=None, packages_start=None, packages_up_to=None, packages_up_to_regex=None, parallel_workers=6, paths=None, symlink_install=False, test_result_base=None, verb_extension=<colcon_core.verb.build.BuildVerb object at 0xffffba8ff910>, verb_name='build', verb_parser=<colcon_defaults.argument_parser.defaults.DefaultArgumentsDecorator object at 0xffffba4f1a30>)
[4.463s] Level 1:colcon.colcon_core.package_discovery:discover_packages(colcon_meta) check parameters
[4.463s] Level 1:colcon.colcon_core.package_discovery:discover_packages(recursive) check parameters
[4.463s] Level 1:colcon.colcon_core.package_discovery:discover_packages(ignore) check parameters
[4.463s] Level 1:colcon.colcon_core.package_discovery:discover_packages(path) check parameters
[4.463s] Level 1:colcon.colcon_core.package_discovery:discover_packages(colcon_meta) discover
[4.463s] Level 1:colcon.colcon_core.package_discovery:discover_packages(recursive) discover
[4.463s] INFO:colcon.colcon_core.package_discovery:Crawling recursively for packages in '/home/orin_nano/f1tenth_ws'
[4.464s] Level 1:colcon.colcon_core.package_identification:_identify(.) by extensions ['ignore', 'ignore_ament_install']
[4.464s] Level 1:colcon.colcon_core.package_identification:_identify(.) by extension 'ignore'
[4.464s] Level 1:colcon.colcon_core.package_identification:_identify(.) by extension 'ignore_ament_install'
[4.464s] Level 1:colcon.colcon_core.package_identification:_identify(.) by extensions ['colcon_pkg']
[4.464s] Level 1:colcon.colcon_core.package_identification:_identify(.) by extension 'colcon_pkg'
[4.464s] Level 1:colcon.colcon_core.package_identification:_identify(.) by extensions ['colcon_meta']
[4.464s] Level 1:colcon.colcon_core.package_identification:_identify(.) by extension 'colcon_meta'
[4.464s] Level 1:colcon.colcon_core.package_identification:_identify(.) by extensions ['ros']
[4.465s] Level 1:colcon.colcon_core.package_identification:_identify(.) by extension 'ros'
[4.488s] Level 1:colcon.colcon_core.package_identification:_identify(.) by extensions ['cmake', 'python']
[4.488s] Level 1:colcon.colcon_core.package_identification:_identify(.) by extension 'cmake'
[4.488s] Level 1:colcon.colcon_core.package_identification:_identify(.) by extension 'python'
[4.488s] Level 1:colcon.colcon_core.package_identification:_identify(.) by extensions ['python_setup_py']
[4.488s] Level 1:colcon.colcon_core.package_identification:_identify(.) by extension 'python_setup_py'
[4.489s] Level 1:colcon.colcon_core.package_identification:_identify(build) by extensions ['ignore', 'ignore_ament_install']
[4.489s] Level 1:colcon.colcon_core.package_identification:_identify(build) by extension 'ignore'
[4.489s] Level 1:colcon.colcon_core.package_identification:_identify(build) ignored
[4.489s] Level 1:colcon.colcon_core.package_identification:_identify(install) by extensions ['ignore', 'ignore_ament_install']
[4.489s] Level 1:colcon.colcon_core.package_identification:_identify(install) by extension 'ignore'
[4.490s] Level 1:colcon.colcon_core.package_identification:_identify(install) ignored
[4.490s] Level 1:colcon.colcon_core.package_identification:_identify(log) by extensions ['ignore', 'ignore_ament_install']
[4.490s] Level 1:colcon.colcon_core.package_identification:_identify(log) by extension 'ignore'
[4.490s] Level 1:colcon.colcon_core.package_identification:_identify(log) ignored
[4.490s] Level 1:colcon.colcon_core.package_identification:_identify(src) by extensions ['ignore', 'ignore_ament_install']
[4.490s] Level 1:colcon.colcon_core.package_identification:_identify(src) by extension 'ignore'
[4.491s] Level 1:colcon.colcon_core.package_identification:_identify(src) by extension 'ignore_ament_install'
[4.491s] Level 1:colcon.colcon_core.package_identification:_identify(src) by extensions ['colcon_pkg']
[4.491s] Level 1:colcon.colcon_core.package_identification:_identify(src) by extension 'colcon_pkg'
[4.491s] Level 1:colcon.colcon_core.package_identification:_identify(src) by extensions ['colcon_meta']
[4.491s] Level 1:colcon.colcon_core.package_identification:_identify(src) by extension 'colcon_meta'
[4.491s] Level 1:colcon.colcon_core.package_identification:_identify(src) by extensions ['ros']
[4.491s] Level 1:colcon.colcon_core.package_identification:_identify(src) by extension 'ros'
[4.491s] Level 1:colcon.colcon_core.package_identification:_identify(src) by extensions ['cmake', 'python']
[4.491s] Level 1:colcon.colcon_core.package_identification:_identify(src) by extension 'cmake'
[4.492s] Level 1:colcon.colcon_core.package_identification:_identify(src) by extension 'python'
[4.492s] Level 1:colcon.colcon_core.package_identification:_identify(src) by extensions ['python_setup_py']
[4.492s] Level 1:colcon.colcon_core.package_identification:_identify(src) by extension 'python_setup_py'
[4.492s] Level 1:colcon.colcon_core.package_identification:_identify(src/combine_pkg) by extensions ['ignore', 'ignore_ament_install']
[4.492s] Level 1:colcon.colcon_core.package_identification:_identify(src/combine_pkg) by extension 'ignore'
[4.492s] Level 1:colcon.colcon_core.package_identification:_identify(src/combine_pkg) by extension 'ignore_ament_install'
[4.493s] Level 1:colcon.colcon_core.package_identification:_identify(src/combine_pkg) by extensions ['colcon_pkg']
[4.493s] Level 1:colcon.colcon_core.package_identification:_identify(src/combine_pkg) by extension 'colcon_pkg'
[4.493s] Level 1:colcon.colcon_core.package_identification:_identify(src/combine_pkg) by extensions ['colcon_meta']
[4.493s] Level 1:colcon.colcon_core.package_identification:_identify(src/combine_pkg) by extension 'colcon_meta'
[4.493s] Level 1:colcon.colcon_core.package_identification:_identify(src/combine_pkg) by extensions ['ros']
[4.493s] Level 1:colcon.colcon_core.package_identification:_identify(src/combine_pkg) by extension 'ros'
[4.498s] DEBUG:colcon.colcon_core.package_identification:Package 'src/combine_pkg' with type 'ros.ament_cmake' and name 'combine_pkg'
[4.499s] Level 1:colcon.colcon_core.package_identification:_identify(src/f1_test) by extensions ['ignore', 'ignore_ament_install']
[4.499s] Level 1:colcon.colcon_core.package_identification:_identify(src/f1_test) by extension 'ignore'
[4.499s] Level 1:colcon.colcon_core.package_identification:_identify(src/f1_test) by extension 'ignore_ament_install'
[4.499s] Level 1:colcon.colcon_core.package_identification:_identify(src/f1_test) by extensions ['colcon_pkg']
[4.499s] Level 1:colcon.colcon_core.package_identification:_identify(src/f1_test) by extension 'colcon_pkg'
[4.500s] Level 1:colcon.colcon_core.package_identification:_identify(src/f1_test) by extensions ['colcon_meta']
[4.500s] Level 1:colcon.colcon_core.package_identification:_identify(src/f1_test) by extension 'colcon_meta'
[4.500s] Level 1:colcon.colcon_core.package_identification:_identify(src/f1_test) by extensions ['ros']
[4.500s] Level 1:colcon.colcon_core.package_identification:_identify(src/f1_test) by extension 'ros'
[4.501s] DEBUG:colcon.colcon_core.package_identification:Package 'src/f1_test' with type 'ros.ament_python' and name 'f1_test'
[4.501s] Level 1:colcon.colcon_core.package_identification:_identify(src/urg_node2) by extensions ['ignore', 'ignore_ament_install']
[4.501s] Level 1:colcon.colcon_core.package_identification:_identify(src/urg_node2) by extension 'ignore'
[4.502s] Level 1:colcon.colcon_core.package_identification:_identify(src/urg_node2) by extension 'ignore_ament_install'
[4.502s] Level 1:colcon.colcon_core.package_identification:_identify(src/urg_node2) by extensions ['colcon_pkg']
[4.502s] Level 1:colcon.colcon_core.package_identification:_identify(src/urg_node2) by extension 'colcon_pkg'
[4.502s] Level 1:colcon.colcon_core.package_identification:_identify(src/urg_node2) by extensions ['colcon_meta']
[4.502s] Level 1:colcon.colcon_core.package_identification:_identify(src/urg_node2) by extension 'colcon_meta'
[4.502s] Level 1:colcon.colcon_core.package_identification:_identify(src/urg_node2) by extensions ['ros']
[4.502s] Level 1:colcon.colcon_core.package_identification:_identify(src/urg_node2) by extension 'ros'
[4.504s] DEBUG:colcon.colcon_core.package_identification:Package 'src/urg_node2' with type 'ros.ament_cmake' and name 'urg_node2'
[4.504s] Level 1:colcon.colcon_core.package_identification:_identify(src/vesc) by extensions ['ignore', 'ignore_ament_install']
[4.505s] Level 1:colcon.colcon_core.package_identification:_identify(src/vesc) by extension 'ignore'
[4.505s] Level 1:colcon.colcon_core.package_identification:_identify(src/vesc) by extension 'ignore_ament_install'
[4.505s] Level 1:colcon.colcon_core.package_identification:_identify(src/vesc) by extensions ['colcon_pkg']
[4.505s] Level 1:colcon.colcon_core.package_identification:_identify(src/vesc) by extension 'colcon_pkg'
[4.505s] Level 1:colcon.colcon_core.package_identification:_identify(src/vesc) by extensions ['colcon_meta']
[4.505s] Level 1:colcon.colcon_core.package_identification:_identify(src/vesc) by extension 'colcon_meta'
[4.505s] Level 1:colcon.colcon_core.package_identification:_identify(src/vesc) by extensions ['ros']
[4.505s] Level 1:colcon.colcon_core.package_identification:_identify(src/vesc) by extension 'ros'
[4.506s] Level 1:colcon.colcon_core.package_identification:_identify(src/vesc) by extensions ['cmake', 'python']
[4.506s] Level 1:colcon.colcon_core.package_identification:_identify(src/vesc) by extension 'cmake'
[4.506s] Level 1:colcon.colcon_core.package_identification:_identify(src/vesc) by extension 'python'
[4.506s] Level 1:colcon.colcon_core.package_identification:_identify(src/vesc) by extensions ['python_setup_py']
[4.506s] Level 1:colcon.colcon_core.package_identification:_identify(src/vesc) by extension 'python_setup_py'
[4.506s] Level 1:colcon.colcon_core.package_identification:_identify(src/vesc/vesc) by extensions ['ignore', 'ignore_ament_install']
[4.506s] Level 1:colcon.colcon_core.package_identification:_identify(src/vesc/vesc) by extension 'ignore'
[4.507s] Level 1:colcon.colcon_core.package_identification:_identify(src/vesc/vesc) by extension 'ignore_ament_install'
[4.507s] Level 1:colcon.colcon_core.package_identification:_identify(src/vesc/vesc) by extensions ['colcon_pkg']
[4.507s] Level 1:colcon.colcon_core.package_identification:_identify(src/vesc/vesc) by extension 'colcon_pkg'
[4.507s] Level 1:colcon.colcon_core.package_identification:_identify(src/vesc/vesc) by extensions ['colcon_meta']
[4.507s] Level 1:colcon.colcon_core.package_identification:_identify(src/vesc/vesc) by extension 'colcon_meta'
[4.507s] Level 1:colcon.colcon_core.package_identification:_identify(src/vesc/vesc) by extensions ['ros']
[4.507s] Level 1:colcon.colcon_core.package_identification:_identify(src/vesc/vesc) by extension 'ros'
[4.508s] DEBUG:colcon.colcon_core.package_identification:Package 'src/vesc/vesc' with type 'ros.ament_cmake' and name 'vesc'
[4.509s] Level 1:colcon.colcon_core.package_identification:_identify(src/vesc/vesc_ackermann) by extensions ['ignore', 'ignore_ament_install']
[4.509s] Level 1:colcon.colcon_core.package_identification:_identify(src/vesc/vesc_ackermann) by extension 'ignore'
[4.509s] Level 1:colcon.colcon_core.package_identification:_identify(src/vesc/vesc_ackermann) by extension 'ignore_ament_install'
[4.509s] Level 1:colcon.colcon_core.package_identification:_identify(src/vesc/vesc_ackermann) by extensions ['colcon_pkg']
[4.509s] Level 1:colcon.colcon_core.package_identification:_identify(src/vesc/vesc_ackermann) by extension 'colcon_pkg'
[4.509s] Level 1:colcon.colcon_core.package_identification:_identify(src/vesc/vesc_ackermann) by extensions ['colcon_meta']
[4.509s] Level 1:colcon.colcon_core.package_identification:_identify(src/vesc/vesc_ackermann) by extension 'colcon_meta'
[4.509s] Level 1:colcon.colcon_core.package_identification:_identify(src/vesc/vesc_ackermann) by extensions ['ros']
[4.510s] Level 1:colcon.colcon_core.package_identification:_identify(src/vesc/vesc_ackermann) by extension 'ros'
[4.512s] DEBUG:colcon.colcon_core.package_identification:Package 'src/vesc/vesc_ackermann' with type 'ros.ament_cmake' and name 'vesc_ackermann'
[4.512s] Level 1:colcon.colcon_core.package_identification:_identify(src/vesc/vesc_driver) by extensions ['ignore', 'ignore_ament_install']
[4.512s] Level 1:colcon.colcon_core.package_identification:_identify(src/vesc/vesc_driver) by extension 'ignore'
[4.512s] Level 1:colcon.colcon_core.package_identification:_identify(src/vesc/vesc_driver) by extension 'ignore_ament_install'
[4.512s] Level 1:colcon.colcon_core.package_identification:_identify(src/vesc/vesc_driver) by extensions ['colcon_pkg']
[4.512s] Level 1:colcon.colcon_core.package_identification:_identify(src/vesc/vesc_driver) by extension 'colcon_pkg'
[4.513s] Level 1:colcon.colcon_core.package_identification:_identify(src/vesc/vesc_driver) by extensions ['colcon_meta']
[4.513s] Level 1:colcon.colcon_core.package_identification:_identify(src/vesc/vesc_driver) by extension 'colcon_meta'
[4.513s] Level 1:colcon.colcon_core.package_identification:_identify(src/vesc/vesc_driver) by extensions ['ros']
[4.513s] Level 1:colcon.colcon_core.package_identification:_identify(src/vesc/vesc_driver) by extension 'ros'
[4.515s] DEBUG:colcon.colcon_core.package_identification:Package 'src/vesc/vesc_driver' with type 'ros.ament_cmake' and name 'vesc_driver'
[4.515s] Level 1:colcon.colcon_core.package_identification:_identify(src/vesc/vesc_msgs) by extensions ['ignore', 'ignore_ament_install']
[4.516s] Level 1:colcon.colcon_core.package_identification:_identify(src/vesc/vesc_msgs) by extension 'ignore'
[4.516s] Level 1:colcon.colcon_core.package_identification:_identify(src/vesc/vesc_msgs) by extension 'ignore_ament_install'
[4.516s] Level 1:colcon.colcon_core.package_identification:_identify(src/vesc/vesc_msgs) by extensions ['colcon_pkg']
[4.516s] Level 1:colcon.colcon_core.package_identification:_identify(src/vesc/vesc_msgs) by extension 'colcon_pkg'
[4.516s] Level 1:colcon.colcon_core.package_identification:_identify(src/vesc/vesc_msgs) by extensions ['colcon_meta']
[4.516s] Level 1:colcon.colcon_core.package_identification:_identify(src/vesc/vesc_msgs) by extension 'colcon_meta'
[4.516s] Level 1:colcon.colcon_core.package_identification:_identify(src/vesc/vesc_msgs) by extensions ['ros']
[4.516s] Level 1:colcon.colcon_core.package_identification:_identify(src/vesc/vesc_msgs) by extension 'ros'
[4.518s] DEBUG:colcon.colcon_core.package_identification:Package 'src/vesc/vesc_msgs' with type 'ros.ament_cmake' and name 'vesc_msgs'
[4.518s] Level 1:colcon.colcon_core.package_discovery:discover_packages(recursive) using defaults
[4.518s] Level 1:colcon.colcon_core.package_discovery:discover_packages(ignore) discover
[4.518s] Level 1:colcon.colcon_core.package_discovery:discover_packages(ignore) using defaults
[4.518s] Level 1:colcon.colcon_core.package_discovery:discover_packages(path) discover
[4.518s] Level 1:colcon.colcon_core.package_discovery:discover_packages(path) using defaults
[4.939s] Level 1:colcon.colcon_core.package_discovery:discover_packages(prefix_path) check parameters
[4.940s] Level 1:colcon.colcon_core.package_discovery:discover_packages(prefix_path) discover
[5.086s] DEBUG:colcon.colcon_installed_package_information.package_discovery:Found 262 installed packages in /opt/ros/foxy
[5.089s] Level 1:colcon.colcon_core.package_discovery:discover_packages(prefix_path) using defaults
[5.374s] Level 5:colcon.colcon_core.verb:set package 'combine_pkg' build argument 'cmake_args' from command line to 'None'
[5.374s] Level 5:colcon.colcon_core.verb:set package 'combine_pkg' build argument 'cmake_target' from command line to 'None'
[5.374s] Level 5:colcon.colcon_core.verb:set package 'combine_pkg' build argument 'cmake_target_skip_unavailable' from command line to 'False'
[5.375s] Level 5:colcon.colcon_core.verb:set package 'combine_pkg' build argument 'cmake_clean_cache' from command line to 'False'
[5.375s] Level 5:colcon.colcon_core.verb:set package 'combine_pkg' build argument 'cmake_clean_first' from command line to 'False'
[5.375s] Level 5:colcon.colcon_core.verb:set package 'combine_pkg' build argument 'cmake_force_configure' from command line to 'False'
[5.375s] Level 5:colcon.colcon_core.verb:set package 'combine_pkg' build argument 'ament_cmake_args' from command line to 'None'
[5.375s] Level 5:colcon.colcon_core.verb:set package 'combine_pkg' build argument 'catkin_cmake_args' from command line to 'None'
[5.375s] Level 5:colcon.colcon_core.verb:set package 'combine_pkg' build argument 'catkin_skip_building_tests' from command line to 'False'
[5.375s] DEBUG:colcon.colcon_core.verb:Building package 'combine_pkg' with the following arguments: {'ament_cmake_args': None, 'build_base': '/home/orin_nano/f1tenth_ws/build/combine_pkg', 'catkin_cmake_args': None, 'catkin_skip_building_tests': False, 'cmake_args': None, 'cmake_clean_cache': False, 'cmake_clean_first': False, 'cmake_force_configure': False, 'cmake_target': None, 'cmake_target_skip_unavailable': False, 'install_base': '/home/orin_nano/f1tenth_ws/install/combine_pkg', 'merge_install': False, 'path': '/home/orin_nano/f1tenth_ws/src/combine_pkg', 'symlink_install': False, 'test_result_base': None}
[5.445s] Level 5:colcon.colcon_core.verb:set package 'f1_test' build argument 'cmake_args' from command line to 'None'
[5.445s] Level 5:colcon.colcon_core.verb:set package 'f1_test' build argument 'cmake_target' from command line to 'None'
[5.445s] Level 5:colcon.colcon_core.verb:set package 'f1_test' build argument 'cmake_target_skip_unavailable' from command line to 'False'
[5.445s] Level 5:colcon.colcon_core.verb:set package 'f1_test' build argument 'cmake_clean_cache' from command line to 'False'
[5.445s] Level 5:colcon.colcon_core.verb:set package 'f1_test' build argument 'cmake_clean_first' from command line to 'False'
[5.445s] Level 5:colcon.colcon_core.verb:set package 'f1_test' build argument 'cmake_force_configure' from command line to 'False'
[5.445s] Level 5:colcon.colcon_core.verb:set package 'f1_test' build argument 'ament_cmake_args' from command line to 'None'
[5.445s] Level 5:colcon.colcon_core.verb:set package 'f1_test' build argument 'catkin_cmake_args' from command line to 'None'
[5.445s] Level 5:colcon.colcon_core.verb:set package 'f1_test' build argument 'catkin_skip_building_tests' from command line to 'False'
[5.445s] DEBUG:colcon.colcon_core.verb:Building package 'f1_test' with the following arguments: {'ament_cmake_args': None, 'build_base': '/home/orin_nano/f1tenth_ws/build/f1_test', 'catkin_cmake_args': None, 'catkin_skip_building_tests': False, 'cmake_args': None, 'cmake_clean_cache': False, 'cmake_clean_first': False, 'cmake_force_configure': False, 'cmake_target': None, 'cmake_target_skip_unavailable': False, 'install_base': '/home/orin_nano/f1tenth_ws/install/f1_test', 'merge_install': False, 'path': '/home/orin_nano/f1tenth_ws/src/f1_test', 'symlink_install': False, 'test_result_base': None}
[5.515s] Level 5:colcon.colcon_core.verb:set package 'urg_node2' build argument 'cmake_args' from command line to 'None'
[5.515s] Level 5:colcon.colcon_core.verb:set package 'urg_node2' build argument 'cmake_target' from command line to 'None'
[5.515s] Level 5:colcon.colcon_core.verb:set package 'urg_node2' build argument 'cmake_target_skip_unavailable' from command line to 'False'
[5.515s] Level 5:colcon.colcon_core.verb:set package 'urg_node2' build argument 'cmake_clean_cache' from command line to 'False'
[5.515s] Level 5:colcon.colcon_core.verb:set package 'urg_node2' build argument 'cmake_clean_first' from command line to 'False'
[5.515s] Level 5:colcon.colcon_core.verb:set package 'urg_node2' build argument 'cmake_force_configure' from command line to 'False'
[5.515s] Level 5:colcon.colcon_core.verb:set package 'urg_node2' build argument 'ament_cmake_args' from command line to 'None'
[5.515s] Level 5:colcon.colcon_core.verb:set package 'urg_node2' build argument 'catkin_cmake_args' from command line to 'None'
[5.516s] Level 5:colcon.colcon_core.verb:set package 'urg_node2' build argument 'catkin_skip_building_tests' from command line to 'False'
[5.516s] DEBUG:colcon.colcon_core.verb:Building package 'urg_node2' with the following arguments: {'ament_cmake_args': None, 'build_base': '/home/orin_nano/f1tenth_ws/build/urg_node2', 'catkin_cmake_args': None, 'catkin_skip_building_tests': False, 'cmake_args': None, 'cmake_clean_cache': False, 'cmake_clean_first': False, 'cmake_force_configure': False, 'cmake_target': None, 'cmake_target_skip_unavailable': False, 'install_base': '/home/orin_nano/f1tenth_ws/install/urg_node2', 'merge_install': False, 'path': '/home/orin_nano/f1tenth_ws/src/urg_node2', 'symlink_install': False, 'test_result_base': None}
[5.585s] Level 5:colcon.colcon_core.verb:set package 'vesc_msgs' build argument 'cmake_args' from command line to 'None'
[5.586s] Level 5:colcon.colcon_core.verb:set package 'vesc_msgs' build argument 'cmake_target' from command line to 'None'
[5.586s] Level 5:colcon.colcon_core.verb:set package 'vesc_msgs' build argument 'cmake_target_skip_unavailable' from command line to 'False'
[5.586s] Level 5:colcon.colcon_core.verb:set package 'vesc_msgs' build argument 'cmake_clean_cache' from command line to 'False'
[5.586s] Level 5:colcon.colcon_core.verb:set package 'vesc_msgs' build argument 'cmake_clean_first' from command line to 'False'
[5.586s] Level 5:colcon.colcon_core.verb:set package 'vesc_msgs' build argument 'cmake_force_configure' from command line to 'False'
[5.586s] Level 5:colcon.colcon_core.verb:set package 'vesc_msgs' build argument 'ament_cmake_args' from command line to 'None'
[5.586s] Level 5:colcon.colcon_core.verb:set package 'vesc_msgs' build argument 'catkin_cmake_args' from command line to 'None'
[5.586s] Level 5:colcon.colcon_core.verb:set package 'vesc_msgs' build argument 'catkin_skip_building_tests' from command line to 'False'
[5.586s] DEBUG:colcon.colcon_core.verb:Building package 'vesc_msgs' with the following arguments: {'ament_cmake_args': None, 'build_base': '/home/orin_nano/f1tenth_ws/build/vesc_msgs', 'catkin_cmake_args': None, 'catkin_skip_building_tests': False, 'cmake_args': None, 'cmake_clean_cache': False, 'cmake_clean_first': False, 'cmake_force_configure': False, 'cmake_target': None, 'cmake_target_skip_unavailable': False, 'install_base': '/home/orin_nano/f1tenth_ws/install/vesc_msgs', 'merge_install': False, 'path': '/home/orin_nano/f1tenth_ws/src/vesc/vesc_msgs', 'symlink_install': False, 'test_result_base': None}
[5.656s] Level 5:colcon.colcon_core.verb:set package 'vesc_ackermann' build argument 'cmake_args' from command line to 'None'
[5.656s] Level 5:colcon.colcon_core.verb:set package 'vesc_ackermann' build argument 'cmake_target' from command line to 'None'
[5.656s] Level 5:colcon.colcon_core.verb:set package 'vesc_ackermann' build argument 'cmake_target_skip_unavailable' from command line to 'False'
[5.656s] Level 5:colcon.colcon_core.verb:set package 'vesc_ackermann' build argument 'cmake_clean_cache' from command line to 'False'
[5.656s] Level 5:colcon.colcon_core.verb:set package 'vesc_ackermann' build argument 'cmake_clean_first' from command line to 'False'
[5.656s] Level 5:colcon.colcon_core.verb:set package 'vesc_ackermann' build argument 'cmake_force_configure' from command line to 'False'
[5.656s] Level 5:colcon.colcon_core.verb:set package 'vesc_ackermann' build argument 'ament_cmake_args' from command line to 'None'
[5.656s] Level 5:colcon.colcon_core.verb:set package 'vesc_ackermann' build argument 'catkin_cmake_args' from command line to 'None'
[5.656s] Level 5:colcon.colcon_core.verb:set package 'vesc_ackermann' build argument 'catkin_skip_building_tests' from command line to 'False'
[5.656s] DEBUG:colcon.colcon_core.verb:Building package 'vesc_ackermann' with the following arguments: {'ament_cmake_args': None, 'build_base': '/home/orin_nano/f1tenth_ws/build/vesc_ackermann', 'catkin_cmake_args': None, 'catkin_skip_building_tests': False, 'cmake_args': None, 'cmake_clean_cache': False, 'cmake_clean_first': False, 'cmake_force_configure': False, 'cmake_target': None, 'cmake_target_skip_unavailable': False, 'install_base': '/home/orin_nano/f1tenth_ws/install/vesc_ackermann', 'merge_install': False, 'path': '/home/orin_nano/f1tenth_ws/src/vesc/vesc_ackermann', 'symlink_install': False, 'test_result_base': None}
[5.726s] Level 5:colcon.colcon_core.verb:set package 'vesc_driver' build argument 'cmake_args' from command line to 'None'
[5.726s] Level 5:colcon.colcon_core.verb:set package 'vesc_driver' build argument 'cmake_target' from command line to 'None'
[5.727s] Level 5:colcon.colcon_core.verb:set package 'vesc_driver' build argument 'cmake_target_skip_unavailable' from command line to 'False'
[5.727s] Level 5:colcon.colcon_core.verb:set package 'vesc_driver' build argument 'cmake_clean_cache' from command line to 'False'
[5.727s] Level 5:colcon.colcon_core.verb:set package 'vesc_driver' build argument 'cmake_clean_first' from command line to 'False'
[5.727s] Level 5:colcon.colcon_core.verb:set package 'vesc_driver' build argument 'cmake_force_configure' from command line to 'False'
[5.727s] Level 5:colcon.colcon_core.verb:set package 'vesc_driver' build argument 'ament_cmake_args' from command line to 'None'
[5.727s] Level 5:colcon.colcon_core.verb:set package 'vesc_driver' build argument 'catkin_cmake_args' from command line to 'None'
[5.727s] Level 5:colcon.colcon_core.verb:set package 'vesc_driver' build argument 'catkin_skip_building_tests' from command line to 'False'
[5.727s] DEBUG:colcon.colcon_core.verb:Building package 'vesc_driver' with the following arguments: {'ament_cmake_args': None, 'build_base': '/home/orin_nano/f1tenth_ws/build/vesc_driver', 'catkin_cmake_args': None, 'catkin_skip_building_tests': False, 'cmake_args': None, 'cmake_clean_cache': False, 'cmake_clean_first': False, 'cmake_force_configure': False, 'cmake_target': None, 'cmake_target_skip_unavailable': False, 'install_base': '/home/orin_nano/f1tenth_ws/install/vesc_driver', 'merge_install': False, 'path': '/home/orin_nano/f1tenth_ws/src/vesc/vesc_driver', 'symlink_install': False, 'test_result_base': None}
[5.797s] Level 5:colcon.colcon_core.verb:set package 'vesc' build argument 'cmake_args' from command line to 'None'
[5.797s] Level 5:colcon.colcon_core.verb:set package 'vesc' build argument 'cmake_target' from command line to 'None'
[5.797s] Level 5:colcon.colcon_core.verb:set package 'vesc' build argument 'cmake_target_skip_unavailable' from command line to 'False'
[5.797s] Level 5:colcon.colcon_core.verb:set package 'vesc' build argument 'cmake_clean_cache' from command line to 'False'
[5.797s] Level 5:colcon.colcon_core.verb:set package 'vesc' build argument 'cmake_clean_first' from command line to 'False'
[5.797s] Level 5:colcon.colcon_core.verb:set package 'vesc' build argument 'cmake_force_configure' from command line to 'False'
[5.797s] Level 5:colcon.colcon_core.verb:set package 'vesc' build argument 'ament_cmake_args' from command line to 'None'
[5.797s] Level 5:colcon.colcon_core.verb:set package 'vesc' build argument 'catkin_cmake_args' from command line to 'None'
[5.797s] Level 5:colcon.colcon_core.verb:set package 'vesc' build argument 'catkin_skip_building_tests' from command line to 'False'
[5.797s] DEBUG:colcon.colcon_core.verb:Building package 'vesc' with the following arguments: {'ament_cmake_args': None, 'build_base': '/home/orin_nano/f1tenth_ws/build/vesc', 'catkin_cmake_args': None, 'catkin_skip_building_tests': False, 'cmake_args': None, 'cmake_clean_cache': False, 'cmake_clean_first': False, 'cmake_force_configure': False, 'cmake_target': None, 'cmake_target_skip_unavailable': False, 'install_base': '/home/orin_nano/f1tenth_ws/install/vesc', 'merge_install': False, 'path': '/home/orin_nano/f1tenth_ws/src/vesc/vesc', 'symlink_install': False, 'test_result_base': None}
[5.898s] INFO:colcon.colcon_core.executor:Executing jobs using 'parallel' executor
[5.970s] DEBUG:colcon.colcon_parallel_executor.executor.parallel:run_until_complete
[5.971s] INFO:colcon.colcon_ros.task.ament_cmake.build:Building ROS package in '/home/orin_nano/f1tenth_ws/src/vesc/vesc_msgs' with build type 'ament_cmake'
[5.971s] INFO:colcon.colcon_cmake.task.cmake.build:Building CMake package in '/home/orin_nano/f1tenth_ws/src/vesc/vesc_msgs'
[6.050s] INFO:colcon.colcon_core.plugin_system:Skipping extension 'colcon_core.shell.bat': Not used on non-Windows systems
[6.050s] INFO:colcon.colcon_core.shell:Skip shell extension 'powershell' for command environment: Not usable outside of PowerShell
[6.050s] DEBUG:colcon.colcon_core.shell:Skip shell extension 'dsv' for command environment
[6.207s] INFO:colcon.colcon_ros.task.ament_cmake.build:Building ROS package in '/home/orin_nano/f1tenth_ws/src/combine_pkg' with build type 'ament_cmake'
[6.208s] INFO:colcon.colcon_cmake.task.cmake.build:Building CMake package in '/home/orin_nano/f1tenth_ws/src/combine_pkg'
[6.283s] INFO:colcon.colcon_core.shell:Skip shell extension 'powershell' for command environment: Not usable outside of PowerShell
[6.283s] DEBUG:colcon.colcon_core.shell:Skip shell extension 'dsv' for command environment
[6.437s] INFO:colcon.colcon_ros.task.ament_python.build:Building ROS package in '/home/orin_nano/f1tenth_ws/src/f1_test' with build type 'ament_python'
[6.438s] Level 1:colcon.colcon_core.shell:create_environment_hook('f1_test', 'ament_prefix_path')
[6.513s] INFO:colcon.colcon_core.shell:Creating environment hook '/home/orin_nano/f1tenth_ws/install/f1_test/share/f1_test/hook/ament_prefix_path.ps1'
[6.515s] INFO:colcon.colcon_core.shell:Creating environment descriptor '/home/orin_nano/f1tenth_ws/install/f1_test/share/f1_test/hook/ament_prefix_path.dsv'
[6.516s] INFO:colcon.colcon_core.shell:Creating environment hook '/home/orin_nano/f1tenth_ws/install/f1_test/share/f1_test/hook/ament_prefix_path.sh'
[6.590s] INFO:colcon.colcon_core.shell:Skip shell extension 'powershell' for command environment: Not usable outside of PowerShell
[6.591s] DEBUG:colcon.colcon_core.shell:Skip shell extension 'dsv' for command environment
[6.745s] INFO:colcon.colcon_ros.task.ament_cmake.build:Building ROS package in '/home/orin_nano/f1tenth_ws/src/urg_node2' with build type 'ament_cmake'
[6.746s] INFO:colcon.colcon_cmake.task.cmake.build:Building CMake package in '/home/orin_nano/f1tenth_ws/src/urg_node2'
[6.820s] INFO:colcon.colcon_core.shell:Skip shell extension 'powershell' for command environment: Not usable outside of PowerShell
[6.821s] DEBUG:colcon.colcon_core.shell:Skip shell extension 'dsv' for command environment
[6.992s] DEBUG:colcon.colcon_core.event_handler.log_command:Invoking command in '/home/orin_nano/f1tenth_ws/build/vesc_msgs': CMAKE_PREFIX_PATH=/opt/ros/foxy /usr/bin/cmake --build /home/orin_nano/f1tenth_ws/build/vesc_msgs -- -j6 -l6
[7.005s] DEBUG:colcon.colcon_core.event_handler.log_command:Invoking command in '/home/orin_nano/f1tenth_ws/build/combine_pkg': CMAKE_PREFIX_PATH=/opt/ros/foxy /usr/bin/cmake --build /home/orin_nano/f1tenth_ws/build/combine_pkg -- -j6 -l6
[7.460s] INFO:colcon.colcon_core.task.python.build:Building Python package in '/home/orin_nano/f1tenth_ws/src/f1_test'
[7.540s] INFO:colcon.colcon_core.shell:Skip shell extension 'powershell' for command environment: Not usable outside of PowerShell
[7.540s] DEBUG:colcon.colcon_core.shell:Skip shell extension 'dsv' for command environment
[7.704s] DEBUG:colcon.colcon_core.event_handler.log_command:Invoking command in '/home/orin_nano/f1tenth_ws/build/urg_node2': CMAKE_PREFIX_PATH=/opt/ros/foxy /usr/bin/cmake --build /home/orin_nano/f1tenth_ws/build/urg_node2 -- -j6 -l6
[7.720s] DEBUG:colcon.colcon_core.event_handler.log_command:Invoked command in '/home/orin_nano/f1tenth_ws/build/vesc_msgs' returned '0': CMAKE_PREFIX_PATH=/opt/ros/foxy /usr/bin/cmake --build /home/orin_nano/f1tenth_ws/build/vesc_msgs -- -j6 -l6
[7.722s] DEBUG:colcon.colcon_core.event_handler.log_command:Invoked command in '/home/orin_nano/f1tenth_ws/build/combine_pkg' returned '0': CMAKE_PREFIX_PATH=/opt/ros/foxy /usr/bin/cmake --build /home/orin_nano/f1tenth_ws/build/combine_pkg -- -j6 -l6
[7.797s] DEBUG:colcon.colcon_core.event_handler.log_command:Invoking command in '/home/orin_nano/f1tenth_ws/build/combine_pkg': CMAKE_PREFIX_PATH=/opt/ros/foxy /usr/bin/cmake --install /home/orin_nano/f1tenth_ws/build/combine_pkg
[7.827s] Level 1:colcon.colcon_core.environment:create_environment_scripts_only(combine_pkg)
[7.829s] DEBUG:colcon.colcon_core.event_handler.log_command:Invoked command in '/home/orin_nano/f1tenth_ws/build/combine_pkg' returned '0': CMAKE_PREFIX_PATH=/opt/ros/foxy /usr/bin/cmake --install /home/orin_nano/f1tenth_ws/build/combine_pkg
[7.921s] Level 1:colcon.colcon_core.environment:checking '/home/orin_nano/f1tenth_ws/install/combine_pkg' for CMake module files
[7.922s] Level 1:colcon.colcon_core.environment:checking '/home/orin_nano/f1tenth_ws/install/combine_pkg' for CMake config files
[7.923s] Level 1:colcon.colcon_core.shell:create_environment_hook('combine_pkg', 'cmake_prefix_path')
[8.002s] INFO:colcon.colcon_core.shell:Creating environment hook '/home/orin_nano/f1tenth_ws/install/combine_pkg/share/combine_pkg/hook/cmake_prefix_path.ps1'
[8.003s] INFO:colcon.colcon_core.shell:Creating environment descriptor '/home/orin_nano/f1tenth_ws/install/combine_pkg/share/combine_pkg/hook/cmake_prefix_path.dsv'
[8.004s] INFO:colcon.colcon_core.shell:Creating environment hook '/home/orin_nano/f1tenth_ws/install/combine_pkg/share/combine_pkg/hook/cmake_prefix_path.sh'
[8.006s] Level 1:colcon.colcon_core.environment:checking '/home/orin_nano/f1tenth_ws/install/combine_pkg/bin'
[8.006s] Level 1:colcon.colcon_core.environment:checking '/home/orin_nano/f1tenth_ws/install/combine_pkg/lib/pkgconfig/combine_pkg.pc'
[8.007s] Level 1:colcon.colcon_core.environment:checking '/home/orin_nano/f1tenth_ws/install/combine_pkg/lib/python3.8/site-packages'
[8.007s] Level 1:colcon.colcon_core.environment:checking '/home/orin_nano/f1tenth_ws/install/combine_pkg/bin'
[8.081s] INFO:colcon.colcon_core.shell:Creating package script '/home/orin_nano/f1tenth_ws/install/combine_pkg/share/combine_pkg/package.ps1'
[8.083s] INFO:colcon.colcon_core.shell:Creating package descriptor '/home/orin_nano/f1tenth_ws/install/combine_pkg/share/combine_pkg/package.dsv'
[8.084s] INFO:colcon.colcon_core.shell:Creating package script '/home/orin_nano/f1tenth_ws/install/combine_pkg/share/combine_pkg/package.sh'
[8.086s] INFO:colcon.colcon_core.shell:Creating package script '/home/orin_nano/f1tenth_ws/install/combine_pkg/share/combine_pkg/package.bash'
[8.087s] INFO:colcon.colcon_core.shell:Creating package script '/home/orin_nano/f1tenth_ws/install/combine_pkg/share/combine_pkg/package.zsh'
[8.089s] Level 1:colcon.colcon_core.environment:create_file_with_runtime_dependencies(/home/orin_nano/f1tenth_ws/install/combine_pkg/share/colcon-core/packages/combine_pkg)
[8.105s] DEBUG:colcon.colcon_core.event_handler.log_command:Invoking command in '/home/orin_nano/f1tenth_ws/build/vesc_msgs': CMAKE_PREFIX_PATH=/opt/ros/foxy /usr/bin/cmake --install /home/orin_nano/f1tenth_ws/build/vesc_msgs
[8.109s] DEBUG:colcon.colcon_core.event_handler.log_command:Invoked command in '/home/orin_nano/f1tenth_ws/build/urg_node2' returned '0': CMAKE_PREFIX_PATH=/opt/ros/foxy /usr/bin/cmake --build /home/orin_nano/f1tenth_ws/build/urg_node2 -- -j6 -l6
[8.252s] Level 1:colcon.colcon_core.environment:create_environment_scripts_only(combine_pkg)
[8.327s] Level 1:colcon.colcon_core.environment:checking '/home/orin_nano/f1tenth_ws/install/combine_pkg' for CMake module files
[8.329s] Level 1:colcon.colcon_core.environment:checking '/home/orin_nano/f1tenth_ws/install/combine_pkg' for CMake config files
[8.329s] Level 1:colcon.colcon_core.shell:create_environment_hook('combine_pkg', 'cmake_prefix_path')
[8.403s] INFO:colcon.colcon_core.shell:Creating environment hook '/home/orin_nano/f1tenth_ws/install/combine_pkg/share/combine_pkg/hook/cmake_prefix_path.ps1'
[8.404s] INFO:colcon.colcon_core.shell:Creating environment descriptor '/home/orin_nano/f1tenth_ws/install/combine_pkg/share/combine_pkg/hook/cmake_prefix_path.dsv'
[8.405s] INFO:colcon.colcon_core.shell:Creating environment hook '/home/orin_nano/f1tenth_ws/install/combine_pkg/share/combine_pkg/hook/cmake_prefix_path.sh'
[8.406s] Level 1:colcon.colcon_core.environment:checking '/home/orin_nano/f1tenth_ws/install/combine_pkg/bin'
[8.406s] Level 1:colcon.colcon_core.environment:checking '/home/orin_nano/f1tenth_ws/install/combine_pkg/lib/pkgconfig/combine_pkg.pc'
[8.406s] Level 1:colcon.colcon_core.environment:checking '/home/orin_nano/f1tenth_ws/install/combine_pkg/lib/python3.8/site-packages'
[8.407s] Level 1:colcon.colcon_core.environment:checking '/home/orin_nano/f1tenth_ws/install/combine_pkg/bin'
[8.512s] INFO:colcon.colcon_core.shell:Creating package script '/home/orin_nano/f1tenth_ws/install/combine_pkg/share/combine_pkg/package.ps1'
[8.513s] INFO:colcon.colcon_core.shell:Creating package descriptor '/home/orin_nano/f1tenth_ws/install/combine_pkg/share/combine_pkg/package.dsv'
[8.514s] INFO:colcon.colcon_core.shell:Creating package script '/home/orin_nano/f1tenth_ws/install/combine_pkg/share/combine_pkg/package.sh'
[8.515s] INFO:colcon.colcon_core.shell:Creating package script '/home/orin_nano/f1tenth_ws/install/combine_pkg/share/combine_pkg/package.bash'
[8.516s] INFO:colcon.colcon_core.shell:Creating package script '/home/orin_nano/f1tenth_ws/install/combine_pkg/share/combine_pkg/package.zsh'
[8.517s] Level 1:colcon.colcon_core.environment:create_file_with_runtime_dependencies(/home/orin_nano/f1tenth_ws/install/combine_pkg/share/colcon-core/packages/combine_pkg)
[8.519s] Level 1:colcon.colcon_core.environment:create_environment_scripts_only(vesc_msgs)
[8.521s] DEBUG:colcon.colcon_core.event_handler.log_command:Invoked command in '/home/orin_nano/f1tenth_ws/build/vesc_msgs' returned '0': CMAKE_PREFIX_PATH=/opt/ros/foxy /usr/bin/cmake --install /home/orin_nano/f1tenth_ws/build/vesc_msgs
[8.593s] Level 1:colcon.colcon_core.environment:checking '/home/orin_nano/f1tenth_ws/install/vesc_msgs' for CMake module files
[8.595s] Level 1:colcon.colcon_core.environment:checking '/home/orin_nano/f1tenth_ws/install/vesc_msgs' for CMake config files
[8.596s] Level 1:colcon.colcon_core.shell:create_environment_hook('vesc_msgs', 'cmake_prefix_path')
[8.670s] INFO:colcon.colcon_core.shell:Creating environment hook '/home/orin_nano/f1tenth_ws/install/vesc_msgs/share/vesc_msgs/hook/cmake_prefix_path.ps1'
[8.672s] INFO:colcon.colcon_core.shell:Creating environment descriptor '/home/orin_nano/f1tenth_ws/install/vesc_msgs/share/vesc_msgs/hook/cmake_prefix_path.dsv'
[8.672s] INFO:colcon.colcon_core.shell:Creating environment hook '/home/orin_nano/f1tenth_ws/install/vesc_msgs/share/vesc_msgs/hook/cmake_prefix_path.sh'
[8.674s] Level 1:colcon.colcon_core.environment:checking '/home/orin_nano/f1tenth_ws/install/vesc_msgs/lib'
[8.674s] Level 1:colcon.colcon_core.shell:create_environment_hook('vesc_msgs', 'ld_library_path_lib')
[8.748s] INFO:colcon.colcon_core.shell:Creating environment hook '/home/orin_nano/f1tenth_ws/install/vesc_msgs/share/vesc_msgs/hook/ld_library_path_lib.ps1'
[8.749s] INFO:colcon.colcon_core.shell:Creating environment descriptor '/home/orin_nano/f1tenth_ws/install/vesc_msgs/share/vesc_msgs/hook/ld_library_path_lib.dsv'
[8.750s] INFO:colcon.colcon_core.shell:Creating environment hook '/home/orin_nano/f1tenth_ws/install/vesc_msgs/share/vesc_msgs/hook/ld_library_path_lib.sh'
[8.751s] Level 1:colcon.colcon_core.environment:checking '/home/orin_nano/f1tenth_ws/install/vesc_msgs/bin'
[8.751s] Level 1:colcon.colcon_core.environment:checking '/home/orin_nano/f1tenth_ws/install/vesc_msgs/lib/pkgconfig/vesc_msgs.pc'
[8.751s] Level 1:colcon.colcon_core.environment:checking '/home/orin_nano/f1tenth_ws/install/vesc_msgs/lib/python3.8/site-packages'
[8.751s] Level 1:colcon.colcon_core.shell:create_environment_hook('vesc_msgs', 'pythonpath')
[8.824s] INFO:colcon.colcon_core.shell:Creating environment hook '/home/orin_nano/f1tenth_ws/install/vesc_msgs/share/vesc_msgs/hook/pythonpath.ps1'
[8.825s] INFO:colcon.colcon_core.shell:Creating environment descriptor '/home/orin_nano/f1tenth_ws/install/vesc_msgs/share/vesc_msgs/hook/pythonpath.dsv'
[8.826s] INFO:colcon.colcon_core.shell:Creating environment hook '/home/orin_nano/f1tenth_ws/install/vesc_msgs/share/vesc_msgs/hook/pythonpath.sh'
[8.827s] Level 1:colcon.colcon_core.environment:checking '/home/orin_nano/f1tenth_ws/install/vesc_msgs/bin'
[8.898s] INFO:colcon.colcon_core.shell:Creating package script '/home/orin_nano/f1tenth_ws/install/vesc_msgs/share/vesc_msgs/package.ps1'
[8.899s] INFO:colcon.colcon_core.shell:Creating package descriptor '/home/orin_nano/f1tenth_ws/install/vesc_msgs/share/vesc_msgs/package.dsv'
[8.900s] INFO:colcon.colcon_core.shell:Creating package script '/home/orin_nano/f1tenth_ws/install/vesc_msgs/share/vesc_msgs/package.sh'
[8.901s] INFO:colcon.colcon_core.shell:Creating package script '/home/orin_nano/f1tenth_ws/install/vesc_msgs/share/vesc_msgs/package.bash'
[8.902s] INFO:colcon.colcon_core.shell:Creating package script '/home/orin_nano/f1tenth_ws/install/vesc_msgs/share/vesc_msgs/package.zsh'
[8.902s] Level 1:colcon.colcon_core.environment:create_file_with_runtime_dependencies(/home/orin_nano/f1tenth_ws/install/vesc_msgs/share/colcon-core/packages/vesc_msgs)
[8.917s] DEBUG:colcon.colcon_core.event_handler.log_command:Invoking command in '/home/orin_nano/f1tenth_ws/build/urg_node2': CMAKE_PREFIX_PATH=/opt/ros/foxy /usr/bin/cmake --install /home/orin_nano/f1tenth_ws/build/urg_node2
[8.929s] DEBUG:colcon.colcon_core.event_handler.log_command:Invoking command in '/home/orin_nano/f1tenth_ws/src/f1_test': PYTHONPATH=/home/orin_nano/f1tenth_ws/build/f1_test/prefix_override:/home/orin_nano/f1tenth_ws/install/f1_test/lib/python3.8/site-packages:${PYTHONPATH} /usr/bin/python3 setup.py egg_info --egg-base ../../build/f1_test build --build-base /home/orin_nano/f1tenth_ws/build/f1_test/build install --record /home/orin_nano/f1tenth_ws/build/f1_test/install.log --install-scripts $base/lib/f1_test --single-version-externally-managed
[8.949s] Level 1:colcon.colcon_core.environment:create_environment_scripts_only(urg_node2)
[8.951s] DEBUG:colcon.colcon_core.event_handler.log_command:Invoked command in '/home/orin_nano/f1tenth_ws/build/urg_node2' returned '0': CMAKE_PREFIX_PATH=/opt/ros/foxy /usr/bin/cmake --install /home/orin_nano/f1tenth_ws/build/urg_node2
[9.029s] Level 1:colcon.colcon_core.environment:checking '/home/orin_nano/f1tenth_ws/install/urg_node2' for CMake module files
[9.031s] Level 1:colcon.colcon_core.environment:checking '/home/orin_nano/f1tenth_ws/install/urg_node2' for CMake config files
[9.031s] Level 1:colcon.colcon_core.shell:create_environment_hook('urg_node2', 'cmake_prefix_path')
[9.106s] INFO:colcon.colcon_core.shell:Creating environment hook '/home/orin_nano/f1tenth_ws/install/urg_node2/share/urg_node2/hook/cmake_prefix_path.ps1'
[9.107s] INFO:colcon.colcon_core.shell:Creating environment descriptor '/home/orin_nano/f1tenth_ws/install/urg_node2/share/urg_node2/hook/cmake_prefix_path.dsv'
[9.108s] INFO:colcon.colcon_core.shell:Creating environment hook '/home/orin_nano/f1tenth_ws/install/urg_node2/share/urg_node2/hook/cmake_prefix_path.sh'
[9.109s] Level 1:colcon.colcon_core.environment:checking '/home/orin_nano/f1tenth_ws/install/urg_node2/lib'
[9.109s] Level 1:colcon.colcon_core.shell:create_environment_hook('urg_node2', 'ld_library_path_lib')
[9.183s] INFO:colcon.colcon_core.shell:Creating environment hook '/home/orin_nano/f1tenth_ws/install/urg_node2/share/urg_node2/hook/ld_library_path_lib.ps1'
[9.184s] INFO:colcon.colcon_core.shell:Creating environment descriptor '/home/orin_nano/f1tenth_ws/install/urg_node2/share/urg_node2/hook/ld_library_path_lib.dsv'
[9.185s] INFO:colcon.colcon_core.shell:Creating environment hook '/home/orin_nano/f1tenth_ws/install/urg_node2/share/urg_node2/hook/ld_library_path_lib.sh'
[9.186s] Level 1:colcon.colcon_core.environment:checking '/home/orin_nano/f1tenth_ws/install/urg_node2/bin'
[9.186s] Level 1:colcon.colcon_core.environment:checking '/home/orin_nano/f1tenth_ws/install/urg_node2/lib/pkgconfig/urg_node2.pc'
[9.186s] Level 1:colcon.colcon_core.environment:checking '/home/orin_nano/f1tenth_ws/install/urg_node2/lib/python3.8/site-packages'
[9.187s] Level 1:colcon.colcon_core.environment:checking '/home/orin_nano/f1tenth_ws/install/urg_node2/bin'
[9.259s] INFO:colcon.colcon_core.shell:Creating package script '/home/orin_nano/f1tenth_ws/install/urg_node2/share/urg_node2/package.ps1'
[9.261s] INFO:colcon.colcon_core.shell:Creating package descriptor '/home/orin_nano/f1tenth_ws/install/urg_node2/share/urg_node2/package.dsv'
[9.262s] INFO:colcon.colcon_core.shell:Creating package script '/home/orin_nano/f1tenth_ws/install/urg_node2/share/urg_node2/package.sh'
[9.263s] INFO:colcon.colcon_core.shell:Creating package script '/home/orin_nano/f1tenth_ws/install/urg_node2/share/urg_node2/package.bash'
[9.263s] INFO:colcon.colcon_core.shell:Creating package script '/home/orin_nano/f1tenth_ws/install/urg_node2/share/urg_node2/package.zsh'
[9.264s] Level 1:colcon.colcon_core.environment:create_file_with_runtime_dependencies(/home/orin_nano/f1tenth_ws/install/urg_node2/share/colcon-core/packages/urg_node2)
[9.356s] Level 1:colcon.colcon_core.environment:create_environment_scripts_only(vesc_msgs)
[9.437s] Level 1:colcon.colcon_core.environment:checking '/home/orin_nano/f1tenth_ws/install/vesc_msgs' for CMake module files
[9.438s] Level 1:colcon.colcon_core.environment:checking '/home/orin_nano/f1tenth_ws/install/vesc_msgs' for CMake config files
[9.439s] Level 1:colcon.colcon_core.shell:create_environment_hook('vesc_msgs', 'cmake_prefix_path')
[9.520s] INFO:colcon.colcon_core.shell:Creating environment hook '/home/orin_nano/f1tenth_ws/install/vesc_msgs/share/vesc_msgs/hook/cmake_prefix_path.ps1'
[9.521s] INFO:colcon.colcon_core.shell:Creating environment descriptor '/home/orin_nano/f1tenth_ws/install/vesc_msgs/share/vesc_msgs/hook/cmake_prefix_path.dsv'
[9.522s] INFO:colcon.colcon_core.shell:Creating environment hook '/home/orin_nano/f1tenth_ws/install/vesc_msgs/share/vesc_msgs/hook/cmake_prefix_path.sh'
[9.523s] Level 1:colcon.colcon_core.environment:checking '/home/orin_nano/f1tenth_ws/install/vesc_msgs/lib'
[9.523s] Level 1:colcon.colcon_core.shell:create_environment_hook('vesc_msgs', 'ld_library_path_lib')
[9.595s] INFO:colcon.colcon_core.shell:Creating environment hook '/home/orin_nano/f1tenth_ws/install/vesc_msgs/share/vesc_msgs/hook/ld_library_path_lib.ps1'
[9.596s] INFO:colcon.colcon_core.shell:Creating environment descriptor '/home/orin_nano/f1tenth_ws/install/vesc_msgs/share/vesc_msgs/hook/ld_library_path_lib.dsv'
[9.597s] INFO:colcon.colcon_core.shell:Creating environment hook '/home/orin_nano/f1tenth_ws/install/vesc_msgs/share/vesc_msgs/hook/ld_library_path_lib.sh'
[9.598s] Level 1:colcon.colcon_core.environment:checking '/home/orin_nano/f1tenth_ws/install/vesc_msgs/bin'
[9.598s] Level 1:colcon.colcon_core.environment:checking '/home/orin_nano/f1tenth_ws/install/vesc_msgs/lib/pkgconfig/vesc_msgs.pc'
[9.598s] Level 1:colcon.colcon_core.environment:checking '/home/orin_nano/f1tenth_ws/install/vesc_msgs/lib/python3.8/site-packages'
[9.599s] Level 1:colcon.colcon_core.shell:create_environment_hook('vesc_msgs', 'pythonpath')
[9.672s] INFO:colcon.colcon_core.shell:Creating environment hook '/home/orin_nano/f1tenth_ws/install/vesc_msgs/share/vesc_msgs/hook/pythonpath.ps1'
[9.673s] INFO:colcon.colcon_core.shell:Creating environment descriptor '/home/orin_nano/f1tenth_ws/install/vesc_msgs/share/vesc_msgs/hook/pythonpath.dsv'
[9.674s] INFO:colcon.colcon_core.shell:Creating environment hook '/home/orin_nano/f1tenth_ws/install/vesc_msgs/share/vesc_msgs/hook/pythonpath.sh'
[9.675s] Level 1:colcon.colcon_core.environment:checking '/home/orin_nano/f1tenth_ws/install/vesc_msgs/bin'
[9.748s] INFO:colcon.colcon_core.shell:Creating package script '/home/orin_nano/f1tenth_ws/install/vesc_msgs/share/vesc_msgs/package.ps1'
[9.750s] INFO:colcon.colcon_core.shell:Creating package descriptor '/home/orin_nano/f1tenth_ws/install/vesc_msgs/share/vesc_msgs/package.dsv'
[9.751s] INFO:colcon.colcon_core.shell:Creating package script '/home/orin_nano/f1tenth_ws/install/vesc_msgs/share/vesc_msgs/package.sh'
[9.752s] INFO:colcon.colcon_core.shell:Creating package script '/home/orin_nano/f1tenth_ws/install/vesc_msgs/share/vesc_msgs/package.bash'
[9.752s] INFO:colcon.colcon_core.shell:Creating package script '/home/orin_nano/f1tenth_ws/install/vesc_msgs/share/vesc_msgs/package.zsh'
[9.753s] Level 1:colcon.colcon_core.environment:create_file_with_runtime_dependencies(/home/orin_nano/f1tenth_ws/install/vesc_msgs/share/colcon-core/packages/vesc_msgs)
[9.755s] INFO:colcon.colcon_ros.task.ament_cmake.build:Building ROS package in '/home/orin_nano/f1tenth_ws/src/vesc/vesc_ackermann' with build type 'ament_cmake'
[9.756s] INFO:colcon.colcon_cmake.task.cmake.build:Building CMake package in '/home/orin_nano/f1tenth_ws/src/vesc/vesc_ackermann'
[9.830s] INFO:colcon.colcon_core.shell:Skip shell extension 'powershell' for command environment: Not usable outside of PowerShell
[9.831s] DEBUG:colcon.colcon_core.shell:Skip shell extension 'dsv' for command environment
[9.988s] INFO:colcon.colcon_ros.task.ament_cmake.build:Building ROS package in '/home/orin_nano/f1tenth_ws/src/vesc/vesc_driver' with build type 'ament_cmake'
[9.989s] INFO:colcon.colcon_cmake.task.cmake.build:Building CMake package in '/home/orin_nano/f1tenth_ws/src/vesc/vesc_driver'
[10.070s] INFO:colcon.colcon_core.shell:Skip shell extension 'powershell' for command environment: Not usable outside of PowerShell
[10.071s] DEBUG:colcon.colcon_core.shell:Skip shell extension 'dsv' for command environment
[10.231s] DEBUG:colcon.colcon_core.event_handler.log_command:Invoked command in '/home/orin_nano/f1tenth_ws/src/f1_test' returned '0': PYTHONPATH=/home/orin_nano/f1tenth_ws/build/f1_test/prefix_override:/home/orin_nano/f1tenth_ws/install/f1_test/lib/python3.8/site-packages:${PYTHONPATH} /usr/bin/python3 setup.py egg_info --egg-base ../../build/f1_test build --build-base /home/orin_nano/f1tenth_ws/build/f1_test/build install --record /home/orin_nano/f1tenth_ws/build/f1_test/install.log --install-scripts $base/lib/f1_test --single-version-externally-managed
[10.307s] Level 1:colcon.colcon_core.environment:checking '/home/orin_nano/f1tenth_ws/install/f1_test' for CMake module files
[10.308s] Level 1:colcon.colcon_core.environment:checking '/home/orin_nano/f1tenth_ws/install/f1_test' for CMake config files
[10.309s] Level 1:colcon.colcon_core.environment:checking '/home/orin_nano/f1tenth_ws/install/f1_test/lib'
[10.310s] Level 1:colcon.colcon_core.environment:checking '/home/orin_nano/f1tenth_ws/install/f1_test/bin'
[10.310s] Level 1:colcon.colcon_core.environment:checking '/home/orin_nano/f1tenth_ws/install/f1_test/lib/pkgconfig/f1_test.pc'
[10.310s] Level 1:colcon.colcon_core.environment:checking '/home/orin_nano/f1tenth_ws/install/f1_test/lib/python3.8/site-packages'
[10.310s] Level 1:colcon.colcon_core.shell:create_environment_hook('f1_test', 'pythonpath')
[10.385s] INFO:colcon.colcon_core.shell:Creating environment hook '/home/orin_nano/f1tenth_ws/install/f1_test/share/f1_test/hook/pythonpath.ps1'
[10.387s] INFO:colcon.colcon_core.shell:Creating environment descriptor '/home/orin_nano/f1tenth_ws/install/f1_test/share/f1_test/hook/pythonpath.dsv'
[10.387s] INFO:colcon.colcon_core.shell:Creating environment hook '/home/orin_nano/f1tenth_ws/install/f1_test/share/f1_test/hook/pythonpath.sh'
[10.388s] Level 1:colcon.colcon_core.environment:checking '/home/orin_nano/f1tenth_ws/install/f1_test/bin'
[10.389s] Level 1:colcon.colcon_core.environment:create_environment_scripts_only(f1_test)
[10.463s] INFO:colcon.colcon_core.shell:Creating package script '/home/orin_nano/f1tenth_ws/install/f1_test/share/f1_test/package.ps1'
[10.464s] INFO:colcon.colcon_core.shell:Creating package descriptor '/home/orin_nano/f1tenth_ws/install/f1_test/share/f1_test/package.dsv'
[10.465s] INFO:colcon.colcon_core.shell:Creating package script '/home/orin_nano/f1tenth_ws/install/f1_test/share/f1_test/package.sh'
[10.466s] INFO:colcon.colcon_core.shell:Creating package script '/home/orin_nano/f1tenth_ws/install/f1_test/share/f1_test/package.bash'
[10.467s] INFO:colcon.colcon_core.shell:Creating package script '/home/orin_nano/f1tenth_ws/install/f1_test/share/f1_test/package.zsh'
[10.467s] Level 1:colcon.colcon_core.environment:create_file_with_runtime_dependencies(/home/orin_nano/f1tenth_ws/install/f1_test/share/colcon-core/packages/f1_test)
[10.545s] Level 1:colcon.colcon_core.environment:create_environment_scripts_only(urg_node2)
[10.622s] Level 1:colcon.colcon_core.environment:checking '/home/orin_nano/f1tenth_ws/install/urg_node2' for CMake module files
[10.623s] Level 1:colcon.colcon_core.environment:checking '/home/orin_nano/f1tenth_ws/install/urg_node2' for CMake config files
[10.624s] Level 1:colcon.colcon_core.shell:create_environment_hook('urg_node2', 'cmake_prefix_path')
[10.729s] INFO:colcon.colcon_core.shell:Creating environment hook '/home/orin_nano/f1tenth_ws/install/urg_node2/share/urg_node2/hook/cmake_prefix_path.ps1'
[10.731s] INFO:colcon.colcon_core.shell:Creating environment descriptor '/home/orin_nano/f1tenth_ws/install/urg_node2/share/urg_node2/hook/cmake_prefix_path.dsv'
[10.732s] INFO:colcon.colcon_core.shell:Creating environment hook '/home/orin_nano/f1tenth_ws/install/urg_node2/share/urg_node2/hook/cmake_prefix_path.sh'
[10.733s] Level 1:colcon.colcon_core.environment:checking '/home/orin_nano/f1tenth_ws/install/urg_node2/lib'
[10.733s] Level 1:colcon.colcon_core.shell:create_environment_hook('urg_node2', 'ld_library_path_lib')
[10.808s] INFO:colcon.colcon_core.shell:Creating environment hook '/home/orin_nano/f1tenth_ws/install/urg_node2/share/urg_node2/hook/ld_library_path_lib.ps1'
[10.809s] INFO:colcon.colcon_core.shell:Creating environment descriptor '/home/orin_nano/f1tenth_ws/install/urg_node2/share/urg_node2/hook/ld_library_path_lib.dsv'
[10.809s] INFO:colcon.colcon_core.shell:Creating environment hook '/home/orin_nano/f1tenth_ws/install/urg_node2/share/urg_node2/hook/ld_library_path_lib.sh'
[10.810s] Level 1:colcon.colcon_core.environment:checking '/home/orin_nano/f1tenth_ws/install/urg_node2/bin'
[10.810s] Level 1:colcon.colcon_core.environment:checking '/home/orin_nano/f1tenth_ws/install/urg_node2/lib/pkgconfig/urg_node2.pc'
[10.811s] Level 1:colcon.colcon_core.environment:checking '/home/orin_nano/f1tenth_ws/install/urg_node2/lib/python3.8/site-packages'
[10.811s] Level 1:colcon.colcon_core.environment:checking '/home/orin_nano/f1tenth_ws/install/urg_node2/bin'
[10.886s] INFO:colcon.colcon_core.shell:Creating package script '/home/orin_nano/f1tenth_ws/install/urg_node2/share/urg_node2/package.ps1'
[10.887s] INFO:colcon.colcon_core.shell:Creating package descriptor '/home/orin_nano/f1tenth_ws/install/urg_node2/share/urg_node2/package.dsv'
[10.888s] INFO:colcon.colcon_core.shell:Creating package script '/home/orin_nano/f1tenth_ws/install/urg_node2/share/urg_node2/package.sh'
[10.889s] INFO:colcon.colcon_core.shell:Creating package script '/home/orin_nano/f1tenth_ws/install/urg_node2/share/urg_node2/package.bash'
[10.890s] INFO:colcon.colcon_core.shell:Creating package script '/home/orin_nano/f1tenth_ws/install/urg_node2/share/urg_node2/package.zsh'
[10.890s] Level 1:colcon.colcon_core.environment:create_file_with_runtime_dependencies(/home/orin_nano/f1tenth_ws/install/urg_node2/share/colcon-core/packages/urg_node2)
[10.901s] DEBUG:colcon.colcon_core.event_handler.log_command:Invoking command in '/home/orin_nano/f1tenth_ws/build/vesc_ackermann': AMENT_PREFIX_PATH=/home/orin_nano/f1tenth_ws/install/vesc_msgs:${AMENT_PREFIX_PATH} CMAKE_PREFIX_PATH=/home/orin_nano/f1tenth_ws/install/vesc_msgs:/opt/ros/foxy LD_LIBRARY_PATH=/home/orin_nano/f1tenth_ws/install/vesc_msgs/lib:/opt/ros/foxy/opt/yaml_cpp_vendor/lib:/opt/ros/foxy/opt/rviz_ogre_vendor/lib:/opt/ros/foxy/lib/aarch64-linux-gnu:/opt/ros/foxy/lib:/usr/local/cuda-11.4/lib64 PYTHONPATH=/home/orin_nano/f1tenth_ws/install/vesc_msgs/lib/python3.8/site-packages:${PYTHONPATH} /usr/bin/cmake --build /home/orin_nano/f1tenth_ws/build/vesc_ackermann -- -j6 -l6
[10.913s] DEBUG:colcon.colcon_core.event_handler.log_command:Invoking command in '/home/orin_nano/f1tenth_ws/build/vesc_driver': AMENT_PREFIX_PATH=/home/orin_nano/f1tenth_ws/install/vesc_msgs:${AMENT_PREFIX_PATH} CMAKE_PREFIX_PATH=/home/orin_nano/f1tenth_ws/install/vesc_msgs:/opt/ros/foxy LD_LIBRARY_PATH=/home/orin_nano/f1tenth_ws/install/vesc_msgs/lib:/opt/ros/foxy/opt/yaml_cpp_vendor/lib:/opt/ros/foxy/opt/rviz_ogre_vendor/lib:/opt/ros/foxy/lib/aarch64-linux-gnu:/opt/ros/foxy/lib:/usr/local/cuda-11.4/lib64 PYTHONPATH=/home/orin_nano/f1tenth_ws/install/vesc_msgs/lib/python3.8/site-packages:${PYTHONPATH} /usr/bin/cmake --build /home/orin_nano/f1tenth_ws/build/vesc_driver -- -j6 -l6
[11.068s] DEBUG:colcon.colcon_core.event_handler.log_command:Invoked command in '/home/orin_nano/f1tenth_ws/build/vesc_ackermann' returned '0': AMENT_PREFIX_PATH=/home/orin_nano/f1tenth_ws/install/vesc_msgs:${AMENT_PREFIX_PATH} CMAKE_PREFIX_PATH=/home/orin_nano/f1tenth_ws/install/vesc_msgs:/opt/ros/foxy LD_LIBRARY_PATH=/home/orin_nano/f1tenth_ws/install/vesc_msgs/lib:/opt/ros/foxy/opt/yaml_cpp_vendor/lib:/opt/ros/foxy/opt/rviz_ogre_vendor/lib:/opt/ros/foxy/lib/aarch64-linux-gnu:/opt/ros/foxy/lib:/usr/local/cuda-11.4/lib64 PYTHONPATH=/home/orin_nano/f1tenth_ws/install/vesc_msgs/lib/python3.8/site-packages:${PYTHONPATH} /usr/bin/cmake --build /home/orin_nano/f1tenth_ws/build/vesc_ackermann -- -j6 -l6
[11.118s] DEBUG:colcon.colcon_core.event_handler.log_command:Invoked command in '/home/orin_nano/f1tenth_ws/build/vesc_driver' returned '0': AMENT_PREFIX_PATH=/home/orin_nano/f1tenth_ws/install/vesc_msgs:${AMENT_PREFIX_PATH} CMAKE_PREFIX_PATH=/home/orin_nano/f1tenth_ws/install/vesc_msgs:/opt/ros/foxy LD_LIBRARY_PATH=/home/orin_nano/f1tenth_ws/install/vesc_msgs/lib:/opt/ros/foxy/opt/yaml_cpp_vendor/lib:/opt/ros/foxy/opt/rviz_ogre_vendor/lib:/opt/ros/foxy/lib/aarch64-linux-gnu:/opt/ros/foxy/lib:/usr/local/cuda-11.4/lib64 PYTHONPATH=/home/orin_nano/f1tenth_ws/install/vesc_msgs/lib/python3.8/site-packages:${PYTHONPATH} /usr/bin/cmake --build /home/orin_nano/f1tenth_ws/build/vesc_driver -- -j6 -l6
[11.134s] DEBUG:colcon.colcon_core.event_handler.log_command:Invoking command in '/home/orin_nano/f1tenth_ws/build/vesc_ackermann': AMENT_PREFIX_PATH=/home/orin_nano/f1tenth_ws/install/vesc_msgs:${AMENT_PREFIX_PATH} CMAKE_PREFIX_PATH=/home/orin_nano/f1tenth_ws/install/vesc_msgs:/opt/ros/foxy LD_LIBRARY_PATH=/home/orin_nano/f1tenth_ws/install/vesc_msgs/lib:/opt/ros/foxy/opt/yaml_cpp_vendor/lib:/opt/ros/foxy/opt/rviz_ogre_vendor/lib:/opt/ros/foxy/lib/aarch64-linux-gnu:/opt/ros/foxy/lib:/usr/local/cuda-11.4/lib64 PYTHONPATH=/home/orin_nano/f1tenth_ws/install/vesc_msgs/lib/python3.8/site-packages:${PYTHONPATH} /usr/bin/cmake --install /home/orin_nano/f1tenth_ws/build/vesc_ackermann
[11.163s] Level 1:colcon.colcon_core.environment:create_environment_scripts_only(vesc_ackermann)
[11.164s] DEBUG:colcon.colcon_core.event_handler.log_command:Invoked command in '/home/orin_nano/f1tenth_ws/build/vesc_ackermann' returned '0': AMENT_PREFIX_PATH=/home/orin_nano/f1tenth_ws/install/vesc_msgs:${AMENT_PREFIX_PATH} CMAKE_PREFIX_PATH=/home/orin_nano/f1tenth_ws/install/vesc_msgs:/opt/ros/foxy LD_LIBRARY_PATH=/home/orin_nano/f1tenth_ws/install/vesc_msgs/lib:/opt/ros/foxy/opt/yaml_cpp_vendor/lib:/opt/ros/foxy/opt/rviz_ogre_vendor/lib:/opt/ros/foxy/lib/aarch64-linux-gnu:/opt/ros/foxy/lib:/usr/local/cuda-11.4/lib64 PYTHONPATH=/home/orin_nano/f1tenth_ws/install/vesc_msgs/lib/python3.8/site-packages:${PYTHONPATH} /usr/bin/cmake --install /home/orin_nano/f1tenth_ws/build/vesc_ackermann
[11.240s] Level 1:colcon.colcon_core.environment:checking '/home/orin_nano/f1tenth_ws/install/vesc_ackermann' for CMake module files
[11.241s] Level 1:colcon.colcon_core.environment:checking '/home/orin_nano/f1tenth_ws/install/vesc_ackermann' for CMake config files
[11.242s] Level 1:colcon.colcon_core.shell:create_environment_hook('vesc_ackermann', 'cmake_prefix_path')
[11.314s] INFO:colcon.colcon_core.shell:Creating environment hook '/home/orin_nano/f1tenth_ws/install/vesc_ackermann/share/vesc_ackermann/hook/cmake_prefix_path.ps1'
[11.315s] INFO:colcon.colcon_core.shell:Creating environment descriptor '/home/orin_nano/f1tenth_ws/install/vesc_ackermann/share/vesc_ackermann/hook/cmake_prefix_path.dsv'
[11.316s] INFO:colcon.colcon_core.shell:Creating environment hook '/home/orin_nano/f1tenth_ws/install/vesc_ackermann/share/vesc_ackermann/hook/cmake_prefix_path.sh'
[11.317s] Level 1:colcon.colcon_core.environment:checking '/home/orin_nano/f1tenth_ws/install/vesc_ackermann/lib'
[11.318s] Level 1:colcon.colcon_core.shell:create_environment_hook('vesc_ackermann', 'ld_library_path_lib')
[11.389s] INFO:colcon.colcon_core.shell:Creating environment hook '/home/orin_nano/f1tenth_ws/install/vesc_ackermann/share/vesc_ackermann/hook/ld_library_path_lib.ps1'
[11.390s] INFO:colcon.colcon_core.shell:Creating environment descriptor '/home/orin_nano/f1tenth_ws/install/vesc_ackermann/share/vesc_ackermann/hook/ld_library_path_lib.dsv'
[11.391s] INFO:colcon.colcon_core.shell:Creating environment hook '/home/orin_nano/f1tenth_ws/install/vesc_ackermann/share/vesc_ackermann/hook/ld_library_path_lib.sh'
[11.391s] Level 1:colcon.colcon_core.environment:checking '/home/orin_nano/f1tenth_ws/install/vesc_ackermann/bin'
[11.392s] Level 1:colcon.colcon_core.environment:checking '/home/orin_nano/f1tenth_ws/install/vesc_ackermann/lib/pkgconfig/vesc_ackermann.pc'
[11.392s] Level 1:colcon.colcon_core.environment:checking '/home/orin_nano/f1tenth_ws/install/vesc_ackermann/lib/python3.8/site-packages'
[11.392s] Level 1:colcon.colcon_core.environment:checking '/home/orin_nano/f1tenth_ws/install/vesc_ackermann/bin'
[11.465s] INFO:colcon.colcon_core.shell:Creating package script '/home/orin_nano/f1tenth_ws/install/vesc_ackermann/share/vesc_ackermann/package.ps1'
[11.466s] INFO:colcon.colcon_core.shell:Creating package descriptor '/home/orin_nano/f1tenth_ws/install/vesc_ackermann/share/vesc_ackermann/package.dsv'
[11.467s] INFO:colcon.colcon_core.shell:Creating package script '/home/orin_nano/f1tenth_ws/install/vesc_ackermann/share/vesc_ackermann/package.sh'
[11.468s] INFO:colcon.colcon_core.shell:Creating package script '/home/orin_nano/f1tenth_ws/install/vesc_ackermann/share/vesc_ackermann/package.bash'
[11.468s] INFO:colcon.colcon_core.shell:Creating package script '/home/orin_nano/f1tenth_ws/install/vesc_ackermann/share/vesc_ackermann/package.zsh'
[11.469s] Level 1:colcon.colcon_core.environment:create_file_with_runtime_dependencies(/home/orin_nano/f1tenth_ws/install/vesc_ackermann/share/colcon-core/packages/vesc_ackermann)
[11.484s] DEBUG:colcon.colcon_core.event_handler.log_command:Invoking command in '/home/orin_nano/f1tenth_ws/build/vesc_driver': AMENT_PREFIX_PATH=/home/orin_nano/f1tenth_ws/install/vesc_msgs:${AMENT_PREFIX_PATH} CMAKE_PREFIX_PATH=/home/orin_nano/f1tenth_ws/install/vesc_msgs:/opt/ros/foxy LD_LIBRARY_PATH=/home/orin_nano/f1tenth_ws/install/vesc_msgs/lib:/opt/ros/foxy/opt/yaml_cpp_vendor/lib:/opt/ros/foxy/opt/rviz_ogre_vendor/lib:/opt/ros/foxy/lib/aarch64-linux-gnu:/opt/ros/foxy/lib:/usr/local/cuda-11.4/lib64 PYTHONPATH=/home/orin_nano/f1tenth_ws/install/vesc_msgs/lib/python3.8/site-packages:${PYTHONPATH} /usr/bin/cmake --install /home/orin_nano/f1tenth_ws/build/vesc_driver
[11.515s] Level 1:colcon.colcon_core.environment:create_environment_scripts_only(vesc_driver)
[11.516s] DEBUG:colcon.colcon_core.event_handler.log_command:Invoked command in '/home/orin_nano/f1tenth_ws/build/vesc_driver' returned '0': AMENT_PREFIX_PATH=/home/orin_nano/f1tenth_ws/install/vesc_msgs:${AMENT_PREFIX_PATH} CMAKE_PREFIX_PATH=/home/orin_nano/f1tenth_ws/install/vesc_msgs:/opt/ros/foxy LD_LIBRARY_PATH=/home/orin_nano/f1tenth_ws/install/vesc_msgs/lib:/opt/ros/foxy/opt/yaml_cpp_vendor/lib:/opt/ros/foxy/opt/rviz_ogre_vendor/lib:/opt/ros/foxy/lib/aarch64-linux-gnu:/opt/ros/foxy/lib:/usr/local/cuda-11.4/lib64 PYTHONPATH=/home/orin_nano/f1tenth_ws/install/vesc_msgs/lib/python3.8/site-packages:${PYTHONPATH} /usr/bin/cmake --install /home/orin_nano/f1tenth_ws/build/vesc_driver
[11.591s] Level 1:colcon.colcon_core.environment:checking '/home/orin_nano/f1tenth_ws/install/vesc_driver' for CMake module files
[11.593s] Level 1:colcon.colcon_core.environment:checking '/home/orin_nano/f1tenth_ws/install/vesc_driver' for CMake config files
[11.594s] Level 1:colcon.colcon_core.shell:create_environment_hook('vesc_driver', 'cmake_prefix_path')
[11.666s] INFO:colcon.colcon_core.shell:Creating environment hook '/home/orin_nano/f1tenth_ws/install/vesc_driver/share/vesc_driver/hook/cmake_prefix_path.ps1'
[11.667s] INFO:colcon.colcon_core.shell:Creating environment descriptor '/home/orin_nano/f1tenth_ws/install/vesc_driver/share/vesc_driver/hook/cmake_prefix_path.dsv'
[11.668s] INFO:colcon.colcon_core.shell:Creating environment hook '/home/orin_nano/f1tenth_ws/install/vesc_driver/share/vesc_driver/hook/cmake_prefix_path.sh'
[11.669s] Level 1:colcon.colcon_core.environment:checking '/home/orin_nano/f1tenth_ws/install/vesc_driver/lib'
[11.669s] Level 1:colcon.colcon_core.shell:create_environment_hook('vesc_driver', 'ld_library_path_lib')
[11.741s] INFO:colcon.colcon_core.shell:Creating environment hook '/home/orin_nano/f1tenth_ws/install/vesc_driver/share/vesc_driver/hook/ld_library_path_lib.ps1'
[11.742s] INFO:colcon.colcon_core.shell:Creating environment descriptor '/home/orin_nano/f1tenth_ws/install/vesc_driver/share/vesc_driver/hook/ld_library_path_lib.dsv'
[11.743s] INFO:colcon.colcon_core.shell:Creating environment hook '/home/orin_nano/f1tenth_ws/install/vesc_driver/share/vesc_driver/hook/ld_library_path_lib.sh'
[11.744s] Level 1:colcon.colcon_core.environment:checking '/home/orin_nano/f1tenth_ws/install/vesc_driver/bin'
[11.744s] Level 1:colcon.colcon_core.environment:checking '/home/orin_nano/f1tenth_ws/install/vesc_driver/lib/pkgconfig/vesc_driver.pc'
[11.744s] Level 1:colcon.colcon_core.environment:checking '/home/orin_nano/f1tenth_ws/install/vesc_driver/lib/python3.8/site-packages'
[11.745s] Level 1:colcon.colcon_core.environment:checking '/home/orin_nano/f1tenth_ws/install/vesc_driver/bin'
[11.816s] INFO:colcon.colcon_core.shell:Creating package script '/home/orin_nano/f1tenth_ws/install/vesc_driver/share/vesc_driver/package.ps1'
[11.817s] INFO:colcon.colcon_core.shell:Creating package descriptor '/home/orin_nano/f1tenth_ws/install/vesc_driver/share/vesc_driver/package.dsv'
[11.818s] INFO:colcon.colcon_core.shell:Creating package script '/home/orin_nano/f1tenth_ws/install/vesc_driver/share/vesc_driver/package.sh'
[11.819s] INFO:colcon.colcon_core.shell:Creating package script '/home/orin_nano/f1tenth_ws/install/vesc_driver/share/vesc_driver/package.bash'
[11.820s] INFO:colcon.colcon_core.shell:Creating package script '/home/orin_nano/f1tenth_ws/install/vesc_driver/share/vesc_driver/package.zsh'
[11.820s] Level 1:colcon.colcon_core.environment:create_file_with_runtime_dependencies(/home/orin_nano/f1tenth_ws/install/vesc_driver/share/colcon-core/packages/vesc_driver)
[11.907s] Level 1:colcon.colcon_core.environment:create_environment_scripts_only(vesc_ackermann)
[11.980s] Level 1:colcon.colcon_core.environment:checking '/home/orin_nano/f1tenth_ws/install/vesc_ackermann' for CMake module files
[11.981s] Level 1:colcon.colcon_core.environment:checking '/home/orin_nano/f1tenth_ws/install/vesc_ackermann' for CMake config files
[11.982s] Level 1:colcon.colcon_core.shell:create_environment_hook('vesc_ackermann', 'cmake_prefix_path')
[12.054s] INFO:colcon.colcon_core.shell:Creating environment hook '/home/orin_nano/f1tenth_ws/install/vesc_ackermann/share/vesc_ackermann/hook/cmake_prefix_path.ps1'
[12.055s] INFO:colcon.colcon_core.shell:Creating environment descriptor '/home/orin_nano/f1tenth_ws/install/vesc_ackermann/share/vesc_ackermann/hook/cmake_prefix_path.dsv'
[12.055s] INFO:colcon.colcon_core.shell:Creating environment hook '/home/orin_nano/f1tenth_ws/install/vesc_ackermann/share/vesc_ackermann/hook/cmake_prefix_path.sh'
[12.057s] Level 1:colcon.colcon_core.environment:checking '/home/orin_nano/f1tenth_ws/install/vesc_ackermann/lib'
[12.057s] Level 1:colcon.colcon_core.shell:create_environment_hook('vesc_ackermann', 'ld_library_path_lib')
[12.129s] INFO:colcon.colcon_core.shell:Creating environment hook '/home/orin_nano/f1tenth_ws/install/vesc_ackermann/share/vesc_ackermann/hook/ld_library_path_lib.ps1'
[12.130s] INFO:colcon.colcon_core.shell:Creating environment descriptor '/home/orin_nano/f1tenth_ws/install/vesc_ackermann/share/vesc_ackermann/hook/ld_library_path_lib.dsv'
[12.130s] INFO:colcon.colcon_core.shell:Creating environment hook '/home/orin_nano/f1tenth_ws/install/vesc_ackermann/share/vesc_ackermann/hook/ld_library_path_lib.sh'
[12.131s] Level 1:colcon.colcon_core.environment:checking '/home/orin_nano/f1tenth_ws/install/vesc_ackermann/bin'
[12.131s] Level 1:colcon.colcon_core.environment:checking '/home/orin_nano/f1tenth_ws/install/vesc_ackermann/lib/pkgconfig/vesc_ackermann.pc'
[12.132s] Level 1:colcon.colcon_core.environment:checking '/home/orin_nano/f1tenth_ws/install/vesc_ackermann/lib/python3.8/site-packages'
[12.132s] Level 1:colcon.colcon_core.environment:checking '/home/orin_nano/f1tenth_ws/install/vesc_ackermann/bin'
[12.205s] INFO:colcon.colcon_core.shell:Creating package script '/home/orin_nano/f1tenth_ws/install/vesc_ackermann/share/vesc_ackermann/package.ps1'
[12.206s] INFO:colcon.colcon_core.shell:Creating package descriptor '/home/orin_nano/f1tenth_ws/install/vesc_ackermann/share/vesc_ackermann/package.dsv'
[12.207s] INFO:colcon.colcon_core.shell:Creating package script '/home/orin_nano/f1tenth_ws/install/vesc_ackermann/share/vesc_ackermann/package.sh'
[12.208s] INFO:colcon.colcon_core.shell:Creating package script '/home/orin_nano/f1tenth_ws/install/vesc_ackermann/share/vesc_ackermann/package.bash'
[12.209s] INFO:colcon.colcon_core.shell:Creating package script '/home/orin_nano/f1tenth_ws/install/vesc_ackermann/share/vesc_ackermann/package.zsh'
[12.210s] Level 1:colcon.colcon_core.environment:create_file_with_runtime_dependencies(/home/orin_nano/f1tenth_ws/install/vesc_ackermann/share/colcon-core/packages/vesc_ackermann)
[12.286s] Level 1:colcon.colcon_core.environment:create_environment_scripts_only(vesc_driver)
[12.358s] Level 1:colcon.colcon_core.environment:checking '/home/orin_nano/f1tenth_ws/install/vesc_driver' for CMake module files
[12.359s] Level 1:colcon.colcon_core.environment:checking '/home/orin_nano/f1tenth_ws/install/vesc_driver' for CMake config files
[12.360s] Level 1:colcon.colcon_core.shell:create_environment_hook('vesc_driver', 'cmake_prefix_path')
[12.431s] INFO:colcon.colcon_core.shell:Creating environment hook '/home/orin_nano/f1tenth_ws/install/vesc_driver/share/vesc_driver/hook/cmake_prefix_path.ps1'
[12.432s] INFO:colcon.colcon_core.shell:Creating environment descriptor '/home/orin_nano/f1tenth_ws/install/vesc_driver/share/vesc_driver/hook/cmake_prefix_path.dsv'
[12.433s] INFO:colcon.colcon_core.shell:Creating environment hook '/home/orin_nano/f1tenth_ws/install/vesc_driver/share/vesc_driver/hook/cmake_prefix_path.sh'
[12.434s] Level 1:colcon.colcon_core.environment:checking '/home/orin_nano/f1tenth_ws/install/vesc_driver/lib'
[12.434s] Level 1:colcon.colcon_core.shell:create_environment_hook('vesc_driver', 'ld_library_path_lib')
[12.506s] INFO:colcon.colcon_core.shell:Creating environment hook '/home/orin_nano/f1tenth_ws/install/vesc_driver/share/vesc_driver/hook/ld_library_path_lib.ps1'
[12.507s] INFO:colcon.colcon_core.shell:Creating environment descriptor '/home/orin_nano/f1tenth_ws/install/vesc_driver/share/vesc_driver/hook/ld_library_path_lib.dsv'
[12.508s] INFO:colcon.colcon_core.shell:Creating environment hook '/home/orin_nano/f1tenth_ws/install/vesc_driver/share/vesc_driver/hook/ld_library_path_lib.sh'
[12.508s] Level 1:colcon.colcon_core.environment:checking '/home/orin_nano/f1tenth_ws/install/vesc_driver/bin'
[12.509s] Level 1:colcon.colcon_core.environment:checking '/home/orin_nano/f1tenth_ws/install/vesc_driver/lib/pkgconfig/vesc_driver.pc'
[12.509s] Level 1:colcon.colcon_core.environment:checking '/home/orin_nano/f1tenth_ws/install/vesc_driver/lib/python3.8/site-packages'
[12.509s] Level 1:colcon.colcon_core.environment:checking '/home/orin_nano/f1tenth_ws/install/vesc_driver/bin'
[12.582s] INFO:colcon.colcon_core.shell:Creating package script '/home/orin_nano/f1tenth_ws/install/vesc_driver/share/vesc_driver/package.ps1'
[12.583s] INFO:colcon.colcon_core.shell:Creating package descriptor '/home/orin_nano/f1tenth_ws/install/vesc_driver/share/vesc_driver/package.dsv'
[12.584s] INFO:colcon.colcon_core.shell:Creating package script '/home/orin_nano/f1tenth_ws/install/vesc_driver/share/vesc_driver/package.sh'
[12.585s] INFO:colcon.colcon_core.shell:Creating package script '/home/orin_nano/f1tenth_ws/install/vesc_driver/share/vesc_driver/package.bash'
[12.586s] INFO:colcon.colcon_core.shell:Creating package script '/home/orin_nano/f1tenth_ws/install/vesc_driver/share/vesc_driver/package.zsh'
[12.587s] Level 1:colcon.colcon_core.environment:create_file_with_runtime_dependencies(/home/orin_nano/f1tenth_ws/install/vesc_driver/share/colcon-core/packages/vesc_driver)
[12.588s] INFO:colcon.colcon_ros.task.ament_cmake.build:Building ROS package in '/home/orin_nano/f1tenth_ws/src/vesc/vesc' with build type 'ament_cmake'
[12.588s] INFO:colcon.colcon_cmake.task.cmake.build:Building CMake package in '/home/orin_nano/f1tenth_ws/src/vesc/vesc'
[12.669s] INFO:colcon.colcon_core.shell:Skip shell extension 'powershell' for command environment: Not usable outside of PowerShell
[12.669s] DEBUG:colcon.colcon_core.shell:Skip shell extension 'dsv' for command environment
[12.847s] DEBUG:colcon.colcon_core.event_handler.log_command:Invoking command in '/home/orin_nano/f1tenth_ws/build/vesc': AMENT_PREFIX_PATH=/home/orin_nano/f1tenth_ws/install/vesc_driver:/home/orin_nano/f1tenth_ws/install/vesc_ackermann:/home/orin_nano/f1tenth_ws/install/vesc_msgs:${AMENT_PREFIX_PATH} CMAKE_PREFIX_PATH=/home/orin_nano/f1tenth_ws/install/vesc_driver:/home/orin_nano/f1tenth_ws/install/vesc_ackermann:/home/orin_nano/f1tenth_ws/install/vesc_msgs:/opt/ros/foxy LD_LIBRARY_PATH=/home/orin_nano/f1tenth_ws/install/vesc_driver/lib:/home/orin_nano/f1tenth_ws/install/vesc_ackermann/lib:/home/orin_nano/f1tenth_ws/install/vesc_msgs/lib:/opt/ros/foxy/opt/yaml_cpp_vendor/lib:/opt/ros/foxy/opt/rviz_ogre_vendor/lib:/opt/ros/foxy/lib/aarch64-linux-gnu:/opt/ros/foxy/lib:/usr/local/cuda-11.4/lib64 PYTHONPATH=/home/orin_nano/f1tenth_ws/install/vesc_msgs/lib/python3.8/site-packages:${PYTHONPATH} /usr/bin/cmake --build /home/orin_nano/f1tenth_ws/build/vesc -- -j6 -l6
[12.932s] DEBUG:colcon.colcon_core.event_handler.log_command:Invoked command in '/home/orin_nano/f1tenth_ws/build/vesc' returned '0': AMENT_PREFIX_PATH=/home/orin_nano/f1tenth_ws/install/vesc_driver:/home/orin_nano/f1tenth_ws/install/vesc_ackermann:/home/orin_nano/f1tenth_ws/install/vesc_msgs:${AMENT_PREFIX_PATH} CMAKE_PREFIX_PATH=/home/orin_nano/f1tenth_ws/install/vesc_driver:/home/orin_nano/f1tenth_ws/install/vesc_ackermann:/home/orin_nano/f1tenth_ws/install/vesc_msgs:/opt/ros/foxy LD_LIBRARY_PATH=/home/orin_nano/f1tenth_ws/install/vesc_driver/lib:/home/orin_nano/f1tenth_ws/install/vesc_ackermann/lib:/home/orin_nano/f1tenth_ws/install/vesc_msgs/lib:/opt/ros/foxy/opt/yaml_cpp_vendor/lib:/opt/ros/foxy/opt/rviz_ogre_vendor/lib:/opt/ros/foxy/lib/aarch64-linux-gnu:/opt/ros/foxy/lib:/usr/local/cuda-11.4/lib64 PYTHONPATH=/home/orin_nano/f1tenth_ws/install/vesc_msgs/lib/python3.8/site-packages:${PYTHONPATH} /usr/bin/cmake --build /home/orin_nano/f1tenth_ws/build/vesc -- -j6 -l6
[12.981s] DEBUG:colcon.colcon_core.event_handler.log_command:Invoking command in '/home/orin_nano/f1tenth_ws/build/vesc': AMENT_PREFIX_PATH=/home/orin_nano/f1tenth_ws/install/vesc_driver:/home/orin_nano/f1tenth_ws/install/vesc_ackermann:/home/orin_nano/f1tenth_ws/install/vesc_msgs:${AMENT_PREFIX_PATH} CMAKE_PREFIX_PATH=/home/orin_nano/f1tenth_ws/install/vesc_driver:/home/orin_nano/f1tenth_ws/install/vesc_ackermann:/home/orin_nano/f1tenth_ws/install/vesc_msgs:/opt/ros/foxy LD_LIBRARY_PATH=/home/orin_nano/f1tenth_ws/install/vesc_driver/lib:/home/orin_nano/f1tenth_ws/install/vesc_ackermann/lib:/home/orin_nano/f1tenth_ws/install/vesc_msgs/lib:/opt/ros/foxy/opt/yaml_cpp_vendor/lib:/opt/ros/foxy/opt/rviz_ogre_vendor/lib:/opt/ros/foxy/lib/aarch64-linux-gnu:/opt/ros/foxy/lib:/usr/local/cuda-11.4/lib64 PYTHONPATH=/home/orin_nano/f1tenth_ws/install/vesc_msgs/lib/python3.8/site-packages:${PYTHONPATH} /usr/bin/cmake --install /home/orin_nano/f1tenth_ws/build/vesc
[13.006s] Level 1:colcon.colcon_core.environment:create_environment_scripts_only(vesc)
[13.007s] DEBUG:colcon.colcon_core.event_handler.log_command:Invoked command in '/home/orin_nano/f1tenth_ws/build/vesc' returned '0': AMENT_PREFIX_PATH=/home/orin_nano/f1tenth_ws/install/vesc_driver:/home/orin_nano/f1tenth_ws/install/vesc_ackermann:/home/orin_nano/f1tenth_ws/install/vesc_msgs:${AMENT_PREFIX_PATH} CMAKE_PREFIX_PATH=/home/orin_nano/f1tenth_ws/install/vesc_driver:/home/orin_nano/f1tenth_ws/install/vesc_ackermann:/home/orin_nano/f1tenth_ws/install/vesc_msgs:/opt/ros/foxy LD_LIBRARY_PATH=/home/orin_nano/f1tenth_ws/install/vesc_driver/lib:/home/orin_nano/f1tenth_ws/install/vesc_ackermann/lib:/home/orin_nano/f1tenth_ws/install/vesc_msgs/lib:/opt/ros/foxy/opt/yaml_cpp_vendor/lib:/opt/ros/foxy/opt/rviz_ogre_vendor/lib:/opt/ros/foxy/lib/aarch64-linux-gnu:/opt/ros/foxy/lib:/usr/local/cuda-11.4/lib64 PYTHONPATH=/home/orin_nano/f1tenth_ws/install/vesc_msgs/lib/python3.8/site-packages:${PYTHONPATH} /usr/bin/cmake --install /home/orin_nano/f1tenth_ws/build/vesc
[13.095s] Level 1:colcon.colcon_core.environment:checking '/home/orin_nano/f1tenth_ws/install/vesc' for CMake module files
[13.096s] Level 1:colcon.colcon_core.environment:checking '/home/orin_nano/f1tenth_ws/install/vesc' for CMake config files
[13.096s] Level 1:colcon.colcon_core.shell:create_environment_hook('vesc', 'cmake_prefix_path')
[13.168s] INFO:colcon.colcon_core.shell:Creating environment hook '/home/orin_nano/f1tenth_ws/install/vesc/share/vesc/hook/cmake_prefix_path.ps1'
[13.169s] INFO:colcon.colcon_core.shell:Creating environment descriptor '/home/orin_nano/f1tenth_ws/install/vesc/share/vesc/hook/cmake_prefix_path.dsv'
[13.170s] INFO:colcon.colcon_core.shell:Creating environment hook '/home/orin_nano/f1tenth_ws/install/vesc/share/vesc/hook/cmake_prefix_path.sh'
[13.171s] Level 1:colcon.colcon_core.environment:checking '/home/orin_nano/f1tenth_ws/install/vesc/bin'
[13.171s] Level 1:colcon.colcon_core.environment:checking '/home/orin_nano/f1tenth_ws/install/vesc/lib/pkgconfig/vesc.pc'
[13.171s] Level 1:colcon.colcon_core.environment:checking '/home/orin_nano/f1tenth_ws/install/vesc/lib/python3.8/site-packages'
[13.172s] Level 1:colcon.colcon_core.environment:checking '/home/orin_nano/f1tenth_ws/install/vesc/bin'
[13.244s] INFO:colcon.colcon_core.shell:Creating package script '/home/orin_nano/f1tenth_ws/install/vesc/share/vesc/package.ps1'
[13.245s] INFO:colcon.colcon_core.shell:Creating package descriptor '/home/orin_nano/f1tenth_ws/install/vesc/share/vesc/package.dsv'
[13.246s] INFO:colcon.colcon_core.shell:Creating package script '/home/orin_nano/f1tenth_ws/install/vesc/share/vesc/package.sh'
[13.246s] INFO:colcon.colcon_core.shell:Creating package script '/home/orin_nano/f1tenth_ws/install/vesc/share/vesc/package.bash'
[13.247s] INFO:colcon.colcon_core.shell:Creating package script '/home/orin_nano/f1tenth_ws/install/vesc/share/vesc/package.zsh'
[13.248s] Level 1:colcon.colcon_core.environment:create_file_with_runtime_dependencies(/home/orin_nano/f1tenth_ws/install/vesc/share/colcon-core/packages/vesc)
[13.366s] Level 1:colcon.colcon_core.environment:create_environment_scripts_only(vesc)
[13.437s] Level 1:colcon.colcon_core.environment:checking '/home/orin_nano/f1tenth_ws/install/vesc' for CMake module files
[13.438s] Level 1:colcon.colcon_core.environment:checking '/home/orin_nano/f1tenth_ws/install/vesc' for CMake config files
[13.439s] Level 1:colcon.colcon_core.shell:create_environment_hook('vesc', 'cmake_prefix_path')
[13.510s] INFO:colcon.colcon_core.shell:Creating environment hook '/home/orin_nano/f1tenth_ws/install/vesc/share/vesc/hook/cmake_prefix_path.ps1'
[13.511s] INFO:colcon.colcon_core.shell:Creating environment descriptor '/home/orin_nano/f1tenth_ws/install/vesc/share/vesc/hook/cmake_prefix_path.dsv'
[13.512s] INFO:colcon.colcon_core.shell:Creating environment hook '/home/orin_nano/f1tenth_ws/install/vesc/share/vesc/hook/cmake_prefix_path.sh'
[13.513s] Level 1:colcon.colcon_core.environment:checking '/home/orin_nano/f1tenth_ws/install/vesc/bin'
[13.513s] Level 1:colcon.colcon_core.environment:checking '/home/orin_nano/f1tenth_ws/install/vesc/lib/pkgconfig/vesc.pc'
[13.514s] Level 1:colcon.colcon_core.environment:checking '/home/orin_nano/f1tenth_ws/install/vesc/lib/python3.8/site-packages'
[13.514s] Level 1:colcon.colcon_core.environment:checking '/home/orin_nano/f1tenth_ws/install/vesc/bin'
[13.587s] INFO:colcon.colcon_core.shell:Creating package script '/home/orin_nano/f1tenth_ws/install/vesc/share/vesc/package.ps1'
[13.588s] INFO:colcon.colcon_core.shell:Creating package descriptor '/home/orin_nano/f1tenth_ws/install/vesc/share/vesc/package.dsv'
[13.589s] INFO:colcon.colcon_core.shell:Creating package script '/home/orin_nano/f1tenth_ws/install/vesc/share/vesc/package.sh'
[13.590s] INFO:colcon.colcon_core.shell:Creating package script '/home/orin_nano/f1tenth_ws/install/vesc/share/vesc/package.bash'
[13.591s] INFO:colcon.colcon_core.shell:Creating package script '/home/orin_nano/f1tenth_ws/install/vesc/share/vesc/package.zsh'
[13.591s] Level 1:colcon.colcon_core.environment:create_file_with_runtime_dependencies(/home/orin_nano/f1tenth_ws/install/vesc/share/colcon-core/packages/vesc)
[13.592s] DEBUG:colcon.colcon_parallel_executor.executor.parallel:closing loop
[13.593s] DEBUG:colcon.colcon_parallel_executor.executor.parallel:loop closed
[13.593s] DEBUG:colcon.colcon_parallel_executor.executor.parallel:run_until_complete finished with '0'
[13.593s] DEBUG:colcon.colcon_core.event_reactor:joining thread
[13.691s] INFO:colcon.colcon_core.plugin_system:Skipping extension 'colcon_notification.desktop_notification.terminal_notifier': Not used on non-Darwin systems
[13.692s] INFO:colcon.colcon_core.plugin_system:Skipping extension 'colcon_notification.desktop_notification.win32': Not used on non-Windows systems
[13.692s] INFO:colcon.colcon_notification.desktop_notification:Sending desktop notification using 'notify2'
[13.733s] DEBUG:colcon.colcon_core.event_reactor:joined thread
[13.807s] INFO:colcon.colcon_core.shell:Creating prefix script '/home/orin_nano/f1tenth_ws/install/local_setup.ps1'
[13.809s] INFO:colcon.colcon_core.shell:Creating prefix util module '/home/orin_nano/f1tenth_ws/install/_local_setup_util_ps1.py'
[13.811s] INFO:colcon.colcon_core.shell:Creating prefix chain script '/home/orin_nano/f1tenth_ws/install/setup.ps1'
[13.885s] INFO:colcon.colcon_core.shell:Creating prefix script '/home/orin_nano/f1tenth_ws/install/local_setup.sh'
[13.887s] INFO:colcon.colcon_core.shell:Creating prefix util module '/home/orin_nano/f1tenth_ws/install/_local_setup_util_sh.py'
[13.888s] INFO:colcon.colcon_core.shell:Creating prefix chain script '/home/orin_nano/f1tenth_ws/install/setup.sh'
[13.961s] INFO:colcon.colcon_core.shell:Creating prefix script '/home/orin_nano/f1tenth_ws/install/local_setup.bash'
[13.962s] INFO:colcon.colcon_core.shell:Creating prefix chain script '/home/orin_nano/f1tenth_ws/install/setup.bash'
[14.068s] INFO:colcon.colcon_core.shell:Creating prefix script '/home/orin_nano/f1tenth_ws/install/local_setup.zsh'
[14.070s] INFO:colcon.colcon_core.shell:Creating prefix chain script '/home/orin_nano/f1tenth_ws/install/setup.zsh'
