[1.315s] Invoking command in '/home/orin_nano/f1tenth_ws/build/vesc_msgs': CMAKE_PREFIX_PATH=${CMAKE_PREFIX_PATH}:/home/orin_nano/f1tenth_ws/install/f1_test:/opt/ros/foxy /usr/bin/cmake --build /home/orin_nano/f1tenth_ws/build/vesc_msgs -- -j6 -l6
[2.154s] [  1%] Built target vesc_msgs__cpp
[2.155s] [ 12%] Built target vesc_msgs__rosidl_generator_c
[2.156s] [ 34%] Built target vesc_msgs__rosidl_typesupport_introspection_cpp
[2.156s] [ 34%] Built target vesc_msgs__rosidl_typesupport_cpp
[2.156s] [ 45%] Built target vesc_msgs__rosidl_typesupport_introspection_c
[2.157s] [ 56%] Built target vesc_msgs__rosidl_typesupport_c
[2.157s] [ 67%] Built target vesc_msgs__rosidl_typesupport_fastrtps_cpp
[2.157s] [ 78%] Built target vesc_msgs__rosidl_typesupport_fastrtps_c
[2.158s] [ 78%] Built target vesc_msgs
[2.158s] [ 80%] Built target vesc_msgs__py
[2.158s] [ 89%] Built target vesc_msgs__python
[2.158s] [100%] Built target vesc_msgs__rosidl_typesupport_fastrtps_c__pyext
[2.159s] [100%] Built target vesc_msgs__rosidl_typesupport_c__pyext
[2.159s] [100%] Built target vesc_msgs__rosidl_typesupport_introspection_c__pyext
[2.168s] Invoked command in '/home/orin_nano/f1tenth_ws/build/vesc_msgs' returned '0': CMAKE_PREFIX_PATH=${CMAKE_PREFIX_PATH}:/home/orin_nano/f1tenth_ws/install/f1_test:/opt/ros/foxy /usr/bin/cmake --build /home/orin_nano/f1tenth_ws/build/vesc_msgs -- -j6 -l6
[2.571s] Invoking command in '/home/orin_nano/f1tenth_ws/build/vesc_msgs': CMAKE_PREFIX_PATH=${CMAKE_PREFIX_PATH}:/home/orin_nano/f1tenth_ws/install/f1_test:/opt/ros/foxy /usr/bin/cmake --install /home/orin_nano/f1tenth_ws/build/vesc_msgs
[2.594s] -- Install configuration: ""
[2.595s] -- Up-to-date: /home/orin_nano/f1tenth_ws/install/vesc_msgs/share/ament_index/resource_index/rosidl_interfaces/vesc_msgs
[2.595s] -- Up-to-date: /home/orin_nano/f1tenth_ws/install/vesc_msgs/include/vesc_msgs
[2.595s] -- Up-to-date: /home/orin_nano/f1tenth_ws/install/vesc_msgs/include/vesc_msgs/msg
[2.595s] -- Up-to-date: /home/orin_nano/f1tenth_ws/install/vesc_msgs/include/vesc_msgs/msg/vesc_imu.h
[2.595s] -- Up-to-date: /home/orin_nano/f1tenth_ws/install/vesc_msgs/include/vesc_msgs/msg/vesc_imu_stamped.h
[2.595s] -- Up-to-date: /home/orin_nano/f1tenth_ws/install/vesc_msgs/include/vesc_msgs/msg/detail
[2.596s] -- Up-to-date: /home/orin_nano/f1tenth_ws/install/vesc_msgs/include/vesc_msgs/msg/detail/vesc_state__struct.h
[2.596s] -- Up-to-date: /home/orin_nano/f1tenth_ws/install/vesc_msgs/include/vesc_msgs/msg/detail/vesc_state__type_support.h
[2.596s] -- Up-to-date: /home/orin_nano/f1tenth_ws/install/vesc_msgs/include/vesc_msgs/msg/detail/vesc_imu__functions.h
[2.596s] -- Up-to-date: /home/orin_nano/f1tenth_ws/install/vesc_msgs/include/vesc_msgs/msg/detail/vesc_state__functions.h
[2.597s] -- Up-to-date: /home/orin_nano/f1tenth_ws/install/vesc_msgs/include/vesc_msgs/msg/detail/vesc_imu_stamped__struct.h
[2.597s] -- Up-to-date: /home/orin_nano/f1tenth_ws/install/vesc_msgs/include/vesc_msgs/msg/detail/vesc_imu__struct.h
[2.597s] -- Up-to-date: /home/orin_nano/f1tenth_ws/install/vesc_msgs/include/vesc_msgs/msg/detail/vesc_imu_stamped__functions.c
[2.597s] -- Up-to-date: /home/orin_nano/f1tenth_ws/install/vesc_msgs/include/vesc_msgs/msg/detail/vesc_imu_stamped__type_support.h
[2.598s] -- Up-to-date: /home/orin_nano/f1tenth_ws/install/vesc_msgs/include/vesc_msgs/msg/detail/vesc_imu__type_support.h
[2.598s] -- Up-to-date: /home/orin_nano/f1tenth_ws/install/vesc_msgs/include/vesc_msgs/msg/detail/vesc_state__functions.c
[2.600s] -- Up-to-date: /home/orin_nano/f1tenth_ws/install/vesc_msgs/include/vesc_msgs/msg/detail/vesc_state_stamped__struct.h
[2.600s] -- Up-to-date: /home/orin_nano/f1tenth_ws/install/vesc_msgs/include/vesc_msgs/msg/detail/vesc_state_stamped__functions.c
[2.600s] -- Up-to-date: /home/orin_nano/f1tenth_ws/install/vesc_msgs/include/vesc_msgs/msg/detail/vesc_imu__functions.c
[2.601s] -- Up-to-date: /home/orin_nano/f1tenth_ws/install/vesc_msgs/include/vesc_msgs/msg/detail/vesc_state_stamped__functions.h
[2.601s] -- Up-to-date: /home/orin_nano/f1tenth_ws/install/vesc_msgs/include/vesc_msgs/msg/detail/vesc_imu_stamped__functions.h
[2.601s] -- Up-to-date: /home/orin_nano/f1tenth_ws/install/vesc_msgs/include/vesc_msgs/msg/detail/vesc_state_stamped__type_support.h
[2.602s] -- Up-to-date: /home/orin_nano/f1tenth_ws/install/vesc_msgs/include/vesc_msgs/msg/rosidl_generator_c__visibility_control.h
[2.602s] -- Up-to-date: /home/orin_nano/f1tenth_ws/install/vesc_msgs/include/vesc_msgs/msg/vesc_state.h
[2.602s] -- Up-to-date: /home/orin_nano/f1tenth_ws/install/vesc_msgs/include/vesc_msgs/msg/vesc_state_stamped.h
[2.603s] -- Up-to-date: /home/orin_nano/f1tenth_ws/install/vesc_msgs/share/vesc_msgs/environment/library_path.sh
[2.603s] -- Up-to-date: /home/orin_nano/f1tenth_ws/install/vesc_msgs/share/vesc_msgs/environment/library_path.dsv
[2.603s] -- Up-to-date: /home/orin_nano/f1tenth_ws/install/vesc_msgs/lib/libvesc_msgs__rosidl_generator_c.so
[2.603s] -- Up-to-date: /home/orin_nano/f1tenth_ws/install/vesc_msgs/include/vesc_msgs
[2.603s] -- Up-to-date: /home/orin_nano/f1tenth_ws/install/vesc_msgs/include/vesc_msgs/msg
[2.604s] -- Up-to-date: /home/orin_nano/f1tenth_ws/install/vesc_msgs/include/vesc_msgs/msg/rosidl_typesupport_fastrtps_c__visibility_control.h
[2.604s] -- Up-to-date: /home/orin_nano/f1tenth_ws/install/vesc_msgs/include/vesc_msgs/msg/detail
[2.605s] -- Up-to-date: /home/orin_nano/f1tenth_ws/install/vesc_msgs/include/vesc_msgs/msg/detail/vesc_state_stamped__rosidl_typesupport_fastrtps_c.h
[2.605s] -- Up-to-date: /home/orin_nano/f1tenth_ws/install/vesc_msgs/include/vesc_msgs/msg/detail/vesc_imu_stamped__rosidl_typesupport_fastrtps_c.h
[2.605s] -- Up-to-date: /home/orin_nano/f1tenth_ws/install/vesc_msgs/include/vesc_msgs/msg/detail/vesc_imu__rosidl_typesupport_fastrtps_c.h
[2.606s] -- Up-to-date: /home/orin_nano/f1tenth_ws/install/vesc_msgs/include/vesc_msgs/msg/detail/vesc_state__rosidl_typesupport_fastrtps_c.h
[2.606s] -- Up-to-date: /home/orin_nano/f1tenth_ws/install/vesc_msgs/lib/libvesc_msgs__rosidl_typesupport_fastrtps_c.so
[2.606s] -- Up-to-date: /home/orin_nano/f1tenth_ws/install/vesc_msgs/include/vesc_msgs
[2.606s] -- Up-to-date: /home/orin_nano/f1tenth_ws/install/vesc_msgs/include/vesc_msgs/msg
[2.607s] -- Up-to-date: /home/orin_nano/f1tenth_ws/install/vesc_msgs/include/vesc_msgs/msg/detail
[2.607s] -- Up-to-date: /home/orin_nano/f1tenth_ws/install/vesc_msgs/include/vesc_msgs/msg/detail/vesc_state__rosidl_typesupport_fastrtps_cpp.hpp
[2.607s] -- Up-to-date: /home/orin_nano/f1tenth_ws/install/vesc_msgs/include/vesc_msgs/msg/detail/dds_fastrtps
[2.608s] -- Up-to-date: /home/orin_nano/f1tenth_ws/install/vesc_msgs/include/vesc_msgs/msg/detail/vesc_state_stamped__rosidl_typesupport_fastrtps_cpp.hpp
[2.608s] -- Up-to-date: /home/orin_nano/f1tenth_ws/install/vesc_msgs/include/vesc_msgs/msg/detail/vesc_imu_stamped__rosidl_typesupport_fastrtps_cpp.hpp
[2.608s] -- Up-to-date: /home/orin_nano/f1tenth_ws/install/vesc_msgs/include/vesc_msgs/msg/detail/vesc_imu__rosidl_typesupport_fastrtps_cpp.hpp
[2.609s] -- Up-to-date: /home/orin_nano/f1tenth_ws/install/vesc_msgs/include/vesc_msgs/msg/rosidl_typesupport_fastrtps_cpp__visibility_control.h
[2.609s] -- Up-to-date: /home/orin_nano/f1tenth_ws/install/vesc_msgs/lib/libvesc_msgs__rosidl_typesupport_fastrtps_cpp.so
[2.609s] -- Up-to-date: /home/orin_nano/f1tenth_ws/install/vesc_msgs/include/vesc_msgs
[2.609s] -- Up-to-date: /home/orin_nano/f1tenth_ws/install/vesc_msgs/include/vesc_msgs/msg
[2.609s] -- Up-to-date: /home/orin_nano/f1tenth_ws/install/vesc_msgs/include/vesc_msgs/msg/detail
[2.609s] -- Up-to-date: /home/orin_nano/f1tenth_ws/install/vesc_msgs/include/vesc_msgs/msg/detail/vesc_imu__type_support.c
[2.610s] -- Up-to-date: /home/orin_nano/f1tenth_ws/install/vesc_msgs/include/vesc_msgs/msg/detail/vesc_state_stamped__rosidl_typesupport_introspection_c.h
[2.610s] -- Up-to-date: /home/orin_nano/f1tenth_ws/install/vesc_msgs/include/vesc_msgs/msg/detail/vesc_imu__rosidl_typesupport_introspection_c.h
[2.610s] -- Up-to-date: /home/orin_nano/f1tenth_ws/install/vesc_msgs/include/vesc_msgs/msg/detail/vesc_imu_stamped__type_support.c
[2.610s] -- Up-to-date: /home/orin_nano/f1tenth_ws/install/vesc_msgs/include/vesc_msgs/msg/detail/vesc_state__type_support.c
[2.613s] -- Up-to-date: /home/orin_nano/f1tenth_ws/install/vesc_msgs/include/vesc_msgs/msg/detail/vesc_state_stamped__type_support.c
[2.614s] -- Up-to-date: /home/orin_nano/f1tenth_ws/install/vesc_msgs/include/vesc_msgs/msg/detail/vesc_state__rosidl_typesupport_introspection_c.h
[2.615s] -- Up-to-date: /home/orin_nano/f1tenth_ws/install/vesc_msgs/include/vesc_msgs/msg/detail/vesc_imu_stamped__rosidl_typesupport_introspection_c.h
[2.615s] -- Up-to-date: /home/orin_nano/f1tenth_ws/install/vesc_msgs/include/vesc_msgs/msg/rosidl_typesupport_introspection_c__visibility_control.h
[2.615s] -- Up-to-date: /home/orin_nano/f1tenth_ws/install/vesc_msgs/lib/libvesc_msgs__rosidl_typesupport_introspection_c.so
[2.615s] -- Up-to-date: /home/orin_nano/f1tenth_ws/install/vesc_msgs/lib/libvesc_msgs__rosidl_typesupport_c.so
[2.616s] -- Up-to-date: /home/orin_nano/f1tenth_ws/install/vesc_msgs/include/vesc_msgs
[2.616s] -- Up-to-date: /home/orin_nano/f1tenth_ws/install/vesc_msgs/include/vesc_msgs/msg
[2.617s] -- Up-to-date: /home/orin_nano/f1tenth_ws/install/vesc_msgs/include/vesc_msgs/msg/vesc_state_stamped.hpp
[2.618s] -- Up-to-date: /home/orin_nano/f1tenth_ws/install/vesc_msgs/include/vesc_msgs/msg/rosidl_generator_cpp__visibility_control.hpp
[2.619s] -- Up-to-date: /home/orin_nano/f1tenth_ws/install/vesc_msgs/include/vesc_msgs/msg/vesc_imu_stamped.hpp
[2.620s] -- Up-to-date: /home/orin_nano/f1tenth_ws/install/vesc_msgs/include/vesc_msgs/msg/detail
[2.620s] -- Up-to-date: /home/orin_nano/f1tenth_ws/install/vesc_msgs/include/vesc_msgs/msg/detail/vesc_state__struct.hpp
[2.623s] -- Up-to-date: /home/orin_nano/f1tenth_ws/install/vesc_msgs/include/vesc_msgs/msg/detail/vesc_imu_stamped__builder.hpp
[2.623s] -- Up-to-date: /home/orin_nano/f1tenth_ws/install/vesc_msgs/include/vesc_msgs/msg/detail/vesc_state__traits.hpp
[2.624s] -- Up-to-date: /home/orin_nano/f1tenth_ws/install/vesc_msgs/include/vesc_msgs/msg/detail/vesc_state_stamped__builder.hpp
[2.625s] -- Up-to-date: /home/orin_nano/f1tenth_ws/install/vesc_msgs/include/vesc_msgs/msg/detail/vesc_imu__type_support.hpp
[2.625s] -- Up-to-date: /home/orin_nano/f1tenth_ws/install/vesc_msgs/include/vesc_msgs/msg/detail/vesc_imu__struct.hpp
[2.626s] -- Up-to-date: /home/orin_nano/f1tenth_ws/install/vesc_msgs/include/vesc_msgs/msg/detail/vesc_state__type_support.hpp
[2.628s] -- Up-to-date: /home/orin_nano/f1tenth_ws/install/vesc_msgs/include/vesc_msgs/msg/detail/vesc_imu_stamped__type_support.hpp
[2.628s] -- Up-to-date: /home/orin_nano/f1tenth_ws/install/vesc_msgs/include/vesc_msgs/msg/detail/vesc_state_stamped__struct.hpp
[2.629s] -- Up-to-date: /home/orin_nano/f1tenth_ws/install/vesc_msgs/include/vesc_msgs/msg/detail/vesc_imu__builder.hpp
[2.629s] -- Up-to-date: /home/orin_nano/f1tenth_ws/install/vesc_msgs/include/vesc_msgs/msg/detail/vesc_state_stamped__traits.hpp
[2.630s] -- Up-to-date: /home/orin_nano/f1tenth_ws/install/vesc_msgs/include/vesc_msgs/msg/detail/vesc_imu_stamped__struct.hpp
[2.631s] -- Up-to-date: /home/orin_nano/f1tenth_ws/install/vesc_msgs/include/vesc_msgs/msg/detail/vesc_imu_stamped__traits.hpp
[2.631s] -- Up-to-date: /home/orin_nano/f1tenth_ws/install/vesc_msgs/include/vesc_msgs/msg/detail/vesc_state__builder.hpp
[2.632s] -- Up-to-date: /home/orin_nano/f1tenth_ws/install/vesc_msgs/include/vesc_msgs/msg/detail/vesc_imu__traits.hpp
[2.632s] -- Up-to-date: /home/orin_nano/f1tenth_ws/install/vesc_msgs/include/vesc_msgs/msg/detail/vesc_state_stamped__type_support.hpp
[2.633s] -- Up-to-date: /home/orin_nano/f1tenth_ws/install/vesc_msgs/include/vesc_msgs/msg/vesc_imu.hpp
[2.633s] -- Up-to-date: /home/orin_nano/f1tenth_ws/install/vesc_msgs/include/vesc_msgs/msg/vesc_state.hpp
[2.634s] -- Up-to-date: /home/orin_nano/f1tenth_ws/install/vesc_msgs/include/vesc_msgs
[2.636s] -- Up-to-date: /home/orin_nano/f1tenth_ws/install/vesc_msgs/include/vesc_msgs/msg
[2.636s] -- Up-to-date: /home/orin_nano/f1tenth_ws/install/vesc_msgs/include/vesc_msgs/msg/detail
[2.637s] -- Up-to-date: /home/orin_nano/f1tenth_ws/install/vesc_msgs/include/vesc_msgs/msg/detail/vesc_imu__type_support.cpp
[2.637s] -- Up-to-date: /home/orin_nano/f1tenth_ws/install/vesc_msgs/include/vesc_msgs/msg/detail/vesc_state_stamped__rosidl_typesupport_introspection_cpp.hpp
[2.638s] -- Up-to-date: /home/orin_nano/f1tenth_ws/install/vesc_msgs/include/vesc_msgs/msg/detail/vesc_state__rosidl_typesupport_introspection_cpp.hpp
[2.638s] -- Up-to-date: /home/orin_nano/f1tenth_ws/install/vesc_msgs/include/vesc_msgs/msg/detail/vesc_imu_stamped__type_support.cpp
[2.639s] -- Up-to-date: /home/orin_nano/f1tenth_ws/install/vesc_msgs/include/vesc_msgs/msg/detail/vesc_imu_stamped__rosidl_typesupport_introspection_cpp.hpp
[2.640s] -- Up-to-date: /home/orin_nano/f1tenth_ws/install/vesc_msgs/include/vesc_msgs/msg/detail/vesc_imu__rosidl_typesupport_introspection_cpp.hpp
[2.640s] -- Up-to-date: /home/orin_nano/f1tenth_ws/install/vesc_msgs/include/vesc_msgs/msg/detail/vesc_state__type_support.cpp
[2.641s] -- Up-to-date: /home/orin_nano/f1tenth_ws/install/vesc_msgs/include/vesc_msgs/msg/detail/vesc_state_stamped__type_support.cpp
[2.641s] -- Up-to-date: /home/orin_nano/f1tenth_ws/install/vesc_msgs/lib/libvesc_msgs__rosidl_typesupport_introspection_cpp.so
[2.642s] -- Up-to-date: /home/orin_nano/f1tenth_ws/install/vesc_msgs/lib/libvesc_msgs__rosidl_typesupport_cpp.so
[2.642s] -- Up-to-date: /home/orin_nano/f1tenth_ws/install/vesc_msgs/share/vesc_msgs/environment/pythonpath.sh
[2.643s] -- Up-to-date: /home/orin_nano/f1tenth_ws/install/vesc_msgs/share/vesc_msgs/environment/pythonpath.dsv
[2.643s] -- Up-to-date: /home/orin_nano/f1tenth_ws/install/vesc_msgs/lib/python3.8/site-packages/vesc_msgs/__init__.py
[2.678s] -- Up-to-date: /home/orin_nano/f1tenth_ws/install/vesc_msgs/lib/python3.8/site-packages/vesc_msgs/msg
[2.680s] -- Up-to-date: /home/orin_nano/f1tenth_ws/install/vesc_msgs/lib/python3.8/site-packages/vesc_msgs/msg/_vesc_imu_stamped.py
[2.681s] -- Up-to-date: /home/orin_nano/f1tenth_ws/install/vesc_msgs/lib/python3.8/site-packages/vesc_msgs/msg/_vesc_state_stamped_s.c
[2.682s] -- Up-to-date: /home/orin_nano/f1tenth_ws/install/vesc_msgs/lib/python3.8/site-packages/vesc_msgs/msg/_vesc_state_s.c
[2.683s] -- Up-to-date: /home/orin_nano/f1tenth_ws/install/vesc_msgs/lib/python3.8/site-packages/vesc_msgs/msg/_vesc_state_stamped.py
[2.684s] -- Up-to-date: /home/orin_nano/f1tenth_ws/install/vesc_msgs/lib/python3.8/site-packages/vesc_msgs/msg/_vesc_imu.py
[2.685s] -- Up-to-date: /home/orin_nano/f1tenth_ws/install/vesc_msgs/lib/python3.8/site-packages/vesc_msgs/msg/_vesc_imu_stamped_s.c
[2.686s] -- Up-to-date: /home/orin_nano/f1tenth_ws/install/vesc_msgs/lib/python3.8/site-packages/vesc_msgs/msg/_vesc_state.py
[2.686s] -- Up-to-date: /home/orin_nano/f1tenth_ws/install/vesc_msgs/lib/python3.8/site-packages/vesc_msgs/msg/_vesc_imu_s.c
[2.687s] -- Up-to-date: /home/orin_nano/f1tenth_ws/install/vesc_msgs/lib/python3.8/site-packages/vesc_msgs/msg/__init__.py
[2.688s] -- Up-to-date: /home/orin_nano/f1tenth_ws/install/vesc_msgs/lib/python3.8/site-packages/vesc_msgs/vesc_msgs_s__rosidl_typesupport_fastrtps_c.cpython-38-aarch64-linux-gnu.so
[2.689s] -- Up-to-date: /home/orin_nano/f1tenth_ws/install/vesc_msgs/lib/python3.8/site-packages/vesc_msgs/vesc_msgs_s__rosidl_typesupport_introspection_c.cpython-38-aarch64-linux-gnu.so
[2.689s] -- Up-to-date: /home/orin_nano/f1tenth_ws/install/vesc_msgs/lib/python3.8/site-packages/vesc_msgs/vesc_msgs_s__rosidl_typesupport_c.cpython-38-aarch64-linux-gnu.so
[2.690s] -- Up-to-date: /home/orin_nano/f1tenth_ws/install/vesc_msgs/lib/libvesc_msgs__python.so
[2.691s] -- Up-to-date: /home/orin_nano/f1tenth_ws/install/vesc_msgs/share/vesc_msgs/msg/VescState.idl
[2.692s] -- Up-to-date: /home/orin_nano/f1tenth_ws/install/vesc_msgs/share/vesc_msgs/msg/VescStateStamped.idl
[2.692s] -- Up-to-date: /home/orin_nano/f1tenth_ws/install/vesc_msgs/share/vesc_msgs/msg/VescImu.idl
[2.693s] -- Up-to-date: /home/orin_nano/f1tenth_ws/install/vesc_msgs/share/vesc_msgs/msg/VescImuStamped.idl
[2.694s] -- Up-to-date: /home/orin_nano/f1tenth_ws/install/vesc_msgs/share/vesc_msgs/msg/VescState.msg
[2.695s] -- Up-to-date: /home/orin_nano/f1tenth_ws/install/vesc_msgs/share/vesc_msgs/msg/VescStateStamped.msg
[2.696s] -- Up-to-date: /home/orin_nano/f1tenth_ws/install/vesc_msgs/share/vesc_msgs/msg/VescImu.msg
[2.696s] -- Up-to-date: /home/orin_nano/f1tenth_ws/install/vesc_msgs/share/vesc_msgs/msg/VescImuStamped.msg
[2.697s] -- Up-to-date: /home/orin_nano/f1tenth_ws/install/vesc_msgs/share/ament_index/resource_index/package_run_dependencies/vesc_msgs
[2.698s] -- Up-to-date: /home/orin_nano/f1tenth_ws/install/vesc_msgs/share/ament_index/resource_index/parent_prefix_path/vesc_msgs
[2.698s] -- Up-to-date: /home/orin_nano/f1tenth_ws/install/vesc_msgs/share/vesc_msgs/environment/ament_prefix_path.sh
[2.699s] -- Up-to-date: /home/orin_nano/f1tenth_ws/install/vesc_msgs/share/vesc_msgs/environment/ament_prefix_path.dsv
[2.700s] -- Up-to-date: /home/orin_nano/f1tenth_ws/install/vesc_msgs/share/vesc_msgs/environment/path.sh
[2.701s] -- Up-to-date: /home/orin_nano/f1tenth_ws/install/vesc_msgs/share/vesc_msgs/environment/path.dsv
[2.702s] -- Up-to-date: /home/orin_nano/f1tenth_ws/install/vesc_msgs/share/vesc_msgs/local_setup.bash
[2.703s] -- Up-to-date: /home/orin_nano/f1tenth_ws/install/vesc_msgs/share/vesc_msgs/local_setup.sh
[2.705s] -- Up-to-date: /home/orin_nano/f1tenth_ws/install/vesc_msgs/share/vesc_msgs/local_setup.zsh
[2.706s] -- Up-to-date: /home/orin_nano/f1tenth_ws/install/vesc_msgs/share/vesc_msgs/local_setup.dsv
[2.707s] -- Installing: /home/orin_nano/f1tenth_ws/install/vesc_msgs/share/vesc_msgs/package.dsv
[2.708s] -- Up-to-date: /home/orin_nano/f1tenth_ws/install/vesc_msgs/share/ament_index/resource_index/packages/vesc_msgs
[2.709s] -- Up-to-date: /home/orin_nano/f1tenth_ws/install/vesc_msgs/share/vesc_msgs/cmake/vesc_msgs__rosidl_generator_cExport.cmake
[2.710s] -- Up-to-date: /home/orin_nano/f1tenth_ws/install/vesc_msgs/share/vesc_msgs/cmake/vesc_msgs__rosidl_generator_cExport-noconfig.cmake
[2.711s] -- Up-to-date: /home/orin_nano/f1tenth_ws/install/vesc_msgs/share/vesc_msgs/cmake/vesc_msgs__rosidl_typesupport_introspection_cExport.cmake
[2.712s] -- Up-to-date: /home/orin_nano/f1tenth_ws/install/vesc_msgs/share/vesc_msgs/cmake/vesc_msgs__rosidl_typesupport_introspection_cExport-noconfig.cmake
[2.713s] -- Up-to-date: /home/orin_nano/f1tenth_ws/install/vesc_msgs/share/vesc_msgs/cmake/vesc_msgs__rosidl_typesupport_cExport.cmake
[2.714s] -- Up-to-date: /home/orin_nano/f1tenth_ws/install/vesc_msgs/share/vesc_msgs/cmake/vesc_msgs__rosidl_typesupport_cExport-noconfig.cmake
[2.716s] -- Up-to-date: /home/orin_nano/f1tenth_ws/install/vesc_msgs/share/vesc_msgs/cmake/vesc_msgs__rosidl_generator_cppExport.cmake
[2.716s] -- Up-to-date: /home/orin_nano/f1tenth_ws/install/vesc_msgs/share/vesc_msgs/cmake/vesc_msgs__rosidl_typesupport_introspection_cppExport.cmake
[2.717s] -- Up-to-date: /home/orin_nano/f1tenth_ws/install/vesc_msgs/share/vesc_msgs/cmake/vesc_msgs__rosidl_typesupport_introspection_cppExport-noconfig.cmake
[2.717s] -- Up-to-date: /home/orin_nano/f1tenth_ws/install/vesc_msgs/share/vesc_msgs/cmake/vesc_msgs__rosidl_typesupport_cppExport.cmake
[2.717s] -- Up-to-date: /home/orin_nano/f1tenth_ws/install/vesc_msgs/share/vesc_msgs/cmake/vesc_msgs__rosidl_typesupport_cppExport-noconfig.cmake
[2.718s] -- Up-to-date: /home/orin_nano/f1tenth_ws/install/vesc_msgs/share/vesc_msgs/cmake/rosidl_cmake-extras.cmake
[2.718s] -- Up-to-date: /home/orin_nano/f1tenth_ws/install/vesc_msgs/share/vesc_msgs/cmake/ament_cmake_export_dependencies-extras.cmake
[2.718s] -- Up-to-date: /home/orin_nano/f1tenth_ws/install/vesc_msgs/share/vesc_msgs/cmake/ament_cmake_export_libraries-extras.cmake
[2.719s] -- Up-to-date: /home/orin_nano/f1tenth_ws/install/vesc_msgs/share/vesc_msgs/cmake/ament_cmake_export_targets-extras.cmake
[2.719s] -- Up-to-date: /home/orin_nano/f1tenth_ws/install/vesc_msgs/share/vesc_msgs/cmake/ament_cmake_export_include_directories-extras.cmake
[2.719s] -- Up-to-date: /home/orin_nano/f1tenth_ws/install/vesc_msgs/share/vesc_msgs/cmake/rosidl_cmake_export_typesupport_libraries-extras.cmake
[2.720s] -- Up-to-date: /home/orin_nano/f1tenth_ws/install/vesc_msgs/share/vesc_msgs/cmake/rosidl_cmake_export_typesupport_targets-extras.cmake
[2.720s] -- Up-to-date: /home/orin_nano/f1tenth_ws/install/vesc_msgs/share/vesc_msgs/cmake/vesc_msgsConfig.cmake
[2.720s] -- Up-to-date: /home/orin_nano/f1tenth_ws/install/vesc_msgs/share/vesc_msgs/cmake/vesc_msgsConfig-version.cmake
[2.721s] -- Up-to-date: /home/orin_nano/f1tenth_ws/install/vesc_msgs/share/vesc_msgs/package.xml
[2.972s] Invoked command in '/home/orin_nano/f1tenth_ws/build/vesc_msgs' returned '0': CMAKE_PREFIX_PATH=${CMAKE_PREFIX_PATH}:/home/orin_nano/f1tenth_ws/install/f1_test:/opt/ros/foxy /usr/bin/cmake --install /home/orin_nano/f1tenth_ws/build/vesc_msgs
