[4.306s] DEBUG:colcon:Command line arguments: ['/usr/bin/colcon', 'build']
[4.306s] DEBUG:colcon:Parsed command line arguments: Namespace(allow_overriding=[], ament_cmake_args=None, base_paths=['.'], build_base='build', catkin_cmake_args=None, catkin_skip_building_tests=False, cmake_args=None, cmake_clean_cache=False, cmake_clean_first=False, cmake_force_configure=False, cmake_target=None, cmake_target_skip_unavailable=False, continue_on_error=False, event_handlers=None, executor='parallel', ignore_user_meta=False, install_base='install', log_base=None, log_level=None, main=<bound method BuildVerb.main of <colcon_core.verb.build.BuildVerb object at 0xffff7e25c370>>, merge_install=False, metas=['./colcon.meta'], packages_above=None, packages_above_and_dependencies=None, packages_above_depth=None, packages_end=None, packages_ignore=None, packages_ignore_regex=None, packages_select=None, packages_select_build_failed=False, packages_select_by_dep=None, packages_select_regex=None, packages_select_test_failures=False, packages_skip=None, packages_skip_build_finished=False, packages_skip_by_dep=None, packages_skip_regex=None, packages_skip_test_passed=False, packages_skip_up_to=None, packages_start=None, packages_up_to=None, packages_up_to_regex=None, parallel_workers=6, paths=None, symlink_install=False, test_result_base=None, verb_extension=<colcon_core.verb.build.BuildVerb object at 0xffff7e25c370>, verb_name='build', verb_parser=<colcon_defaults.argument_parser.defaults.DefaultArgumentsDecorator object at 0xffff7e0ac730>)
[4.528s] Level 1:colcon.colcon_core.package_discovery:discover_packages(colcon_meta) check parameters
[4.529s] Level 1:colcon.colcon_core.package_discovery:discover_packages(recursive) check parameters
[4.529s] Level 1:colcon.colcon_core.package_discovery:discover_packages(ignore) check parameters
[4.529s] Level 1:colcon.colcon_core.package_discovery:discover_packages(path) check parameters
[4.529s] Level 1:colcon.colcon_core.package_discovery:discover_packages(colcon_meta) discover
[4.529s] Level 1:colcon.colcon_core.package_discovery:discover_packages(recursive) discover
[4.529s] INFO:colcon.colcon_core.package_discovery:Crawling recursively for packages in '/home/orin_nano/f1tenth_ws'
[4.530s] Level 1:colcon.colcon_core.package_identification:_identify(.) by extensions ['ignore', 'ignore_ament_install']
[4.530s] Level 1:colcon.colcon_core.package_identification:_identify(.) by extension 'ignore'
[4.530s] Level 1:colcon.colcon_core.package_identification:_identify(.) by extension 'ignore_ament_install'
[4.530s] Level 1:colcon.colcon_core.package_identification:_identify(.) by extensions ['colcon_pkg']
[4.530s] Level 1:colcon.colcon_core.package_identification:_identify(.) by extension 'colcon_pkg'
[4.530s] Level 1:colcon.colcon_core.package_identification:_identify(.) by extensions ['colcon_meta']
[4.530s] Level 1:colcon.colcon_core.package_identification:_identify(.) by extension 'colcon_meta'
[4.530s] Level 1:colcon.colcon_core.package_identification:_identify(.) by extensions ['ros']
[4.531s] Level 1:colcon.colcon_core.package_identification:_identify(.) by extension 'ros'
[4.555s] Level 1:colcon.colcon_core.package_identification:_identify(.) by extensions ['cmake', 'python']
[4.555s] Level 1:colcon.colcon_core.package_identification:_identify(.) by extension 'cmake'
[4.555s] Level 1:colcon.colcon_core.package_identification:_identify(.) by extension 'python'
[4.555s] Level 1:colcon.colcon_core.package_identification:_identify(.) by extensions ['python_setup_py']
[4.555s] Level 1:colcon.colcon_core.package_identification:_identify(.) by extension 'python_setup_py'
[4.556s] Level 1:colcon.colcon_core.package_identification:_identify(build) by extensions ['ignore', 'ignore_ament_install']
[4.556s] Level 1:colcon.colcon_core.package_identification:_identify(build) by extension 'ignore'
[4.556s] Level 1:colcon.colcon_core.package_identification:_identify(build) ignored
[4.556s] Level 1:colcon.colcon_core.package_identification:_identify(install) by extensions ['ignore', 'ignore_ament_install']
[4.556s] Level 1:colcon.colcon_core.package_identification:_identify(install) by extension 'ignore'
[4.556s] Level 1:colcon.colcon_core.package_identification:_identify(install) ignored
[4.557s] Level 1:colcon.colcon_core.package_identification:_identify(log) by extensions ['ignore', 'ignore_ament_install']
[4.557s] Level 1:colcon.colcon_core.package_identification:_identify(log) by extension 'ignore'
[4.557s] Level 1:colcon.colcon_core.package_identification:_identify(log) ignored
[4.557s] Level 1:colcon.colcon_core.package_identification:_identify(src) by extensions ['ignore', 'ignore_ament_install']
[4.557s] Level 1:colcon.colcon_core.package_identification:_identify(src) by extension 'ignore'
[4.557s] Level 1:colcon.colcon_core.package_identification:_identify(src) by extension 'ignore_ament_install'
[4.558s] Level 1:colcon.colcon_core.package_identification:_identify(src) by extensions ['colcon_pkg']
[4.558s] Level 1:colcon.colcon_core.package_identification:_identify(src) by extension 'colcon_pkg'
[4.558s] Level 1:colcon.colcon_core.package_identification:_identify(src) by extensions ['colcon_meta']
[4.558s] Level 1:colcon.colcon_core.package_identification:_identify(src) by extension 'colcon_meta'
[4.558s] Level 1:colcon.colcon_core.package_identification:_identify(src) by extensions ['ros']
[4.558s] Level 1:colcon.colcon_core.package_identification:_identify(src) by extension 'ros'
[4.558s] Level 1:colcon.colcon_core.package_identification:_identify(src) by extensions ['cmake', 'python']
[4.558s] Level 1:colcon.colcon_core.package_identification:_identify(src) by extension 'cmake'
[4.558s] Level 1:colcon.colcon_core.package_identification:_identify(src) by extension 'python'
[4.558s] Level 1:colcon.colcon_core.package_identification:_identify(src) by extensions ['python_setup_py']
[4.559s] Level 1:colcon.colcon_core.package_identification:_identify(src) by extension 'python_setup_py'
[4.559s] Level 1:colcon.colcon_core.package_identification:_identify(src/combine_pkg) by extensions ['ignore', 'ignore_ament_install']
[4.559s] Level 1:colcon.colcon_core.package_identification:_identify(src/combine_pkg) by extension 'ignore'
[4.559s] Level 1:colcon.colcon_core.package_identification:_identify(src/combine_pkg) by extension 'ignore_ament_install'
[4.559s] Level 1:colcon.colcon_core.package_identification:_identify(src/combine_pkg) by extensions ['colcon_pkg']
[4.559s] Level 1:colcon.colcon_core.package_identification:_identify(src/combine_pkg) by extension 'colcon_pkg'
[4.560s] Level 1:colcon.colcon_core.package_identification:_identify(src/combine_pkg) by extensions ['colcon_meta']
[4.560s] Level 1:colcon.colcon_core.package_identification:_identify(src/combine_pkg) by extension 'colcon_meta'
[4.560s] Level 1:colcon.colcon_core.package_identification:_identify(src/combine_pkg) by extensions ['ros']
[4.560s] Level 1:colcon.colcon_core.package_identification:_identify(src/combine_pkg) by extension 'ros'
[4.567s] DEBUG:colcon.colcon_core.package_identification:Package 'src/combine_pkg' with type 'ros.ament_cmake' and name 'combine_pkg'
[4.567s] Level 1:colcon.colcon_core.package_identification:_identify(src/f1_test) by extensions ['ignore', 'ignore_ament_install']
[4.567s] Level 1:colcon.colcon_core.package_identification:_identify(src/f1_test) by extension 'ignore'
[4.568s] Level 1:colcon.colcon_core.package_identification:_identify(src/f1_test) by extension 'ignore_ament_install'
[4.568s] Level 1:colcon.colcon_core.package_identification:_identify(src/f1_test) by extensions ['colcon_pkg']
[4.568s] Level 1:colcon.colcon_core.package_identification:_identify(src/f1_test) by extension 'colcon_pkg'
[4.568s] Level 1:colcon.colcon_core.package_identification:_identify(src/f1_test) by extensions ['colcon_meta']
[4.568s] Level 1:colcon.colcon_core.package_identification:_identify(src/f1_test) by extension 'colcon_meta'
[4.568s] Level 1:colcon.colcon_core.package_identification:_identify(src/f1_test) by extensions ['ros']
[4.568s] Level 1:colcon.colcon_core.package_identification:_identify(src/f1_test) by extension 'ros'
[4.569s] DEBUG:colcon.colcon_core.package_identification:Package 'src/f1_test' with type 'ros.ament_python' and name 'f1_test'
[4.570s] Level 1:colcon.colcon_core.package_identification:_identify(src/urg_node2) by extensions ['ignore', 'ignore_ament_install']
[4.570s] Level 1:colcon.colcon_core.package_identification:_identify(src/urg_node2) by extension 'ignore'
[4.570s] Level 1:colcon.colcon_core.package_identification:_identify(src/urg_node2) by extension 'ignore_ament_install'
[4.570s] Level 1:colcon.colcon_core.package_identification:_identify(src/urg_node2) by extensions ['colcon_pkg']
[4.570s] Level 1:colcon.colcon_core.package_identification:_identify(src/urg_node2) by extension 'colcon_pkg'
[4.570s] Level 1:colcon.colcon_core.package_identification:_identify(src/urg_node2) by extensions ['colcon_meta']
[4.570s] Level 1:colcon.colcon_core.package_identification:_identify(src/urg_node2) by extension 'colcon_meta'
[4.571s] Level 1:colcon.colcon_core.package_identification:_identify(src/urg_node2) by extensions ['ros']
[4.571s] Level 1:colcon.colcon_core.package_identification:_identify(src/urg_node2) by extension 'ros'
[4.573s] DEBUG:colcon.colcon_core.package_identification:Package 'src/urg_node2' with type 'ros.ament_cmake' and name 'urg_node2'
[4.573s] Level 1:colcon.colcon_core.package_identification:_identify(src/vesc) by extensions ['ignore', 'ignore_ament_install']
[4.573s] Level 1:colcon.colcon_core.package_identification:_identify(src/vesc) by extension 'ignore'
[4.573s] Level 1:colcon.colcon_core.package_identification:_identify(src/vesc) by extension 'ignore_ament_install'
[4.573s] Level 1:colcon.colcon_core.package_identification:_identify(src/vesc) by extensions ['colcon_pkg']
[4.573s] Level 1:colcon.colcon_core.package_identification:_identify(src/vesc) by extension 'colcon_pkg'
[4.574s] Level 1:colcon.colcon_core.package_identification:_identify(src/vesc) by extensions ['colcon_meta']
[4.574s] Level 1:colcon.colcon_core.package_identification:_identify(src/vesc) by extension 'colcon_meta'
[4.574s] Level 1:colcon.colcon_core.package_identification:_identify(src/vesc) by extensions ['ros']
[4.574s] Level 1:colcon.colcon_core.package_identification:_identify(src/vesc) by extension 'ros'
[4.574s] Level 1:colcon.colcon_core.package_identification:_identify(src/vesc) by extensions ['cmake', 'python']
[4.574s] Level 1:colcon.colcon_core.package_identification:_identify(src/vesc) by extension 'cmake'
[4.574s] Level 1:colcon.colcon_core.package_identification:_identify(src/vesc) by extension 'python'
[4.574s] Level 1:colcon.colcon_core.package_identification:_identify(src/vesc) by extensions ['python_setup_py']
[4.574s] Level 1:colcon.colcon_core.package_identification:_identify(src/vesc) by extension 'python_setup_py'
[4.575s] Level 1:colcon.colcon_core.package_identification:_identify(src/vesc/vesc) by extensions ['ignore', 'ignore_ament_install']
[4.575s] Level 1:colcon.colcon_core.package_identification:_identify(src/vesc/vesc) by extension 'ignore'
[4.575s] Level 1:colcon.colcon_core.package_identification:_identify(src/vesc/vesc) by extension 'ignore_ament_install'
[4.575s] Level 1:colcon.colcon_core.package_identification:_identify(src/vesc/vesc) by extensions ['colcon_pkg']
[4.575s] Level 1:colcon.colcon_core.package_identification:_identify(src/vesc/vesc) by extension 'colcon_pkg'
[4.575s] Level 1:colcon.colcon_core.package_identification:_identify(src/vesc/vesc) by extensions ['colcon_meta']
[4.575s] Level 1:colcon.colcon_core.package_identification:_identify(src/vesc/vesc) by extension 'colcon_meta'
[4.576s] Level 1:colcon.colcon_core.package_identification:_identify(src/vesc/vesc) by extensions ['ros']
[4.576s] Level 1:colcon.colcon_core.package_identification:_identify(src/vesc/vesc) by extension 'ros'
[4.577s] DEBUG:colcon.colcon_core.package_identification:Package 'src/vesc/vesc' with type 'ros.ament_cmake' and name 'vesc'
[4.577s] Level 1:colcon.colcon_core.package_identification:_identify(src/vesc/vesc_ackermann) by extensions ['ignore', 'ignore_ament_install']
[4.577s] Level 1:colcon.colcon_core.package_identification:_identify(src/vesc/vesc_ackermann) by extension 'ignore'
[4.577s] Level 1:colcon.colcon_core.package_identification:_identify(src/vesc/vesc_ackermann) by extension 'ignore_ament_install'
[4.578s] Level 1:colcon.colcon_core.package_identification:_identify(src/vesc/vesc_ackermann) by extensions ['colcon_pkg']
[4.578s] Level 1:colcon.colcon_core.package_identification:_identify(src/vesc/vesc_ackermann) by extension 'colcon_pkg'
[4.578s] Level 1:colcon.colcon_core.package_identification:_identify(src/vesc/vesc_ackermann) by extensions ['colcon_meta']
[4.578s] Level 1:colcon.colcon_core.package_identification:_identify(src/vesc/vesc_ackermann) by extension 'colcon_meta'
[4.578s] Level 1:colcon.colcon_core.package_identification:_identify(src/vesc/vesc_ackermann) by extensions ['ros']
[4.578s] Level 1:colcon.colcon_core.package_identification:_identify(src/vesc/vesc_ackermann) by extension 'ros'
[4.580s] DEBUG:colcon.colcon_core.package_identification:Package 'src/vesc/vesc_ackermann' with type 'ros.ament_cmake' and name 'vesc_ackermann'
[4.581s] Level 1:colcon.colcon_core.package_identification:_identify(src/vesc/vesc_driver) by extensions ['ignore', 'ignore_ament_install']
[4.581s] Level 1:colcon.colcon_core.package_identification:_identify(src/vesc/vesc_driver) by extension 'ignore'
[4.581s] Level 1:colcon.colcon_core.package_identification:_identify(src/vesc/vesc_driver) by extension 'ignore_ament_install'
[4.581s] Level 1:colcon.colcon_core.package_identification:_identify(src/vesc/vesc_driver) by extensions ['colcon_pkg']
[4.581s] Level 1:colcon.colcon_core.package_identification:_identify(src/vesc/vesc_driver) by extension 'colcon_pkg'
[4.581s] Level 1:colcon.colcon_core.package_identification:_identify(src/vesc/vesc_driver) by extensions ['colcon_meta']
[4.581s] Level 1:colcon.colcon_core.package_identification:_identify(src/vesc/vesc_driver) by extension 'colcon_meta'
[4.582s] Level 1:colcon.colcon_core.package_identification:_identify(src/vesc/vesc_driver) by extensions ['ros']
[4.582s] Level 1:colcon.colcon_core.package_identification:_identify(src/vesc/vesc_driver) by extension 'ros'
[4.584s] DEBUG:colcon.colcon_core.package_identification:Package 'src/vesc/vesc_driver' with type 'ros.ament_cmake' and name 'vesc_driver'
[4.584s] Level 1:colcon.colcon_core.package_identification:_identify(src/vesc/vesc_msgs) by extensions ['ignore', 'ignore_ament_install']
[4.584s] Level 1:colcon.colcon_core.package_identification:_identify(src/vesc/vesc_msgs) by extension 'ignore'
[4.584s] Level 1:colcon.colcon_core.package_identification:_identify(src/vesc/vesc_msgs) by extension 'ignore_ament_install'
[4.585s] Level 1:colcon.colcon_core.package_identification:_identify(src/vesc/vesc_msgs) by extensions ['colcon_pkg']
[4.585s] Level 1:colcon.colcon_core.package_identification:_identify(src/vesc/vesc_msgs) by extension 'colcon_pkg'
[4.585s] Level 1:colcon.colcon_core.package_identification:_identify(src/vesc/vesc_msgs) by extensions ['colcon_meta']
[4.585s] Level 1:colcon.colcon_core.package_identification:_identify(src/vesc/vesc_msgs) by extension 'colcon_meta'
[4.585s] Level 1:colcon.colcon_core.package_identification:_identify(src/vesc/vesc_msgs) by extensions ['ros']
[4.585s] Level 1:colcon.colcon_core.package_identification:_identify(src/vesc/vesc_msgs) by extension 'ros'
[4.587s] DEBUG:colcon.colcon_core.package_identification:Package 'src/vesc/vesc_msgs' with type 'ros.ament_cmake' and name 'vesc_msgs'
[4.587s] Level 1:colcon.colcon_core.package_discovery:discover_packages(recursive) using defaults
[4.587s] Level 1:colcon.colcon_core.package_discovery:discover_packages(ignore) discover
[4.587s] Level 1:colcon.colcon_core.package_discovery:discover_packages(ignore) using defaults
[4.587s] Level 1:colcon.colcon_core.package_discovery:discover_packages(path) discover
[4.587s] Level 1:colcon.colcon_core.package_discovery:discover_packages(path) using defaults
[4.980s] Level 1:colcon.colcon_core.package_discovery:discover_packages(prefix_path) check parameters
[4.981s] Level 1:colcon.colcon_core.package_discovery:discover_packages(prefix_path) discover
[5.127s] DEBUG:colcon.colcon_installed_package_information.package_discovery:Found 7 installed packages in /home/orin_nano/f1tenth_ws/install
[5.198s] DEBUG:colcon.colcon_installed_package_information.package_discovery:Found 262 installed packages in /opt/ros/foxy
[5.201s] Level 1:colcon.colcon_core.package_discovery:discover_packages(prefix_path) using defaults
[5.523s] Level 5:colcon.colcon_core.verb:set package 'combine_pkg' build argument 'cmake_args' from command line to 'None'
[5.523s] Level 5:colcon.colcon_core.verb:set package 'combine_pkg' build argument 'cmake_target' from command line to 'None'
[5.524s] Level 5:colcon.colcon_core.verb:set package 'combine_pkg' build argument 'cmake_target_skip_unavailable' from command line to 'False'
[5.524s] Level 5:colcon.colcon_core.verb:set package 'combine_pkg' build argument 'cmake_clean_cache' from command line to 'False'
[5.524s] Level 5:colcon.colcon_core.verb:set package 'combine_pkg' build argument 'cmake_clean_first' from command line to 'False'
[5.524s] Level 5:colcon.colcon_core.verb:set package 'combine_pkg' build argument 'cmake_force_configure' from command line to 'False'
[5.524s] Level 5:colcon.colcon_core.verb:set package 'combine_pkg' build argument 'ament_cmake_args' from command line to 'None'
[5.524s] Level 5:colcon.colcon_core.verb:set package 'combine_pkg' build argument 'catkin_cmake_args' from command line to 'None'
[5.524s] Level 5:colcon.colcon_core.verb:set package 'combine_pkg' build argument 'catkin_skip_building_tests' from command line to 'False'
[5.524s] DEBUG:colcon.colcon_core.verb:Building package 'combine_pkg' with the following arguments: {'ament_cmake_args': None, 'build_base': '/home/orin_nano/f1tenth_ws/build/combine_pkg', 'catkin_cmake_args': None, 'catkin_skip_building_tests': False, 'cmake_args': None, 'cmake_clean_cache': False, 'cmake_clean_first': False, 'cmake_force_configure': False, 'cmake_target': None, 'cmake_target_skip_unavailable': False, 'install_base': '/home/orin_nano/f1tenth_ws/install/combine_pkg', 'merge_install': False, 'path': '/home/orin_nano/f1tenth_ws/src/combine_pkg', 'symlink_install': False, 'test_result_base': None}
[5.595s] Level 5:colcon.colcon_core.verb:set package 'f1_test' build argument 'cmake_args' from command line to 'None'
[5.595s] Level 5:colcon.colcon_core.verb:set package 'f1_test' build argument 'cmake_target' from command line to 'None'
[5.595s] Level 5:colcon.colcon_core.verb:set package 'f1_test' build argument 'cmake_target_skip_unavailable' from command line to 'False'
[5.595s] Level 5:colcon.colcon_core.verb:set package 'f1_test' build argument 'cmake_clean_cache' from command line to 'False'
[5.595s] Level 5:colcon.colcon_core.verb:set package 'f1_test' build argument 'cmake_clean_first' from command line to 'False'
[5.596s] Level 5:colcon.colcon_core.verb:set package 'f1_test' build argument 'cmake_force_configure' from command line to 'False'
[5.596s] Level 5:colcon.colcon_core.verb:set package 'f1_test' build argument 'ament_cmake_args' from command line to 'None'
[5.596s] Level 5:colcon.colcon_core.verb:set package 'f1_test' build argument 'catkin_cmake_args' from command line to 'None'
[5.596s] Level 5:colcon.colcon_core.verb:set package 'f1_test' build argument 'catkin_skip_building_tests' from command line to 'False'
[5.596s] DEBUG:colcon.colcon_core.verb:Building package 'f1_test' with the following arguments: {'ament_cmake_args': None, 'build_base': '/home/orin_nano/f1tenth_ws/build/f1_test', 'catkin_cmake_args': None, 'catkin_skip_building_tests': False, 'cmake_args': None, 'cmake_clean_cache': False, 'cmake_clean_first': False, 'cmake_force_configure': False, 'cmake_target': None, 'cmake_target_skip_unavailable': False, 'install_base': '/home/orin_nano/f1tenth_ws/install/f1_test', 'merge_install': False, 'path': '/home/orin_nano/f1tenth_ws/src/f1_test', 'symlink_install': False, 'test_result_base': None}
[5.667s] Level 5:colcon.colcon_core.verb:set package 'urg_node2' build argument 'cmake_args' from command line to 'None'
[5.667s] Level 5:colcon.colcon_core.verb:set package 'urg_node2' build argument 'cmake_target' from command line to 'None'
[5.667s] Level 5:colcon.colcon_core.verb:set package 'urg_node2' build argument 'cmake_target_skip_unavailable' from command line to 'False'
[5.667s] Level 5:colcon.colcon_core.verb:set package 'urg_node2' build argument 'cmake_clean_cache' from command line to 'False'
[5.667s] Level 5:colcon.colcon_core.verb:set package 'urg_node2' build argument 'cmake_clean_first' from command line to 'False'
[5.667s] Level 5:colcon.colcon_core.verb:set package 'urg_node2' build argument 'cmake_force_configure' from command line to 'False'
[5.667s] Level 5:colcon.colcon_core.verb:set package 'urg_node2' build argument 'ament_cmake_args' from command line to 'None'
[5.667s] Level 5:colcon.colcon_core.verb:set package 'urg_node2' build argument 'catkin_cmake_args' from command line to 'None'
[5.667s] Level 5:colcon.colcon_core.verb:set package 'urg_node2' build argument 'catkin_skip_building_tests' from command line to 'False'
[5.667s] DEBUG:colcon.colcon_core.verb:Building package 'urg_node2' with the following arguments: {'ament_cmake_args': None, 'build_base': '/home/orin_nano/f1tenth_ws/build/urg_node2', 'catkin_cmake_args': None, 'catkin_skip_building_tests': False, 'cmake_args': None, 'cmake_clean_cache': False, 'cmake_clean_first': False, 'cmake_force_configure': False, 'cmake_target': None, 'cmake_target_skip_unavailable': False, 'install_base': '/home/orin_nano/f1tenth_ws/install/urg_node2', 'merge_install': False, 'path': '/home/orin_nano/f1tenth_ws/src/urg_node2', 'symlink_install': False, 'test_result_base': None}
[5.738s] Level 5:colcon.colcon_core.verb:set package 'vesc_msgs' build argument 'cmake_args' from command line to 'None'
[5.738s] Level 5:colcon.colcon_core.verb:set package 'vesc_msgs' build argument 'cmake_target' from command line to 'None'
[5.738s] Level 5:colcon.colcon_core.verb:set package 'vesc_msgs' build argument 'cmake_target_skip_unavailable' from command line to 'False'
[5.738s] Level 5:colcon.colcon_core.verb:set package 'vesc_msgs' build argument 'cmake_clean_cache' from command line to 'False'
[5.738s] Level 5:colcon.colcon_core.verb:set package 'vesc_msgs' build argument 'cmake_clean_first' from command line to 'False'
[5.739s] Level 5:colcon.colcon_core.verb:set package 'vesc_msgs' build argument 'cmake_force_configure' from command line to 'False'
[5.739s] Level 5:colcon.colcon_core.verb:set package 'vesc_msgs' build argument 'ament_cmake_args' from command line to 'None'
[5.739s] Level 5:colcon.colcon_core.verb:set package 'vesc_msgs' build argument 'catkin_cmake_args' from command line to 'None'
[5.739s] Level 5:colcon.colcon_core.verb:set package 'vesc_msgs' build argument 'catkin_skip_building_tests' from command line to 'False'
[5.739s] DEBUG:colcon.colcon_core.verb:Building package 'vesc_msgs' with the following arguments: {'ament_cmake_args': None, 'build_base': '/home/orin_nano/f1tenth_ws/build/vesc_msgs', 'catkin_cmake_args': None, 'catkin_skip_building_tests': False, 'cmake_args': None, 'cmake_clean_cache': False, 'cmake_clean_first': False, 'cmake_force_configure': False, 'cmake_target': None, 'cmake_target_skip_unavailable': False, 'install_base': '/home/orin_nano/f1tenth_ws/install/vesc_msgs', 'merge_install': False, 'path': '/home/orin_nano/f1tenth_ws/src/vesc/vesc_msgs', 'symlink_install': False, 'test_result_base': None}
[5.809s] Level 5:colcon.colcon_core.verb:set package 'vesc_ackermann' build argument 'cmake_args' from command line to 'None'
[5.809s] Level 5:colcon.colcon_core.verb:set package 'vesc_ackermann' build argument 'cmake_target' from command line to 'None'
[5.809s] Level 5:colcon.colcon_core.verb:set package 'vesc_ackermann' build argument 'cmake_target_skip_unavailable' from command line to 'False'
[5.809s] Level 5:colcon.colcon_core.verb:set package 'vesc_ackermann' build argument 'cmake_clean_cache' from command line to 'False'
[5.809s] Level 5:colcon.colcon_core.verb:set package 'vesc_ackermann' build argument 'cmake_clean_first' from command line to 'False'
[5.809s] Level 5:colcon.colcon_core.verb:set package 'vesc_ackermann' build argument 'cmake_force_configure' from command line to 'False'
[5.809s] Level 5:colcon.colcon_core.verb:set package 'vesc_ackermann' build argument 'ament_cmake_args' from command line to 'None'
[5.809s] Level 5:colcon.colcon_core.verb:set package 'vesc_ackermann' build argument 'catkin_cmake_args' from command line to 'None'
[5.810s] Level 5:colcon.colcon_core.verb:set package 'vesc_ackermann' build argument 'catkin_skip_building_tests' from command line to 'False'
[5.810s] DEBUG:colcon.colcon_core.verb:Building package 'vesc_ackermann' with the following arguments: {'ament_cmake_args': None, 'build_base': '/home/orin_nano/f1tenth_ws/build/vesc_ackermann', 'catkin_cmake_args': None, 'catkin_skip_building_tests': False, 'cmake_args': None, 'cmake_clean_cache': False, 'cmake_clean_first': False, 'cmake_force_configure': False, 'cmake_target': None, 'cmake_target_skip_unavailable': False, 'install_base': '/home/orin_nano/f1tenth_ws/install/vesc_ackermann', 'merge_install': False, 'path': '/home/orin_nano/f1tenth_ws/src/vesc/vesc_ackermann', 'symlink_install': False, 'test_result_base': None}
[5.880s] Level 5:colcon.colcon_core.verb:set package 'vesc_driver' build argument 'cmake_args' from command line to 'None'
[5.881s] Level 5:colcon.colcon_core.verb:set package 'vesc_driver' build argument 'cmake_target' from command line to 'None'
[5.881s] Level 5:colcon.colcon_core.verb:set package 'vesc_driver' build argument 'cmake_target_skip_unavailable' from command line to 'False'
[5.881s] Level 5:colcon.colcon_core.verb:set package 'vesc_driver' build argument 'cmake_clean_cache' from command line to 'False'
[5.881s] Level 5:colcon.colcon_core.verb:set package 'vesc_driver' build argument 'cmake_clean_first' from command line to 'False'
[5.881s] Level 5:colcon.colcon_core.verb:set package 'vesc_driver' build argument 'cmake_force_configure' from command line to 'False'
[5.881s] Level 5:colcon.colcon_core.verb:set package 'vesc_driver' build argument 'ament_cmake_args' from command line to 'None'
[5.881s] Level 5:colcon.colcon_core.verb:set package 'vesc_driver' build argument 'catkin_cmake_args' from command line to 'None'
[5.881s] Level 5:colcon.colcon_core.verb:set package 'vesc_driver' build argument 'catkin_skip_building_tests' from command line to 'False'
[5.881s] DEBUG:colcon.colcon_core.verb:Building package 'vesc_driver' with the following arguments: {'ament_cmake_args': None, 'build_base': '/home/orin_nano/f1tenth_ws/build/vesc_driver', 'catkin_cmake_args': None, 'catkin_skip_building_tests': False, 'cmake_args': None, 'cmake_clean_cache': False, 'cmake_clean_first': False, 'cmake_force_configure': False, 'cmake_target': None, 'cmake_target_skip_unavailable': False, 'install_base': '/home/orin_nano/f1tenth_ws/install/vesc_driver', 'merge_install': False, 'path': '/home/orin_nano/f1tenth_ws/src/vesc/vesc_driver', 'symlink_install': False, 'test_result_base': None}
[5.952s] Level 5:colcon.colcon_core.verb:set package 'vesc' build argument 'cmake_args' from command line to 'None'
[5.952s] Level 5:colcon.colcon_core.verb:set package 'vesc' build argument 'cmake_target' from command line to 'None'
[5.952s] Level 5:colcon.colcon_core.verb:set package 'vesc' build argument 'cmake_target_skip_unavailable' from command line to 'False'
[5.952s] Level 5:colcon.colcon_core.verb:set package 'vesc' build argument 'cmake_clean_cache' from command line to 'False'
[5.952s] Level 5:colcon.colcon_core.verb:set package 'vesc' build argument 'cmake_clean_first' from command line to 'False'
[5.952s] Level 5:colcon.colcon_core.verb:set package 'vesc' build argument 'cmake_force_configure' from command line to 'False'
[5.952s] Level 5:colcon.colcon_core.verb:set package 'vesc' build argument 'ament_cmake_args' from command line to 'None'
[5.952s] Level 5:colcon.colcon_core.verb:set package 'vesc' build argument 'catkin_cmake_args' from command line to 'None'
[5.952s] Level 5:colcon.colcon_core.verb:set package 'vesc' build argument 'catkin_skip_building_tests' from command line to 'False'
[5.953s] DEBUG:colcon.colcon_core.verb:Building package 'vesc' with the following arguments: {'ament_cmake_args': None, 'build_base': '/home/orin_nano/f1tenth_ws/build/vesc', 'catkin_cmake_args': None, 'catkin_skip_building_tests': False, 'cmake_args': None, 'cmake_clean_cache': False, 'cmake_clean_first': False, 'cmake_force_configure': False, 'cmake_target': None, 'cmake_target_skip_unavailable': False, 'install_base': '/home/orin_nano/f1tenth_ws/install/vesc', 'merge_install': False, 'path': '/home/orin_nano/f1tenth_ws/src/vesc/vesc', 'symlink_install': False, 'test_result_base': None}
[6.023s] INFO:colcon.colcon_core.executor:Executing jobs using 'parallel' executor
[6.095s] DEBUG:colcon.colcon_parallel_executor.executor.parallel:run_until_complete
[6.096s] INFO:colcon.colcon_ros.task.ament_cmake.build:Building ROS package in '/home/orin_nano/f1tenth_ws/src/vesc/vesc_msgs' with build type 'ament_cmake'
[6.096s] INFO:colcon.colcon_cmake.task.cmake.build:Building CMake package in '/home/orin_nano/f1tenth_ws/src/vesc/vesc_msgs'
[6.175s] INFO:colcon.colcon_core.plugin_system:Skipping extension 'colcon_core.shell.bat': Not used on non-Windows systems
[6.176s] INFO:colcon.colcon_core.shell:Skip shell extension 'powershell' for command environment: Not usable outside of PowerShell
[6.176s] DEBUG:colcon.colcon_core.shell:Skip shell extension 'dsv' for command environment
[6.408s] INFO:colcon.colcon_ros.task.ament_cmake.build:Building ROS package in '/home/orin_nano/f1tenth_ws/src/combine_pkg' with build type 'ament_cmake'
[6.409s] INFO:colcon.colcon_cmake.task.cmake.build:Building CMake package in '/home/orin_nano/f1tenth_ws/src/combine_pkg'
[6.483s] INFO:colcon.colcon_core.shell:Skip shell extension 'powershell' for command environment: Not usable outside of PowerShell
[6.483s] DEBUG:colcon.colcon_core.shell:Skip shell extension 'dsv' for command environment
[6.710s] INFO:colcon.colcon_ros.task.ament_python.build:Building ROS package in '/home/orin_nano/f1tenth_ws/src/f1_test' with build type 'ament_python'
[6.711s] Level 1:colcon.colcon_core.shell:create_environment_hook('f1_test', 'ament_prefix_path')
[6.785s] INFO:colcon.colcon_core.shell:Creating environment hook '/home/orin_nano/f1tenth_ws/install/f1_test/share/f1_test/hook/ament_prefix_path.ps1'
[6.787s] INFO:colcon.colcon_core.shell:Creating environment descriptor '/home/orin_nano/f1tenth_ws/install/f1_test/share/f1_test/hook/ament_prefix_path.dsv'
[6.788s] INFO:colcon.colcon_core.shell:Creating environment hook '/home/orin_nano/f1tenth_ws/install/f1_test/share/f1_test/hook/ament_prefix_path.sh'
[6.862s] INFO:colcon.colcon_core.shell:Skip shell extension 'powershell' for command environment: Not usable outside of PowerShell
[6.862s] DEBUG:colcon.colcon_core.shell:Skip shell extension 'dsv' for command environment
[7.089s] INFO:colcon.colcon_ros.task.ament_cmake.build:Building ROS package in '/home/orin_nano/f1tenth_ws/src/urg_node2' with build type 'ament_cmake'
[7.089s] INFO:colcon.colcon_cmake.task.cmake.build:Building CMake package in '/home/orin_nano/f1tenth_ws/src/urg_node2'
[7.165s] INFO:colcon.colcon_core.shell:Skip shell extension 'powershell' for command environment: Not usable outside of PowerShell
[7.165s] DEBUG:colcon.colcon_core.shell:Skip shell extension 'dsv' for command environment
[7.404s] DEBUG:colcon.colcon_core.event_handler.log_command:Invoking command in '/home/orin_nano/f1tenth_ws/build/vesc_msgs': CMAKE_PREFIX_PATH=${CMAKE_PREFIX_PATH}:/home/orin_nano/f1tenth_ws/install/f1_test:/opt/ros/foxy /usr/bin/cmake --build /home/orin_nano/f1tenth_ws/build/vesc_msgs -- -j6 -l6
[7.420s] DEBUG:colcon.colcon_core.event_handler.log_command:Invoking command in '/home/orin_nano/f1tenth_ws/build/combine_pkg': CMAKE_PREFIX_PATH=${CMAKE_PREFIX_PATH}:/home/orin_nano/f1tenth_ws/install/f1_test:/opt/ros/foxy /usr/bin/cmake --build /home/orin_nano/f1tenth_ws/build/combine_pkg -- -j6 -l6
[7.893s] INFO:colcon.colcon_core.task.python.build:Building Python package in '/home/orin_nano/f1tenth_ws/src/f1_test'
[8.003s] INFO:colcon.colcon_core.shell:Skip shell extension 'powershell' for command environment: Not usable outside of PowerShell
[8.003s] DEBUG:colcon.colcon_core.shell:Skip shell extension 'dsv' for command environment
[8.248s] DEBUG:colcon.colcon_core.event_handler.log_command:Invoking command in '/home/orin_nano/f1tenth_ws/build/urg_node2': CMAKE_PREFIX_PATH=${CMAKE_PREFIX_PATH}:/home/orin_nano/f1tenth_ws/install/f1_test:/opt/ros/foxy /usr/bin/cmake --build /home/orin_nano/f1tenth_ws/build/urg_node2 -- -j6 -l6
[8.251s] DEBUG:colcon.colcon_core.event_handler.log_command:Invoked command in '/home/orin_nano/f1tenth_ws/build/vesc_msgs' returned '0': CMAKE_PREFIX_PATH=${CMAKE_PREFIX_PATH}:/home/orin_nano/f1tenth_ws/install/f1_test:/opt/ros/foxy /usr/bin/cmake --build /home/orin_nano/f1tenth_ws/build/vesc_msgs -- -j6 -l6
[8.257s] DEBUG:colcon.colcon_core.event_handler.log_command:Invoked command in '/home/orin_nano/f1tenth_ws/build/combine_pkg' returned '0': CMAKE_PREFIX_PATH=${CMAKE_PREFIX_PATH}:/home/orin_nano/f1tenth_ws/install/f1_test:/opt/ros/foxy /usr/bin/cmake --build /home/orin_nano/f1tenth_ws/build/combine_pkg -- -j6 -l6
[8.337s] DEBUG:colcon.colcon_core.event_handler.log_command:Invoking command in '/home/orin_nano/f1tenth_ws/build/combine_pkg': CMAKE_PREFIX_PATH=${CMAKE_PREFIX_PATH}:/home/orin_nano/f1tenth_ws/install/f1_test:/opt/ros/foxy /usr/bin/cmake --install /home/orin_nano/f1tenth_ws/build/combine_pkg
[8.376s] Level 1:colcon.colcon_core.environment:create_environment_scripts_only(combine_pkg)
[8.378s] DEBUG:colcon.colcon_core.event_handler.log_command:Invoked command in '/home/orin_nano/f1tenth_ws/build/combine_pkg' returned '0': CMAKE_PREFIX_PATH=${CMAKE_PREFIX_PATH}:/home/orin_nano/f1tenth_ws/install/f1_test:/opt/ros/foxy /usr/bin/cmake --install /home/orin_nano/f1tenth_ws/build/combine_pkg
[8.468s] Level 1:colcon.colcon_core.environment:checking '/home/orin_nano/f1tenth_ws/install/combine_pkg' for CMake module files
[8.469s] Level 1:colcon.colcon_core.environment:checking '/home/orin_nano/f1tenth_ws/install/combine_pkg' for CMake config files
[8.470s] Level 1:colcon.colcon_core.shell:create_environment_hook('combine_pkg', 'cmake_prefix_path')
[8.546s] INFO:colcon.colcon_core.shell:Creating environment hook '/home/orin_nano/f1tenth_ws/install/combine_pkg/share/combine_pkg/hook/cmake_prefix_path.ps1'
[8.548s] INFO:colcon.colcon_core.shell:Creating environment descriptor '/home/orin_nano/f1tenth_ws/install/combine_pkg/share/combine_pkg/hook/cmake_prefix_path.dsv'
[8.549s] INFO:colcon.colcon_core.shell:Creating environment hook '/home/orin_nano/f1tenth_ws/install/combine_pkg/share/combine_pkg/hook/cmake_prefix_path.sh'
[8.550s] Level 1:colcon.colcon_core.environment:checking '/home/orin_nano/f1tenth_ws/install/combine_pkg/bin'
[8.550s] Level 1:colcon.colcon_core.environment:checking '/home/orin_nano/f1tenth_ws/install/combine_pkg/lib/pkgconfig/combine_pkg.pc'
[8.551s] Level 1:colcon.colcon_core.environment:checking '/home/orin_nano/f1tenth_ws/install/combine_pkg/lib/python3.8/site-packages'
[8.551s] Level 1:colcon.colcon_core.environment:checking '/home/orin_nano/f1tenth_ws/install/combine_pkg/bin'
[8.624s] INFO:colcon.colcon_core.shell:Creating package script '/home/orin_nano/f1tenth_ws/install/combine_pkg/share/combine_pkg/package.ps1'
[8.626s] INFO:colcon.colcon_core.shell:Creating package descriptor '/home/orin_nano/f1tenth_ws/install/combine_pkg/share/combine_pkg/package.dsv'
[8.627s] INFO:colcon.colcon_core.shell:Creating package script '/home/orin_nano/f1tenth_ws/install/combine_pkg/share/combine_pkg/package.sh'
[8.628s] INFO:colcon.colcon_core.shell:Creating package script '/home/orin_nano/f1tenth_ws/install/combine_pkg/share/combine_pkg/package.bash'
[8.630s] INFO:colcon.colcon_core.shell:Creating package script '/home/orin_nano/f1tenth_ws/install/combine_pkg/share/combine_pkg/package.zsh'
[8.631s] Level 1:colcon.colcon_core.environment:create_file_with_runtime_dependencies(/home/orin_nano/f1tenth_ws/install/combine_pkg/share/colcon-core/packages/combine_pkg)
[8.643s] DEBUG:colcon.colcon_core.event_handler.log_command:Invoked command in '/home/orin_nano/f1tenth_ws/build/urg_node2' returned '0': CMAKE_PREFIX_PATH=${CMAKE_PREFIX_PATH}:/home/orin_nano/f1tenth_ws/install/f1_test:/opt/ros/foxy /usr/bin/cmake --build /home/orin_nano/f1tenth_ws/build/urg_node2 -- -j6 -l6
[8.655s] DEBUG:colcon.colcon_core.event_handler.log_command:Invoking command in '/home/orin_nano/f1tenth_ws/build/vesc_msgs': CMAKE_PREFIX_PATH=${CMAKE_PREFIX_PATH}:/home/orin_nano/f1tenth_ws/install/f1_test:/opt/ros/foxy /usr/bin/cmake --install /home/orin_nano/f1tenth_ws/build/vesc_msgs
[8.796s] Level 1:colcon.colcon_core.environment:create_environment_scripts_only(combine_pkg)
[8.872s] Level 1:colcon.colcon_core.environment:checking '/home/orin_nano/f1tenth_ws/install/combine_pkg' for CMake module files
[8.873s] Level 1:colcon.colcon_core.environment:checking '/home/orin_nano/f1tenth_ws/install/combine_pkg' for CMake config files
[8.874s] Level 1:colcon.colcon_core.shell:create_environment_hook('combine_pkg', 'cmake_prefix_path')
[8.947s] INFO:colcon.colcon_core.shell:Creating environment hook '/home/orin_nano/f1tenth_ws/install/combine_pkg/share/combine_pkg/hook/cmake_prefix_path.ps1'
[8.949s] INFO:colcon.colcon_core.shell:Creating environment descriptor '/home/orin_nano/f1tenth_ws/install/combine_pkg/share/combine_pkg/hook/cmake_prefix_path.dsv'
[8.949s] INFO:colcon.colcon_core.shell:Creating environment hook '/home/orin_nano/f1tenth_ws/install/combine_pkg/share/combine_pkg/hook/cmake_prefix_path.sh'
[8.950s] Level 1:colcon.colcon_core.environment:checking '/home/orin_nano/f1tenth_ws/install/combine_pkg/bin'
[8.951s] Level 1:colcon.colcon_core.environment:checking '/home/orin_nano/f1tenth_ws/install/combine_pkg/lib/pkgconfig/combine_pkg.pc'
[8.951s] Level 1:colcon.colcon_core.environment:checking '/home/orin_nano/f1tenth_ws/install/combine_pkg/lib/python3.8/site-packages'
[8.951s] Level 1:colcon.colcon_core.environment:checking '/home/orin_nano/f1tenth_ws/install/combine_pkg/bin'
[9.025s] INFO:colcon.colcon_core.shell:Creating package script '/home/orin_nano/f1tenth_ws/install/combine_pkg/share/combine_pkg/package.ps1'
[9.026s] INFO:colcon.colcon_core.shell:Creating package descriptor '/home/orin_nano/f1tenth_ws/install/combine_pkg/share/combine_pkg/package.dsv'
[9.027s] INFO:colcon.colcon_core.shell:Creating package script '/home/orin_nano/f1tenth_ws/install/combine_pkg/share/combine_pkg/package.sh'
[9.028s] INFO:colcon.colcon_core.shell:Creating package script '/home/orin_nano/f1tenth_ws/install/combine_pkg/share/combine_pkg/package.bash'
[9.029s] INFO:colcon.colcon_core.shell:Creating package script '/home/orin_nano/f1tenth_ws/install/combine_pkg/share/combine_pkg/package.zsh'
[9.029s] Level 1:colcon.colcon_core.environment:create_file_with_runtime_dependencies(/home/orin_nano/f1tenth_ws/install/combine_pkg/share/colcon-core/packages/combine_pkg)
[9.032s] Level 1:colcon.colcon_core.environment:create_environment_scripts_only(vesc_msgs)
[9.033s] DEBUG:colcon.colcon_core.event_handler.log_command:Invoked command in '/home/orin_nano/f1tenth_ws/build/vesc_msgs' returned '0': CMAKE_PREFIX_PATH=${CMAKE_PREFIX_PATH}:/home/orin_nano/f1tenth_ws/install/f1_test:/opt/ros/foxy /usr/bin/cmake --install /home/orin_nano/f1tenth_ws/build/vesc_msgs
[9.106s] Level 1:colcon.colcon_core.environment:checking '/home/orin_nano/f1tenth_ws/install/vesc_msgs' for CMake module files
[9.108s] Level 1:colcon.colcon_core.environment:checking '/home/orin_nano/f1tenth_ws/install/vesc_msgs' for CMake config files
[9.109s] Level 1:colcon.colcon_core.shell:create_environment_hook('vesc_msgs', 'cmake_prefix_path')
[9.183s] INFO:colcon.colcon_core.shell:Creating environment hook '/home/orin_nano/f1tenth_ws/install/vesc_msgs/share/vesc_msgs/hook/cmake_prefix_path.ps1'
[9.185s] INFO:colcon.colcon_core.shell:Creating environment descriptor '/home/orin_nano/f1tenth_ws/install/vesc_msgs/share/vesc_msgs/hook/cmake_prefix_path.dsv'
[9.185s] INFO:colcon.colcon_core.shell:Creating environment hook '/home/orin_nano/f1tenth_ws/install/vesc_msgs/share/vesc_msgs/hook/cmake_prefix_path.sh'
[9.187s] Level 1:colcon.colcon_core.environment:checking '/home/orin_nano/f1tenth_ws/install/vesc_msgs/lib'
[9.187s] Level 1:colcon.colcon_core.shell:create_environment_hook('vesc_msgs', 'ld_library_path_lib')
[9.261s] INFO:colcon.colcon_core.shell:Creating environment hook '/home/orin_nano/f1tenth_ws/install/vesc_msgs/share/vesc_msgs/hook/ld_library_path_lib.ps1'
[9.262s] INFO:colcon.colcon_core.shell:Creating environment descriptor '/home/orin_nano/f1tenth_ws/install/vesc_msgs/share/vesc_msgs/hook/ld_library_path_lib.dsv'
[9.263s] INFO:colcon.colcon_core.shell:Creating environment hook '/home/orin_nano/f1tenth_ws/install/vesc_msgs/share/vesc_msgs/hook/ld_library_path_lib.sh'
[9.263s] Level 1:colcon.colcon_core.environment:checking '/home/orin_nano/f1tenth_ws/install/vesc_msgs/bin'
[9.264s] Level 1:colcon.colcon_core.environment:checking '/home/orin_nano/f1tenth_ws/install/vesc_msgs/lib/pkgconfig/vesc_msgs.pc'
[9.264s] Level 1:colcon.colcon_core.environment:checking '/home/orin_nano/f1tenth_ws/install/vesc_msgs/lib/python3.8/site-packages'
[9.264s] Level 1:colcon.colcon_core.shell:create_environment_hook('vesc_msgs', 'pythonpath')
[9.337s] INFO:colcon.colcon_core.shell:Creating environment hook '/home/orin_nano/f1tenth_ws/install/vesc_msgs/share/vesc_msgs/hook/pythonpath.ps1'
[9.338s] INFO:colcon.colcon_core.shell:Creating environment descriptor '/home/orin_nano/f1tenth_ws/install/vesc_msgs/share/vesc_msgs/hook/pythonpath.dsv'
[9.338s] INFO:colcon.colcon_core.shell:Creating environment hook '/home/orin_nano/f1tenth_ws/install/vesc_msgs/share/vesc_msgs/hook/pythonpath.sh'
[9.339s] Level 1:colcon.colcon_core.environment:checking '/home/orin_nano/f1tenth_ws/install/vesc_msgs/bin'
[9.412s] INFO:colcon.colcon_core.shell:Creating package script '/home/orin_nano/f1tenth_ws/install/vesc_msgs/share/vesc_msgs/package.ps1'
[9.414s] INFO:colcon.colcon_core.shell:Creating package descriptor '/home/orin_nano/f1tenth_ws/install/vesc_msgs/share/vesc_msgs/package.dsv'
[9.415s] INFO:colcon.colcon_core.shell:Creating package script '/home/orin_nano/f1tenth_ws/install/vesc_msgs/share/vesc_msgs/package.sh'
[9.416s] INFO:colcon.colcon_core.shell:Creating package script '/home/orin_nano/f1tenth_ws/install/vesc_msgs/share/vesc_msgs/package.bash'
[9.416s] INFO:colcon.colcon_core.shell:Creating package script '/home/orin_nano/f1tenth_ws/install/vesc_msgs/share/vesc_msgs/package.zsh'
[9.417s] Level 1:colcon.colcon_core.environment:create_file_with_runtime_dependencies(/home/orin_nano/f1tenth_ws/install/vesc_msgs/share/colcon-core/packages/vesc_msgs)
[9.431s] DEBUG:colcon.colcon_core.event_handler.log_command:Invoking command in '/home/orin_nano/f1tenth_ws/build/urg_node2': CMAKE_PREFIX_PATH=${CMAKE_PREFIX_PATH}:/home/orin_nano/f1tenth_ws/install/f1_test:/opt/ros/foxy /usr/bin/cmake --install /home/orin_nano/f1tenth_ws/build/urg_node2
[9.442s] DEBUG:colcon.colcon_core.event_handler.log_command:Invoking command in '/home/orin_nano/f1tenth_ws/src/f1_test': PYTHONPATH=/home/orin_nano/f1tenth_ws/build/f1_test/prefix_override:/home/orin_nano/f1tenth_ws/install/f1_test/lib/python3.8/site-packages:${PYTHONPATH} /usr/bin/python3 setup.py egg_info --egg-base ../../build/f1_test build --build-base /home/orin_nano/f1tenth_ws/build/f1_test/build install --record /home/orin_nano/f1tenth_ws/build/f1_test/install.log --install-scripts $base/lib/f1_test --single-version-externally-managed
[9.463s] Level 1:colcon.colcon_core.environment:create_environment_scripts_only(urg_node2)
[9.464s] DEBUG:colcon.colcon_core.event_handler.log_command:Invoked command in '/home/orin_nano/f1tenth_ws/build/urg_node2' returned '0': CMAKE_PREFIX_PATH=${CMAKE_PREFIX_PATH}:/home/orin_nano/f1tenth_ws/install/f1_test:/opt/ros/foxy /usr/bin/cmake --install /home/orin_nano/f1tenth_ws/build/urg_node2
[9.544s] Level 1:colcon.colcon_core.environment:checking '/home/orin_nano/f1tenth_ws/install/urg_node2' for CMake module files
[9.546s] Level 1:colcon.colcon_core.environment:checking '/home/orin_nano/f1tenth_ws/install/urg_node2' for CMake config files
[9.546s] Level 1:colcon.colcon_core.shell:create_environment_hook('urg_node2', 'cmake_prefix_path')
[9.623s] INFO:colcon.colcon_core.shell:Creating environment hook '/home/orin_nano/f1tenth_ws/install/urg_node2/share/urg_node2/hook/cmake_prefix_path.ps1'
[9.625s] INFO:colcon.colcon_core.shell:Creating environment descriptor '/home/orin_nano/f1tenth_ws/install/urg_node2/share/urg_node2/hook/cmake_prefix_path.dsv'
[9.626s] INFO:colcon.colcon_core.shell:Creating environment hook '/home/orin_nano/f1tenth_ws/install/urg_node2/share/urg_node2/hook/cmake_prefix_path.sh'
[9.627s] Level 1:colcon.colcon_core.environment:checking '/home/orin_nano/f1tenth_ws/install/urg_node2/lib'
[9.627s] Level 1:colcon.colcon_core.shell:create_environment_hook('urg_node2', 'ld_library_path_lib')
[9.702s] INFO:colcon.colcon_core.shell:Creating environment hook '/home/orin_nano/f1tenth_ws/install/urg_node2/share/urg_node2/hook/ld_library_path_lib.ps1'
[9.703s] INFO:colcon.colcon_core.shell:Creating environment descriptor '/home/orin_nano/f1tenth_ws/install/urg_node2/share/urg_node2/hook/ld_library_path_lib.dsv'
[9.704s] INFO:colcon.colcon_core.shell:Creating environment hook '/home/orin_nano/f1tenth_ws/install/urg_node2/share/urg_node2/hook/ld_library_path_lib.sh'
[9.705s] Level 1:colcon.colcon_core.environment:checking '/home/orin_nano/f1tenth_ws/install/urg_node2/bin'
[9.705s] Level 1:colcon.colcon_core.environment:checking '/home/orin_nano/f1tenth_ws/install/urg_node2/lib/pkgconfig/urg_node2.pc'
[9.705s] Level 1:colcon.colcon_core.environment:checking '/home/orin_nano/f1tenth_ws/install/urg_node2/lib/python3.8/site-packages'
[9.706s] Level 1:colcon.colcon_core.environment:checking '/home/orin_nano/f1tenth_ws/install/urg_node2/bin'
[9.781s] INFO:colcon.colcon_core.shell:Creating package script '/home/orin_nano/f1tenth_ws/install/urg_node2/share/urg_node2/package.ps1'
[9.783s] INFO:colcon.colcon_core.shell:Creating package descriptor '/home/orin_nano/f1tenth_ws/install/urg_node2/share/urg_node2/package.dsv'
[9.784s] INFO:colcon.colcon_core.shell:Creating package script '/home/orin_nano/f1tenth_ws/install/urg_node2/share/urg_node2/package.sh'
[9.785s] INFO:colcon.colcon_core.shell:Creating package script '/home/orin_nano/f1tenth_ws/install/urg_node2/share/urg_node2/package.bash'
[9.785s] INFO:colcon.colcon_core.shell:Creating package script '/home/orin_nano/f1tenth_ws/install/urg_node2/share/urg_node2/package.zsh'
[9.786s] Level 1:colcon.colcon_core.environment:create_file_with_runtime_dependencies(/home/orin_nano/f1tenth_ws/install/urg_node2/share/colcon-core/packages/urg_node2)
[9.882s] Level 1:colcon.colcon_core.environment:create_environment_scripts_only(vesc_msgs)
[9.963s] Level 1:colcon.colcon_core.environment:checking '/home/orin_nano/f1tenth_ws/install/vesc_msgs' for CMake module files
[9.964s] Level 1:colcon.colcon_core.environment:checking '/home/orin_nano/f1tenth_ws/install/vesc_msgs' for CMake config files
[9.965s] Level 1:colcon.colcon_core.shell:create_environment_hook('vesc_msgs', 'cmake_prefix_path')
[10.040s] INFO:colcon.colcon_core.shell:Creating environment hook '/home/orin_nano/f1tenth_ws/install/vesc_msgs/share/vesc_msgs/hook/cmake_prefix_path.ps1'
[10.041s] INFO:colcon.colcon_core.shell:Creating environment descriptor '/home/orin_nano/f1tenth_ws/install/vesc_msgs/share/vesc_msgs/hook/cmake_prefix_path.dsv'
[10.042s] INFO:colcon.colcon_core.shell:Creating environment hook '/home/orin_nano/f1tenth_ws/install/vesc_msgs/share/vesc_msgs/hook/cmake_prefix_path.sh'
[10.043s] Level 1:colcon.colcon_core.environment:checking '/home/orin_nano/f1tenth_ws/install/vesc_msgs/lib'
[10.043s] Level 1:colcon.colcon_core.shell:create_environment_hook('vesc_msgs', 'ld_library_path_lib')
[10.117s] INFO:colcon.colcon_core.shell:Creating environment hook '/home/orin_nano/f1tenth_ws/install/vesc_msgs/share/vesc_msgs/hook/ld_library_path_lib.ps1'
[10.118s] INFO:colcon.colcon_core.shell:Creating environment descriptor '/home/orin_nano/f1tenth_ws/install/vesc_msgs/share/vesc_msgs/hook/ld_library_path_lib.dsv'
[10.118s] INFO:colcon.colcon_core.shell:Creating environment hook '/home/orin_nano/f1tenth_ws/install/vesc_msgs/share/vesc_msgs/hook/ld_library_path_lib.sh'
[10.119s] Level 1:colcon.colcon_core.environment:checking '/home/orin_nano/f1tenth_ws/install/vesc_msgs/bin'
[10.119s] Level 1:colcon.colcon_core.environment:checking '/home/orin_nano/f1tenth_ws/install/vesc_msgs/lib/pkgconfig/vesc_msgs.pc'
[10.120s] Level 1:colcon.colcon_core.environment:checking '/home/orin_nano/f1tenth_ws/install/vesc_msgs/lib/python3.8/site-packages'
[10.120s] Level 1:colcon.colcon_core.shell:create_environment_hook('vesc_msgs', 'pythonpath')
[10.225s] INFO:colcon.colcon_core.shell:Creating environment hook '/home/orin_nano/f1tenth_ws/install/vesc_msgs/share/vesc_msgs/hook/pythonpath.ps1'
[10.226s] INFO:colcon.colcon_core.shell:Creating environment descriptor '/home/orin_nano/f1tenth_ws/install/vesc_msgs/share/vesc_msgs/hook/pythonpath.dsv'
[10.227s] INFO:colcon.colcon_core.shell:Creating environment hook '/home/orin_nano/f1tenth_ws/install/vesc_msgs/share/vesc_msgs/hook/pythonpath.sh'
[10.228s] Level 1:colcon.colcon_core.environment:checking '/home/orin_nano/f1tenth_ws/install/vesc_msgs/bin'
[10.300s] INFO:colcon.colcon_core.shell:Creating package script '/home/orin_nano/f1tenth_ws/install/vesc_msgs/share/vesc_msgs/package.ps1'
[10.302s] INFO:colcon.colcon_core.shell:Creating package descriptor '/home/orin_nano/f1tenth_ws/install/vesc_msgs/share/vesc_msgs/package.dsv'
[10.303s] INFO:colcon.colcon_core.shell:Creating package script '/home/orin_nano/f1tenth_ws/install/vesc_msgs/share/vesc_msgs/package.sh'
[10.304s] INFO:colcon.colcon_core.shell:Creating package script '/home/orin_nano/f1tenth_ws/install/vesc_msgs/share/vesc_msgs/package.bash'
[10.304s] INFO:colcon.colcon_core.shell:Creating package script '/home/orin_nano/f1tenth_ws/install/vesc_msgs/share/vesc_msgs/package.zsh'
[10.305s] Level 1:colcon.colcon_core.environment:create_file_with_runtime_dependencies(/home/orin_nano/f1tenth_ws/install/vesc_msgs/share/colcon-core/packages/vesc_msgs)
[10.307s] INFO:colcon.colcon_ros.task.ament_cmake.build:Building ROS package in '/home/orin_nano/f1tenth_ws/src/vesc/vesc_ackermann' with build type 'ament_cmake'
[10.308s] INFO:colcon.colcon_cmake.task.cmake.build:Building CMake package in '/home/orin_nano/f1tenth_ws/src/vesc/vesc_ackermann'
[10.381s] INFO:colcon.colcon_core.shell:Skip shell extension 'powershell' for command environment: Not usable outside of PowerShell
[10.381s] DEBUG:colcon.colcon_core.shell:Skip shell extension 'dsv' for command environment
[10.609s] INFO:colcon.colcon_ros.task.ament_cmake.build:Building ROS package in '/home/orin_nano/f1tenth_ws/src/vesc/vesc_driver' with build type 'ament_cmake'
[10.610s] INFO:colcon.colcon_cmake.task.cmake.build:Building CMake package in '/home/orin_nano/f1tenth_ws/src/vesc/vesc_driver'
[10.685s] INFO:colcon.colcon_core.shell:Skip shell extension 'powershell' for command environment: Not usable outside of PowerShell
[10.685s] DEBUG:colcon.colcon_core.shell:Skip shell extension 'dsv' for command environment
[10.917s] DEBUG:colcon.colcon_core.event_handler.log_command:Invoked command in '/home/orin_nano/f1tenth_ws/src/f1_test' returned '0': PYTHONPATH=/home/orin_nano/f1tenth_ws/build/f1_test/prefix_override:/home/orin_nano/f1tenth_ws/install/f1_test/lib/python3.8/site-packages:${PYTHONPATH} /usr/bin/python3 setup.py egg_info --egg-base ../../build/f1_test build --build-base /home/orin_nano/f1tenth_ws/build/f1_test/build install --record /home/orin_nano/f1tenth_ws/build/f1_test/install.log --install-scripts $base/lib/f1_test --single-version-externally-managed
[10.991s] Level 1:colcon.colcon_core.environment:checking '/home/orin_nano/f1tenth_ws/install/f1_test' for CMake module files
[10.992s] Level 1:colcon.colcon_core.environment:checking '/home/orin_nano/f1tenth_ws/install/f1_test' for CMake config files
[10.993s] Level 1:colcon.colcon_core.environment:checking '/home/orin_nano/f1tenth_ws/install/f1_test/lib'
[10.994s] Level 1:colcon.colcon_core.environment:checking '/home/orin_nano/f1tenth_ws/install/f1_test/bin'
[10.994s] Level 1:colcon.colcon_core.environment:checking '/home/orin_nano/f1tenth_ws/install/f1_test/lib/pkgconfig/f1_test.pc'
[10.994s] Level 1:colcon.colcon_core.environment:checking '/home/orin_nano/f1tenth_ws/install/f1_test/lib/python3.8/site-packages'
[10.994s] Level 1:colcon.colcon_core.shell:create_environment_hook('f1_test', 'pythonpath')
[11.067s] INFO:colcon.colcon_core.shell:Creating environment hook '/home/orin_nano/f1tenth_ws/install/f1_test/share/f1_test/hook/pythonpath.ps1'
[11.069s] INFO:colcon.colcon_core.shell:Creating environment descriptor '/home/orin_nano/f1tenth_ws/install/f1_test/share/f1_test/hook/pythonpath.dsv'
[11.069s] INFO:colcon.colcon_core.shell:Creating environment hook '/home/orin_nano/f1tenth_ws/install/f1_test/share/f1_test/hook/pythonpath.sh'
[11.070s] Level 1:colcon.colcon_core.environment:checking '/home/orin_nano/f1tenth_ws/install/f1_test/bin'
[11.070s] Level 1:colcon.colcon_core.environment:create_environment_scripts_only(f1_test)
[11.144s] INFO:colcon.colcon_core.shell:Creating package script '/home/orin_nano/f1tenth_ws/install/f1_test/share/f1_test/package.ps1'
[11.145s] INFO:colcon.colcon_core.shell:Creating package descriptor '/home/orin_nano/f1tenth_ws/install/f1_test/share/f1_test/package.dsv'
[11.146s] INFO:colcon.colcon_core.shell:Creating package script '/home/orin_nano/f1tenth_ws/install/f1_test/share/f1_test/package.sh'
[11.146s] INFO:colcon.colcon_core.shell:Creating package script '/home/orin_nano/f1tenth_ws/install/f1_test/share/f1_test/package.bash'
[11.147s] INFO:colcon.colcon_core.shell:Creating package script '/home/orin_nano/f1tenth_ws/install/f1_test/share/f1_test/package.zsh'
[11.148s] Level 1:colcon.colcon_core.environment:create_file_with_runtime_dependencies(/home/orin_nano/f1tenth_ws/install/f1_test/share/colcon-core/packages/f1_test)
[11.223s] Level 1:colcon.colcon_core.environment:create_environment_scripts_only(urg_node2)
[11.296s] Level 1:colcon.colcon_core.environment:checking '/home/orin_nano/f1tenth_ws/install/urg_node2' for CMake module files
[11.297s] Level 1:colcon.colcon_core.environment:checking '/home/orin_nano/f1tenth_ws/install/urg_node2' for CMake config files
[11.298s] Level 1:colcon.colcon_core.shell:create_environment_hook('urg_node2', 'cmake_prefix_path')
[11.370s] INFO:colcon.colcon_core.shell:Creating environment hook '/home/orin_nano/f1tenth_ws/install/urg_node2/share/urg_node2/hook/cmake_prefix_path.ps1'
[11.372s] INFO:colcon.colcon_core.shell:Creating environment descriptor '/home/orin_nano/f1tenth_ws/install/urg_node2/share/urg_node2/hook/cmake_prefix_path.dsv'
[11.372s] INFO:colcon.colcon_core.shell:Creating environment hook '/home/orin_nano/f1tenth_ws/install/urg_node2/share/urg_node2/hook/cmake_prefix_path.sh'
[11.373s] Level 1:colcon.colcon_core.environment:checking '/home/orin_nano/f1tenth_ws/install/urg_node2/lib'
[11.374s] Level 1:colcon.colcon_core.shell:create_environment_hook('urg_node2', 'ld_library_path_lib')
[11.446s] INFO:colcon.colcon_core.shell:Creating environment hook '/home/orin_nano/f1tenth_ws/install/urg_node2/share/urg_node2/hook/ld_library_path_lib.ps1'
[11.447s] INFO:colcon.colcon_core.shell:Creating environment descriptor '/home/orin_nano/f1tenth_ws/install/urg_node2/share/urg_node2/hook/ld_library_path_lib.dsv'
[11.448s] INFO:colcon.colcon_core.shell:Creating environment hook '/home/orin_nano/f1tenth_ws/install/urg_node2/share/urg_node2/hook/ld_library_path_lib.sh'
[11.449s] Level 1:colcon.colcon_core.environment:checking '/home/orin_nano/f1tenth_ws/install/urg_node2/bin'
[11.449s] Level 1:colcon.colcon_core.environment:checking '/home/orin_nano/f1tenth_ws/install/urg_node2/lib/pkgconfig/urg_node2.pc'
[11.449s] Level 1:colcon.colcon_core.environment:checking '/home/orin_nano/f1tenth_ws/install/urg_node2/lib/python3.8/site-packages'
[11.450s] Level 1:colcon.colcon_core.environment:checking '/home/orin_nano/f1tenth_ws/install/urg_node2/bin'
[11.522s] INFO:colcon.colcon_core.shell:Creating package script '/home/orin_nano/f1tenth_ws/install/urg_node2/share/urg_node2/package.ps1'
[11.523s] INFO:colcon.colcon_core.shell:Creating package descriptor '/home/orin_nano/f1tenth_ws/install/urg_node2/share/urg_node2/package.dsv'
[11.524s] INFO:colcon.colcon_core.shell:Creating package script '/home/orin_nano/f1tenth_ws/install/urg_node2/share/urg_node2/package.sh'
[11.525s] INFO:colcon.colcon_core.shell:Creating package script '/home/orin_nano/f1tenth_ws/install/urg_node2/share/urg_node2/package.bash'
[11.526s] INFO:colcon.colcon_core.shell:Creating package script '/home/orin_nano/f1tenth_ws/install/urg_node2/share/urg_node2/package.zsh'
[11.527s] Level 1:colcon.colcon_core.environment:create_file_with_runtime_dependencies(/home/orin_nano/f1tenth_ws/install/urg_node2/share/colcon-core/packages/urg_node2)
[11.539s] DEBUG:colcon.colcon_core.event_handler.log_command:Invoking command in '/home/orin_nano/f1tenth_ws/build/vesc_ackermann': CMAKE_PREFIX_PATH=/home/orin_nano/f1tenth_ws/install/vesc_msgs:/home/orin_nano/f1tenth_ws/install/vesc:/home/orin_nano/f1tenth_ws/install/vesc_driver:/home/orin_nano/f1tenth_ws/install/vesc_ackermann:/home/orin_nano/f1tenth_ws/install/urg_node2:/home/orin_nano/f1tenth_ws/install/combine_pkg:/home/orin_nano/f1tenth_ws/install/f1_test:/opt/ros/foxy LD_LIBRARY_PATH=/home/orin_nano/f1tenth_ws/install/vesc_msgs/lib:/home/orin_nano/f1tenth_ws/install/vesc_driver/lib:/home/orin_nano/f1tenth_ws/install/vesc_ackermann/lib:/home/orin_nano/f1tenth_ws/install/urg_node2/lib:/opt/ros/foxy/opt/yaml_cpp_vendor/lib:/opt/ros/foxy/opt/rviz_ogre_vendor/lib:/opt/ros/foxy/lib/aarch64-linux-gnu:/opt/ros/foxy/lib:/usr/local/cuda-11.4/lib64 /usr/bin/cmake --build /home/orin_nano/f1tenth_ws/build/vesc_ackermann -- -j6 -l6
[11.551s] DEBUG:colcon.colcon_core.event_handler.log_command:Invoking command in '/home/orin_nano/f1tenth_ws/build/vesc_driver': CMAKE_PREFIX_PATH=/home/orin_nano/f1tenth_ws/install/vesc_msgs:/home/orin_nano/f1tenth_ws/install/vesc:/home/orin_nano/f1tenth_ws/install/vesc_driver:/home/orin_nano/f1tenth_ws/install/vesc_ackermann:/home/orin_nano/f1tenth_ws/install/urg_node2:/home/orin_nano/f1tenth_ws/install/combine_pkg:/home/orin_nano/f1tenth_ws/install/f1_test:/opt/ros/foxy LD_LIBRARY_PATH=/home/orin_nano/f1tenth_ws/install/vesc_msgs/lib:/home/orin_nano/f1tenth_ws/install/vesc_driver/lib:/home/orin_nano/f1tenth_ws/install/vesc_ackermann/lib:/home/orin_nano/f1tenth_ws/install/urg_node2/lib:/opt/ros/foxy/opt/yaml_cpp_vendor/lib:/opt/ros/foxy/opt/rviz_ogre_vendor/lib:/opt/ros/foxy/lib/aarch64-linux-gnu:/opt/ros/foxy/lib:/usr/local/cuda-11.4/lib64 /usr/bin/cmake --build /home/orin_nano/f1tenth_ws/build/vesc_driver -- -j6 -l6
[11.711s] DEBUG:colcon.colcon_core.event_handler.log_command:Invoked command in '/home/orin_nano/f1tenth_ws/build/vesc_ackermann' returned '0': CMAKE_PREFIX_PATH=/home/orin_nano/f1tenth_ws/install/vesc_msgs:/home/orin_nano/f1tenth_ws/install/vesc:/home/orin_nano/f1tenth_ws/install/vesc_driver:/home/orin_nano/f1tenth_ws/install/vesc_ackermann:/home/orin_nano/f1tenth_ws/install/urg_node2:/home/orin_nano/f1tenth_ws/install/combine_pkg:/home/orin_nano/f1tenth_ws/install/f1_test:/opt/ros/foxy LD_LIBRARY_PATH=/home/orin_nano/f1tenth_ws/install/vesc_msgs/lib:/home/orin_nano/f1tenth_ws/install/vesc_driver/lib:/home/orin_nano/f1tenth_ws/install/vesc_ackermann/lib:/home/orin_nano/f1tenth_ws/install/urg_node2/lib:/opt/ros/foxy/opt/yaml_cpp_vendor/lib:/opt/ros/foxy/opt/rviz_ogre_vendor/lib:/opt/ros/foxy/lib/aarch64-linux-gnu:/opt/ros/foxy/lib:/usr/local/cuda-11.4/lib64 /usr/bin/cmake --build /home/orin_nano/f1tenth_ws/build/vesc_ackermann -- -j6 -l6
[11.784s] DEBUG:colcon.colcon_core.event_handler.log_command:Invoking command in '/home/orin_nano/f1tenth_ws/build/vesc_ackermann': CMAKE_PREFIX_PATH=/home/orin_nano/f1tenth_ws/install/vesc_msgs:/home/orin_nano/f1tenth_ws/install/vesc:/home/orin_nano/f1tenth_ws/install/vesc_driver:/home/orin_nano/f1tenth_ws/install/vesc_ackermann:/home/orin_nano/f1tenth_ws/install/urg_node2:/home/orin_nano/f1tenth_ws/install/combine_pkg:/home/orin_nano/f1tenth_ws/install/f1_test:/opt/ros/foxy LD_LIBRARY_PATH=/home/orin_nano/f1tenth_ws/install/vesc_msgs/lib:/home/orin_nano/f1tenth_ws/install/vesc_driver/lib:/home/orin_nano/f1tenth_ws/install/vesc_ackermann/lib:/home/orin_nano/f1tenth_ws/install/urg_node2/lib:/opt/ros/foxy/opt/yaml_cpp_vendor/lib:/opt/ros/foxy/opt/rviz_ogre_vendor/lib:/opt/ros/foxy/lib/aarch64-linux-gnu:/opt/ros/foxy/lib:/usr/local/cuda-11.4/lib64 /usr/bin/cmake --install /home/orin_nano/f1tenth_ws/build/vesc_ackermann
[11.814s] Level 1:colcon.colcon_core.environment:create_environment_scripts_only(vesc_ackermann)
[11.816s] DEBUG:colcon.colcon_core.event_handler.log_command:Invoked command in '/home/orin_nano/f1tenth_ws/build/vesc_ackermann' returned '0': CMAKE_PREFIX_PATH=/home/orin_nano/f1tenth_ws/install/vesc_msgs:/home/orin_nano/f1tenth_ws/install/vesc:/home/orin_nano/f1tenth_ws/install/vesc_driver:/home/orin_nano/f1tenth_ws/install/vesc_ackermann:/home/orin_nano/f1tenth_ws/install/urg_node2:/home/orin_nano/f1tenth_ws/install/combine_pkg:/home/orin_nano/f1tenth_ws/install/f1_test:/opt/ros/foxy LD_LIBRARY_PATH=/home/orin_nano/f1tenth_ws/install/vesc_msgs/lib:/home/orin_nano/f1tenth_ws/install/vesc_driver/lib:/home/orin_nano/f1tenth_ws/install/vesc_ackermann/lib:/home/orin_nano/f1tenth_ws/install/urg_node2/lib:/opt/ros/foxy/opt/yaml_cpp_vendor/lib:/opt/ros/foxy/opt/rviz_ogre_vendor/lib:/opt/ros/foxy/lib/aarch64-linux-gnu:/opt/ros/foxy/lib:/usr/local/cuda-11.4/lib64 /usr/bin/cmake --install /home/orin_nano/f1tenth_ws/build/vesc_ackermann
[11.893s] Level 1:colcon.colcon_core.environment:checking '/home/orin_nano/f1tenth_ws/install/vesc_ackermann' for CMake module files
[11.894s] Level 1:colcon.colcon_core.environment:checking '/home/orin_nano/f1tenth_ws/install/vesc_ackermann' for CMake config files
[11.895s] Level 1:colcon.colcon_core.shell:create_environment_hook('vesc_ackermann', 'cmake_prefix_path')
[11.969s] INFO:colcon.colcon_core.shell:Creating environment hook '/home/orin_nano/f1tenth_ws/install/vesc_ackermann/share/vesc_ackermann/hook/cmake_prefix_path.ps1'
[11.970s] INFO:colcon.colcon_core.shell:Creating environment descriptor '/home/orin_nano/f1tenth_ws/install/vesc_ackermann/share/vesc_ackermann/hook/cmake_prefix_path.dsv'
[11.971s] INFO:colcon.colcon_core.shell:Creating environment hook '/home/orin_nano/f1tenth_ws/install/vesc_ackermann/share/vesc_ackermann/hook/cmake_prefix_path.sh'
[11.972s] Level 1:colcon.colcon_core.environment:checking '/home/orin_nano/f1tenth_ws/install/vesc_ackermann/lib'
[11.972s] Level 1:colcon.colcon_core.shell:create_environment_hook('vesc_ackermann', 'ld_library_path_lib')
[12.046s] INFO:colcon.colcon_core.shell:Creating environment hook '/home/orin_nano/f1tenth_ws/install/vesc_ackermann/share/vesc_ackermann/hook/ld_library_path_lib.ps1'
[12.047s] INFO:colcon.colcon_core.shell:Creating environment descriptor '/home/orin_nano/f1tenth_ws/install/vesc_ackermann/share/vesc_ackermann/hook/ld_library_path_lib.dsv'
[12.048s] INFO:colcon.colcon_core.shell:Creating environment hook '/home/orin_nano/f1tenth_ws/install/vesc_ackermann/share/vesc_ackermann/hook/ld_library_path_lib.sh'
[12.049s] Level 1:colcon.colcon_core.environment:checking '/home/orin_nano/f1tenth_ws/install/vesc_ackermann/bin'
[12.049s] Level 1:colcon.colcon_core.environment:checking '/home/orin_nano/f1tenth_ws/install/vesc_ackermann/lib/pkgconfig/vesc_ackermann.pc'
[12.050s] Level 1:colcon.colcon_core.environment:checking '/home/orin_nano/f1tenth_ws/install/vesc_ackermann/lib/python3.8/site-packages'
[12.050s] Level 1:colcon.colcon_core.environment:checking '/home/orin_nano/f1tenth_ws/install/vesc_ackermann/bin'
[12.123s] INFO:colcon.colcon_core.shell:Creating package script '/home/orin_nano/f1tenth_ws/install/vesc_ackermann/share/vesc_ackermann/package.ps1'
[12.125s] INFO:colcon.colcon_core.shell:Creating package descriptor '/home/orin_nano/f1tenth_ws/install/vesc_ackermann/share/vesc_ackermann/package.dsv'
[12.126s] INFO:colcon.colcon_core.shell:Creating package script '/home/orin_nano/f1tenth_ws/install/vesc_ackermann/share/vesc_ackermann/package.sh'
[12.127s] INFO:colcon.colcon_core.shell:Creating package script '/home/orin_nano/f1tenth_ws/install/vesc_ackermann/share/vesc_ackermann/package.bash'
[12.127s] INFO:colcon.colcon_core.shell:Creating package script '/home/orin_nano/f1tenth_ws/install/vesc_ackermann/share/vesc_ackermann/package.zsh'
[12.128s] Level 1:colcon.colcon_core.environment:create_file_with_runtime_dependencies(/home/orin_nano/f1tenth_ws/install/vesc_ackermann/share/colcon-core/packages/vesc_ackermann)
[12.268s] Level 1:colcon.colcon_core.environment:create_environment_scripts_only(vesc_ackermann)
[12.341s] Level 1:colcon.colcon_core.environment:checking '/home/orin_nano/f1tenth_ws/install/vesc_ackermann' for CMake module files
[12.343s] Level 1:colcon.colcon_core.environment:checking '/home/orin_nano/f1tenth_ws/install/vesc_ackermann' for CMake config files
[12.343s] Level 1:colcon.colcon_core.shell:create_environment_hook('vesc_ackermann', 'cmake_prefix_path')
[12.417s] INFO:colcon.colcon_core.shell:Creating environment hook '/home/orin_nano/f1tenth_ws/install/vesc_ackermann/share/vesc_ackermann/hook/cmake_prefix_path.ps1'
[12.419s] INFO:colcon.colcon_core.shell:Creating environment descriptor '/home/orin_nano/f1tenth_ws/install/vesc_ackermann/share/vesc_ackermann/hook/cmake_prefix_path.dsv'
[12.419s] INFO:colcon.colcon_core.shell:Creating environment hook '/home/orin_nano/f1tenth_ws/install/vesc_ackermann/share/vesc_ackermann/hook/cmake_prefix_path.sh'
[12.421s] Level 1:colcon.colcon_core.environment:checking '/home/orin_nano/f1tenth_ws/install/vesc_ackermann/lib'
[12.421s] Level 1:colcon.colcon_core.shell:create_environment_hook('vesc_ackermann', 'ld_library_path_lib')
[12.495s] INFO:colcon.colcon_core.shell:Creating environment hook '/home/orin_nano/f1tenth_ws/install/vesc_ackermann/share/vesc_ackermann/hook/ld_library_path_lib.ps1'
[12.496s] INFO:colcon.colcon_core.shell:Creating environment descriptor '/home/orin_nano/f1tenth_ws/install/vesc_ackermann/share/vesc_ackermann/hook/ld_library_path_lib.dsv'
[12.497s] INFO:colcon.colcon_core.shell:Creating environment hook '/home/orin_nano/f1tenth_ws/install/vesc_ackermann/share/vesc_ackermann/hook/ld_library_path_lib.sh'
[12.498s] Level 1:colcon.colcon_core.environment:checking '/home/orin_nano/f1tenth_ws/install/vesc_ackermann/bin'
[12.498s] Level 1:colcon.colcon_core.environment:checking '/home/orin_nano/f1tenth_ws/install/vesc_ackermann/lib/pkgconfig/vesc_ackermann.pc'
[12.499s] Level 1:colcon.colcon_core.environment:checking '/home/orin_nano/f1tenth_ws/install/vesc_ackermann/lib/python3.8/site-packages'
[12.499s] Level 1:colcon.colcon_core.environment:checking '/home/orin_nano/f1tenth_ws/install/vesc_ackermann/bin'
[12.573s] INFO:colcon.colcon_core.shell:Creating package script '/home/orin_nano/f1tenth_ws/install/vesc_ackermann/share/vesc_ackermann/package.ps1'
[12.575s] INFO:colcon.colcon_core.shell:Creating package descriptor '/home/orin_nano/f1tenth_ws/install/vesc_ackermann/share/vesc_ackermann/package.dsv'
[12.576s] INFO:colcon.colcon_core.shell:Creating package script '/home/orin_nano/f1tenth_ws/install/vesc_ackermann/share/vesc_ackermann/package.sh'
[12.576s] INFO:colcon.colcon_core.shell:Creating package script '/home/orin_nano/f1tenth_ws/install/vesc_ackermann/share/vesc_ackermann/package.bash'
[12.577s] INFO:colcon.colcon_core.shell:Creating package script '/home/orin_nano/f1tenth_ws/install/vesc_ackermann/share/vesc_ackermann/package.zsh'
[12.578s] Level 1:colcon.colcon_core.environment:create_file_with_runtime_dependencies(/home/orin_nano/f1tenth_ws/install/vesc_ackermann/share/colcon-core/packages/vesc_ackermann)
[30.479s] DEBUG:colcon.colcon_core.event_handler.log_command:Invoked command in '/home/orin_nano/f1tenth_ws/build/vesc_driver' returned '0': CMAKE_PREFIX_PATH=/home/orin_nano/f1tenth_ws/install/vesc_msgs:/home/orin_nano/f1tenth_ws/install/vesc:/home/orin_nano/f1tenth_ws/install/vesc_driver:/home/orin_nano/f1tenth_ws/install/vesc_ackermann:/home/orin_nano/f1tenth_ws/install/urg_node2:/home/orin_nano/f1tenth_ws/install/combine_pkg:/home/orin_nano/f1tenth_ws/install/f1_test:/opt/ros/foxy LD_LIBRARY_PATH=/home/orin_nano/f1tenth_ws/install/vesc_msgs/lib:/home/orin_nano/f1tenth_ws/install/vesc_driver/lib:/home/orin_nano/f1tenth_ws/install/vesc_ackermann/lib:/home/orin_nano/f1tenth_ws/install/urg_node2/lib:/opt/ros/foxy/opt/yaml_cpp_vendor/lib:/opt/ros/foxy/opt/rviz_ogre_vendor/lib:/opt/ros/foxy/lib/aarch64-linux-gnu:/opt/ros/foxy/lib:/usr/local/cuda-11.4/lib64 /usr/bin/cmake --build /home/orin_nano/f1tenth_ws/build/vesc_driver -- -j6 -l6
[30.561s] DEBUG:colcon.colcon_core.event_handler.log_command:Invoking command in '/home/orin_nano/f1tenth_ws/build/vesc_driver': CMAKE_PREFIX_PATH=/home/orin_nano/f1tenth_ws/install/vesc_msgs:/home/orin_nano/f1tenth_ws/install/vesc:/home/orin_nano/f1tenth_ws/install/vesc_driver:/home/orin_nano/f1tenth_ws/install/vesc_ackermann:/home/orin_nano/f1tenth_ws/install/urg_node2:/home/orin_nano/f1tenth_ws/install/combine_pkg:/home/orin_nano/f1tenth_ws/install/f1_test:/opt/ros/foxy LD_LIBRARY_PATH=/home/orin_nano/f1tenth_ws/install/vesc_msgs/lib:/home/orin_nano/f1tenth_ws/install/vesc_driver/lib:/home/orin_nano/f1tenth_ws/install/vesc_ackermann/lib:/home/orin_nano/f1tenth_ws/install/urg_node2/lib:/opt/ros/foxy/opt/yaml_cpp_vendor/lib:/opt/ros/foxy/opt/rviz_ogre_vendor/lib:/opt/ros/foxy/lib/aarch64-linux-gnu:/opt/ros/foxy/lib:/usr/local/cuda-11.4/lib64 /usr/bin/cmake --install /home/orin_nano/f1tenth_ws/build/vesc_driver
[30.605s] Level 1:colcon.colcon_core.environment:create_environment_scripts_only(vesc_driver)
[30.606s] DEBUG:colcon.colcon_core.event_handler.log_command:Invoked command in '/home/orin_nano/f1tenth_ws/build/vesc_driver' returned '0': CMAKE_PREFIX_PATH=/home/orin_nano/f1tenth_ws/install/vesc_msgs:/home/orin_nano/f1tenth_ws/install/vesc:/home/orin_nano/f1tenth_ws/install/vesc_driver:/home/orin_nano/f1tenth_ws/install/vesc_ackermann:/home/orin_nano/f1tenth_ws/install/urg_node2:/home/orin_nano/f1tenth_ws/install/combine_pkg:/home/orin_nano/f1tenth_ws/install/f1_test:/opt/ros/foxy LD_LIBRARY_PATH=/home/orin_nano/f1tenth_ws/install/vesc_msgs/lib:/home/orin_nano/f1tenth_ws/install/vesc_driver/lib:/home/orin_nano/f1tenth_ws/install/vesc_ackermann/lib:/home/orin_nano/f1tenth_ws/install/urg_node2/lib:/opt/ros/foxy/opt/yaml_cpp_vendor/lib:/opt/ros/foxy/opt/rviz_ogre_vendor/lib:/opt/ros/foxy/lib/aarch64-linux-gnu:/opt/ros/foxy/lib:/usr/local/cuda-11.4/lib64 /usr/bin/cmake --install /home/orin_nano/f1tenth_ws/build/vesc_driver
[30.717s] Level 1:colcon.colcon_core.environment:checking '/home/orin_nano/f1tenth_ws/install/vesc_driver' for CMake module files
[30.719s] Level 1:colcon.colcon_core.environment:checking '/home/orin_nano/f1tenth_ws/install/vesc_driver' for CMake config files
[30.720s] Level 1:colcon.colcon_core.shell:create_environment_hook('vesc_driver', 'cmake_prefix_path')
[30.792s] INFO:colcon.colcon_core.shell:Creating environment hook '/home/orin_nano/f1tenth_ws/install/vesc_driver/share/vesc_driver/hook/cmake_prefix_path.ps1'
[30.793s] INFO:colcon.colcon_core.shell:Creating environment descriptor '/home/orin_nano/f1tenth_ws/install/vesc_driver/share/vesc_driver/hook/cmake_prefix_path.dsv'
[30.794s] INFO:colcon.colcon_core.shell:Creating environment hook '/home/orin_nano/f1tenth_ws/install/vesc_driver/share/vesc_driver/hook/cmake_prefix_path.sh'
[30.795s] Level 1:colcon.colcon_core.environment:checking '/home/orin_nano/f1tenth_ws/install/vesc_driver/lib'
[30.795s] Level 1:colcon.colcon_core.shell:create_environment_hook('vesc_driver', 'ld_library_path_lib')
[30.867s] INFO:colcon.colcon_core.shell:Creating environment hook '/home/orin_nano/f1tenth_ws/install/vesc_driver/share/vesc_driver/hook/ld_library_path_lib.ps1'
[30.869s] INFO:colcon.colcon_core.shell:Creating environment descriptor '/home/orin_nano/f1tenth_ws/install/vesc_driver/share/vesc_driver/hook/ld_library_path_lib.dsv'
[30.869s] INFO:colcon.colcon_core.shell:Creating environment hook '/home/orin_nano/f1tenth_ws/install/vesc_driver/share/vesc_driver/hook/ld_library_path_lib.sh'
[30.870s] Level 1:colcon.colcon_core.environment:checking '/home/orin_nano/f1tenth_ws/install/vesc_driver/bin'
[30.870s] Level 1:colcon.colcon_core.environment:checking '/home/orin_nano/f1tenth_ws/install/vesc_driver/lib/pkgconfig/vesc_driver.pc'
[30.871s] Level 1:colcon.colcon_core.environment:checking '/home/orin_nano/f1tenth_ws/install/vesc_driver/lib/python3.8/site-packages'
[30.871s] Level 1:colcon.colcon_core.environment:checking '/home/orin_nano/f1tenth_ws/install/vesc_driver/bin'
[30.944s] INFO:colcon.colcon_core.shell:Creating package script '/home/orin_nano/f1tenth_ws/install/vesc_driver/share/vesc_driver/package.ps1'
[30.945s] INFO:colcon.colcon_core.shell:Creating package descriptor '/home/orin_nano/f1tenth_ws/install/vesc_driver/share/vesc_driver/package.dsv'
[30.946s] INFO:colcon.colcon_core.shell:Creating package script '/home/orin_nano/f1tenth_ws/install/vesc_driver/share/vesc_driver/package.sh'
[30.947s] INFO:colcon.colcon_core.shell:Creating package script '/home/orin_nano/f1tenth_ws/install/vesc_driver/share/vesc_driver/package.bash'
[30.948s] INFO:colcon.colcon_core.shell:Creating package script '/home/orin_nano/f1tenth_ws/install/vesc_driver/share/vesc_driver/package.zsh'
[30.948s] Level 1:colcon.colcon_core.environment:create_file_with_runtime_dependencies(/home/orin_nano/f1tenth_ws/install/vesc_driver/share/colcon-core/packages/vesc_driver)
[31.099s] Level 1:colcon.colcon_core.environment:create_environment_scripts_only(vesc_driver)
[31.171s] Level 1:colcon.colcon_core.environment:checking '/home/orin_nano/f1tenth_ws/install/vesc_driver' for CMake module files
[31.172s] Level 1:colcon.colcon_core.environment:checking '/home/orin_nano/f1tenth_ws/install/vesc_driver' for CMake config files
[31.173s] Level 1:colcon.colcon_core.shell:create_environment_hook('vesc_driver', 'cmake_prefix_path')
[31.245s] INFO:colcon.colcon_core.shell:Creating environment hook '/home/orin_nano/f1tenth_ws/install/vesc_driver/share/vesc_driver/hook/cmake_prefix_path.ps1'
[31.246s] INFO:colcon.colcon_core.shell:Creating environment descriptor '/home/orin_nano/f1tenth_ws/install/vesc_driver/share/vesc_driver/hook/cmake_prefix_path.dsv'
[31.247s] INFO:colcon.colcon_core.shell:Creating environment hook '/home/orin_nano/f1tenth_ws/install/vesc_driver/share/vesc_driver/hook/cmake_prefix_path.sh'
[31.248s] Level 1:colcon.colcon_core.environment:checking '/home/orin_nano/f1tenth_ws/install/vesc_driver/lib'
[31.248s] Level 1:colcon.colcon_core.shell:create_environment_hook('vesc_driver', 'ld_library_path_lib')
[31.320s] INFO:colcon.colcon_core.shell:Creating environment hook '/home/orin_nano/f1tenth_ws/install/vesc_driver/share/vesc_driver/hook/ld_library_path_lib.ps1'
[31.321s] INFO:colcon.colcon_core.shell:Creating environment descriptor '/home/orin_nano/f1tenth_ws/install/vesc_driver/share/vesc_driver/hook/ld_library_path_lib.dsv'
[31.322s] INFO:colcon.colcon_core.shell:Creating environment hook '/home/orin_nano/f1tenth_ws/install/vesc_driver/share/vesc_driver/hook/ld_library_path_lib.sh'
[31.323s] Level 1:colcon.colcon_core.environment:checking '/home/orin_nano/f1tenth_ws/install/vesc_driver/bin'
[31.323s] Level 1:colcon.colcon_core.environment:checking '/home/orin_nano/f1tenth_ws/install/vesc_driver/lib/pkgconfig/vesc_driver.pc'
[31.323s] Level 1:colcon.colcon_core.environment:checking '/home/orin_nano/f1tenth_ws/install/vesc_driver/lib/python3.8/site-packages'
[31.324s] Level 1:colcon.colcon_core.environment:checking '/home/orin_nano/f1tenth_ws/install/vesc_driver/bin'
[31.396s] INFO:colcon.colcon_core.shell:Creating package script '/home/orin_nano/f1tenth_ws/install/vesc_driver/share/vesc_driver/package.ps1'
[31.397s] INFO:colcon.colcon_core.shell:Creating package descriptor '/home/orin_nano/f1tenth_ws/install/vesc_driver/share/vesc_driver/package.dsv'
[31.398s] INFO:colcon.colcon_core.shell:Creating package script '/home/orin_nano/f1tenth_ws/install/vesc_driver/share/vesc_driver/package.sh'
[31.399s] INFO:colcon.colcon_core.shell:Creating package script '/home/orin_nano/f1tenth_ws/install/vesc_driver/share/vesc_driver/package.bash'
[31.400s] INFO:colcon.colcon_core.shell:Creating package script '/home/orin_nano/f1tenth_ws/install/vesc_driver/share/vesc_driver/package.zsh'
[31.401s] Level 1:colcon.colcon_core.environment:create_file_with_runtime_dependencies(/home/orin_nano/f1tenth_ws/install/vesc_driver/share/colcon-core/packages/vesc_driver)
[31.402s] INFO:colcon.colcon_ros.task.ament_cmake.build:Building ROS package in '/home/orin_nano/f1tenth_ws/src/vesc/vesc' with build type 'ament_cmake'
[31.402s] INFO:colcon.colcon_cmake.task.cmake.build:Building CMake package in '/home/orin_nano/f1tenth_ws/src/vesc/vesc'
[31.475s] INFO:colcon.colcon_core.shell:Skip shell extension 'powershell' for command environment: Not usable outside of PowerShell
[31.475s] DEBUG:colcon.colcon_core.shell:Skip shell extension 'dsv' for command environment
[31.726s] DEBUG:colcon.colcon_core.event_handler.log_command:Invoking command in '/home/orin_nano/f1tenth_ws/build/vesc': CMAKE_PREFIX_PATH=/home/orin_nano/f1tenth_ws/install/vesc_driver:/home/orin_nano/f1tenth_ws/install/vesc_ackermann:/home/orin_nano/f1tenth_ws/install/vesc_msgs:/home/orin_nano/f1tenth_ws/install/vesc:/home/orin_nano/f1tenth_ws/install/urg_node2:/home/orin_nano/f1tenth_ws/install/combine_pkg:/home/orin_nano/f1tenth_ws/install/f1_test:/opt/ros/foxy LD_LIBRARY_PATH=/home/orin_nano/f1tenth_ws/install/vesc_driver/lib:/home/orin_nano/f1tenth_ws/install/vesc_ackermann/lib:/home/orin_nano/f1tenth_ws/install/vesc_msgs/lib:/home/orin_nano/f1tenth_ws/install/urg_node2/lib:/opt/ros/foxy/opt/yaml_cpp_vendor/lib:/opt/ros/foxy/opt/rviz_ogre_vendor/lib:/opt/ros/foxy/lib/aarch64-linux-gnu:/opt/ros/foxy/lib:/usr/local/cuda-11.4/lib64 /usr/bin/cmake --build /home/orin_nano/f1tenth_ws/build/vesc -- -j6 -l6
[31.813s] DEBUG:colcon.colcon_core.event_handler.log_command:Invoked command in '/home/orin_nano/f1tenth_ws/build/vesc' returned '0': CMAKE_PREFIX_PATH=/home/orin_nano/f1tenth_ws/install/vesc_driver:/home/orin_nano/f1tenth_ws/install/vesc_ackermann:/home/orin_nano/f1tenth_ws/install/vesc_msgs:/home/orin_nano/f1tenth_ws/install/vesc:/home/orin_nano/f1tenth_ws/install/urg_node2:/home/orin_nano/f1tenth_ws/install/combine_pkg:/home/orin_nano/f1tenth_ws/install/f1_test:/opt/ros/foxy LD_LIBRARY_PATH=/home/orin_nano/f1tenth_ws/install/vesc_driver/lib:/home/orin_nano/f1tenth_ws/install/vesc_ackermann/lib:/home/orin_nano/f1tenth_ws/install/vesc_msgs/lib:/home/orin_nano/f1tenth_ws/install/urg_node2/lib:/opt/ros/foxy/opt/yaml_cpp_vendor/lib:/opt/ros/foxy/opt/rviz_ogre_vendor/lib:/opt/ros/foxy/lib/aarch64-linux-gnu:/opt/ros/foxy/lib:/usr/local/cuda-11.4/lib64 /usr/bin/cmake --build /home/orin_nano/f1tenth_ws/build/vesc -- -j6 -l6
[31.866s] DEBUG:colcon.colcon_core.event_handler.log_command:Invoking command in '/home/orin_nano/f1tenth_ws/build/vesc': CMAKE_PREFIX_PATH=/home/orin_nano/f1tenth_ws/install/vesc_driver:/home/orin_nano/f1tenth_ws/install/vesc_ackermann:/home/orin_nano/f1tenth_ws/install/vesc_msgs:/home/orin_nano/f1tenth_ws/install/vesc:/home/orin_nano/f1tenth_ws/install/urg_node2:/home/orin_nano/f1tenth_ws/install/combine_pkg:/home/orin_nano/f1tenth_ws/install/f1_test:/opt/ros/foxy LD_LIBRARY_PATH=/home/orin_nano/f1tenth_ws/install/vesc_driver/lib:/home/orin_nano/f1tenth_ws/install/vesc_ackermann/lib:/home/orin_nano/f1tenth_ws/install/vesc_msgs/lib:/home/orin_nano/f1tenth_ws/install/urg_node2/lib:/opt/ros/foxy/opt/yaml_cpp_vendor/lib:/opt/ros/foxy/opt/rviz_ogre_vendor/lib:/opt/ros/foxy/lib/aarch64-linux-gnu:/opt/ros/foxy/lib:/usr/local/cuda-11.4/lib64 /usr/bin/cmake --install /home/orin_nano/f1tenth_ws/build/vesc
[31.891s] Level 1:colcon.colcon_core.environment:create_environment_scripts_only(vesc)
[31.892s] DEBUG:colcon.colcon_core.event_handler.log_command:Invoked command in '/home/orin_nano/f1tenth_ws/build/vesc' returned '0': CMAKE_PREFIX_PATH=/home/orin_nano/f1tenth_ws/install/vesc_driver:/home/orin_nano/f1tenth_ws/install/vesc_ackermann:/home/orin_nano/f1tenth_ws/install/vesc_msgs:/home/orin_nano/f1tenth_ws/install/vesc:/home/orin_nano/f1tenth_ws/install/urg_node2:/home/orin_nano/f1tenth_ws/install/combine_pkg:/home/orin_nano/f1tenth_ws/install/f1_test:/opt/ros/foxy LD_LIBRARY_PATH=/home/orin_nano/f1tenth_ws/install/vesc_driver/lib:/home/orin_nano/f1tenth_ws/install/vesc_ackermann/lib:/home/orin_nano/f1tenth_ws/install/vesc_msgs/lib:/home/orin_nano/f1tenth_ws/install/urg_node2/lib:/opt/ros/foxy/opt/yaml_cpp_vendor/lib:/opt/ros/foxy/opt/rviz_ogre_vendor/lib:/opt/ros/foxy/lib/aarch64-linux-gnu:/opt/ros/foxy/lib:/usr/local/cuda-11.4/lib64 /usr/bin/cmake --install /home/orin_nano/f1tenth_ws/build/vesc
[31.978s] Level 1:colcon.colcon_core.environment:checking '/home/orin_nano/f1tenth_ws/install/vesc' for CMake module files
[31.979s] Level 1:colcon.colcon_core.environment:checking '/home/orin_nano/f1tenth_ws/install/vesc' for CMake config files
[31.980s] Level 1:colcon.colcon_core.shell:create_environment_hook('vesc', 'cmake_prefix_path')
[32.052s] INFO:colcon.colcon_core.shell:Creating environment hook '/home/orin_nano/f1tenth_ws/install/vesc/share/vesc/hook/cmake_prefix_path.ps1'
[32.053s] INFO:colcon.colcon_core.shell:Creating environment descriptor '/home/orin_nano/f1tenth_ws/install/vesc/share/vesc/hook/cmake_prefix_path.dsv'
[32.054s] INFO:colcon.colcon_core.shell:Creating environment hook '/home/orin_nano/f1tenth_ws/install/vesc/share/vesc/hook/cmake_prefix_path.sh'
[32.055s] Level 1:colcon.colcon_core.environment:checking '/home/orin_nano/f1tenth_ws/install/vesc/bin'
[32.055s] Level 1:colcon.colcon_core.environment:checking '/home/orin_nano/f1tenth_ws/install/vesc/lib/pkgconfig/vesc.pc'
[32.056s] Level 1:colcon.colcon_core.environment:checking '/home/orin_nano/f1tenth_ws/install/vesc/lib/python3.8/site-packages'
[32.056s] Level 1:colcon.colcon_core.environment:checking '/home/orin_nano/f1tenth_ws/install/vesc/bin'
[32.129s] INFO:colcon.colcon_core.shell:Creating package script '/home/orin_nano/f1tenth_ws/install/vesc/share/vesc/package.ps1'
[32.130s] INFO:colcon.colcon_core.shell:Creating package descriptor '/home/orin_nano/f1tenth_ws/install/vesc/share/vesc/package.dsv'
[32.131s] INFO:colcon.colcon_core.shell:Creating package script '/home/orin_nano/f1tenth_ws/install/vesc/share/vesc/package.sh'
[32.132s] INFO:colcon.colcon_core.shell:Creating package script '/home/orin_nano/f1tenth_ws/install/vesc/share/vesc/package.bash'
[32.132s] INFO:colcon.colcon_core.shell:Creating package script '/home/orin_nano/f1tenth_ws/install/vesc/share/vesc/package.zsh'
[32.133s] Level 1:colcon.colcon_core.environment:create_file_with_runtime_dependencies(/home/orin_nano/f1tenth_ws/install/vesc/share/colcon-core/packages/vesc)
[32.252s] Level 1:colcon.colcon_core.environment:create_environment_scripts_only(vesc)
[32.326s] Level 1:colcon.colcon_core.environment:checking '/home/orin_nano/f1tenth_ws/install/vesc' for CMake module files
[32.327s] Level 1:colcon.colcon_core.environment:checking '/home/orin_nano/f1tenth_ws/install/vesc' for CMake config files
[32.328s] Level 1:colcon.colcon_core.shell:create_environment_hook('vesc', 'cmake_prefix_path')
[32.400s] INFO:colcon.colcon_core.shell:Creating environment hook '/home/orin_nano/f1tenth_ws/install/vesc/share/vesc/hook/cmake_prefix_path.ps1'
[32.402s] INFO:colcon.colcon_core.shell:Creating environment descriptor '/home/orin_nano/f1tenth_ws/install/vesc/share/vesc/hook/cmake_prefix_path.dsv'
[32.402s] INFO:colcon.colcon_core.shell:Creating environment hook '/home/orin_nano/f1tenth_ws/install/vesc/share/vesc/hook/cmake_prefix_path.sh'
[32.403s] Level 1:colcon.colcon_core.environment:checking '/home/orin_nano/f1tenth_ws/install/vesc/bin'
[32.404s] Level 1:colcon.colcon_core.environment:checking '/home/orin_nano/f1tenth_ws/install/vesc/lib/pkgconfig/vesc.pc'
[32.404s] Level 1:colcon.colcon_core.environment:checking '/home/orin_nano/f1tenth_ws/install/vesc/lib/python3.8/site-packages'
[32.404s] Level 1:colcon.colcon_core.environment:checking '/home/orin_nano/f1tenth_ws/install/vesc/bin'
[32.477s] INFO:colcon.colcon_core.shell:Creating package script '/home/orin_nano/f1tenth_ws/install/vesc/share/vesc/package.ps1'
[32.478s] INFO:colcon.colcon_core.shell:Creating package descriptor '/home/orin_nano/f1tenth_ws/install/vesc/share/vesc/package.dsv'
[32.479s] INFO:colcon.colcon_core.shell:Creating package script '/home/orin_nano/f1tenth_ws/install/vesc/share/vesc/package.sh'
[32.480s] INFO:colcon.colcon_core.shell:Creating package script '/home/orin_nano/f1tenth_ws/install/vesc/share/vesc/package.bash'
[32.480s] INFO:colcon.colcon_core.shell:Creating package script '/home/orin_nano/f1tenth_ws/install/vesc/share/vesc/package.zsh'
[32.481s] Level 1:colcon.colcon_core.environment:create_file_with_runtime_dependencies(/home/orin_nano/f1tenth_ws/install/vesc/share/colcon-core/packages/vesc)
[32.482s] DEBUG:colcon.colcon_parallel_executor.executor.parallel:closing loop
[32.483s] DEBUG:colcon.colcon_parallel_executor.executor.parallel:loop closed
[32.483s] DEBUG:colcon.colcon_parallel_executor.executor.parallel:run_until_complete finished with '0'
[32.483s] DEBUG:colcon.colcon_core.event_reactor:joining thread
[32.582s] INFO:colcon.colcon_core.plugin_system:Skipping extension 'colcon_notification.desktop_notification.terminal_notifier': Not used on non-Darwin systems
[32.582s] INFO:colcon.colcon_core.plugin_system:Skipping extension 'colcon_notification.desktop_notification.win32': Not used on non-Windows systems
[32.582s] INFO:colcon.colcon_notification.desktop_notification:Sending desktop notification using 'notify2'
[32.622s] DEBUG:colcon.colcon_core.event_reactor:joined thread
[32.696s] INFO:colcon.colcon_core.shell:Creating prefix script '/home/orin_nano/f1tenth_ws/install/local_setup.ps1'
[32.698s] INFO:colcon.colcon_core.shell:Creating prefix util module '/home/orin_nano/f1tenth_ws/install/_local_setup_util_ps1.py'
[32.700s] INFO:colcon.colcon_core.shell:Creating prefix chain script '/home/orin_nano/f1tenth_ws/install/setup.ps1'
[32.775s] INFO:colcon.colcon_core.shell:Creating prefix script '/home/orin_nano/f1tenth_ws/install/local_setup.sh'
[32.776s] INFO:colcon.colcon_core.shell:Creating prefix util module '/home/orin_nano/f1tenth_ws/install/_local_setup_util_sh.py'
[32.777s] INFO:colcon.colcon_core.shell:Creating prefix chain script '/home/orin_nano/f1tenth_ws/install/setup.sh'
[32.851s] INFO:colcon.colcon_core.shell:Creating prefix script '/home/orin_nano/f1tenth_ws/install/local_setup.bash'
[32.852s] INFO:colcon.colcon_core.shell:Creating prefix chain script '/home/orin_nano/f1tenth_ws/install/setup.bash'
[32.926s] INFO:colcon.colcon_core.shell:Creating prefix script '/home/orin_nano/f1tenth_ws/install/local_setup.zsh'
[32.927s] INFO:colcon.colcon_core.shell:Creating prefix chain script '/home/orin_nano/f1tenth_ws/install/setup.zsh'
