[0.508s] Invoking command in '/home/orin_nano/microros_ws/build/drive_base_msgs': CMAKE_PREFIX_PATH=/opt/ros/foxy /usr/bin/cmake /home/orin_nano/microros_ws/src/uros/drive_base/drive_base_msgs -DCMAKE_INSTALL_PREFIX=/home/orin_nano/microros_ws/install/drive_base_msgs
[0.722s] -- The C compiler identification is GNU 9.4.0
[0.882s] -- The CXX compiler identification is GNU 9.4.0
[0.890s] -- Check for working C compiler: /usr/bin/cc
[1.027s] -- Check for working C compiler: /usr/bin/cc -- works
[1.030s] -- Detecting C compiler ABI info
[1.168s] -- Detecting C compiler ABI info - done
[1.204s] -- Detecting C compile features
[1.204s] -- Detecting C compile features - done
[1.208s] -- Check for working CXX compiler: /usr/bin/c++
[1.364s] -- Check for working CXX compiler: /usr/bin/c++ -- works
[1.367s] -- Detecting CXX compiler ABI info
[1.517s] -- Detecting CXX compiler ABI info - done
[1.537s] -- Detecting CXX compile features
[1.538s] -- Detecting CXX compile features - done
[1.543s] -- Found ament_cmake: 0.9.12 (/opt/ros/foxy/share/ament_cmake/cmake)
[1.589s] -- Found PythonInterp: /usr/bin/python3 (found suitable version "3.8.10", minimum required is "3") 
[1.589s] -- Using PYTHON_EXECUTABLE: /usr/bin/python3
[1.978s] -- Found std_msgs: 2.0.5 (/opt/ros/foxy/share/std_msgs/cmake)
[2.028s] -- Using all available rosidl_typesupport_c: rosidl_typesupport_fastrtps_c;rosidl_typesupport_introspection_c
[2.039s] -- Found rosidl_adapter: 1.3.1 (/opt/ros/foxy/share/rosidl_adapter/cmake)
[2.204s] -- Found OpenSSL: /usr/lib/aarch64-linux-gnu/libcrypto.so (found version "1.1.1f")  
[2.262s] -- Found FastRTPS: /opt/ros/foxy/include  
[2.416s] -- Using all available rosidl_typesupport_cpp: rosidl_typesupport_fastrtps_cpp;rosidl_typesupport_introspection_cpp
[2.509s] -- Found rosidl_default_generators: 1.0.1 (/opt/ros/foxy/share/rosidl_default_generators/cmake)
[2.572s] -- Found PythonInterp: /usr/bin/python3 (found version "3.8.10") 
[2.912s] -- Found ament_cmake_cppcheck: 0.9.8 (/opt/ros/foxy/share/ament_cmake_cppcheck/cmake)
[2.915s] -- Found ament_cmake_cpplint: 0.9.8 (/opt/ros/foxy/share/ament_cmake_cpplint/cmake)
[2.918s] -- Found ament_cmake_uncrustify: 0.9.8 (/opt/ros/foxy/share/ament_cmake_uncrustify/cmake)
[2.922s] -- Found ament_cmake_ros: 0.9.2 (/opt/ros/foxy/share/ament_cmake_ros/cmake)
[3.263s] -- Using all available rosidl_typesupport_c: rosidl_typesupport_fastrtps_c;rosidl_typesupport_introspection_c
[3.383s] -- Using all available rosidl_typesupport_cpp: rosidl_typesupport_fastrtps_cpp;rosidl_typesupport_introspection_cpp
[3.433s] -- Found PythonInterp: /usr/bin/python3 (found suitable version "3.8.10", minimum required is "3.5") 
[3.435s] -- Found python_cmake_module: 0.8.1 (/opt/ros/foxy/share/python_cmake_module/cmake)
[3.490s] -- Found PythonLibs: /usr/lib/aarch64-linux-gnu/libpython3.8.so (found suitable version "3.8.10", minimum required is "3.5") 
[3.491s] -- Using PYTHON_EXECUTABLE: /usr/bin/python3
[3.491s] -- Using PYTHON_INCLUDE_DIRS: /usr/include/python3.8
[3.492s] -- Using PYTHON_LIBRARIES: /usr/lib/aarch64-linux-gnu/libpython3.8.so
[3.532s] -- Found PythonExtra: .so  
[3.652s] -- Found ament_cmake_flake8: 0.9.8 (/opt/ros/foxy/share/ament_cmake_flake8/cmake)
[3.656s] -- Found ament_cmake_pep257: 0.9.8 (/opt/ros/foxy/share/ament_cmake_pep257/cmake)
[3.677s] -- Configuring done
[3.773s] -- Generating done
[3.777s] -- Build files have been written to: /home/orin_nano/microros_ws/build/drive_base_msgs
[4.158s] Invoked command in '/home/orin_nano/microros_ws/build/drive_base_msgs' returned '0': CMAKE_PREFIX_PATH=/opt/ros/foxy /usr/bin/cmake /home/orin_nano/microros_ws/src/uros/drive_base/drive_base_msgs -DCMAKE_INSTALL_PREFIX=/home/orin_nano/microros_ws/install/drive_base_msgs
[4.164s] Invoking command in '/home/orin_nano/microros_ws/build/drive_base_msgs': CMAKE_PREFIX_PATH=/opt/ros/foxy /usr/bin/cmake --build /home/orin_nano/microros_ws/build/drive_base_msgs -- -j6 -l6
[4.253s] [  1%] [34m[1mGenerating C code for ROS interfaces[0m
[4.253s] [35m[1mScanning dependencies of target drive_base_msgs__cpp[0m
[4.277s] [  3%] [34m[1mGenerating C++ code for ROS interfaces[0m
[5.560s] [  3%] Built target drive_base_msgs__cpp
[5.581s] [  5%] [34m[1mGenerating C++ introspection for ROS interfaces[0m
[5.584s] [  7%] [34m[1mGenerating C++ type support for eProsima Fast-RTPS[0m
[5.617s] [  9%] [34m[1mGenerating C++ type support dispatch for ROS interfaces[0m
[5.628s] [35m[1mScanning dependencies of target drive_base_msgs__rosidl_generator_c[0m
[5.669s] [ 12%] [32mBuilding C object CMakeFiles/drive_base_msgs__rosidl_generator_c.dir/rosidl_generator_c/drive_base_msgs/msg/detail/command_status__functions.c.o[0m
[5.669s] [ 12%] [32mBuilding C object CMakeFiles/drive_base_msgs__rosidl_generator_c.dir/rosidl_generator_c/drive_base_msgs/msg/detail/command_header__functions.c.o[0m
[5.677s] [ 14%] [32mBuilding C object CMakeFiles/drive_base_msgs__rosidl_generator_c.dir/rosidl_generator_c/drive_base_msgs/msg/detail/base_info__functions.c.o[0m
[5.793s] [ 16%] [32mBuilding C object CMakeFiles/drive_base_msgs__rosidl_generator_c.dir/rosidl_generator_c/drive_base_msgs/msg/detail/trv_command__functions.c.o[0m
[5.891s] [ 18%] [32m[1mLinking C shared library libdrive_base_msgs__rosidl_generator_c.so[0m
[5.974s] [ 18%] Built target drive_base_msgs__rosidl_generator_c
[5.998s] [ 21%] [34m[1mGenerating C introspection for ROS interfaces[0m
[5.998s] [ 21%] [34m[1mGenerating C type support dispatch for ROS interfaces[0m
[6.733s] [35m[1mScanning dependencies of target drive_base_msgs__rosidl_typesupport_cpp[0m
[6.751s] [35m[1mScanning dependencies of target drive_base_msgs__rosidl_typesupport_introspection_cpp[0m
[6.764s] [ 23%] [32mBuilding CXX object CMakeFiles/drive_base_msgs__rosidl_typesupport_cpp.dir/rosidl_typesupport_cpp/drive_base_msgs/msg/command_header__type_support.cpp.o[0m
[6.794s] [ 25%] [32mBuilding CXX object CMakeFiles/drive_base_msgs__rosidl_typesupport_introspection_cpp.dir/rosidl_typesupport_introspection_cpp/drive_base_msgs/msg/detail/command_header__type_support.cpp.o[0m
[6.795s] [ 27%] [32mBuilding CXX object CMakeFiles/drive_base_msgs__rosidl_typesupport_cpp.dir/rosidl_typesupport_cpp/drive_base_msgs/msg/base_info__type_support.cpp.o[0m
[6.892s] [35m[1mScanning dependencies of target drive_base_msgs__rosidl_typesupport_fastrtps_cpp[0m
[6.970s] [ 29%] [32mBuilding CXX object CMakeFiles/drive_base_msgs__rosidl_typesupport_fastrtps_cpp.dir/rosidl_typesupport_fastrtps_cpp/drive_base_msgs/msg/detail/dds_fastrtps/command_header__type_support.cpp.o[0m
[7.245s] [35m[1mScanning dependencies of target drive_base_msgs__rosidl_typesupport_c[0m
[7.271s] [35m[1mScanning dependencies of target drive_base_msgs__rosidl_typesupport_introspection_c[0m
[7.278s] [ 30%] [32mBuilding CXX object CMakeFiles/drive_base_msgs__rosidl_typesupport_c.dir/rosidl_typesupport_c/drive_base_msgs/msg/command_header__type_support.cpp.o[0m
[7.305s] [ 32%] [32mBuilding C object CMakeFiles/drive_base_msgs__rosidl_typesupport_introspection_c.dir/rosidl_typesupport_introspection_c/drive_base_msgs/msg/detail/command_header__type_support.c.o[0m
[7.351s] [ 34%] [32mBuilding CXX object CMakeFiles/drive_base_msgs__rosidl_typesupport_c.dir/rosidl_typesupport_c/drive_base_msgs/msg/base_info__type_support.cpp.o[0m
[7.424s] [ 36%] [32mBuilding CXX object CMakeFiles/drive_base_msgs__rosidl_typesupport_c.dir/rosidl_typesupport_c/drive_base_msgs/msg/command_status__type_support.cpp.o[0m
[7.435s] [ 38%] [32mBuilding C object CMakeFiles/drive_base_msgs__rosidl_typesupport_introspection_c.dir/rosidl_typesupport_introspection_c/drive_base_msgs/msg/detail/base_info__type_support.c.o[0m
[7.449s] [ 40%] [32mBuilding CXX object CMakeFiles/drive_base_msgs__rosidl_typesupport_c.dir/rosidl_typesupport_c/drive_base_msgs/msg/trv_command__type_support.cpp.o[0m
[7.474s] [ 41%] [32mBuilding CXX object CMakeFiles/drive_base_msgs__rosidl_typesupport_cpp.dir/rosidl_typesupport_cpp/drive_base_msgs/msg/command_status__type_support.cpp.o[0m
[7.484s] [ 43%] [32mBuilding CXX object CMakeFiles/drive_base_msgs__rosidl_typesupport_introspection_cpp.dir/rosidl_typesupport_introspection_cpp/drive_base_msgs/msg/detail/base_info__type_support.cpp.o[0m
[7.509s] [ 47%] [32mBuilding C object CMakeFiles/drive_base_msgs__rosidl_typesupport_introspection_c.dir/rosidl_typesupport_introspection_c/drive_base_msgs/msg/detail/command_status__type_support.c.o[0m
[7.509s] [ 47%] [32mBuilding CXX object CMakeFiles/drive_base_msgs__rosidl_typesupport_cpp.dir/rosidl_typesupport_cpp/drive_base_msgs/msg/trv_command__type_support.cpp.o[0m
[7.572s] [ 49%] [32m[1mLinking CXX shared library libdrive_base_msgs__rosidl_typesupport_c.so[0m
[7.581s] [ 50%] [32mBuilding C object CMakeFiles/drive_base_msgs__rosidl_typesupport_introspection_c.dir/rosidl_typesupport_introspection_c/drive_base_msgs/msg/detail/trv_command__type_support.c.o[0m
[7.651s] [ 52%] [32m[1mLinking C shared library libdrive_base_msgs__rosidl_typesupport_introspection_c.so[0m
[7.667s] [ 52%] Built target drive_base_msgs__rosidl_typesupport_c
[7.691s] [ 54%] [32mBuilding CXX object CMakeFiles/drive_base_msgs__rosidl_typesupport_fastrtps_cpp.dir/rosidl_typesupport_fastrtps_cpp/drive_base_msgs/msg/detail/dds_fastrtps/base_info__type_support.cpp.o[0m
[7.720s] [ 54%] Built target drive_base_msgs__rosidl_typesupport_introspection_c
[7.741s] [ 56%] [32mBuilding CXX object CMakeFiles/drive_base_msgs__rosidl_typesupport_fastrtps_cpp.dir/rosidl_typesupport_fastrtps_cpp/drive_base_msgs/msg/detail/dds_fastrtps/command_status__type_support.cpp.o[0m
[8.001s] [ 58%] [32mBuilding CXX object CMakeFiles/drive_base_msgs__rosidl_typesupport_fastrtps_cpp.dir/rosidl_typesupport_fastrtps_cpp/drive_base_msgs/msg/detail/dds_fastrtps/trv_command__type_support.cpp.o[0m
[8.133s] [ 60%] [32mBuilding CXX object CMakeFiles/drive_base_msgs__rosidl_typesupport_introspection_cpp.dir/rosidl_typesupport_introspection_cpp/drive_base_msgs/msg/detail/command_status__type_support.cpp.o[0m
[8.134s] [ 61%] [32mBuilding CXX object CMakeFiles/drive_base_msgs__rosidl_typesupport_introspection_cpp.dir/rosidl_typesupport_introspection_cpp/drive_base_msgs/msg/detail/trv_command__type_support.cpp.o[0m
[8.217s] [ 63%] [32m[1mLinking CXX shared library libdrive_base_msgs__rosidl_typesupport_cpp.so[0m
[8.402s] [ 63%] Built target drive_base_msgs__rosidl_typesupport_cpp
[8.812s] [ 65%] [32m[1mLinking CXX shared library libdrive_base_msgs__rosidl_typesupport_introspection_cpp.so[0m
[8.940s] [ 65%] Built target drive_base_msgs__rosidl_typesupport_introspection_cpp
[9.001s] [ 67%] [32m[1mLinking CXX shared library libdrive_base_msgs__rosidl_typesupport_fastrtps_cpp.so[0m
[9.176s] [ 67%] Built target drive_base_msgs__rosidl_typesupport_fastrtps_cpp
[9.199s] [ 69%] [34m[1mGenerating C type support for eProsima Fast-RTPS[0m
[10.351s] [35m[1mScanning dependencies of target drive_base_msgs__rosidl_typesupport_fastrtps_c[0m
[10.388s] [ 76%] [32mBuilding CXX object CMakeFiles/drive_base_msgs__rosidl_typesupport_fastrtps_c.dir/rosidl_typesupport_fastrtps_c/drive_base_msgs/msg/detail/base_info__type_support_c.cpp.o[0m
[10.388s] [ 76%] [32mBuilding CXX object CMakeFiles/drive_base_msgs__rosidl_typesupport_fastrtps_c.dir/rosidl_typesupport_fastrtps_c/drive_base_msgs/msg/detail/trv_command__type_support_c.cpp.o[0m
[10.388s] [ 76%] [32mBuilding CXX object CMakeFiles/drive_base_msgs__rosidl_typesupport_fastrtps_c.dir/rosidl_typesupport_fastrtps_c/drive_base_msgs/msg/detail/command_header__type_support_c.cpp.o[0m
[10.388s] [ 76%] [32mBuilding CXX object CMakeFiles/drive_base_msgs__rosidl_typesupport_fastrtps_c.dir/rosidl_typesupport_fastrtps_c/drive_base_msgs/msg/detail/command_status__type_support_c.cpp.o[0m
[11.194s] [ 78%] [32m[1mLinking CXX shared library libdrive_base_msgs__rosidl_typesupport_fastrtps_c.so[0m
[11.361s] [ 78%] Built target drive_base_msgs__rosidl_typesupport_fastrtps_c
[11.381s] [35m[1mScanning dependencies of target drive_base_msgs[0m
[11.404s] [ 78%] Built target drive_base_msgs
[11.423s] [35m[1mScanning dependencies of target drive_base_msgs__py[0m
[11.445s] [ 80%] [34m[1mGenerating Python code for ROS interfaces[0m
[13.742s] [ 80%] Built target drive_base_msgs__py
[13.766s] [35m[1mScanning dependencies of target drive_base_msgs__python[0m
[13.829s] [ 85%] [32mBuilding C object CMakeFiles/drive_base_msgs__python.dir/rosidl_generator_py/drive_base_msgs/msg/_command_status_s.c.o[0m
[13.829s] [ 85%] [32mBuilding C object CMakeFiles/drive_base_msgs__python.dir/rosidl_generator_py/drive_base_msgs/msg/_base_info_s.c.o[0m
[13.829s] [ 85%] [32mBuilding C object CMakeFiles/drive_base_msgs__python.dir/rosidl_generator_py/drive_base_msgs/msg/_trv_command_s.c.o[0m
[13.829s] [ 87%] [32mBuilding C object CMakeFiles/drive_base_msgs__python.dir/rosidl_generator_py/drive_base_msgs/msg/_command_header_s.c.o[0m
[14.042s] [ 89%] [32m[1mLinking C shared library rosidl_generator_py/drive_base_msgs/libdrive_base_msgs__python.so[0m
[14.126s] [ 89%] Built target drive_base_msgs__python
[14.147s] [35m[1mScanning dependencies of target drive_base_msgs__rosidl_typesupport_c__pyext[0m
[14.147s] [35m[1mScanning dependencies of target drive_base_msgs__rosidl_typesupport_fastrtps_c__pyext[0m
[14.148s] [35m[1mScanning dependencies of target drive_base_msgs__rosidl_typesupport_introspection_c__pyext[0m
[14.183s] [ 92%] [32mBuilding C object CMakeFiles/drive_base_msgs__rosidl_typesupport_introspection_c__pyext.dir/rosidl_generator_py/drive_base_msgs/_drive_base_msgs_s.ep.rosidl_typesupport_introspection_c.c.o[0m
[14.183s] [ 92%] [32mBuilding C object CMakeFiles/drive_base_msgs__rosidl_typesupport_c__pyext.dir/rosidl_generator_py/drive_base_msgs/_drive_base_msgs_s.ep.rosidl_typesupport_c.c.o[0m
[14.190s] [ 94%] [32mBuilding C object CMakeFiles/drive_base_msgs__rosidl_typesupport_fastrtps_c__pyext.dir/rosidl_generator_py/drive_base_msgs/_drive_base_msgs_s.ep.rosidl_typesupport_fastrtps_c.c.o[0m
[14.364s] [ 98%] [32m[1mLinking C shared library rosidl_generator_py/drive_base_msgs/drive_base_msgs_s__rosidl_typesupport_c.cpython-38-aarch64-linux-gnu.so[0m
[14.364s] [ 98%] [32m[1mLinking C shared library rosidl_generator_py/drive_base_msgs/drive_base_msgs_s__rosidl_typesupport_introspection_c.cpython-38-aarch64-linux-gnu.so[0m
[14.371s] [100%] [32m[1mLinking CXX shared library rosidl_generator_py/drive_base_msgs/drive_base_msgs_s__rosidl_typesupport_fastrtps_c.cpython-38-aarch64-linux-gnu.so[0m
[14.441s] [100%] Built target drive_base_msgs__rosidl_typesupport_c__pyext
[14.442s] [100%] Built target drive_base_msgs__rosidl_typesupport_introspection_c__pyext
[14.496s] [100%] Built target drive_base_msgs__rosidl_typesupport_fastrtps_c__pyext
[14.523s] Invoked command in '/home/orin_nano/microros_ws/build/drive_base_msgs' returned '0': CMAKE_PREFIX_PATH=/opt/ros/foxy /usr/bin/cmake --build /home/orin_nano/microros_ws/build/drive_base_msgs -- -j6 -l6
[14.710s] Invoking command in '/home/orin_nano/microros_ws/build/drive_base_msgs': CMAKE_PREFIX_PATH=/opt/ros/foxy /usr/bin/cmake --install /home/orin_nano/microros_ws/build/drive_base_msgs
[14.730s] -- Install configuration: ""
[14.730s] -- Installing: /home/orin_nano/microros_ws/install/drive_base_msgs/share/ament_index/resource_index/rosidl_interfaces/drive_base_msgs
[14.730s] -- Installing: /home/orin_nano/microros_ws/install/drive_base_msgs/include/drive_base_msgs
[14.731s] -- Installing: /home/orin_nano/microros_ws/install/drive_base_msgs/include/drive_base_msgs/msg
[14.731s] -- Installing: /home/orin_nano/microros_ws/install/drive_base_msgs/include/drive_base_msgs/msg/detail
[14.731s] -- Installing: /home/orin_nano/microros_ws/install/drive_base_msgs/include/drive_base_msgs/msg/detail/base_info__struct.h
[14.731s] -- Installing: /home/orin_nano/microros_ws/install/drive_base_msgs/include/drive_base_msgs/msg/detail/command_header__functions.c
[14.731s] -- Installing: /home/orin_nano/microros_ws/install/drive_base_msgs/include/drive_base_msgs/msg/detail/command_status__type_support.h
[14.731s] -- Installing: /home/orin_nano/microros_ws/install/drive_base_msgs/include/drive_base_msgs/msg/detail/command_status__functions.h
[14.732s] -- Installing: /home/orin_nano/microros_ws/install/drive_base_msgs/include/drive_base_msgs/msg/detail/base_info__type_support.h
[14.732s] -- Installing: /home/orin_nano/microros_ws/install/drive_base_msgs/include/drive_base_msgs/msg/detail/trv_command__functions.h
[14.732s] -- Installing: /home/orin_nano/microros_ws/install/drive_base_msgs/include/drive_base_msgs/msg/detail/command_header__type_support.h
[14.732s] -- Installing: /home/orin_nano/microros_ws/install/drive_base_msgs/include/drive_base_msgs/msg/detail/command_status__struct.h
[14.732s] -- Installing: /home/orin_nano/microros_ws/install/drive_base_msgs/include/drive_base_msgs/msg/detail/trv_command__struct.h
[14.733s] -- Installing: /home/orin_nano/microros_ws/install/drive_base_msgs/include/drive_base_msgs/msg/detail/base_info__functions.c
[14.733s] -- Installing: /home/orin_nano/microros_ws/install/drive_base_msgs/include/drive_base_msgs/msg/detail/command_header__functions.h
[14.733s] -- Installing: /home/orin_nano/microros_ws/install/drive_base_msgs/include/drive_base_msgs/msg/detail/command_header__struct.h
[14.733s] -- Installing: /home/orin_nano/microros_ws/install/drive_base_msgs/include/drive_base_msgs/msg/detail/command_status__functions.c
[14.734s] -- Installing: /home/orin_nano/microros_ws/install/drive_base_msgs/include/drive_base_msgs/msg/detail/trv_command__type_support.h
[14.734s] -- Installing: /home/orin_nano/microros_ws/install/drive_base_msgs/include/drive_base_msgs/msg/detail/trv_command__functions.c
[14.734s] -- Installing: /home/orin_nano/microros_ws/install/drive_base_msgs/include/drive_base_msgs/msg/detail/base_info__functions.h
[14.734s] -- Installing: /home/orin_nano/microros_ws/install/drive_base_msgs/include/drive_base_msgs/msg/command_status.h
[14.735s] -- Installing: /home/orin_nano/microros_ws/install/drive_base_msgs/include/drive_base_msgs/msg/command_header.h
[14.735s] -- Installing: /home/orin_nano/microros_ws/install/drive_base_msgs/include/drive_base_msgs/msg/base_info.h
[14.735s] -- Installing: /home/orin_nano/microros_ws/install/drive_base_msgs/include/drive_base_msgs/msg/trv_command.h
[14.735s] -- Installing: /home/orin_nano/microros_ws/install/drive_base_msgs/include/drive_base_msgs/msg/rosidl_generator_c__visibility_control.h
[14.735s] -- Installing: /home/orin_nano/microros_ws/install/drive_base_msgs/share/drive_base_msgs/environment/library_path.sh
[14.736s] -- Installing: /home/orin_nano/microros_ws/install/drive_base_msgs/share/drive_base_msgs/environment/library_path.dsv
[14.736s] -- Installing: /home/orin_nano/microros_ws/install/drive_base_msgs/lib/libdrive_base_msgs__rosidl_generator_c.so
[14.737s] -- Set runtime path of "/home/orin_nano/microros_ws/install/drive_base_msgs/lib/libdrive_base_msgs__rosidl_generator_c.so" to ""
[14.737s] -- Up-to-date: /home/orin_nano/microros_ws/install/drive_base_msgs/include/drive_base_msgs
[14.737s] -- Up-to-date: /home/orin_nano/microros_ws/install/drive_base_msgs/include/drive_base_msgs/msg
[14.737s] -- Installing: /home/orin_nano/microros_ws/install/drive_base_msgs/include/drive_base_msgs/msg/rosidl_typesupport_fastrtps_c__visibility_control.h
[14.737s] -- Up-to-date: /home/orin_nano/microros_ws/install/drive_base_msgs/include/drive_base_msgs/msg/detail
[14.738s] -- Installing: /home/orin_nano/microros_ws/install/drive_base_msgs/include/drive_base_msgs/msg/detail/command_header__rosidl_typesupport_fastrtps_c.h
[14.738s] -- Installing: /home/orin_nano/microros_ws/install/drive_base_msgs/include/drive_base_msgs/msg/detail/command_status__rosidl_typesupport_fastrtps_c.h
[14.738s] -- Installing: /home/orin_nano/microros_ws/install/drive_base_msgs/include/drive_base_msgs/msg/detail/trv_command__rosidl_typesupport_fastrtps_c.h
[14.739s] -- Installing: /home/orin_nano/microros_ws/install/drive_base_msgs/include/drive_base_msgs/msg/detail/base_info__rosidl_typesupport_fastrtps_c.h
[14.739s] -- Installing: /home/orin_nano/microros_ws/install/drive_base_msgs/lib/libdrive_base_msgs__rosidl_typesupport_fastrtps_c.so
[14.739s] -- Set runtime path of "/home/orin_nano/microros_ws/install/drive_base_msgs/lib/libdrive_base_msgs__rosidl_typesupport_fastrtps_c.so" to ""
[14.740s] -- Up-to-date: /home/orin_nano/microros_ws/install/drive_base_msgs/include/drive_base_msgs
[14.740s] -- Up-to-date: /home/orin_nano/microros_ws/install/drive_base_msgs/include/drive_base_msgs/msg
[14.740s] -- Up-to-date: /home/orin_nano/microros_ws/install/drive_base_msgs/include/drive_base_msgs/msg/detail
[14.740s] -- Installing: /home/orin_nano/microros_ws/install/drive_base_msgs/include/drive_base_msgs/msg/detail/command_status__rosidl_typesupport_fastrtps_cpp.hpp
[14.741s] -- Installing: /home/orin_nano/microros_ws/install/drive_base_msgs/include/drive_base_msgs/msg/detail/dds_fastrtps
[14.741s] -- Installing: /home/orin_nano/microros_ws/install/drive_base_msgs/include/drive_base_msgs/msg/detail/command_header__rosidl_typesupport_fastrtps_cpp.hpp
[14.741s] -- Installing: /home/orin_nano/microros_ws/install/drive_base_msgs/include/drive_base_msgs/msg/detail/trv_command__rosidl_typesupport_fastrtps_cpp.hpp
[14.741s] -- Installing: /home/orin_nano/microros_ws/install/drive_base_msgs/include/drive_base_msgs/msg/detail/base_info__rosidl_typesupport_fastrtps_cpp.hpp
[14.741s] -- Installing: /home/orin_nano/microros_ws/install/drive_base_msgs/include/drive_base_msgs/msg/rosidl_typesupport_fastrtps_cpp__visibility_control.h
[14.741s] -- Installing: /home/orin_nano/microros_ws/install/drive_base_msgs/lib/libdrive_base_msgs__rosidl_typesupport_fastrtps_cpp.so
[14.742s] -- Set runtime path of "/home/orin_nano/microros_ws/install/drive_base_msgs/lib/libdrive_base_msgs__rosidl_typesupport_fastrtps_cpp.so" to ""
[14.742s] -- Up-to-date: /home/orin_nano/microros_ws/install/drive_base_msgs/include/drive_base_msgs
[14.742s] -- Up-to-date: /home/orin_nano/microros_ws/install/drive_base_msgs/include/drive_base_msgs/msg
[14.742s] -- Up-to-date: /home/orin_nano/microros_ws/install/drive_base_msgs/include/drive_base_msgs/msg/detail
[14.743s] -- Installing: /home/orin_nano/microros_ws/install/drive_base_msgs/include/drive_base_msgs/msg/detail/trv_command__type_support.c
[14.743s] -- Installing: /home/orin_nano/microros_ws/install/drive_base_msgs/include/drive_base_msgs/msg/detail/command_status__type_support.c
[14.743s] -- Installing: /home/orin_nano/microros_ws/install/drive_base_msgs/include/drive_base_msgs/msg/detail/command_status__rosidl_typesupport_introspection_c.h
[14.743s] -- Installing: /home/orin_nano/microros_ws/install/drive_base_msgs/include/drive_base_msgs/msg/detail/trv_command__rosidl_typesupport_introspection_c.h
[14.743s] -- Installing: /home/orin_nano/microros_ws/install/drive_base_msgs/include/drive_base_msgs/msg/detail/command_header__type_support.c
[14.743s] -- Installing: /home/orin_nano/microros_ws/install/drive_base_msgs/include/drive_base_msgs/msg/detail/base_info__type_support.c
[14.744s] -- Installing: /home/orin_nano/microros_ws/install/drive_base_msgs/include/drive_base_msgs/msg/detail/base_info__rosidl_typesupport_introspection_c.h
[14.744s] -- Installing: /home/orin_nano/microros_ws/install/drive_base_msgs/include/drive_base_msgs/msg/detail/command_header__rosidl_typesupport_introspection_c.h
[14.744s] -- Installing: /home/orin_nano/microros_ws/install/drive_base_msgs/include/drive_base_msgs/msg/rosidl_typesupport_introspection_c__visibility_control.h
[14.744s] -- Installing: /home/orin_nano/microros_ws/install/drive_base_msgs/lib/libdrive_base_msgs__rosidl_typesupport_introspection_c.so
[14.745s] -- Set runtime path of "/home/orin_nano/microros_ws/install/drive_base_msgs/lib/libdrive_base_msgs__rosidl_typesupport_introspection_c.so" to ""
[14.745s] -- Installing: /home/orin_nano/microros_ws/install/drive_base_msgs/lib/libdrive_base_msgs__rosidl_typesupport_c.so
[14.746s] -- Set runtime path of "/home/orin_nano/microros_ws/install/drive_base_msgs/lib/libdrive_base_msgs__rosidl_typesupport_c.so" to ""
[14.746s] -- Up-to-date: /home/orin_nano/microros_ws/install/drive_base_msgs/include/drive_base_msgs
[14.746s] -- Up-to-date: /home/orin_nano/microros_ws/install/drive_base_msgs/include/drive_base_msgs/msg
[14.746s] -- Installing: /home/orin_nano/microros_ws/install/drive_base_msgs/include/drive_base_msgs/msg/rosidl_generator_cpp__visibility_control.hpp
[14.746s] -- Up-to-date: /home/orin_nano/microros_ws/install/drive_base_msgs/include/drive_base_msgs/msg/detail
[14.747s] -- Installing: /home/orin_nano/microros_ws/install/drive_base_msgs/include/drive_base_msgs/msg/detail/command_status__struct.hpp
[14.747s] -- Installing: /home/orin_nano/microros_ws/install/drive_base_msgs/include/drive_base_msgs/msg/detail/trv_command__struct.hpp
[14.747s] -- Installing: /home/orin_nano/microros_ws/install/drive_base_msgs/include/drive_base_msgs/msg/detail/command_header__traits.hpp
[14.747s] -- Installing: /home/orin_nano/microros_ws/install/drive_base_msgs/include/drive_base_msgs/msg/detail/command_status__builder.hpp
[14.747s] -- Installing: /home/orin_nano/microros_ws/install/drive_base_msgs/include/drive_base_msgs/msg/detail/trv_command__traits.hpp
[14.748s] -- Installing: /home/orin_nano/microros_ws/install/drive_base_msgs/include/drive_base_msgs/msg/detail/base_info__traits.hpp
[14.748s] -- Installing: /home/orin_nano/microros_ws/install/drive_base_msgs/include/drive_base_msgs/msg/detail/trv_command__builder.hpp
[14.749s] -- Installing: /home/orin_nano/microros_ws/install/drive_base_msgs/include/drive_base_msgs/msg/detail/command_status__traits.hpp
[14.749s] -- Installing: /home/orin_nano/microros_ws/install/drive_base_msgs/include/drive_base_msgs/msg/detail/command_status__type_support.hpp
[14.749s] -- Installing: /home/orin_nano/microros_ws/install/drive_base_msgs/include/drive_base_msgs/msg/detail/base_info__builder.hpp
[14.749s] -- Installing: /home/orin_nano/microros_ws/install/drive_base_msgs/include/drive_base_msgs/msg/detail/command_header__builder.hpp
[14.750s] -- Installing: /home/orin_nano/microros_ws/install/drive_base_msgs/include/drive_base_msgs/msg/detail/base_info__type_support.hpp
[14.750s] -- Installing: /home/orin_nano/microros_ws/install/drive_base_msgs/include/drive_base_msgs/msg/detail/command_header__struct.hpp
[14.750s] -- Installing: /home/orin_nano/microros_ws/install/drive_base_msgs/include/drive_base_msgs/msg/detail/command_header__type_support.hpp
[14.750s] -- Installing: /home/orin_nano/microros_ws/install/drive_base_msgs/include/drive_base_msgs/msg/detail/trv_command__type_support.hpp
[14.751s] -- Installing: /home/orin_nano/microros_ws/install/drive_base_msgs/include/drive_base_msgs/msg/detail/base_info__struct.hpp
[14.751s] -- Installing: /home/orin_nano/microros_ws/install/drive_base_msgs/include/drive_base_msgs/msg/command_header.hpp
[14.751s] -- Installing: /home/orin_nano/microros_ws/install/drive_base_msgs/include/drive_base_msgs/msg/base_info.hpp
[14.751s] -- Installing: /home/orin_nano/microros_ws/install/drive_base_msgs/include/drive_base_msgs/msg/trv_command.hpp
[14.752s] -- Installing: /home/orin_nano/microros_ws/install/drive_base_msgs/include/drive_base_msgs/msg/command_status.hpp
[14.752s] -- Up-to-date: /home/orin_nano/microros_ws/install/drive_base_msgs/include/drive_base_msgs
[14.752s] -- Up-to-date: /home/orin_nano/microros_ws/install/drive_base_msgs/include/drive_base_msgs/msg
[14.752s] -- Up-to-date: /home/orin_nano/microros_ws/install/drive_base_msgs/include/drive_base_msgs/msg/detail
[14.753s] -- Installing: /home/orin_nano/microros_ws/install/drive_base_msgs/include/drive_base_msgs/msg/detail/command_header__rosidl_typesupport_introspection_cpp.hpp
[14.753s] -- Installing: /home/orin_nano/microros_ws/install/drive_base_msgs/include/drive_base_msgs/msg/detail/base_info__type_support.cpp
[14.753s] -- Installing: /home/orin_nano/microros_ws/install/drive_base_msgs/include/drive_base_msgs/msg/detail/base_info__rosidl_typesupport_introspection_cpp.hpp
[14.753s] -- Installing: /home/orin_nano/microros_ws/install/drive_base_msgs/include/drive_base_msgs/msg/detail/command_status__rosidl_typesupport_introspection_cpp.hpp
[14.753s] -- Installing: /home/orin_nano/microros_ws/install/drive_base_msgs/include/drive_base_msgs/msg/detail/trv_command__type_support.cpp
[14.754s] -- Installing: /home/orin_nano/microros_ws/install/drive_base_msgs/include/drive_base_msgs/msg/detail/command_header__type_support.cpp
[14.754s] -- Installing: /home/orin_nano/microros_ws/install/drive_base_msgs/include/drive_base_msgs/msg/detail/trv_command__rosidl_typesupport_introspection_cpp.hpp
[14.754s] -- Installing: /home/orin_nano/microros_ws/install/drive_base_msgs/include/drive_base_msgs/msg/detail/command_status__type_support.cpp
[14.754s] -- Installing: /home/orin_nano/microros_ws/install/drive_base_msgs/lib/libdrive_base_msgs__rosidl_typesupport_introspection_cpp.so
[14.755s] -- Set runtime path of "/home/orin_nano/microros_ws/install/drive_base_msgs/lib/libdrive_base_msgs__rosidl_typesupport_introspection_cpp.so" to ""
[14.755s] -- Installing: /home/orin_nano/microros_ws/install/drive_base_msgs/lib/libdrive_base_msgs__rosidl_typesupport_cpp.so
[14.755s] -- Set runtime path of "/home/orin_nano/microros_ws/install/drive_base_msgs/lib/libdrive_base_msgs__rosidl_typesupport_cpp.so" to ""
[14.755s] -- Installing: /home/orin_nano/microros_ws/install/drive_base_msgs/share/drive_base_msgs/environment/pythonpath.sh
[14.755s] -- Installing: /home/orin_nano/microros_ws/install/drive_base_msgs/share/drive_base_msgs/environment/pythonpath.dsv
[14.755s] -- Installing: /home/orin_nano/microros_ws/install/drive_base_msgs/lib/python3.8/site-packages/drive_base_msgs/__init__.py
[14.812s] Compiling '/home/orin_nano/microros_ws/install/drive_base_msgs/lib/python3.8/site-packages/drive_base_msgs/__init__.py'...
[14.823s] -- Installing: /home/orin_nano/microros_ws/install/drive_base_msgs/lib/python3.8/site-packages/drive_base_msgs/msg
[14.823s] -- Installing: /home/orin_nano/microros_ws/install/drive_base_msgs/lib/python3.8/site-packages/drive_base_msgs/msg/_base_info.py
[14.824s] -- Installing: /home/orin_nano/microros_ws/install/drive_base_msgs/lib/python3.8/site-packages/drive_base_msgs/msg/_base_info_s.c
[14.824s] -- Installing: /home/orin_nano/microros_ws/install/drive_base_msgs/lib/python3.8/site-packages/drive_base_msgs/msg/_trv_command_s.c
[14.824s] -- Installing: /home/orin_nano/microros_ws/install/drive_base_msgs/lib/python3.8/site-packages/drive_base_msgs/msg/_command_status.py
[14.824s] -- Installing: /home/orin_nano/microros_ws/install/drive_base_msgs/lib/python3.8/site-packages/drive_base_msgs/msg/_command_status_s.c
[14.825s] -- Installing: /home/orin_nano/microros_ws/install/drive_base_msgs/lib/python3.8/site-packages/drive_base_msgs/msg/__init__.py
[14.825s] -- Installing: /home/orin_nano/microros_ws/install/drive_base_msgs/lib/python3.8/site-packages/drive_base_msgs/msg/_command_header.py
[14.825s] -- Installing: /home/orin_nano/microros_ws/install/drive_base_msgs/lib/python3.8/site-packages/drive_base_msgs/msg/_command_header_s.c
[14.826s] -- Installing: /home/orin_nano/microros_ws/install/drive_base_msgs/lib/python3.8/site-packages/drive_base_msgs/msg/_trv_command.py
[14.826s] -- Installing: /home/orin_nano/microros_ws/install/drive_base_msgs/lib/python3.8/site-packages/drive_base_msgs/drive_base_msgs_s__rosidl_typesupport_fastrtps_c.cpython-38-aarch64-linux-gnu.so
[14.827s] -- Set runtime path of "/home/orin_nano/microros_ws/install/drive_base_msgs/lib/python3.8/site-packages/drive_base_msgs/drive_base_msgs_s__rosidl_typesupport_fastrtps_c.cpython-38-aarch64-linux-gnu.so" to ""
[14.827s] -- Installing: /home/orin_nano/microros_ws/install/drive_base_msgs/lib/python3.8/site-packages/drive_base_msgs/drive_base_msgs_s__rosidl_typesupport_introspection_c.cpython-38-aarch64-linux-gnu.so
[14.828s] -- Set runtime path of "/home/orin_nano/microros_ws/install/drive_base_msgs/lib/python3.8/site-packages/drive_base_msgs/drive_base_msgs_s__rosidl_typesupport_introspection_c.cpython-38-aarch64-linux-gnu.so" to ""
[14.829s] -- Installing: /home/orin_nano/microros_ws/install/drive_base_msgs/lib/python3.8/site-packages/drive_base_msgs/drive_base_msgs_s__rosidl_typesupport_c.cpython-38-aarch64-linux-gnu.so
[14.830s] -- Set runtime path of "/home/orin_nano/microros_ws/install/drive_base_msgs/lib/python3.8/site-packages/drive_base_msgs/drive_base_msgs_s__rosidl_typesupport_c.cpython-38-aarch64-linux-gnu.so" to ""
[14.830s] -- Installing: /home/orin_nano/microros_ws/install/drive_base_msgs/lib/libdrive_base_msgs__python.so
[14.830s] -- Set runtime path of "/home/orin_nano/microros_ws/install/drive_base_msgs/lib/libdrive_base_msgs__python.so" to ""
[14.831s] -- Installing: /home/orin_nano/microros_ws/install/drive_base_msgs/share/drive_base_msgs/msg/CommandHeader.idl
[14.831s] -- Installing: /home/orin_nano/microros_ws/install/drive_base_msgs/share/drive_base_msgs/msg/BaseInfo.idl
[14.832s] -- Installing: /home/orin_nano/microros_ws/install/drive_base_msgs/share/drive_base_msgs/msg/CommandStatus.idl
[14.832s] -- Installing: /home/orin_nano/microros_ws/install/drive_base_msgs/share/drive_base_msgs/msg/TRVCommand.idl
[14.832s] -- Installing: /home/orin_nano/microros_ws/install/drive_base_msgs/share/drive_base_msgs/msg/CommandHeader.msg
[14.833s] -- Installing: /home/orin_nano/microros_ws/install/drive_base_msgs/share/drive_base_msgs/msg/BaseInfo.msg
[14.833s] -- Installing: /home/orin_nano/microros_ws/install/drive_base_msgs/share/drive_base_msgs/msg/CommandStatus.msg
[14.833s] -- Installing: /home/orin_nano/microros_ws/install/drive_base_msgs/share/drive_base_msgs/msg/TRVCommand.msg
[14.834s] -- Installing: /home/orin_nano/microros_ws/install/drive_base_msgs/share/ament_index/resource_index/package_run_dependencies/drive_base_msgs
[14.834s] -- Installing: /home/orin_nano/microros_ws/install/drive_base_msgs/share/ament_index/resource_index/parent_prefix_path/drive_base_msgs
[14.834s] -- Installing: /home/orin_nano/microros_ws/install/drive_base_msgs/share/drive_base_msgs/environment/ament_prefix_path.sh
[14.835s] -- Installing: /home/orin_nano/microros_ws/install/drive_base_msgs/share/drive_base_msgs/environment/ament_prefix_path.dsv
[14.835s] -- Installing: /home/orin_nano/microros_ws/install/drive_base_msgs/share/drive_base_msgs/environment/path.sh
[14.835s] -- Installing: /home/orin_nano/microros_ws/install/drive_base_msgs/share/drive_base_msgs/environment/path.dsv
[14.835s] -- Installing: /home/orin_nano/microros_ws/install/drive_base_msgs/share/drive_base_msgs/local_setup.bash
[14.836s] -- Installing: /home/orin_nano/microros_ws/install/drive_base_msgs/share/drive_base_msgs/local_setup.sh
[14.836s] -- Installing: /home/orin_nano/microros_ws/install/drive_base_msgs/share/drive_base_msgs/local_setup.zsh
[14.836s] -- Installing: /home/orin_nano/microros_ws/install/drive_base_msgs/share/drive_base_msgs/local_setup.dsv
[14.836s] -- Installing: /home/orin_nano/microros_ws/install/drive_base_msgs/share/drive_base_msgs/package.dsv
[14.837s] -- Installing: /home/orin_nano/microros_ws/install/drive_base_msgs/share/ament_index/resource_index/packages/drive_base_msgs
[14.837s] -- Installing: /home/orin_nano/microros_ws/install/drive_base_msgs/share/drive_base_msgs/cmake/drive_base_msgs__rosidl_generator_cExport.cmake
[14.837s] -- Installing: /home/orin_nano/microros_ws/install/drive_base_msgs/share/drive_base_msgs/cmake/drive_base_msgs__rosidl_generator_cExport-noconfig.cmake
[14.838s] -- Installing: /home/orin_nano/microros_ws/install/drive_base_msgs/share/drive_base_msgs/cmake/drive_base_msgs__rosidl_typesupport_introspection_cExport.cmake
[14.839s] -- Installing: /home/orin_nano/microros_ws/install/drive_base_msgs/share/drive_base_msgs/cmake/drive_base_msgs__rosidl_typesupport_introspection_cExport-noconfig.cmake
[14.839s] -- Installing: /home/orin_nano/microros_ws/install/drive_base_msgs/share/drive_base_msgs/cmake/drive_base_msgs__rosidl_typesupport_cExport.cmake
[14.839s] -- Installing: /home/orin_nano/microros_ws/install/drive_base_msgs/share/drive_base_msgs/cmake/drive_base_msgs__rosidl_typesupport_cExport-noconfig.cmake
[14.840s] -- Installing: /home/orin_nano/microros_ws/install/drive_base_msgs/share/drive_base_msgs/cmake/drive_base_msgs__rosidl_generator_cppExport.cmake
[14.840s] -- Installing: /home/orin_nano/microros_ws/install/drive_base_msgs/share/drive_base_msgs/cmake/drive_base_msgs__rosidl_typesupport_introspection_cppExport.cmake
[14.840s] -- Installing: /home/orin_nano/microros_ws/install/drive_base_msgs/share/drive_base_msgs/cmake/drive_base_msgs__rosidl_typesupport_introspection_cppExport-noconfig.cmake
[14.841s] -- Installing: /home/orin_nano/microros_ws/install/drive_base_msgs/share/drive_base_msgs/cmake/drive_base_msgs__rosidl_typesupport_cppExport.cmake
[14.841s] -- Installing: /home/orin_nano/microros_ws/install/drive_base_msgs/share/drive_base_msgs/cmake/drive_base_msgs__rosidl_typesupport_cppExport-noconfig.cmake
[14.841s] -- Installing: /home/orin_nano/microros_ws/install/drive_base_msgs/share/drive_base_msgs/cmake/rosidl_cmake-extras.cmake
[14.841s] -- Installing: /home/orin_nano/microros_ws/install/drive_base_msgs/share/drive_base_msgs/cmake/ament_cmake_export_dependencies-extras.cmake
[14.842s] -- Installing: /home/orin_nano/microros_ws/install/drive_base_msgs/share/drive_base_msgs/cmake/ament_cmake_export_libraries-extras.cmake
[14.842s] -- Installing: /home/orin_nano/microros_ws/install/drive_base_msgs/share/drive_base_msgs/cmake/ament_cmake_export_targets-extras.cmake
[14.842s] -- Installing: /home/orin_nano/microros_ws/install/drive_base_msgs/share/drive_base_msgs/cmake/ament_cmake_export_include_directories-extras.cmake
[14.843s] -- Installing: /home/orin_nano/microros_ws/install/drive_base_msgs/share/drive_base_msgs/cmake/rosidl_cmake_export_typesupport_libraries-extras.cmake
[14.843s] -- Installing: /home/orin_nano/microros_ws/install/drive_base_msgs/share/drive_base_msgs/cmake/rosidl_cmake_export_typesupport_targets-extras.cmake
[14.843s] -- Installing: /home/orin_nano/microros_ws/install/drive_base_msgs/share/drive_base_msgs/cmake/drive_base_msgsConfig.cmake
[14.843s] -- Installing: /home/orin_nano/microros_ws/install/drive_base_msgs/share/drive_base_msgs/cmake/drive_base_msgsConfig-version.cmake
[14.844s] -- Installing: /home/orin_nano/microros_ws/install/drive_base_msgs/share/drive_base_msgs/package.xml
[14.850s] Invoked command in '/home/orin_nano/microros_ws/build/drive_base_msgs' returned '0': CMAKE_PREFIX_PATH=/opt/ros/foxy /usr/bin/cmake --install /home/orin_nano/microros_ws/build/drive_base_msgs
