[1.408s] Invoking command in '/home/orin_nano/f1tenth_ws/build/vesc_msgs': CMAKE_PREFIX_PATH=${CMAKE_PREFIX_PATH}:/home/orin_nano/f1tenth_ws/install/f1_test:/opt/ros/foxy /usr/bin/cmake --build /home/orin_nano/f1tenth_ws/build/vesc_msgs -- -j6 -l6
[2.308s] [  1%] Built target vesc_msgs__cpp
[2.309s] [ 12%] Built target vesc_msgs__rosidl_generator_c
[2.311s] [ 34%] Built target vesc_msgs__rosidl_typesupport_fastrtps_cpp
[2.311s] [ 34%] Built target vesc_msgs__rosidl_typesupport_introspection_c
[2.312s] [ 47%] Built target vesc_msgs__rosidl_typesupport_cpp
[2.312s] [ 56%] Built target vesc_msgs__rosidl_typesupport_introspection_cpp
[2.313s] [ 78%] Built target vesc_msgs__rosidl_typesupport_c
[2.314s] [ 78%] Built target vesc_msgs__rosidl_typesupport_fastrtps_c
[2.314s] [ 78%] Built target vesc_msgs
[2.314s] [ 80%] Built target vesc_msgs__py
[2.314s] [ 89%] Built target vesc_msgs__python
[2.315s] [ 96%] Built target vesc_msgs__rosidl_typesupport_fastrtps_c__pyext
[2.319s] [ 96%] Built target vesc_msgs__rosidl_typesupport_introspection_c__pyext
[2.320s] [100%] Built target vesc_msgs__rosidl_typesupport_c__pyext
[2.326s] Invoked command in '/home/orin_nano/f1tenth_ws/build/vesc_msgs' returned '0': CMAKE_PREFIX_PATH=${CMAKE_PREFIX_PATH}:/home/orin_nano/f1tenth_ws/install/f1_test:/opt/ros/foxy /usr/bin/cmake --build /home/orin_nano/f1tenth_ws/build/vesc_msgs -- -j6 -l6
[2.829s] Invoking command in '/home/orin_nano/f1tenth_ws/build/vesc_msgs': CMAKE_PREFIX_PATH=${CMAKE_PREFIX_PATH}:/home/orin_nano/f1tenth_ws/install/f1_test:/opt/ros/foxy /usr/bin/cmake --install /home/orin_nano/f1tenth_ws/build/vesc_msgs
[2.852s] -- Install configuration: ""
[2.853s] -- Up-to-date: /home/orin_nano/f1tenth_ws/install/vesc_msgs/share/ament_index/resource_index/rosidl_interfaces/vesc_msgs
[2.853s] -- Up-to-date: /home/orin_nano/f1tenth_ws/install/vesc_msgs/include/vesc_msgs
[2.854s] -- Up-to-date: /home/orin_nano/f1tenth_ws/install/vesc_msgs/include/vesc_msgs/msg
[2.854s] -- Up-to-date: /home/orin_nano/f1tenth_ws/install/vesc_msgs/include/vesc_msgs/msg/vesc_imu.h
[2.854s] -- Up-to-date: /home/orin_nano/f1tenth_ws/install/vesc_msgs/include/vesc_msgs/msg/vesc_imu_stamped.h
[2.855s] -- Up-to-date: /home/orin_nano/f1tenth_ws/install/vesc_msgs/include/vesc_msgs/msg/detail
[2.855s] -- Up-to-date: /home/orin_nano/f1tenth_ws/install/vesc_msgs/include/vesc_msgs/msg/detail/vesc_state__struct.h
[2.855s] -- Up-to-date: /home/orin_nano/f1tenth_ws/install/vesc_msgs/include/vesc_msgs/msg/detail/vesc_state__type_support.h
[2.855s] -- Up-to-date: /home/orin_nano/f1tenth_ws/install/vesc_msgs/include/vesc_msgs/msg/detail/vesc_imu__functions.h
[2.856s] -- Up-to-date: /home/orin_nano/f1tenth_ws/install/vesc_msgs/include/vesc_msgs/msg/detail/vesc_state__functions.h
[2.856s] -- Up-to-date: /home/orin_nano/f1tenth_ws/install/vesc_msgs/include/vesc_msgs/msg/detail/vesc_imu_stamped__struct.h
[2.856s] -- Up-to-date: /home/orin_nano/f1tenth_ws/install/vesc_msgs/include/vesc_msgs/msg/detail/vesc_imu__struct.h
[2.857s] -- Up-to-date: /home/orin_nano/f1tenth_ws/install/vesc_msgs/include/vesc_msgs/msg/detail/vesc_imu_stamped__functions.c
[2.858s] -- Up-to-date: /home/orin_nano/f1tenth_ws/install/vesc_msgs/include/vesc_msgs/msg/detail/vesc_imu_stamped__type_support.h
[2.858s] -- Up-to-date: /home/orin_nano/f1tenth_ws/install/vesc_msgs/include/vesc_msgs/msg/detail/vesc_imu__type_support.h
[2.859s] -- Up-to-date: /home/orin_nano/f1tenth_ws/install/vesc_msgs/include/vesc_msgs/msg/detail/vesc_state__functions.c
[2.859s] -- Up-to-date: /home/orin_nano/f1tenth_ws/install/vesc_msgs/include/vesc_msgs/msg/detail/vesc_state_stamped__struct.h
[2.860s] -- Up-to-date: /home/orin_nano/f1tenth_ws/install/vesc_msgs/include/vesc_msgs/msg/detail/vesc_state_stamped__functions.c
[2.860s] -- Up-to-date: /home/orin_nano/f1tenth_ws/install/vesc_msgs/include/vesc_msgs/msg/detail/vesc_imu__functions.c
[2.860s] -- Up-to-date: /home/orin_nano/f1tenth_ws/install/vesc_msgs/include/vesc_msgs/msg/detail/vesc_state_stamped__functions.h
[2.860s] -- Up-to-date: /home/orin_nano/f1tenth_ws/install/vesc_msgs/include/vesc_msgs/msg/detail/vesc_imu_stamped__functions.h
[2.861s] -- Up-to-date: /home/orin_nano/f1tenth_ws/install/vesc_msgs/include/vesc_msgs/msg/detail/vesc_state_stamped__type_support.h
[2.861s] -- Up-to-date: /home/orin_nano/f1tenth_ws/install/vesc_msgs/include/vesc_msgs/msg/rosidl_generator_c__visibility_control.h
[2.861s] -- Up-to-date: /home/orin_nano/f1tenth_ws/install/vesc_msgs/include/vesc_msgs/msg/vesc_state.h
[2.861s] -- Up-to-date: /home/orin_nano/f1tenth_ws/install/vesc_msgs/include/vesc_msgs/msg/vesc_state_stamped.h
[2.862s] -- Up-to-date: /home/orin_nano/f1tenth_ws/install/vesc_msgs/share/vesc_msgs/environment/library_path.sh
[2.862s] -- Up-to-date: /home/orin_nano/f1tenth_ws/install/vesc_msgs/share/vesc_msgs/environment/library_path.dsv
[2.862s] -- Up-to-date: /home/orin_nano/f1tenth_ws/install/vesc_msgs/lib/libvesc_msgs__rosidl_generator_c.so
[2.862s] -- Up-to-date: /home/orin_nano/f1tenth_ws/install/vesc_msgs/include/vesc_msgs
[2.863s] -- Up-to-date: /home/orin_nano/f1tenth_ws/install/vesc_msgs/include/vesc_msgs/msg
[2.864s] -- Up-to-date: /home/orin_nano/f1tenth_ws/install/vesc_msgs/include/vesc_msgs/msg/rosidl_typesupport_fastrtps_c__visibility_control.h
[2.865s] -- Up-to-date: /home/orin_nano/f1tenth_ws/install/vesc_msgs/include/vesc_msgs/msg/detail
[2.865s] -- Up-to-date: /home/orin_nano/f1tenth_ws/install/vesc_msgs/include/vesc_msgs/msg/detail/vesc_state_stamped__rosidl_typesupport_fastrtps_c.h
[2.865s] -- Up-to-date: /home/orin_nano/f1tenth_ws/install/vesc_msgs/include/vesc_msgs/msg/detail/vesc_imu_stamped__rosidl_typesupport_fastrtps_c.h
[2.865s] -- Up-to-date: /home/orin_nano/f1tenth_ws/install/vesc_msgs/include/vesc_msgs/msg/detail/vesc_imu__rosidl_typesupport_fastrtps_c.h
[2.865s] -- Up-to-date: /home/orin_nano/f1tenth_ws/install/vesc_msgs/include/vesc_msgs/msg/detail/vesc_state__rosidl_typesupport_fastrtps_c.h
[2.866s] -- Up-to-date: /home/orin_nano/f1tenth_ws/install/vesc_msgs/lib/libvesc_msgs__rosidl_typesupport_fastrtps_c.so
[2.866s] -- Up-to-date: /home/orin_nano/f1tenth_ws/install/vesc_msgs/include/vesc_msgs
[2.866s] -- Up-to-date: /home/orin_nano/f1tenth_ws/install/vesc_msgs/include/vesc_msgs/msg
[2.866s] -- Up-to-date: /home/orin_nano/f1tenth_ws/install/vesc_msgs/include/vesc_msgs/msg/detail
[2.866s] -- Up-to-date: /home/orin_nano/f1tenth_ws/install/vesc_msgs/include/vesc_msgs/msg/detail/vesc_state__rosidl_typesupport_fastrtps_cpp.hpp
[2.867s] -- Up-to-date: /home/orin_nano/f1tenth_ws/install/vesc_msgs/include/vesc_msgs/msg/detail/dds_fastrtps
[2.867s] -- Up-to-date: /home/orin_nano/f1tenth_ws/install/vesc_msgs/include/vesc_msgs/msg/detail/vesc_state_stamped__rosidl_typesupport_fastrtps_cpp.hpp
[2.867s] -- Up-to-date: /home/orin_nano/f1tenth_ws/install/vesc_msgs/include/vesc_msgs/msg/detail/vesc_imu_stamped__rosidl_typesupport_fastrtps_cpp.hpp
[2.867s] -- Up-to-date: /home/orin_nano/f1tenth_ws/install/vesc_msgs/include/vesc_msgs/msg/detail/vesc_imu__rosidl_typesupport_fastrtps_cpp.hpp
[2.868s] -- Up-to-date: /home/orin_nano/f1tenth_ws/install/vesc_msgs/include/vesc_msgs/msg/rosidl_typesupport_fastrtps_cpp__visibility_control.h
[2.868s] -- Up-to-date: /home/orin_nano/f1tenth_ws/install/vesc_msgs/lib/libvesc_msgs__rosidl_typesupport_fastrtps_cpp.so
[2.868s] -- Up-to-date: /home/orin_nano/f1tenth_ws/install/vesc_msgs/include/vesc_msgs
[2.868s] -- Up-to-date: /home/orin_nano/f1tenth_ws/install/vesc_msgs/include/vesc_msgs/msg
[2.878s] -- Up-to-date: /home/orin_nano/f1tenth_ws/install/vesc_msgs/include/vesc_msgs/msg/detail
[2.879s] -- Up-to-date: /home/orin_nano/f1tenth_ws/install/vesc_msgs/include/vesc_msgs/msg/detail/vesc_imu__type_support.c
[2.879s] -- Up-to-date: /home/orin_nano/f1tenth_ws/install/vesc_msgs/include/vesc_msgs/msg/detail/vesc_state_stamped__rosidl_typesupport_introspection_c.h
[2.879s] -- Up-to-date: /home/orin_nano/f1tenth_ws/install/vesc_msgs/include/vesc_msgs/msg/detail/vesc_imu__rosidl_typesupport_introspection_c.h
[2.879s] -- Up-to-date: /home/orin_nano/f1tenth_ws/install/vesc_msgs/include/vesc_msgs/msg/detail/vesc_imu_stamped__type_support.c
[2.879s] -- Up-to-date: /home/orin_nano/f1tenth_ws/install/vesc_msgs/include/vesc_msgs/msg/detail/vesc_state__type_support.c
[2.879s] -- Up-to-date: /home/orin_nano/f1tenth_ws/install/vesc_msgs/include/vesc_msgs/msg/detail/vesc_state_stamped__type_support.c
[2.880s] -- Up-to-date: /home/orin_nano/f1tenth_ws/install/vesc_msgs/include/vesc_msgs/msg/detail/vesc_state__rosidl_typesupport_introspection_c.h
[2.880s] -- Up-to-date: /home/orin_nano/f1tenth_ws/install/vesc_msgs/include/vesc_msgs/msg/detail/vesc_imu_stamped__rosidl_typesupport_introspection_c.h
[2.880s] -- Up-to-date: /home/orin_nano/f1tenth_ws/install/vesc_msgs/include/vesc_msgs/msg/rosidl_typesupport_introspection_c__visibility_control.h
[2.880s] -- Up-to-date: /home/orin_nano/f1tenth_ws/install/vesc_msgs/lib/libvesc_msgs__rosidl_typesupport_introspection_c.so
[2.881s] -- Up-to-date: /home/orin_nano/f1tenth_ws/install/vesc_msgs/lib/libvesc_msgs__rosidl_typesupport_c.so
[2.882s] -- Up-to-date: /home/orin_nano/f1tenth_ws/install/vesc_msgs/include/vesc_msgs
[2.882s] -- Up-to-date: /home/orin_nano/f1tenth_ws/install/vesc_msgs/include/vesc_msgs/msg
[2.882s] -- Up-to-date: /home/orin_nano/f1tenth_ws/install/vesc_msgs/include/vesc_msgs/msg/vesc_state_stamped.hpp
[2.882s] -- Up-to-date: /home/orin_nano/f1tenth_ws/install/vesc_msgs/include/vesc_msgs/msg/rosidl_generator_cpp__visibility_control.hpp
[2.882s] -- Up-to-date: /home/orin_nano/f1tenth_ws/install/vesc_msgs/include/vesc_msgs/msg/vesc_imu_stamped.hpp
[2.883s] -- Up-to-date: /home/orin_nano/f1tenth_ws/install/vesc_msgs/include/vesc_msgs/msg/detail
[2.883s] -- Up-to-date: /home/orin_nano/f1tenth_ws/install/vesc_msgs/include/vesc_msgs/msg/detail/vesc_state__struct.hpp
[2.883s] -- Up-to-date: /home/orin_nano/f1tenth_ws/install/vesc_msgs/include/vesc_msgs/msg/detail/vesc_imu_stamped__builder.hpp
[2.884s] -- Up-to-date: /home/orin_nano/f1tenth_ws/install/vesc_msgs/include/vesc_msgs/msg/detail/vesc_state__traits.hpp
[2.884s] -- Up-to-date: /home/orin_nano/f1tenth_ws/install/vesc_msgs/include/vesc_msgs/msg/detail/vesc_state_stamped__builder.hpp
[2.884s] -- Up-to-date: /home/orin_nano/f1tenth_ws/install/vesc_msgs/include/vesc_msgs/msg/detail/vesc_imu__type_support.hpp
[2.884s] -- Up-to-date: /home/orin_nano/f1tenth_ws/install/vesc_msgs/include/vesc_msgs/msg/detail/vesc_imu__struct.hpp
[2.885s] -- Up-to-date: /home/orin_nano/f1tenth_ws/install/vesc_msgs/include/vesc_msgs/msg/detail/vesc_state__type_support.hpp
[2.886s] -- Up-to-date: /home/orin_nano/f1tenth_ws/install/vesc_msgs/include/vesc_msgs/msg/detail/vesc_imu_stamped__type_support.hpp
[2.887s] -- Up-to-date: /home/orin_nano/f1tenth_ws/install/vesc_msgs/include/vesc_msgs/msg/detail/vesc_state_stamped__struct.hpp
[2.888s] -- Up-to-date: /home/orin_nano/f1tenth_ws/install/vesc_msgs/include/vesc_msgs/msg/detail/vesc_imu__builder.hpp
[2.889s] -- Up-to-date: /home/orin_nano/f1tenth_ws/install/vesc_msgs/include/vesc_msgs/msg/detail/vesc_state_stamped__traits.hpp
[2.897s] -- Up-to-date: /home/orin_nano/f1tenth_ws/install/vesc_msgs/include/vesc_msgs/msg/detail/vesc_imu_stamped__struct.hpp
[2.897s] -- Up-to-date: /home/orin_nano/f1tenth_ws/install/vesc_msgs/include/vesc_msgs/msg/detail/vesc_imu_stamped__traits.hpp
[2.898s] -- Up-to-date: /home/orin_nano/f1tenth_ws/install/vesc_msgs/include/vesc_msgs/msg/detail/vesc_state__builder.hpp
[2.899s] -- Up-to-date: /home/orin_nano/f1tenth_ws/install/vesc_msgs/include/vesc_msgs/msg/detail/vesc_imu__traits.hpp
[2.899s] -- Up-to-date: /home/orin_nano/f1tenth_ws/install/vesc_msgs/include/vesc_msgs/msg/detail/vesc_state_stamped__type_support.hpp
[2.900s] -- Up-to-date: /home/orin_nano/f1tenth_ws/install/vesc_msgs/include/vesc_msgs/msg/vesc_imu.hpp
[2.900s] -- Up-to-date: /home/orin_nano/f1tenth_ws/install/vesc_msgs/include/vesc_msgs/msg/vesc_state.hpp
[2.901s] -- Up-to-date: /home/orin_nano/f1tenth_ws/install/vesc_msgs/include/vesc_msgs
[2.901s] -- Up-to-date: /home/orin_nano/f1tenth_ws/install/vesc_msgs/include/vesc_msgs/msg
[2.901s] -- Up-to-date: /home/orin_nano/f1tenth_ws/install/vesc_msgs/include/vesc_msgs/msg/detail
[2.901s] -- Up-to-date: /home/orin_nano/f1tenth_ws/install/vesc_msgs/include/vesc_msgs/msg/detail/vesc_imu__type_support.cpp
[2.901s] -- Up-to-date: /home/orin_nano/f1tenth_ws/install/vesc_msgs/include/vesc_msgs/msg/detail/vesc_state_stamped__rosidl_typesupport_introspection_cpp.hpp
[2.901s] -- Up-to-date: /home/orin_nano/f1tenth_ws/install/vesc_msgs/include/vesc_msgs/msg/detail/vesc_state__rosidl_typesupport_introspection_cpp.hpp
[2.902s] -- Up-to-date: /home/orin_nano/f1tenth_ws/install/vesc_msgs/include/vesc_msgs/msg/detail/vesc_imu_stamped__type_support.cpp
[2.902s] -- Up-to-date: /home/orin_nano/f1tenth_ws/install/vesc_msgs/include/vesc_msgs/msg/detail/vesc_imu_stamped__rosidl_typesupport_introspection_cpp.hpp
[2.902s] -- Up-to-date: /home/orin_nano/f1tenth_ws/install/vesc_msgs/include/vesc_msgs/msg/detail/vesc_imu__rosidl_typesupport_introspection_cpp.hpp
[2.902s] -- Up-to-date: /home/orin_nano/f1tenth_ws/install/vesc_msgs/include/vesc_msgs/msg/detail/vesc_state__type_support.cpp
[2.902s] -- Up-to-date: /home/orin_nano/f1tenth_ws/install/vesc_msgs/include/vesc_msgs/msg/detail/vesc_state_stamped__type_support.cpp
[2.902s] -- Up-to-date: /home/orin_nano/f1tenth_ws/install/vesc_msgs/lib/libvesc_msgs__rosidl_typesupport_introspection_cpp.so
[2.903s] -- Up-to-date: /home/orin_nano/f1tenth_ws/install/vesc_msgs/lib/libvesc_msgs__rosidl_typesupport_cpp.so
[2.903s] -- Up-to-date: /home/orin_nano/f1tenth_ws/install/vesc_msgs/share/vesc_msgs/environment/pythonpath.sh
[2.903s] -- Up-to-date: /home/orin_nano/f1tenth_ws/install/vesc_msgs/share/vesc_msgs/environment/pythonpath.dsv
[2.903s] -- Up-to-date: /home/orin_nano/f1tenth_ws/install/vesc_msgs/lib/python3.8/site-packages/vesc_msgs/__init__.py
[2.953s] -- Up-to-date: /home/orin_nano/f1tenth_ws/install/vesc_msgs/lib/python3.8/site-packages/vesc_msgs/msg
[2.956s] -- Up-to-date: /home/orin_nano/f1tenth_ws/install/vesc_msgs/lib/python3.8/site-packages/vesc_msgs/msg/_vesc_imu_stamped.py
[2.957s] -- Up-to-date: /home/orin_nano/f1tenth_ws/install/vesc_msgs/lib/python3.8/site-packages/vesc_msgs/msg/_vesc_state_stamped_s.c
[2.958s] -- Up-to-date: /home/orin_nano/f1tenth_ws/install/vesc_msgs/lib/python3.8/site-packages/vesc_msgs/msg/_vesc_state_s.c
[2.960s] -- Up-to-date: /home/orin_nano/f1tenth_ws/install/vesc_msgs/lib/python3.8/site-packages/vesc_msgs/msg/_vesc_state_stamped.py
[2.961s] -- Up-to-date: /home/orin_nano/f1tenth_ws/install/vesc_msgs/lib/python3.8/site-packages/vesc_msgs/msg/_vesc_imu.py
[2.962s] -- Up-to-date: /home/orin_nano/f1tenth_ws/install/vesc_msgs/lib/python3.8/site-packages/vesc_msgs/msg/_vesc_imu_stamped_s.c
[2.963s] -- Up-to-date: /home/orin_nano/f1tenth_ws/install/vesc_msgs/lib/python3.8/site-packages/vesc_msgs/msg/_vesc_state.py
[2.965s] -- Up-to-date: /home/orin_nano/f1tenth_ws/install/vesc_msgs/lib/python3.8/site-packages/vesc_msgs/msg/_vesc_imu_s.c
[2.966s] -- Up-to-date: /home/orin_nano/f1tenth_ws/install/vesc_msgs/lib/python3.8/site-packages/vesc_msgs/msg/__init__.py
[2.967s] -- Up-to-date: /home/orin_nano/f1tenth_ws/install/vesc_msgs/lib/python3.8/site-packages/vesc_msgs/vesc_msgs_s__rosidl_typesupport_fastrtps_c.cpython-38-aarch64-linux-gnu.so
[2.968s] -- Up-to-date: /home/orin_nano/f1tenth_ws/install/vesc_msgs/lib/python3.8/site-packages/vesc_msgs/vesc_msgs_s__rosidl_typesupport_introspection_c.cpython-38-aarch64-linux-gnu.so
[2.969s] -- Up-to-date: /home/orin_nano/f1tenth_ws/install/vesc_msgs/lib/python3.8/site-packages/vesc_msgs/vesc_msgs_s__rosidl_typesupport_c.cpython-38-aarch64-linux-gnu.so
[2.970s] -- Up-to-date: /home/orin_nano/f1tenth_ws/install/vesc_msgs/lib/libvesc_msgs__python.so
[2.970s] -- Up-to-date: /home/orin_nano/f1tenth_ws/install/vesc_msgs/share/vesc_msgs/msg/VescState.idl
[2.970s] -- Up-to-date: /home/orin_nano/f1tenth_ws/install/vesc_msgs/share/vesc_msgs/msg/VescStateStamped.idl
[2.970s] -- Up-to-date: /home/orin_nano/f1tenth_ws/install/vesc_msgs/share/vesc_msgs/msg/VescImu.idl
[2.970s] -- Up-to-date: /home/orin_nano/f1tenth_ws/install/vesc_msgs/share/vesc_msgs/msg/VescImuStamped.idl
[2.970s] -- Up-to-date: /home/orin_nano/f1tenth_ws/install/vesc_msgs/share/vesc_msgs/msg/VescState.msg
[2.971s] -- Up-to-date: /home/orin_nano/f1tenth_ws/install/vesc_msgs/share/vesc_msgs/msg/VescStateStamped.msg
[2.971s] -- Up-to-date: /home/orin_nano/f1tenth_ws/install/vesc_msgs/share/vesc_msgs/msg/VescImu.msg
[2.971s] -- Up-to-date: /home/orin_nano/f1tenth_ws/install/vesc_msgs/share/vesc_msgs/msg/VescImuStamped.msg
[2.971s] -- Up-to-date: /home/orin_nano/f1tenth_ws/install/vesc_msgs/share/ament_index/resource_index/package_run_dependencies/vesc_msgs
[2.971s] -- Up-to-date: /home/orin_nano/f1tenth_ws/install/vesc_msgs/share/ament_index/resource_index/parent_prefix_path/vesc_msgs
[2.972s] -- Up-to-date: /home/orin_nano/f1tenth_ws/install/vesc_msgs/share/vesc_msgs/environment/ament_prefix_path.sh
[2.973s] -- Up-to-date: /home/orin_nano/f1tenth_ws/install/vesc_msgs/share/vesc_msgs/environment/ament_prefix_path.dsv
[2.973s] -- Up-to-date: /home/orin_nano/f1tenth_ws/install/vesc_msgs/share/vesc_msgs/environment/path.sh
[2.974s] -- Up-to-date: /home/orin_nano/f1tenth_ws/install/vesc_msgs/share/vesc_msgs/environment/path.dsv
[2.979s] -- Up-to-date: /home/orin_nano/f1tenth_ws/install/vesc_msgs/share/vesc_msgs/local_setup.bash
[2.980s] -- Up-to-date: /home/orin_nano/f1tenth_ws/install/vesc_msgs/share/vesc_msgs/local_setup.sh
[2.981s] -- Up-to-date: /home/orin_nano/f1tenth_ws/install/vesc_msgs/share/vesc_msgs/local_setup.zsh
[2.982s] -- Up-to-date: /home/orin_nano/f1tenth_ws/install/vesc_msgs/share/vesc_msgs/local_setup.dsv
[2.982s] -- Installing: /home/orin_nano/f1tenth_ws/install/vesc_msgs/share/vesc_msgs/package.dsv
[2.984s] -- Up-to-date: /home/orin_nano/f1tenth_ws/install/vesc_msgs/share/ament_index/resource_index/packages/vesc_msgs
[2.985s] -- Up-to-date: /home/orin_nano/f1tenth_ws/install/vesc_msgs/share/vesc_msgs/cmake/vesc_msgs__rosidl_generator_cExport.cmake
[2.986s] -- Up-to-date: /home/orin_nano/f1tenth_ws/install/vesc_msgs/share/vesc_msgs/cmake/vesc_msgs__rosidl_generator_cExport-noconfig.cmake
[2.986s] -- Up-to-date: /home/orin_nano/f1tenth_ws/install/vesc_msgs/share/vesc_msgs/cmake/vesc_msgs__rosidl_typesupport_introspection_cExport.cmake
[2.986s] -- Up-to-date: /home/orin_nano/f1tenth_ws/install/vesc_msgs/share/vesc_msgs/cmake/vesc_msgs__rosidl_typesupport_introspection_cExport-noconfig.cmake
[2.986s] -- Up-to-date: /home/orin_nano/f1tenth_ws/install/vesc_msgs/share/vesc_msgs/cmake/vesc_msgs__rosidl_typesupport_cExport.cmake
[2.986s] -- Up-to-date: /home/orin_nano/f1tenth_ws/install/vesc_msgs/share/vesc_msgs/cmake/vesc_msgs__rosidl_typesupport_cExport-noconfig.cmake
[2.987s] -- Up-to-date: /home/orin_nano/f1tenth_ws/install/vesc_msgs/share/vesc_msgs/cmake/vesc_msgs__rosidl_generator_cppExport.cmake
[2.987s] -- Up-to-date: /home/orin_nano/f1tenth_ws/install/vesc_msgs/share/vesc_msgs/cmake/vesc_msgs__rosidl_typesupport_introspection_cppExport.cmake
[2.987s] -- Up-to-date: /home/orin_nano/f1tenth_ws/install/vesc_msgs/share/vesc_msgs/cmake/vesc_msgs__rosidl_typesupport_introspection_cppExport-noconfig.cmake
[2.987s] -- Up-to-date: /home/orin_nano/f1tenth_ws/install/vesc_msgs/share/vesc_msgs/cmake/vesc_msgs__rosidl_typesupport_cppExport.cmake
[2.987s] -- Up-to-date: /home/orin_nano/f1tenth_ws/install/vesc_msgs/share/vesc_msgs/cmake/vesc_msgs__rosidl_typesupport_cppExport-noconfig.cmake
[2.988s] -- Up-to-date: /home/orin_nano/f1tenth_ws/install/vesc_msgs/share/vesc_msgs/cmake/rosidl_cmake-extras.cmake
[2.988s] -- Up-to-date: /home/orin_nano/f1tenth_ws/install/vesc_msgs/share/vesc_msgs/cmake/ament_cmake_export_dependencies-extras.cmake
[2.988s] -- Up-to-date: /home/orin_nano/f1tenth_ws/install/vesc_msgs/share/vesc_msgs/cmake/ament_cmake_export_libraries-extras.cmake
[2.988s] -- Up-to-date: /home/orin_nano/f1tenth_ws/install/vesc_msgs/share/vesc_msgs/cmake/ament_cmake_export_targets-extras.cmake
[2.988s] -- Up-to-date: /home/orin_nano/f1tenth_ws/install/vesc_msgs/share/vesc_msgs/cmake/ament_cmake_export_include_directories-extras.cmake
[2.988s] -- Up-to-date: /home/orin_nano/f1tenth_ws/install/vesc_msgs/share/vesc_msgs/cmake/rosidl_cmake_export_typesupport_libraries-extras.cmake
[2.989s] -- Up-to-date: /home/orin_nano/f1tenth_ws/install/vesc_msgs/share/vesc_msgs/cmake/rosidl_cmake_export_typesupport_targets-extras.cmake
[2.989s] -- Up-to-date: /home/orin_nano/f1tenth_ws/install/vesc_msgs/share/vesc_msgs/cmake/vesc_msgsConfig.cmake
[2.989s] -- Up-to-date: /home/orin_nano/f1tenth_ws/install/vesc_msgs/share/vesc_msgs/cmake/vesc_msgsConfig-version.cmake
[2.989s] -- Up-to-date: /home/orin_nano/f1tenth_ws/install/vesc_msgs/share/vesc_msgs/package.xml
[3.254s] Invoked command in '/home/orin_nano/f1tenth_ws/build/vesc_msgs' returned '0': CMAKE_PREFIX_PATH=${CMAKE_PREFIX_PATH}:/home/orin_nano/f1tenth_ws/install/f1_test:/opt/ros/foxy /usr/bin/cmake --install /home/orin_nano/f1tenth_ws/build/vesc_msgs
