[1.169s] Invoking command in '/home/orin_nano/f1tenth_ws/build/urg_node2': CMAKE_PREFIX_PATH=${CMAKE_PREFIX_PATH}:/home/orin_nano/f1tenth_ws/install/f1_test:/opt/ros/foxy /usr/bin/cmake --build /home/orin_nano/f1tenth_ws/build/urg_node2 -- -j6 -l6
[1.308s] [ 10%] Built target gtest
[1.308s] [ 20%] Built target gtest_main
[1.308s] [ 65%] Built target urg_c
[1.354s] [ 75%] Built target urg_node2_node
[1.387s] [ 85%] Built target urg_node2
[1.399s] [100%] Built target urg_node2_test
[1.573s] Invoked command in '/home/orin_nano/f1tenth_ws/build/urg_node2' returned '0': CMAKE_PREFIX_PATH=${CMAKE_PREFIX_PATH}:/home/orin_nano/f1tenth_ws/install/f1_test:/opt/ros/foxy /usr/bin/cmake --build /home/orin_nano/f1tenth_ws/build/urg_node2 -- -j6 -l6
[1.971s] Invoking command in '/home/orin_nano/f1tenth_ws/build/urg_node2': CMAKE_PREFIX_PATH=${CMAKE_PREFIX_PATH}:/home/orin_nano/f1tenth_ws/install/f1_test:/opt/ros/foxy /usr/bin/cmake --install /home/orin_nano/f1tenth_ws/build/urg_node2
[1.993s] -- Install configuration: ""
[1.995s] -- Up-to-date: /home/orin_nano/f1tenth_ws/install/urg_node2/lib/urg_node2/urg_node2_node
[1.996s] -- Up-to-date: /home/orin_nano/f1tenth_ws/install/urg_node2/lib/liburg_node2.so
[1.997s] -- Up-to-date: /home/orin_nano/f1tenth_ws/install/urg_node2/lib/liburg_c.so
[1.997s] -- Up-to-date: /home/orin_nano/f1tenth_ws/install/urg_node2/share/urg_node2/launch
[1.998s] -- Up-to-date: /home/orin_nano/f1tenth_ws/install/urg_node2/share/urg_node2/launch/urg_node2_component.launch.py
[1.999s] -- Up-to-date: /home/orin_nano/f1tenth_ws/install/urg_node2/share/urg_node2/launch/urg_node2.launch.py
[2.000s] -- Up-to-date: /home/orin_nano/f1tenth_ws/install/urg_node2/share/urg_node2/launch/urg_node2_2lidar.launch.py
[2.001s] -- Up-to-date: /home/orin_nano/f1tenth_ws/install/urg_node2/share/urg_node2/config
[2.002s] -- Up-to-date: /home/orin_nano/f1tenth_ws/install/urg_node2/share/urg_node2/config/params_serial.yaml
[2.003s] -- Up-to-date: /home/orin_nano/f1tenth_ws/install/urg_node2/share/urg_node2/config/params_ether_2nd.yaml
[2.003s] -- Up-to-date: /home/orin_nano/f1tenth_ws/install/urg_node2/share/urg_node2/config/params_ether.yaml
[2.004s] -- Up-to-date: /home/orin_nano/f1tenth_ws/install/urg_node2/share/ament_index/resource_index/package_run_dependencies/urg_node2
[2.005s] -- Up-to-date: /home/orin_nano/f1tenth_ws/install/urg_node2/share/ament_index/resource_index/parent_prefix_path/urg_node2
[2.005s] -- Up-to-date: /home/orin_nano/f1tenth_ws/install/urg_node2/share/urg_node2/environment/ament_prefix_path.sh
[2.006s] -- Up-to-date: /home/orin_nano/f1tenth_ws/install/urg_node2/share/urg_node2/environment/ament_prefix_path.dsv
[2.006s] -- Up-to-date: /home/orin_nano/f1tenth_ws/install/urg_node2/share/urg_node2/environment/path.sh
[2.007s] -- Up-to-date: /home/orin_nano/f1tenth_ws/install/urg_node2/share/urg_node2/environment/path.dsv
[2.007s] -- Up-to-date: /home/orin_nano/f1tenth_ws/install/urg_node2/share/urg_node2/local_setup.bash
[2.008s] -- Up-to-date: /home/orin_nano/f1tenth_ws/install/urg_node2/share/urg_node2/local_setup.sh
[2.009s] -- Up-to-date: /home/orin_nano/f1tenth_ws/install/urg_node2/share/urg_node2/local_setup.zsh
[2.009s] -- Up-to-date: /home/orin_nano/f1tenth_ws/install/urg_node2/share/urg_node2/local_setup.dsv
[2.010s] -- Installing: /home/orin_nano/f1tenth_ws/install/urg_node2/share/urg_node2/package.dsv
[2.011s] -- Up-to-date: /home/orin_nano/f1tenth_ws/install/urg_node2/share/ament_index/resource_index/packages/urg_node2
[2.011s] -- Up-to-date: /home/orin_nano/f1tenth_ws/install/urg_node2/share/ament_index/resource_index/rclcpp_components/urg_node2
[2.012s] -- Up-to-date: /home/orin_nano/f1tenth_ws/install/urg_node2/share/urg_node2/cmake/urg_node2Config.cmake
[2.013s] -- Up-to-date: /home/orin_nano/f1tenth_ws/install/urg_node2/share/urg_node2/cmake/urg_node2Config-version.cmake
[2.013s] -- Up-to-date: /home/orin_nano/f1tenth_ws/install/urg_node2/share/urg_node2/package.xml
[2.397s] Invoked command in '/home/orin_nano/f1tenth_ws/build/urg_node2' returned '0': CMAKE_PREFIX_PATH=${CMAKE_PREFIX_PATH}:/home/orin_nano/f1tenth_ws/install/f1_test:/opt/ros/foxy /usr/bin/cmake --install /home/orin_nano/f1tenth_ws/build/urg_node2
