[0.476s] Invoking command in '/home/orin_nano/microros_ws/build/drive_base_msgs': CMAKE_PREFIX_PATH=/opt/ros/foxy /usr/bin/cmake --build /home/orin_nano/microros_ws/build/drive_base_msgs -- -j6 -l6
[0.589s] [  1%] Built target drive_base_msgs__cpp
[0.595s] [ 12%] Built target drive_base_msgs__rosidl_generator_c
[0.648s] [ 34%] Built target drive_base_msgs__rosidl_typesupport_fastrtps_cpp
[0.648s] [ 34%] Built target drive_base_msgs__rosidl_typesupport_introspection_cpp
[0.664s] [ 45%] Built target drive_base_msgs__rosidl_typesupport_c
[0.672s] [ 67%] Built target drive_base_msgs__rosidl_typesupport_introspection_c
[0.672s] [ 67%] Built target drive_base_msgs__rosidl_typesupport_cpp
[0.716s] [ 78%] Built target drive_base_msgs__rosidl_typesupport_fastrtps_c
[0.765s] [ 78%] Built target drive_base_msgs
[0.832s] [ 80%] Built target drive_base_msgs__py
[0.893s] [ 89%] Built target drive_base_msgs__python
[0.949s] [ 96%] Built target drive_base_msgs__rosidl_typesupport_fastrtps_c__pyext
[0.949s] [ 96%] Built target drive_base_msgs__rosidl_typesupport_introspection_c__pyext
[0.966s] [100%] Built target drive_base_msgs__rosidl_typesupport_c__pyext
[1.023s] Invoked command in '/home/orin_nano/microros_ws/build/drive_base_msgs' returned '0': CMAKE_PREFIX_PATH=/opt/ros/foxy /usr/bin/cmake --build /home/orin_nano/microros_ws/build/drive_base_msgs -- -j6 -l6
[1.390s] Invoking command in '/home/orin_nano/microros_ws/build/drive_base_msgs': CMAKE_PREFIX_PATH=/opt/ros/foxy /usr/bin/cmake --install /home/orin_nano/microros_ws/build/drive_base_msgs
[1.416s] -- Install configuration: ""
[1.416s] -- Up-to-date: /home/orin_nano/microros_ws/install/drive_base_msgs/share/ament_index/resource_index/rosidl_interfaces/drive_base_msgs
[1.417s] -- Up-to-date: /home/orin_nano/microros_ws/install/drive_base_msgs/include/drive_base_msgs
[1.417s] -- Up-to-date: /home/orin_nano/microros_ws/install/drive_base_msgs/include/drive_base_msgs/msg
[1.417s] -- Up-to-date: /home/orin_nano/microros_ws/install/drive_base_msgs/include/drive_base_msgs/msg/detail
[1.417s] -- Up-to-date: /home/orin_nano/microros_ws/install/drive_base_msgs/include/drive_base_msgs/msg/detail/base_info__struct.h
[1.418s] -- Up-to-date: /home/orin_nano/microros_ws/install/drive_base_msgs/include/drive_base_msgs/msg/detail/command_header__functions.c
[1.418s] -- Up-to-date: /home/orin_nano/microros_ws/install/drive_base_msgs/include/drive_base_msgs/msg/detail/command_status__type_support.h
[1.418s] -- Up-to-date: /home/orin_nano/microros_ws/install/drive_base_msgs/include/drive_base_msgs/msg/detail/command_status__functions.h
[1.418s] -- Up-to-date: /home/orin_nano/microros_ws/install/drive_base_msgs/include/drive_base_msgs/msg/detail/base_info__type_support.h
[1.418s] -- Up-to-date: /home/orin_nano/microros_ws/install/drive_base_msgs/include/drive_base_msgs/msg/detail/trv_command__functions.h
[1.419s] -- Up-to-date: /home/orin_nano/microros_ws/install/drive_base_msgs/include/drive_base_msgs/msg/detail/command_header__type_support.h
[1.419s] -- Up-to-date: /home/orin_nano/microros_ws/install/drive_base_msgs/include/drive_base_msgs/msg/detail/command_status__struct.h
[1.419s] -- Up-to-date: /home/orin_nano/microros_ws/install/drive_base_msgs/include/drive_base_msgs/msg/detail/trv_command__struct.h
[1.419s] -- Up-to-date: /home/orin_nano/microros_ws/install/drive_base_msgs/include/drive_base_msgs/msg/detail/base_info__functions.c
[1.420s] -- Up-to-date: /home/orin_nano/microros_ws/install/drive_base_msgs/include/drive_base_msgs/msg/detail/command_header__functions.h
[1.420s] -- Up-to-date: /home/orin_nano/microros_ws/install/drive_base_msgs/include/drive_base_msgs/msg/detail/command_header__struct.h
[1.420s] -- Up-to-date: /home/orin_nano/microros_ws/install/drive_base_msgs/include/drive_base_msgs/msg/detail/command_status__functions.c
[1.420s] -- Up-to-date: /home/orin_nano/microros_ws/install/drive_base_msgs/include/drive_base_msgs/msg/detail/trv_command__type_support.h
[1.421s] -- Up-to-date: /home/orin_nano/microros_ws/install/drive_base_msgs/include/drive_base_msgs/msg/detail/trv_command__functions.c
[1.421s] -- Up-to-date: /home/orin_nano/microros_ws/install/drive_base_msgs/include/drive_base_msgs/msg/detail/base_info__functions.h
[1.421s] -- Up-to-date: /home/orin_nano/microros_ws/install/drive_base_msgs/include/drive_base_msgs/msg/command_status.h
[1.421s] -- Up-to-date: /home/orin_nano/microros_ws/install/drive_base_msgs/include/drive_base_msgs/msg/command_header.h
[1.421s] -- Up-to-date: /home/orin_nano/microros_ws/install/drive_base_msgs/include/drive_base_msgs/msg/base_info.h
[1.421s] -- Up-to-date: /home/orin_nano/microros_ws/install/drive_base_msgs/include/drive_base_msgs/msg/trv_command.h
[1.422s] -- Up-to-date: /home/orin_nano/microros_ws/install/drive_base_msgs/include/drive_base_msgs/msg/rosidl_generator_c__visibility_control.h
[1.422s] -- Up-to-date: /home/orin_nano/microros_ws/install/drive_base_msgs/share/drive_base_msgs/environment/library_path.sh
[1.422s] -- Up-to-date: /home/orin_nano/microros_ws/install/drive_base_msgs/share/drive_base_msgs/environment/library_path.dsv
[1.422s] -- Up-to-date: /home/orin_nano/microros_ws/install/drive_base_msgs/lib/libdrive_base_msgs__rosidl_generator_c.so
[1.422s] -- Up-to-date: /home/orin_nano/microros_ws/install/drive_base_msgs/include/drive_base_msgs
[1.423s] -- Up-to-date: /home/orin_nano/microros_ws/install/drive_base_msgs/include/drive_base_msgs/msg
[1.423s] -- Up-to-date: /home/orin_nano/microros_ws/install/drive_base_msgs/include/drive_base_msgs/msg/rosidl_typesupport_fastrtps_c__visibility_control.h
[1.423s] -- Up-to-date: /home/orin_nano/microros_ws/install/drive_base_msgs/include/drive_base_msgs/msg/detail
[1.423s] -- Up-to-date: /home/orin_nano/microros_ws/install/drive_base_msgs/include/drive_base_msgs/msg/detail/command_header__rosidl_typesupport_fastrtps_c.h
[1.423s] -- Up-to-date: /home/orin_nano/microros_ws/install/drive_base_msgs/include/drive_base_msgs/msg/detail/command_status__rosidl_typesupport_fastrtps_c.h
[1.423s] -- Up-to-date: /home/orin_nano/microros_ws/install/drive_base_msgs/include/drive_base_msgs/msg/detail/trv_command__rosidl_typesupport_fastrtps_c.h
[1.423s] -- Up-to-date: /home/orin_nano/microros_ws/install/drive_base_msgs/include/drive_base_msgs/msg/detail/base_info__rosidl_typesupport_fastrtps_c.h
[1.424s] -- Up-to-date: /home/orin_nano/microros_ws/install/drive_base_msgs/lib/libdrive_base_msgs__rosidl_typesupport_fastrtps_c.so
[1.424s] -- Up-to-date: /home/orin_nano/microros_ws/install/drive_base_msgs/include/drive_base_msgs
[1.424s] -- Up-to-date: /home/orin_nano/microros_ws/install/drive_base_msgs/include/drive_base_msgs/msg
[1.424s] -- Up-to-date: /home/orin_nano/microros_ws/install/drive_base_msgs/include/drive_base_msgs/msg/detail
[1.424s] -- Up-to-date: /home/orin_nano/microros_ws/install/drive_base_msgs/include/drive_base_msgs/msg/detail/command_status__rosidl_typesupport_fastrtps_cpp.hpp
[1.425s] -- Up-to-date: /home/orin_nano/microros_ws/install/drive_base_msgs/include/drive_base_msgs/msg/detail/dds_fastrtps
[1.425s] -- Up-to-date: /home/orin_nano/microros_ws/install/drive_base_msgs/include/drive_base_msgs/msg/detail/command_header__rosidl_typesupport_fastrtps_cpp.hpp
[1.426s] -- Up-to-date: /home/orin_nano/microros_ws/install/drive_base_msgs/include/drive_base_msgs/msg/detail/trv_command__rosidl_typesupport_fastrtps_cpp.hpp
[1.426s] -- Up-to-date: /home/orin_nano/microros_ws/install/drive_base_msgs/include/drive_base_msgs/msg/detail/base_info__rosidl_typesupport_fastrtps_cpp.hpp
[1.426s] -- Up-to-date: /home/orin_nano/microros_ws/install/drive_base_msgs/include/drive_base_msgs/msg/rosidl_typesupport_fastrtps_cpp__visibility_control.h
[1.426s] -- Up-to-date: /home/orin_nano/microros_ws/install/drive_base_msgs/lib/libdrive_base_msgs__rosidl_typesupport_fastrtps_cpp.so
[1.426s] -- Up-to-date: /home/orin_nano/microros_ws/install/drive_base_msgs/include/drive_base_msgs
[1.426s] -- Up-to-date: /home/orin_nano/microros_ws/install/drive_base_msgs/include/drive_base_msgs/msg
[1.426s] -- Up-to-date: /home/orin_nano/microros_ws/install/drive_base_msgs/include/drive_base_msgs/msg/detail
[1.427s] -- Up-to-date: /home/orin_nano/microros_ws/install/drive_base_msgs/include/drive_base_msgs/msg/detail/trv_command__type_support.c
[1.427s] -- Up-to-date: /home/orin_nano/microros_ws/install/drive_base_msgs/include/drive_base_msgs/msg/detail/command_status__type_support.c
[1.427s] -- Up-to-date: /home/orin_nano/microros_ws/install/drive_base_msgs/include/drive_base_msgs/msg/detail/command_status__rosidl_typesupport_introspection_c.h
[1.427s] -- Up-to-date: /home/orin_nano/microros_ws/install/drive_base_msgs/include/drive_base_msgs/msg/detail/trv_command__rosidl_typesupport_introspection_c.h
[1.427s] -- Up-to-date: /home/orin_nano/microros_ws/install/drive_base_msgs/include/drive_base_msgs/msg/detail/command_header__type_support.c
[1.427s] -- Up-to-date: /home/orin_nano/microros_ws/install/drive_base_msgs/include/drive_base_msgs/msg/detail/base_info__type_support.c
[1.427s] -- Up-to-date: /home/orin_nano/microros_ws/install/drive_base_msgs/include/drive_base_msgs/msg/detail/base_info__rosidl_typesupport_introspection_c.h
[1.428s] -- Up-to-date: /home/orin_nano/microros_ws/install/drive_base_msgs/include/drive_base_msgs/msg/detail/command_header__rosidl_typesupport_introspection_c.h
[1.428s] -- Up-to-date: /home/orin_nano/microros_ws/install/drive_base_msgs/include/drive_base_msgs/msg/rosidl_typesupport_introspection_c__visibility_control.h
[1.428s] -- Up-to-date: /home/orin_nano/microros_ws/install/drive_base_msgs/lib/libdrive_base_msgs__rosidl_typesupport_introspection_c.so
[1.428s] -- Up-to-date: /home/orin_nano/microros_ws/install/drive_base_msgs/lib/libdrive_base_msgs__rosidl_typesupport_c.so
[1.428s] -- Up-to-date: /home/orin_nano/microros_ws/install/drive_base_msgs/include/drive_base_msgs
[1.428s] -- Up-to-date: /home/orin_nano/microros_ws/install/drive_base_msgs/include/drive_base_msgs/msg
[1.428s] -- Up-to-date: /home/orin_nano/microros_ws/install/drive_base_msgs/include/drive_base_msgs/msg/rosidl_generator_cpp__visibility_control.hpp
[1.428s] -- Up-to-date: /home/orin_nano/microros_ws/install/drive_base_msgs/include/drive_base_msgs/msg/detail
[1.429s] -- Up-to-date: /home/orin_nano/microros_ws/install/drive_base_msgs/include/drive_base_msgs/msg/detail/command_status__struct.hpp
[1.429s] -- Up-to-date: /home/orin_nano/microros_ws/install/drive_base_msgs/include/drive_base_msgs/msg/detail/trv_command__struct.hpp
[1.429s] -- Up-to-date: /home/orin_nano/microros_ws/install/drive_base_msgs/include/drive_base_msgs/msg/detail/command_header__traits.hpp
[1.429s] -- Up-to-date: /home/orin_nano/microros_ws/install/drive_base_msgs/include/drive_base_msgs/msg/detail/command_status__builder.hpp
[1.429s] -- Up-to-date: /home/orin_nano/microros_ws/install/drive_base_msgs/include/drive_base_msgs/msg/detail/trv_command__traits.hpp
[1.429s] -- Up-to-date: /home/orin_nano/microros_ws/install/drive_base_msgs/include/drive_base_msgs/msg/detail/base_info__traits.hpp
[1.429s] -- Up-to-date: /home/orin_nano/microros_ws/install/drive_base_msgs/include/drive_base_msgs/msg/detail/trv_command__builder.hpp
[1.429s] -- Up-to-date: /home/orin_nano/microros_ws/install/drive_base_msgs/include/drive_base_msgs/msg/detail/command_status__traits.hpp
[1.430s] -- Up-to-date: /home/orin_nano/microros_ws/install/drive_base_msgs/include/drive_base_msgs/msg/detail/command_status__type_support.hpp
[1.430s] -- Up-to-date: /home/orin_nano/microros_ws/install/drive_base_msgs/include/drive_base_msgs/msg/detail/base_info__builder.hpp
[1.430s] -- Up-to-date: /home/orin_nano/microros_ws/install/drive_base_msgs/include/drive_base_msgs/msg/detail/command_header__builder.hpp
[1.430s] -- Up-to-date: /home/orin_nano/microros_ws/install/drive_base_msgs/include/drive_base_msgs/msg/detail/base_info__type_support.hpp
[1.430s] -- Up-to-date: /home/orin_nano/microros_ws/install/drive_base_msgs/include/drive_base_msgs/msg/detail/command_header__struct.hpp
[1.430s] -- Up-to-date: /home/orin_nano/microros_ws/install/drive_base_msgs/include/drive_base_msgs/msg/detail/command_header__type_support.hpp
[1.430s] -- Up-to-date: /home/orin_nano/microros_ws/install/drive_base_msgs/include/drive_base_msgs/msg/detail/trv_command__type_support.hpp
[1.430s] -- Up-to-date: /home/orin_nano/microros_ws/install/drive_base_msgs/include/drive_base_msgs/msg/detail/base_info__struct.hpp
[1.431s] -- Up-to-date: /home/orin_nano/microros_ws/install/drive_base_msgs/include/drive_base_msgs/msg/command_header.hpp
[1.431s] -- Up-to-date: /home/orin_nano/microros_ws/install/drive_base_msgs/include/drive_base_msgs/msg/base_info.hpp
[1.431s] -- Up-to-date: /home/orin_nano/microros_ws/install/drive_base_msgs/include/drive_base_msgs/msg/trv_command.hpp
[1.431s] -- Up-to-date: /home/orin_nano/microros_ws/install/drive_base_msgs/include/drive_base_msgs/msg/command_status.hpp
[1.431s] -- Up-to-date: /home/orin_nano/microros_ws/install/drive_base_msgs/include/drive_base_msgs
[1.431s] -- Up-to-date: /home/orin_nano/microros_ws/install/drive_base_msgs/include/drive_base_msgs/msg
[1.431s] -- Up-to-date: /home/orin_nano/microros_ws/install/drive_base_msgs/include/drive_base_msgs/msg/detail
[1.431s] -- Up-to-date: /home/orin_nano/microros_ws/install/drive_base_msgs/include/drive_base_msgs/msg/detail/command_header__rosidl_typesupport_introspection_cpp.hpp
[1.431s] -- Up-to-date: /home/orin_nano/microros_ws/install/drive_base_msgs/include/drive_base_msgs/msg/detail/base_info__type_support.cpp
[1.432s] -- Up-to-date: /home/orin_nano/microros_ws/install/drive_base_msgs/include/drive_base_msgs/msg/detail/base_info__rosidl_typesupport_introspection_cpp.hpp
[1.432s] -- Up-to-date: /home/orin_nano/microros_ws/install/drive_base_msgs/include/drive_base_msgs/msg/detail/command_status__rosidl_typesupport_introspection_cpp.hpp
[1.432s] -- Up-to-date: /home/orin_nano/microros_ws/install/drive_base_msgs/include/drive_base_msgs/msg/detail/trv_command__type_support.cpp
[1.432s] -- Up-to-date: /home/orin_nano/microros_ws/install/drive_base_msgs/include/drive_base_msgs/msg/detail/command_header__type_support.cpp
[1.432s] -- Up-to-date: /home/orin_nano/microros_ws/install/drive_base_msgs/include/drive_base_msgs/msg/detail/trv_command__rosidl_typesupport_introspection_cpp.hpp
[1.432s] -- Up-to-date: /home/orin_nano/microros_ws/install/drive_base_msgs/include/drive_base_msgs/msg/detail/command_status__type_support.cpp
[1.432s] -- Up-to-date: /home/orin_nano/microros_ws/install/drive_base_msgs/lib/libdrive_base_msgs__rosidl_typesupport_introspection_cpp.so
[1.432s] -- Up-to-date: /home/orin_nano/microros_ws/install/drive_base_msgs/lib/libdrive_base_msgs__rosidl_typesupport_cpp.so
[1.433s] -- Up-to-date: /home/orin_nano/microros_ws/install/drive_base_msgs/share/drive_base_msgs/environment/pythonpath.sh
[1.433s] -- Up-to-date: /home/orin_nano/microros_ws/install/drive_base_msgs/share/drive_base_msgs/environment/pythonpath.dsv
[1.433s] -- Up-to-date: /home/orin_nano/microros_ws/install/drive_base_msgs/lib/python3.8/site-packages/drive_base_msgs/__init__.py
[1.507s] -- Up-to-date: /home/orin_nano/microros_ws/install/drive_base_msgs/lib/python3.8/site-packages/drive_base_msgs/msg
[1.507s] -- Up-to-date: /home/orin_nano/microros_ws/install/drive_base_msgs/lib/python3.8/site-packages/drive_base_msgs/msg/_base_info.py
[1.507s] -- Up-to-date: /home/orin_nano/microros_ws/install/drive_base_msgs/lib/python3.8/site-packages/drive_base_msgs/msg/_base_info_s.c
[1.507s] -- Up-to-date: /home/orin_nano/microros_ws/install/drive_base_msgs/lib/python3.8/site-packages/drive_base_msgs/msg/_trv_command_s.c
[1.508s] -- Up-to-date: /home/orin_nano/microros_ws/install/drive_base_msgs/lib/python3.8/site-packages/drive_base_msgs/msg/_command_status.py
[1.508s] -- Up-to-date: /home/orin_nano/microros_ws/install/drive_base_msgs/lib/python3.8/site-packages/drive_base_msgs/msg/_command_status_s.c
[1.508s] -- Up-to-date: /home/orin_nano/microros_ws/install/drive_base_msgs/lib/python3.8/site-packages/drive_base_msgs/msg/__init__.py
[1.508s] -- Up-to-date: /home/orin_nano/microros_ws/install/drive_base_msgs/lib/python3.8/site-packages/drive_base_msgs/msg/_command_header.py
[1.508s] -- Up-to-date: /home/orin_nano/microros_ws/install/drive_base_msgs/lib/python3.8/site-packages/drive_base_msgs/msg/_command_header_s.c
[1.508s] -- Up-to-date: /home/orin_nano/microros_ws/install/drive_base_msgs/lib/python3.8/site-packages/drive_base_msgs/msg/_trv_command.py
[1.509s] -- Up-to-date: /home/orin_nano/microros_ws/install/drive_base_msgs/lib/python3.8/site-packages/drive_base_msgs/drive_base_msgs_s__rosidl_typesupport_fastrtps_c.cpython-38-aarch64-linux-gnu.so
[1.510s] -- Up-to-date: /home/orin_nano/microros_ws/install/drive_base_msgs/lib/python3.8/site-packages/drive_base_msgs/drive_base_msgs_s__rosidl_typesupport_introspection_c.cpython-38-aarch64-linux-gnu.so
[1.513s] -- Up-to-date: /home/orin_nano/microros_ws/install/drive_base_msgs/lib/python3.8/site-packages/drive_base_msgs/drive_base_msgs_s__rosidl_typesupport_c.cpython-38-aarch64-linux-gnu.so
[1.514s] -- Up-to-date: /home/orin_nano/microros_ws/install/drive_base_msgs/lib/libdrive_base_msgs__python.so
[1.514s] -- Up-to-date: /home/orin_nano/microros_ws/install/drive_base_msgs/share/drive_base_msgs/msg/CommandHeader.idl
[1.515s] -- Up-to-date: /home/orin_nano/microros_ws/install/drive_base_msgs/share/drive_base_msgs/msg/BaseInfo.idl
[1.516s] -- Up-to-date: /home/orin_nano/microros_ws/install/drive_base_msgs/share/drive_base_msgs/msg/CommandStatus.idl
[1.516s] -- Up-to-date: /home/orin_nano/microros_ws/install/drive_base_msgs/share/drive_base_msgs/msg/TRVCommand.idl
[1.516s] -- Up-to-date: /home/orin_nano/microros_ws/install/drive_base_msgs/share/drive_base_msgs/msg/CommandHeader.msg
[1.516s] -- Up-to-date: /home/orin_nano/microros_ws/install/drive_base_msgs/share/drive_base_msgs/msg/BaseInfo.msg
[1.517s] -- Up-to-date: /home/orin_nano/microros_ws/install/drive_base_msgs/share/drive_base_msgs/msg/CommandStatus.msg
[1.517s] -- Up-to-date: /home/orin_nano/microros_ws/install/drive_base_msgs/share/drive_base_msgs/msg/TRVCommand.msg
[1.517s] -- Up-to-date: /home/orin_nano/microros_ws/install/drive_base_msgs/share/ament_index/resource_index/package_run_dependencies/drive_base_msgs
[1.517s] -- Up-to-date: /home/orin_nano/microros_ws/install/drive_base_msgs/share/ament_index/resource_index/parent_prefix_path/drive_base_msgs
[1.517s] -- Up-to-date: /home/orin_nano/microros_ws/install/drive_base_msgs/share/drive_base_msgs/environment/ament_prefix_path.sh
[1.518s] -- Up-to-date: /home/orin_nano/microros_ws/install/drive_base_msgs/share/drive_base_msgs/environment/ament_prefix_path.dsv
[1.518s] -- Up-to-date: /home/orin_nano/microros_ws/install/drive_base_msgs/share/drive_base_msgs/environment/path.sh
[1.518s] -- Up-to-date: /home/orin_nano/microros_ws/install/drive_base_msgs/share/drive_base_msgs/environment/path.dsv
[1.518s] -- Up-to-date: /home/orin_nano/microros_ws/install/drive_base_msgs/share/drive_base_msgs/local_setup.bash
[1.519s] -- Up-to-date: /home/orin_nano/microros_ws/install/drive_base_msgs/share/drive_base_msgs/local_setup.sh
[1.519s] -- Up-to-date: /home/orin_nano/microros_ws/install/drive_base_msgs/share/drive_base_msgs/local_setup.zsh
[1.519s] -- Up-to-date: /home/orin_nano/microros_ws/install/drive_base_msgs/share/drive_base_msgs/local_setup.dsv
[1.519s] -- Installing: /home/orin_nano/microros_ws/install/drive_base_msgs/share/drive_base_msgs/package.dsv
[1.519s] -- Up-to-date: /home/orin_nano/microros_ws/install/drive_base_msgs/share/ament_index/resource_index/packages/drive_base_msgs
[1.519s] -- Up-to-date: /home/orin_nano/microros_ws/install/drive_base_msgs/share/drive_base_msgs/cmake/drive_base_msgs__rosidl_generator_cExport.cmake
[1.520s] -- Up-to-date: /home/orin_nano/microros_ws/install/drive_base_msgs/share/drive_base_msgs/cmake/drive_base_msgs__rosidl_generator_cExport-noconfig.cmake
[1.521s] -- Up-to-date: /home/orin_nano/microros_ws/install/drive_base_msgs/share/drive_base_msgs/cmake/drive_base_msgs__rosidl_typesupport_introspection_cExport.cmake
[1.521s] -- Up-to-date: /home/orin_nano/microros_ws/install/drive_base_msgs/share/drive_base_msgs/cmake/drive_base_msgs__rosidl_typesupport_introspection_cExport-noconfig.cmake
[1.522s] -- Up-to-date: /home/orin_nano/microros_ws/install/drive_base_msgs/share/drive_base_msgs/cmake/drive_base_msgs__rosidl_typesupport_cExport.cmake
[1.522s] -- Up-to-date: /home/orin_nano/microros_ws/install/drive_base_msgs/share/drive_base_msgs/cmake/drive_base_msgs__rosidl_typesupport_cExport-noconfig.cmake
[1.523s] -- Up-to-date: /home/orin_nano/microros_ws/install/drive_base_msgs/share/drive_base_msgs/cmake/drive_base_msgs__rosidl_generator_cppExport.cmake
[1.523s] -- Up-to-date: /home/orin_nano/microros_ws/install/drive_base_msgs/share/drive_base_msgs/cmake/drive_base_msgs__rosidl_typesupport_introspection_cppExport.cmake
[1.524s] -- Up-to-date: /home/orin_nano/microros_ws/install/drive_base_msgs/share/drive_base_msgs/cmake/drive_base_msgs__rosidl_typesupport_introspection_cppExport-noconfig.cmake
[1.524s] -- Up-to-date: /home/orin_nano/microros_ws/install/drive_base_msgs/share/drive_base_msgs/cmake/drive_base_msgs__rosidl_typesupport_cppExport.cmake
[1.525s] -- Up-to-date: /home/orin_nano/microros_ws/install/drive_base_msgs/share/drive_base_msgs/cmake/drive_base_msgs__rosidl_typesupport_cppExport-noconfig.cmake
[1.525s] -- Up-to-date: /home/orin_nano/microros_ws/install/drive_base_msgs/share/drive_base_msgs/cmake/rosidl_cmake-extras.cmake
[1.525s] -- Up-to-date: /home/orin_nano/microros_ws/install/drive_base_msgs/share/drive_base_msgs/cmake/ament_cmake_export_dependencies-extras.cmake
[1.525s] -- Up-to-date: /home/orin_nano/microros_ws/install/drive_base_msgs/share/drive_base_msgs/cmake/ament_cmake_export_libraries-extras.cmake
[1.526s] -- Up-to-date: /home/orin_nano/microros_ws/install/drive_base_msgs/share/drive_base_msgs/cmake/ament_cmake_export_targets-extras.cmake
[1.526s] -- Up-to-date: /home/orin_nano/microros_ws/install/drive_base_msgs/share/drive_base_msgs/cmake/ament_cmake_export_include_directories-extras.cmake
[1.526s] -- Up-to-date: /home/orin_nano/microros_ws/install/drive_base_msgs/share/drive_base_msgs/cmake/rosidl_cmake_export_typesupport_libraries-extras.cmake
[1.526s] -- Up-to-date: /home/orin_nano/microros_ws/install/drive_base_msgs/share/drive_base_msgs/cmake/rosidl_cmake_export_typesupport_targets-extras.cmake
[1.526s] -- Up-to-date: /home/orin_nano/microros_ws/install/drive_base_msgs/share/drive_base_msgs/cmake/drive_base_msgsConfig.cmake
[1.527s] -- Up-to-date: /home/orin_nano/microros_ws/install/drive_base_msgs/share/drive_base_msgs/cmake/drive_base_msgsConfig-version.cmake
[1.527s] -- Up-to-date: /home/orin_nano/microros_ws/install/drive_base_msgs/share/drive_base_msgs/package.xml
[1.541s] Invoked command in '/home/orin_nano/microros_ws/build/drive_base_msgs' returned '0': CMAKE_PREFIX_PATH=/opt/ros/foxy /usr/bin/cmake --install /home/orin_nano/microros_ws/build/drive_base_msgs
