[0.345s] Invoking command in '/home/orin_nano/microros_ws/build/micro_ros_msgs': CMAKE_PREFIX_PATH=${CMAKE_PREFIX_PATH}:/opt/ros/foxy /usr/bin/cmake /home/orin_nano/microros_ws/src/uros/micro_ros_msgs -DUAGENT_BUILD_EXECUTABLE=OFF -DUAGENT_P2P_PROFILE=OFF --no-warn-unused-cli -DCMAKE_INSTALL_PREFIX=/home/orin_nano/microros_ws/install/micro_ros_msgs
[0.369s] Not searching for unused variables given on the command line.
[0.380s] -- Found ament_cmake: 0.9.12 (/opt/ros/foxy/share/ament_cmake/cmake)
[0.427s] -- Found PythonInterp: /usr/bin/python3 (found suitable version "3.8.10", minimum required is "3") 
[0.427s] -- Using PYTHON_EXECUTABLE: /usr/bin/python3
[0.814s] -- Found rosidl_default_generators: 1.0.1 (/opt/ros/foxy/share/rosidl_default_generators/cmake)
[0.818s] -- Using all available rosidl_typesupport_c: rosidl_typesupport_fastrtps_c;rosidl_typesupport_introspection_c
[0.824s] -- Found rosidl_adapter: 1.3.1 (/opt/ros/foxy/share/rosidl_adapter/cmake)
[1.080s] -- Using all available rosidl_typesupport_cpp: rosidl_typesupport_fastrtps_cpp;rosidl_typesupport_introspection_cpp
[1.121s] -- Found ament_lint_auto: 0.9.8 (/opt/ros/foxy/share/ament_lint_auto/cmake)
[1.289s] -- Found PythonInterp: /usr/bin/python3 (found version "3.8.10") 
[1.430s] -- Found ament_cmake_ros: 0.9.2 (/opt/ros/foxy/share/ament_cmake_ros/cmake)
[1.617s] -- Using all available rosidl_typesupport_c: rosidl_typesupport_fastrtps_c;rosidl_typesupport_introspection_c
[1.630s] -- Using all available rosidl_typesupport_cpp: rosidl_typesupport_fastrtps_cpp;rosidl_typesupport_introspection_cpp
[1.677s] -- Found PythonInterp: /usr/bin/python3 (found suitable version "3.8.10", minimum required is "3.5") 
[1.677s] -- Found python_cmake_module: 0.8.1 (/opt/ros/foxy/share/python_cmake_module/cmake)
[1.721s] -- Using PYTHON_EXECUTABLE: /usr/bin/python3
[1.722s] -- Using PYTHON_INCLUDE_DIRS: /usr/include/python3.8
[1.722s] -- Using PYTHON_LIBRARIES: /usr/lib/aarch64-linux-gnu/libpython3.8.so
[1.753s] -- Added test 'copyright' to check source files copyright and LICENSE
[1.796s] -- Added test 'lint_cmake' to check CMake code style
[1.819s] -- Added test 'xmllint' to check XML markup files
[1.830s] -- Configuring done
[1.890s] -- Generating done
[1.897s] -- Build files have been written to: /home/orin_nano/microros_ws/build/micro_ros_msgs
[1.917s] Invoked command in '/home/orin_nano/microros_ws/build/micro_ros_msgs' returned '0': CMAKE_PREFIX_PATH=${CMAKE_PREFIX_PATH}:/opt/ros/foxy /usr/bin/cmake /home/orin_nano/microros_ws/src/uros/micro_ros_msgs -DUAGENT_BUILD_EXECUTABLE=OFF -DUAGENT_P2P_PROFILE=OFF --no-warn-unused-cli -DCMAKE_INSTALL_PREFIX=/home/orin_nano/microros_ws/install/micro_ros_msgs
[1.923s] Invoking command in '/home/orin_nano/microros_ws/build/micro_ros_msgs': CMAKE_PREFIX_PATH=${CMAKE_PREFIX_PATH}:/opt/ros/foxy /usr/bin/cmake --build /home/orin_nano/microros_ws/build/micro_ros_msgs -- -j6 -l6
[2.037s] [  6%] Built target micro_ros_msgs__cpp
[2.038s] [ 12%] Built target micro_ros_msgs__rosidl_generator_c
[2.087s] [ 55%] Built target micro_ros_msgs__rosidl_typesupport_introspection_c
[2.087s] [ 55%] Built target micro_ros_msgs__rosidl_typesupport_introspection_cpp
[2.088s] [ 55%] Built target micro_ros_msgs__rosidl_typesupport_cpp
[2.088s] [ 55%] Built target micro_ros_msgs__rosidl_typesupport_c
[2.093s] [ 65%] Built target micro_ros_msgs__rosidl_typesupport_fastrtps_cpp
[2.150s] [ 76%] Built target micro_ros_msgs__rosidl_typesupport_fastrtps_c
[2.195s] [ 76%] Built target micro_ros_msgs
[2.242s] [ 78%] Built target micro_ros_msgs__py
[2.298s] [ 87%] Built target micro_ros_msgs__python
[2.352s] [ 97%] Built target micro_ros_msgs__rosidl_typesupport_fastrtps_c__pyext
[2.353s] [ 97%] Built target micro_ros_msgs__rosidl_typesupport_c__pyext
[2.353s] [100%] Built target micro_ros_msgs__rosidl_typesupport_introspection_c__pyext
[2.381s] Invoked command in '/home/orin_nano/microros_ws/build/micro_ros_msgs' returned '0': CMAKE_PREFIX_PATH=${CMAKE_PREFIX_PATH}:/opt/ros/foxy /usr/bin/cmake --build /home/orin_nano/microros_ws/build/micro_ros_msgs -- -j6 -l6
[2.570s] Invoking command in '/home/orin_nano/microros_ws/build/micro_ros_msgs': CMAKE_PREFIX_PATH=${CMAKE_PREFIX_PATH}:/opt/ros/foxy /usr/bin/cmake --install /home/orin_nano/microros_ws/build/micro_ros_msgs
[2.592s] -- Install configuration: ""
[2.592s] -- Up-to-date: /home/orin_nano/microros_ws/install/micro_ros_msgs/share/ament_index/resource_index/rosidl_interfaces/micro_ros_msgs
[2.592s] -- Up-to-date: /home/orin_nano/microros_ws/install/micro_ros_msgs/include/micro_ros_msgs
[2.592s] -- Up-to-date: /home/orin_nano/microros_ws/install/micro_ros_msgs/include/micro_ros_msgs/msg
[2.593s] -- Up-to-date: /home/orin_nano/microros_ws/install/micro_ros_msgs/include/micro_ros_msgs/msg/graph.h
[2.593s] -- Up-to-date: /home/orin_nano/microros_ws/install/micro_ros_msgs/include/micro_ros_msgs/msg/detail
[2.593s] -- Up-to-date: /home/orin_nano/microros_ws/install/micro_ros_msgs/include/micro_ros_msgs/msg/detail/entity__functions.c
[2.593s] -- Up-to-date: /home/orin_nano/microros_ws/install/micro_ros_msgs/include/micro_ros_msgs/msg/detail/node__functions.h
[2.593s] -- Up-to-date: /home/orin_nano/microros_ws/install/micro_ros_msgs/include/micro_ros_msgs/msg/detail/entity__functions.h
[2.593s] -- Up-to-date: /home/orin_nano/microros_ws/install/micro_ros_msgs/include/micro_ros_msgs/msg/detail/node__functions.c
[2.593s] -- Up-to-date: /home/orin_nano/microros_ws/install/micro_ros_msgs/include/micro_ros_msgs/msg/detail/node__struct.h
[2.594s] -- Up-to-date: /home/orin_nano/microros_ws/install/micro_ros_msgs/include/micro_ros_msgs/msg/detail/node__type_support.h
[2.594s] -- Up-to-date: /home/orin_nano/microros_ws/install/micro_ros_msgs/include/micro_ros_msgs/msg/detail/graph__struct.h
[2.594s] -- Up-to-date: /home/orin_nano/microros_ws/install/micro_ros_msgs/include/micro_ros_msgs/msg/detail/entity__struct.h
[2.594s] -- Up-to-date: /home/orin_nano/microros_ws/install/micro_ros_msgs/include/micro_ros_msgs/msg/detail/graph__functions.h
[2.594s] -- Up-to-date: /home/orin_nano/microros_ws/install/micro_ros_msgs/include/micro_ros_msgs/msg/detail/graph__functions.c
[2.594s] -- Up-to-date: /home/orin_nano/microros_ws/install/micro_ros_msgs/include/micro_ros_msgs/msg/detail/graph__type_support.h
[2.594s] -- Up-to-date: /home/orin_nano/microros_ws/install/micro_ros_msgs/include/micro_ros_msgs/msg/detail/entity__type_support.h
[2.595s] -- Up-to-date: /home/orin_nano/microros_ws/install/micro_ros_msgs/include/micro_ros_msgs/msg/node.h
[2.595s] -- Up-to-date: /home/orin_nano/microros_ws/install/micro_ros_msgs/include/micro_ros_msgs/msg/rosidl_generator_c__visibility_control.h
[2.595s] -- Up-to-date: /home/orin_nano/microros_ws/install/micro_ros_msgs/include/micro_ros_msgs/msg/entity.h
[2.595s] -- Up-to-date: /home/orin_nano/microros_ws/install/micro_ros_msgs/share/micro_ros_msgs/environment/library_path.sh
[2.595s] -- Installing: /home/orin_nano/microros_ws/install/micro_ros_msgs/share/micro_ros_msgs/environment/library_path.dsv
[2.595s] -- Up-to-date: /home/orin_nano/microros_ws/install/micro_ros_msgs/lib/libmicro_ros_msgs__rosidl_generator_c.so
[2.596s] -- Up-to-date: /home/orin_nano/microros_ws/install/micro_ros_msgs/include/micro_ros_msgs
[2.596s] -- Up-to-date: /home/orin_nano/microros_ws/install/micro_ros_msgs/include/micro_ros_msgs/msg
[2.596s] -- Up-to-date: /home/orin_nano/microros_ws/install/micro_ros_msgs/include/micro_ros_msgs/msg/rosidl_typesupport_fastrtps_c__visibility_control.h
[2.596s] -- Up-to-date: /home/orin_nano/microros_ws/install/micro_ros_msgs/include/micro_ros_msgs/msg/detail
[2.596s] -- Up-to-date: /home/orin_nano/microros_ws/install/micro_ros_msgs/include/micro_ros_msgs/msg/detail/entity__rosidl_typesupport_fastrtps_c.h
[2.596s] -- Up-to-date: /home/orin_nano/microros_ws/install/micro_ros_msgs/include/micro_ros_msgs/msg/detail/node__rosidl_typesupport_fastrtps_c.h
[2.596s] -- Up-to-date: /home/orin_nano/microros_ws/install/micro_ros_msgs/include/micro_ros_msgs/msg/detail/graph__rosidl_typesupport_fastrtps_c.h
[2.597s] -- Up-to-date: /home/orin_nano/microros_ws/install/micro_ros_msgs/lib/libmicro_ros_msgs__rosidl_typesupport_fastrtps_c.so
[2.597s] -- Up-to-date: /home/orin_nano/microros_ws/install/micro_ros_msgs/include/micro_ros_msgs
[2.597s] -- Up-to-date: /home/orin_nano/microros_ws/install/micro_ros_msgs/include/micro_ros_msgs/msg
[2.597s] -- Up-to-date: /home/orin_nano/microros_ws/install/micro_ros_msgs/include/micro_ros_msgs/msg/detail
[2.597s] -- Up-to-date: /home/orin_nano/microros_ws/install/micro_ros_msgs/include/micro_ros_msgs/msg/detail/graph__rosidl_typesupport_fastrtps_cpp.hpp
[2.597s] -- Up-to-date: /home/orin_nano/microros_ws/install/micro_ros_msgs/include/micro_ros_msgs/msg/detail/entity__rosidl_typesupport_fastrtps_cpp.hpp
[2.597s] -- Up-to-date: /home/orin_nano/microros_ws/install/micro_ros_msgs/include/micro_ros_msgs/msg/detail/dds_fastrtps
[2.597s] -- Up-to-date: /home/orin_nano/microros_ws/install/micro_ros_msgs/include/micro_ros_msgs/msg/detail/node__rosidl_typesupport_fastrtps_cpp.hpp
[2.598s] -- Up-to-date: /home/orin_nano/microros_ws/install/micro_ros_msgs/include/micro_ros_msgs/msg/rosidl_typesupport_fastrtps_cpp__visibility_control.h
[2.598s] -- Up-to-date: /home/orin_nano/microros_ws/install/micro_ros_msgs/lib/libmicro_ros_msgs__rosidl_typesupport_fastrtps_cpp.so
[2.598s] -- Up-to-date: /home/orin_nano/microros_ws/install/micro_ros_msgs/include/micro_ros_msgs
[2.598s] -- Up-to-date: /home/orin_nano/microros_ws/install/micro_ros_msgs/include/micro_ros_msgs/msg
[2.598s] -- Up-to-date: /home/orin_nano/microros_ws/install/micro_ros_msgs/include/micro_ros_msgs/msg/detail
[2.599s] -- Up-to-date: /home/orin_nano/microros_ws/install/micro_ros_msgs/include/micro_ros_msgs/msg/detail/node__rosidl_typesupport_introspection_c.h
[2.599s] -- Up-to-date: /home/orin_nano/microros_ws/install/micro_ros_msgs/include/micro_ros_msgs/msg/detail/entity__type_support.c
[2.599s] -- Up-to-date: /home/orin_nano/microros_ws/install/micro_ros_msgs/include/micro_ros_msgs/msg/detail/node__type_support.c
[2.599s] -- Up-to-date: /home/orin_nano/microros_ws/install/micro_ros_msgs/include/micro_ros_msgs/msg/detail/graph__rosidl_typesupport_introspection_c.h
[2.599s] -- Up-to-date: /home/orin_nano/microros_ws/install/micro_ros_msgs/include/micro_ros_msgs/msg/detail/entity__rosidl_typesupport_introspection_c.h
[2.599s] -- Up-to-date: /home/orin_nano/microros_ws/install/micro_ros_msgs/include/micro_ros_msgs/msg/detail/graph__type_support.c
[2.600s] -- Up-to-date: /home/orin_nano/microros_ws/install/micro_ros_msgs/include/micro_ros_msgs/msg/rosidl_typesupport_introspection_c__visibility_control.h
[2.600s] -- Up-to-date: /home/orin_nano/microros_ws/install/micro_ros_msgs/lib/libmicro_ros_msgs__rosidl_typesupport_introspection_c.so
[2.600s] -- Up-to-date: /home/orin_nano/microros_ws/install/micro_ros_msgs/lib/libmicro_ros_msgs__rosidl_typesupport_c.so
[2.600s] -- Up-to-date: /home/orin_nano/microros_ws/install/micro_ros_msgs/include/micro_ros_msgs
[2.600s] -- Up-to-date: /home/orin_nano/microros_ws/install/micro_ros_msgs/include/micro_ros_msgs/msg
[2.600s] -- Up-to-date: /home/orin_nano/microros_ws/install/micro_ros_msgs/include/micro_ros_msgs/msg/rosidl_generator_cpp__visibility_control.hpp
[2.600s] -- Up-to-date: /home/orin_nano/microros_ws/install/micro_ros_msgs/include/micro_ros_msgs/msg/detail
[2.600s] -- Up-to-date: /home/orin_nano/microros_ws/install/micro_ros_msgs/include/micro_ros_msgs/msg/detail/node__traits.hpp
[2.601s] -- Up-to-date: /home/orin_nano/microros_ws/install/micro_ros_msgs/include/micro_ros_msgs/msg/detail/entity__traits.hpp
[2.601s] -- Up-to-date: /home/orin_nano/microros_ws/install/micro_ros_msgs/include/micro_ros_msgs/msg/detail/graph__type_support.hpp
[2.601s] -- Up-to-date: /home/orin_nano/microros_ws/install/micro_ros_msgs/include/micro_ros_msgs/msg/detail/graph__builder.hpp
[2.601s] -- Up-to-date: /home/orin_nano/microros_ws/install/micro_ros_msgs/include/micro_ros_msgs/msg/detail/entity__builder.hpp
[2.601s] -- Up-to-date: /home/orin_nano/microros_ws/install/micro_ros_msgs/include/micro_ros_msgs/msg/detail/graph__traits.hpp
[2.601s] -- Up-to-date: /home/orin_nano/microros_ws/install/micro_ros_msgs/include/micro_ros_msgs/msg/detail/node__type_support.hpp
[2.601s] -- Up-to-date: /home/orin_nano/microros_ws/install/micro_ros_msgs/include/micro_ros_msgs/msg/detail/graph__struct.hpp
[2.602s] -- Up-to-date: /home/orin_nano/microros_ws/install/micro_ros_msgs/include/micro_ros_msgs/msg/detail/node__struct.hpp
[2.602s] -- Up-to-date: /home/orin_nano/microros_ws/install/micro_ros_msgs/include/micro_ros_msgs/msg/detail/node__builder.hpp
[2.602s] -- Up-to-date: /home/orin_nano/microros_ws/install/micro_ros_msgs/include/micro_ros_msgs/msg/detail/entity__struct.hpp
[2.602s] -- Up-to-date: /home/orin_nano/microros_ws/install/micro_ros_msgs/include/micro_ros_msgs/msg/detail/entity__type_support.hpp
[2.602s] -- Up-to-date: /home/orin_nano/microros_ws/install/micro_ros_msgs/include/micro_ros_msgs/msg/graph.hpp
[2.602s] -- Up-to-date: /home/orin_nano/microros_ws/install/micro_ros_msgs/include/micro_ros_msgs/msg/node.hpp
[2.602s] -- Up-to-date: /home/orin_nano/microros_ws/install/micro_ros_msgs/include/micro_ros_msgs/msg/entity.hpp
[2.602s] -- Up-to-date: /home/orin_nano/microros_ws/install/micro_ros_msgs/include/micro_ros_msgs
[2.602s] -- Up-to-date: /home/orin_nano/microros_ws/install/micro_ros_msgs/include/micro_ros_msgs/msg
[2.603s] -- Up-to-date: /home/orin_nano/microros_ws/install/micro_ros_msgs/include/micro_ros_msgs/msg/detail
[2.603s] -- Up-to-date: /home/orin_nano/microros_ws/install/micro_ros_msgs/include/micro_ros_msgs/msg/detail/node__rosidl_typesupport_introspection_cpp.hpp
[2.603s] -- Up-to-date: /home/orin_nano/microros_ws/install/micro_ros_msgs/include/micro_ros_msgs/msg/detail/entity__rosidl_typesupport_introspection_cpp.hpp
[2.603s] -- Up-to-date: /home/orin_nano/microros_ws/install/micro_ros_msgs/include/micro_ros_msgs/msg/detail/graph__type_support.cpp
[2.603s] -- Up-to-date: /home/orin_nano/microros_ws/install/micro_ros_msgs/include/micro_ros_msgs/msg/detail/graph__rosidl_typesupport_introspection_cpp.hpp
[2.603s] -- Up-to-date: /home/orin_nano/microros_ws/install/micro_ros_msgs/include/micro_ros_msgs/msg/detail/entity__type_support.cpp
[2.603s] -- Up-to-date: /home/orin_nano/microros_ws/install/micro_ros_msgs/include/micro_ros_msgs/msg/detail/node__type_support.cpp
[2.603s] -- Up-to-date: /home/orin_nano/microros_ws/install/micro_ros_msgs/lib/libmicro_ros_msgs__rosidl_typesupport_introspection_cpp.so
[2.604s] -- Up-to-date: /home/orin_nano/microros_ws/install/micro_ros_msgs/lib/libmicro_ros_msgs__rosidl_typesupport_cpp.so
[2.604s] -- Up-to-date: /home/orin_nano/microros_ws/install/micro_ros_msgs/share/micro_ros_msgs/environment/pythonpath.sh
[2.604s] -- Installing: /home/orin_nano/microros_ws/install/micro_ros_msgs/share/micro_ros_msgs/environment/pythonpath.dsv
[2.604s] -- Installing: /home/orin_nano/microros_ws/install/micro_ros_msgs/lib/python3.8/site-packages/micro_ros_msgs/__init__.py
[2.659s] Compiling '/home/orin_nano/microros_ws/install/micro_ros_msgs/lib/python3.8/site-packages/micro_ros_msgs/__init__.py'...
[2.669s] -- Up-to-date: /home/orin_nano/microros_ws/install/micro_ros_msgs/lib/python3.8/site-packages/micro_ros_msgs/msg
[2.669s] -- Up-to-date: /home/orin_nano/microros_ws/install/micro_ros_msgs/lib/python3.8/site-packages/micro_ros_msgs/msg/_entity_s.c
[2.669s] -- Up-to-date: /home/orin_nano/microros_ws/install/micro_ros_msgs/lib/python3.8/site-packages/micro_ros_msgs/msg/_node_s.c
[2.669s] -- Up-to-date: /home/orin_nano/microros_ws/install/micro_ros_msgs/lib/python3.8/site-packages/micro_ros_msgs/msg/_graph_s.c
[2.670s] -- Up-to-date: /home/orin_nano/microros_ws/install/micro_ros_msgs/lib/python3.8/site-packages/micro_ros_msgs/msg/__init__.py
[2.670s] -- Up-to-date: /home/orin_nano/microros_ws/install/micro_ros_msgs/lib/python3.8/site-packages/micro_ros_msgs/msg/_graph.py
[2.670s] -- Up-to-date: /home/orin_nano/microros_ws/install/micro_ros_msgs/lib/python3.8/site-packages/micro_ros_msgs/msg/_entity.py
[2.670s] -- Up-to-date: /home/orin_nano/microros_ws/install/micro_ros_msgs/lib/python3.8/site-packages/micro_ros_msgs/msg/_node.py
[2.670s] -- Up-to-date: /home/orin_nano/microros_ws/install/micro_ros_msgs/lib/python3.8/site-packages/micro_ros_msgs/micro_ros_msgs_s__rosidl_typesupport_fastrtps_c.cpython-38-aarch64-linux-gnu.so
[2.671s] -- Up-to-date: /home/orin_nano/microros_ws/install/micro_ros_msgs/lib/python3.8/site-packages/micro_ros_msgs/micro_ros_msgs_s__rosidl_typesupport_introspection_c.cpython-38-aarch64-linux-gnu.so
[2.672s] -- Up-to-date: /home/orin_nano/microros_ws/install/micro_ros_msgs/lib/python3.8/site-packages/micro_ros_msgs/micro_ros_msgs_s__rosidl_typesupport_c.cpython-38-aarch64-linux-gnu.so
[2.673s] -- Up-to-date: /home/orin_nano/microros_ws/install/micro_ros_msgs/lib/libmicro_ros_msgs__python.so
[2.673s] -- Up-to-date: /home/orin_nano/microros_ws/install/micro_ros_msgs/share/micro_ros_msgs/msg/Graph.idl
[2.673s] -- Up-to-date: /home/orin_nano/microros_ws/install/micro_ros_msgs/share/micro_ros_msgs/msg/Node.idl
[2.674s] -- Up-to-date: /home/orin_nano/microros_ws/install/micro_ros_msgs/share/micro_ros_msgs/msg/Entity.idl
[2.674s] -- Up-to-date: /home/orin_nano/microros_ws/install/micro_ros_msgs/share/micro_ros_msgs/msg/Graph.msg
[2.674s] -- Up-to-date: /home/orin_nano/microros_ws/install/micro_ros_msgs/share/micro_ros_msgs/msg/Node.msg
[2.674s] -- Up-to-date: /home/orin_nano/microros_ws/install/micro_ros_msgs/share/micro_ros_msgs/msg/Entity.msg
[2.674s] -- Up-to-date: /home/orin_nano/microros_ws/install/micro_ros_msgs/share/ament_index/resource_index/package_run_dependencies/micro_ros_msgs
[2.674s] -- Installing: /home/orin_nano/microros_ws/install/micro_ros_msgs/share/ament_index/resource_index/parent_prefix_path/micro_ros_msgs
[2.675s] -- Up-to-date: /home/orin_nano/microros_ws/install/micro_ros_msgs/share/micro_ros_msgs/environment/ament_prefix_path.sh
[2.675s] -- Installing: /home/orin_nano/microros_ws/install/micro_ros_msgs/share/micro_ros_msgs/environment/ament_prefix_path.dsv
[2.675s] -- Up-to-date: /home/orin_nano/microros_ws/install/micro_ros_msgs/share/micro_ros_msgs/environment/path.sh
[2.675s] -- Installing: /home/orin_nano/microros_ws/install/micro_ros_msgs/share/micro_ros_msgs/environment/path.dsv
[2.675s] -- Up-to-date: /home/orin_nano/microros_ws/install/micro_ros_msgs/share/micro_ros_msgs/local_setup.bash
[2.676s] -- Up-to-date: /home/orin_nano/microros_ws/install/micro_ros_msgs/share/micro_ros_msgs/local_setup.sh
[2.676s] -- Up-to-date: /home/orin_nano/microros_ws/install/micro_ros_msgs/share/micro_ros_msgs/local_setup.zsh
[2.676s] -- Installing: /home/orin_nano/microros_ws/install/micro_ros_msgs/share/micro_ros_msgs/local_setup.dsv
[2.676s] -- Installing: /home/orin_nano/microros_ws/install/micro_ros_msgs/share/micro_ros_msgs/package.dsv
[2.676s] -- Up-to-date: /home/orin_nano/microros_ws/install/micro_ros_msgs/share/ament_index/resource_index/packages/micro_ros_msgs
[2.677s] -- Up-to-date: /home/orin_nano/microros_ws/install/micro_ros_msgs/share/micro_ros_msgs/cmake/micro_ros_msgs__rosidl_generator_cExport.cmake
[2.677s] -- Installing: /home/orin_nano/microros_ws/install/micro_ros_msgs/share/micro_ros_msgs/cmake/micro_ros_msgs__rosidl_generator_cExport-noconfig.cmake
[2.677s] -- Up-to-date: /home/orin_nano/microros_ws/install/micro_ros_msgs/share/micro_ros_msgs/cmake/micro_ros_msgs__rosidl_typesupport_introspection_cExport.cmake
[2.678s] -- Installing: /home/orin_nano/microros_ws/install/micro_ros_msgs/share/micro_ros_msgs/cmake/micro_ros_msgs__rosidl_typesupport_introspection_cExport-noconfig.cmake
[2.678s] -- Up-to-date: /home/orin_nano/microros_ws/install/micro_ros_msgs/share/micro_ros_msgs/cmake/micro_ros_msgs__rosidl_typesupport_cExport.cmake
[2.678s] -- Installing: /home/orin_nano/microros_ws/install/micro_ros_msgs/share/micro_ros_msgs/cmake/micro_ros_msgs__rosidl_typesupport_cExport-noconfig.cmake
[2.679s] -- Up-to-date: /home/orin_nano/microros_ws/install/micro_ros_msgs/share/micro_ros_msgs/cmake/micro_ros_msgs__rosidl_generator_cppExport.cmake
[2.679s] -- Up-to-date: /home/orin_nano/microros_ws/install/micro_ros_msgs/share/micro_ros_msgs/cmake/micro_ros_msgs__rosidl_typesupport_introspection_cppExport.cmake
[2.679s] -- Installing: /home/orin_nano/microros_ws/install/micro_ros_msgs/share/micro_ros_msgs/cmake/micro_ros_msgs__rosidl_typesupport_introspection_cppExport-noconfig.cmake
[2.680s] -- Up-to-date: /home/orin_nano/microros_ws/install/micro_ros_msgs/share/micro_ros_msgs/cmake/micro_ros_msgs__rosidl_typesupport_cppExport.cmake
[2.680s] -- Installing: /home/orin_nano/microros_ws/install/micro_ros_msgs/share/micro_ros_msgs/cmake/micro_ros_msgs__rosidl_typesupport_cppExport-noconfig.cmake
[2.680s] -- Up-to-date: /home/orin_nano/microros_ws/install/micro_ros_msgs/share/micro_ros_msgs/cmake/rosidl_cmake-extras.cmake
[2.680s] -- Up-to-date: /home/orin_nano/microros_ws/install/micro_ros_msgs/share/micro_ros_msgs/cmake/ament_cmake_export_dependencies-extras.cmake
[2.681s] -- Up-to-date: /home/orin_nano/microros_ws/install/micro_ros_msgs/share/micro_ros_msgs/cmake/ament_cmake_export_libraries-extras.cmake
[2.681s] -- Up-to-date: /home/orin_nano/microros_ws/install/micro_ros_msgs/share/micro_ros_msgs/cmake/ament_cmake_export_targets-extras.cmake
[2.681s] -- Up-to-date: /home/orin_nano/microros_ws/install/micro_ros_msgs/share/micro_ros_msgs/cmake/ament_cmake_export_include_directories-extras.cmake
[2.681s] -- Up-to-date: /home/orin_nano/microros_ws/install/micro_ros_msgs/share/micro_ros_msgs/cmake/rosidl_cmake_export_typesupport_libraries-extras.cmake
[2.681s] -- Up-to-date: /home/orin_nano/microros_ws/install/micro_ros_msgs/share/micro_ros_msgs/cmake/rosidl_cmake_export_typesupport_targets-extras.cmake
[2.681s] -- Up-to-date: /home/orin_nano/microros_ws/install/micro_ros_msgs/share/micro_ros_msgs/cmake/micro_ros_msgsConfig.cmake
[2.681s] -- Up-to-date: /home/orin_nano/microros_ws/install/micro_ros_msgs/share/micro_ros_msgs/cmake/micro_ros_msgsConfig-version.cmake
[2.682s] -- Up-to-date: /home/orin_nano/microros_ws/install/micro_ros_msgs/share/micro_ros_msgs/package.xml
[2.687s] Invoked command in '/home/orin_nano/microros_ws/build/micro_ros_msgs' returned '0': CMAKE_PREFIX_PATH=${CMAKE_PREFIX_PATH}:/opt/ros/foxy /usr/bin/cmake --install /home/orin_nano/microros_ws/build/micro_ros_msgs
