-- The C compiler identification is GNU 9.4.0
-- The CXX compiler identification is GNU 9.4.0
-- Check for working C compiler: /usr/bin/cc
-- Check for working C compiler: /usr/bin/cc -- works
-- Detecting C compiler ABI info
-- Detecting C compiler ABI info - done
-- Detecting C compile features
-- Detecting C compile features - done
-- Check for working CXX compiler: /usr/bin/c++
-- Check for working CXX compiler: /usr/bin/c++ -- works
-- Detecting CXX compiler ABI info
-- Detecting CXX compiler ABI info - done
-- Detecting CXX compile features
-- Detecting CXX compile features - done
-- Found ament_cmake: 0.9.12 (/opt/ros/foxy/share/ament_cmake/cmake)
-- Found PythonInterp: /usr/bin/python3 (found suitable version "3.8.10", minimum required is "3") 
-- Using PYTHON_EXECUTABLE: /usr/bin/python3
-- Found rclcpp: 2.4.3 (/opt/ros/foxy/share/rclcpp/cmake)
-- Using all available rosidl_typesupport_c: rosidl_typesupport_fastrtps_c;rosidl_typesupport_introspection_c
-- Found rosidl_adapter: 1.3.1 (/opt/ros/foxy/share/rosidl_adapter/cmake)
-- Found OpenSSL: /usr/lib/aarch64-linux-gnu/libcrypto.so (found version "1.1.1f")  
-- Found FastRTPS: /opt/ros/foxy/include  
-- Using all available rosidl_typesupport_cpp: rosidl_typesupport_fastrtps_cpp;rosidl_typesupport_introspection_cpp
-- Found rmw_implementation_cmake: 1.0.4 (/opt/ros/foxy/share/rmw_implementation_cmake/cmake)
-- Using RMW implementation 'rmw_fastrtps_cpp' as default
-- Looking for pthread.h
-- Looking for pthread.h - found
-- Performing Test CMAKE_HAVE_LIBC_PTHREAD
-- Performing Test CMAKE_HAVE_LIBC_PTHREAD - Failed
-- Looking for pthread_create in pthreads
-- Looking for pthread_create in pthreads - not found
-- Looking for pthread_create in pthread
-- Looking for pthread_create in pthread - found
-- Found Threads: TRUE  
-- Found rclcpp_components: 2.4.3 (/opt/ros/foxy/share/rclcpp_components/cmake)
-- Found rclcpp_lifecycle: 2.4.3 (/opt/ros/foxy/share/rclcpp_lifecycle/cmake)
-- Found sensor_msgs: 2.0.5 (/opt/ros/foxy/share/sensor_msgs/cmake)
-- Found diagnostic_updater: 3.1.2 (/opt/ros/foxy/share/diagnostic_updater/cmake)
-- Found laser_proc: 1.0.2 (/opt/ros/foxy/share/laser_proc/cmake)
-- Found ament_cmake_gtest: 0.9.12 (/opt/ros/foxy/share/ament_cmake_gtest/cmake)
-- Found gtest sources under '/opt/ros/foxy/src/gtest_vendor': C++ tests using 'Google Test' will be built
-- Check if compiler accepts -pthread
-- Check if compiler accepts -pthread - yes
-- Configuring done
-- Generating done
-- Build files have been written to: /home/orin_nano/f1tenth_ws/build/urg_node2
[35m[1mScanning dependencies of target gtest_main[0m
[35m[1mScanning dependencies of target urg_node2_node[0m
[35m[1mScanning dependencies of target urg_c[0m
[35m[1mScanning dependencies of target gtest[0m
[ 10%] [32mBuilding C object CMakeFiles/urg_c.dir/urg_library/current/src/urg_sensor.c.o[0m
[ 10%] [32mBuilding C object CMakeFiles/urg_c.dir/urg_library/current/src/urg_utils.c.o[0m
[ 15%] [32mBuilding C object CMakeFiles/urg_c.dir/urg_library/current/src/urg_debug.c.o[0m
[ 20%] [32mBuilding CXX object gtest/CMakeFiles/gtest_main.dir/src/gtest_main.cc.o[0m
[ 25%] [32mBuilding CXX object gtest/CMakeFiles/gtest.dir/src/gtest-all.cc.o[0m
[01m[K/home/orin_nano/f1tenth_ws/src/urg_node2/urg_library/current/src/urg_utils.c:[m[K In function ‘[01m[Kurg_delay[m[K’:
[01m[K/home/orin_nano/f1tenth_ws/src/urg_node2/urg_library/current/src/urg_utils.c:224:5:[m[K [01;35m[Kwarning: [m[Kimplicit declaration of function ‘[01m[Kusleep[m[K’; did you mean ‘[01m[Kurg_sleep[m[K’? [[01;35m[K-Wimplicit-function-declaration[m[K]
  224 |     [01;35m[Kusleep[m[K(1000 * delay_msec);
      |     [01;35m[K^~~~~~[m[K
      |     [32m[Kurg_sleep[m[K
[ 30%] [32mBuilding CXX object CMakeFiles/urg_node2_node.dir/rclcpp_components/node_main_urg_node2_node.cpp.o[0m
[01m[K/home/orin_nano/f1tenth_ws/src/urg_node2/urg_library/current/src/urg_sensor.c:1349:8:[m[K [01;35m[Kwarning: [m[Ktype qualifiers ignored on function return type [[01;35m[K-Wignored-qualifiers[m[K]
 1349 | static [01;35m[Kconst[m[K int receive_II_command_response(urg_t *urg,
      |        [01;35m[K^~~~~[m[K
[ 35%] [32mBuilding C object CMakeFiles/urg_c.dir/urg_library/current/src/urg_connection.c.o[0m
[ 40%] [32mBuilding C object CMakeFiles/urg_c.dir/urg_library/current/src/urg_ring_buffer.c.o[0m
[ 45%] [32mBuilding C object CMakeFiles/urg_c.dir/urg_library/current/src/urg_serial.c.o[0m
[ 50%] [32mBuilding C object CMakeFiles/urg_c.dir/urg_library/current/src/urg_tcpclient.c.o[0m
[ 55%] [32mBuilding C object CMakeFiles/urg_c.dir/urg_library/current/src/urg_serial_utils.c.o[0m
[ 60%] [32m[1mLinking C shared library liburg_c.so[0m
[ 60%] Built target urg_c
[35m[1mScanning dependencies of target urg_node2[0m
[ 65%] [32mBuilding CXX object CMakeFiles/urg_node2.dir/src/urg_node2.cpp.o[0m
[ 70%] [32m[1mLinking CXX static library libgtest_main.a[0m
[ 70%] Built target gtest_main
[ 75%] [32m[1mLinking CXX executable urg_node2_node[0m
[ 75%] Built target urg_node2_node
[ 80%] [32m[1mLinking CXX static library libgtest.a[0m
[ 80%] Built target gtest
[35m[1mScanning dependencies of target urg_node2_test[0m
[ 90%] [32mBuilding CXX object CMakeFiles/urg_node2_test.dir/src/urg_node2.cpp.o[0m
[ 90%] [32mBuilding CXX object CMakeFiles/urg_node2_test.dir/test/urg_node2_test.cpp.o[0m
[ 95%] [32m[1mLinking CXX shared library liburg_node2.so[0m
[ 95%] Built target urg_node2
[100%] [32m[1mLinking CXX executable urg_node2_test[0m
[100%] Built target urg_node2_test
-- Install configuration: ""
-- Installing: /home/orin_nano/f1tenth_ws/install/urg_node2/lib/urg_node2/urg_node2_node
-- Set runtime path of "/home/orin_nano/f1tenth_ws/install/urg_node2/lib/urg_node2/urg_node2_node" to ""
-- Installing: /home/orin_nano/f1tenth_ws/install/urg_node2/lib/liburg_node2.so
-- Set runtime path of "/home/orin_nano/f1tenth_ws/install/urg_node2/lib/liburg_node2.so" to ""
-- Installing: /home/orin_nano/f1tenth_ws/install/urg_node2/lib/liburg_c.so
-- Installing: /home/orin_nano/f1tenth_ws/install/urg_node2/share/urg_node2/launch
-- Installing: /home/orin_nano/f1tenth_ws/install/urg_node2/share/urg_node2/launch/urg_node2_component.launch.py
-- Installing: /home/orin_nano/f1tenth_ws/install/urg_node2/share/urg_node2/launch/urg_node2.launch.py
-- Installing: /home/orin_nano/f1tenth_ws/install/urg_node2/share/urg_node2/launch/urg_node2_2lidar.launch.py
-- Installing: /home/orin_nano/f1tenth_ws/install/urg_node2/share/urg_node2/config
-- Installing: /home/orin_nano/f1tenth_ws/install/urg_node2/share/urg_node2/config/params_serial.yaml
-- Installing: /home/orin_nano/f1tenth_ws/install/urg_node2/share/urg_node2/config/params_ether_2nd.yaml
-- Installing: /home/orin_nano/f1tenth_ws/install/urg_node2/share/urg_node2/config/params_ether.yaml
-- Installing: /home/orin_nano/f1tenth_ws/install/urg_node2/share/ament_index/resource_index/package_run_dependencies/urg_node2
-- Installing: /home/orin_nano/f1tenth_ws/install/urg_node2/share/ament_index/resource_index/parent_prefix_path/urg_node2
-- Installing: /home/orin_nano/f1tenth_ws/install/urg_node2/share/urg_node2/environment/ament_prefix_path.sh
-- Installing: /home/orin_nano/f1tenth_ws/install/urg_node2/share/urg_node2/environment/ament_prefix_path.dsv
-- Installing: /home/orin_nano/f1tenth_ws/install/urg_node2/share/urg_node2/environment/path.sh
-- Installing: /home/orin_nano/f1tenth_ws/install/urg_node2/share/urg_node2/environment/path.dsv
-- Installing: /home/orin_nano/f1tenth_ws/install/urg_node2/share/urg_node2/local_setup.bash
-- Installing: /home/orin_nano/f1tenth_ws/install/urg_node2/share/urg_node2/local_setup.sh
-- Installing: /home/orin_nano/f1tenth_ws/install/urg_node2/share/urg_node2/local_setup.zsh
-- Installing: /home/orin_nano/f1tenth_ws/install/urg_node2/share/urg_node2/local_setup.dsv
-- Installing: /home/orin_nano/f1tenth_ws/install/urg_node2/share/urg_node2/package.dsv
-- Installing: /home/orin_nano/f1tenth_ws/install/urg_node2/share/ament_index/resource_index/packages/urg_node2
-- Installing: /home/orin_nano/f1tenth_ws/install/urg_node2/share/ament_index/resource_index/rclcpp_components/urg_node2
-- Installing: /home/orin_nano/f1tenth_ws/install/urg_node2/share/urg_node2/cmake/urg_node2Config.cmake
-- Installing: /home/orin_nano/f1tenth_ws/install/urg_node2/share/urg_node2/cmake/urg_node2Config-version.cmake
-- Installing: /home/orin_nano/f1tenth_ws/install/urg_node2/share/urg_node2/package.xml
