[1.137s] Invoking command in '/home/orin_nano/f1tenth_ws/build/urg_node2': CMAKE_PREFIX_PATH=${CMAKE_PREFIX_PATH}:/home/orin_nano/f1tenth_ws/install/f1_test:/opt/ros/foxy /usr/bin/cmake /home/orin_nano/f1tenth_ws/src/urg_node2 -DCMAKE_INSTALL_PREFIX=/home/orin_nano/f1tenth_ws/install/urg_node2
[1.231s] -- The C compiler identification is GNU 9.4.0
[1.335s] -- The CXX compiler identification is GNU 9.4.0
[1.344s] -- Check for working C compiler: /usr/bin/cc
[1.487s] -- Check for working C compiler: /usr/bin/cc -- works
[1.488s] -- Detecting C compiler ABI info
[1.626s] -- Detecting C compiler ABI info - done
[1.644s] -- Detecting C compile features
[1.644s] -- Detecting C compile features - done
[1.649s] -- Check for working CXX compiler: /usr/bin/c++
[1.807s] -- Check for working CXX compiler: /usr/bin/c++ -- works
[1.809s] -- Detecting CXX compiler ABI info
[1.977s] -- Detecting CXX compiler ABI info - done
[2.005s] -- Detecting CXX compile features
[2.006s] -- Detecting CXX compile features - done
[2.006s] -- Found ament_cmake: 0.9.12 (/opt/ros/foxy/share/ament_cmake/cmake)
[2.055s] -- Found PythonInterp: /usr/bin/python3 (found suitable version "3.8.10", minimum required is "3") 
[2.055s] -- Using PYTHON_EXECUTABLE: /usr/bin/python3
[2.476s] -- Found rclcpp: 2.4.3 (/opt/ros/foxy/share/rclcpp/cmake)
[2.564s] -- Using all available rosidl_typesupport_c: rosidl_typesupport_fastrtps_c;rosidl_typesupport_introspection_c
[2.576s] -- Found rosidl_adapter: 1.3.1 (/opt/ros/foxy/share/rosidl_adapter/cmake)
[2.755s] -- Found OpenSSL: /usr/lib/aarch64-linux-gnu/libcrypto.so (found version "1.1.1f")  
[2.814s] -- Found FastRTPS: /opt/ros/foxy/include  
[2.964s] -- Using all available rosidl_typesupport_cpp: rosidl_typesupport_fastrtps_cpp;rosidl_typesupport_introspection_cpp
[3.077s] -- Found rmw_implementation_cmake: 1.0.4 (/opt/ros/foxy/share/rmw_implementation_cmake/cmake)
[3.081s] -- Using RMW implementation 'rmw_fastrtps_cpp' as default
[3.084s] -- Looking for pthread.h
[3.229s] -- Looking for pthread.h - found
[3.229s] -- Performing Test CMAKE_HAVE_LIBC_PTHREAD
[3.372s] -- Performing Test CMAKE_HAVE_LIBC_PTHREAD - Failed
[3.373s] -- Looking for pthread_create in pthreads
[3.504s] -- Looking for pthread_create in pthreads - not found
[3.504s] -- Looking for pthread_create in pthread
[3.656s] -- Looking for pthread_create in pthread - found
[3.659s] -- Found Threads: TRUE  
[3.968s] -- Found rclcpp_components: 2.4.3 (/opt/ros/foxy/share/rclcpp_components/cmake)
[4.085s] -- Found rclcpp_lifecycle: 2.4.3 (/opt/ros/foxy/share/rclcpp_lifecycle/cmake)
[4.148s] -- Found sensor_msgs: 2.0.5 (/opt/ros/foxy/share/sensor_msgs/cmake)
[4.363s] -- Found diagnostic_updater: 3.1.2 (/opt/ros/foxy/share/diagnostic_updater/cmake)
[4.479s] -- Found laser_proc: 1.0.2 (/opt/ros/foxy/share/laser_proc/cmake)
[4.522s] -- Found ament_cmake_gtest: 0.9.12 (/opt/ros/foxy/share/ament_cmake_gtest/cmake)
[4.526s] -- Found gtest sources under '/opt/ros/foxy/src/gtest_vendor': C++ tests using 'Google Test' will be built
[4.531s] -- Check if compiler accepts -pthread
[4.679s] -- Check if compiler accepts -pthread - yes
[4.830s] -- Configuring done
[4.892s] -- Generating done
[4.896s] -- Build files have been written to: /home/orin_nano/f1tenth_ws/build/urg_node2
[4.924s] Invoked command in '/home/orin_nano/f1tenth_ws/build/urg_node2' returned '0': CMAKE_PREFIX_PATH=${CMAKE_PREFIX_PATH}:/home/orin_nano/f1tenth_ws/install/f1_test:/opt/ros/foxy /usr/bin/cmake /home/orin_nano/f1tenth_ws/src/urg_node2 -DCMAKE_INSTALL_PREFIX=/home/orin_nano/f1tenth_ws/install/urg_node2
[4.930s] Invoking command in '/home/orin_nano/f1tenth_ws/build/urg_node2': CMAKE_PREFIX_PATH=${CMAKE_PREFIX_PATH}:/home/orin_nano/f1tenth_ws/install/f1_test:/opt/ros/foxy /usr/bin/cmake --build /home/orin_nano/f1tenth_ws/build/urg_node2 -- -j6 -l6
[5.020s] [35m[1mScanning dependencies of target gtest_main[0m
[5.020s] [35m[1mScanning dependencies of target urg_node2_node[0m
[5.021s] [35m[1mScanning dependencies of target urg_c[0m
[5.021s] [35m[1mScanning dependencies of target gtest[0m
[5.058s] [ 10%] [32mBuilding C object CMakeFiles/urg_c.dir/urg_library/current/src/urg_sensor.c.o[0m
[5.058s] [ 10%] [32mBuilding C object CMakeFiles/urg_c.dir/urg_library/current/src/urg_utils.c.o[0m
[5.060s] [ 15%] [32mBuilding C object CMakeFiles/urg_c.dir/urg_library/current/src/urg_debug.c.o[0m
[5.086s] [ 20%] [32mBuilding CXX object gtest/CMakeFiles/gtest_main.dir/src/gtest_main.cc.o[0m
[5.108s] [ 25%] [32mBuilding CXX object gtest/CMakeFiles/gtest.dir/src/gtest-all.cc.o[0m
[5.125s] [01m[K/home/orin_nano/f1tenth_ws/src/urg_node2/urg_library/current/src/urg_utils.c:[m[K In function ‘[01m[Kurg_delay[m[K’:
[5.125s] [01m[K/home/orin_nano/f1tenth_ws/src/urg_node2/urg_library/current/src/urg_utils.c:224:5:[m[K [01;35m[Kwarning: [m[Kimplicit declaration of function ‘[01m[Kusleep[m[K’; did you mean ‘[01m[Kurg_sleep[m[K’? [[01;35m[K-Wimplicit-function-declaration[m[K]
[5.125s]   224 |     [01;35m[Kusleep[m[K(1000 * delay_msec);
[5.125s]       |     [01;35m[K^~~~~~[m[K
[5.126s]       |     [32m[Kurg_sleep[m[K
[5.129s] [ 30%] [32mBuilding CXX object CMakeFiles/urg_node2_node.dir/rclcpp_components/node_main_urg_node2_node.cpp.o[0m
[5.147s] [01m[K/home/orin_nano/f1tenth_ws/src/urg_node2/urg_library/current/src/urg_sensor.c:1349:8:[m[K [01;35m[Kwarning: [m[Ktype qualifiers ignored on function return type [[01;35m[K-Wignored-qualifiers[m[K]
[5.147s]  1349 | static [01;35m[Kconst[m[K int receive_II_command_response(urg_t *urg,
[5.147s]       |        [01;35m[K^~~~~[m[K
[5.181s] [ 35%] [32mBuilding C object CMakeFiles/urg_c.dir/urg_library/current/src/urg_connection.c.o[0m
[5.271s] [ 40%] [32mBuilding C object CMakeFiles/urg_c.dir/urg_library/current/src/urg_ring_buffer.c.o[0m
[5.356s] [ 45%] [32mBuilding C object CMakeFiles/urg_c.dir/urg_library/current/src/urg_serial.c.o[0m
[5.425s] [ 50%] [32mBuilding C object CMakeFiles/urg_c.dir/urg_library/current/src/urg_tcpclient.c.o[0m
[5.428s] [ 55%] [32mBuilding C object CMakeFiles/urg_c.dir/urg_library/current/src/urg_serial_utils.c.o[0m
[5.616s] [ 60%] [32m[1mLinking C shared library liburg_c.so[0m
[5.723s] [ 60%] Built target urg_c
[5.805s] [35m[1mScanning dependencies of target urg_node2[0m
[6.001s] [ 65%] [32mBuilding CXX object CMakeFiles/urg_node2.dir/src/urg_node2.cpp.o[0m
[7.346s] [ 70%] [32m[1mLinking CXX static library libgtest_main.a[0m
[7.565s] [ 70%] Built target gtest_main
[11.820s] [ 75%] [32m[1mLinking CXX executable urg_node2_node[0m
[12.089s] [ 75%] Built target urg_node2_node
[13.249s] [ 80%] [32m[1mLinking CXX static library libgtest.a[0m
[13.363s] [ 80%] Built target gtest
[13.386s] [35m[1mScanning dependencies of target urg_node2_test[0m
[13.488s] [ 90%] [32mBuilding CXX object CMakeFiles/urg_node2_test.dir/src/urg_node2.cpp.o[0m
[13.489s] [ 90%] [32mBuilding CXX object CMakeFiles/urg_node2_test.dir/test/urg_node2_test.cpp.o[0m
[18.703s] [ 95%] [32m[1mLinking CXX shared library liburg_node2.so[0m
[19.297s] [ 95%] Built target urg_node2
[34.895s] [100%] [32m[1mLinking CXX executable urg_node2_test[0m
[36.195s] [100%] Built target urg_node2_test
[36.225s] Invoked command in '/home/orin_nano/f1tenth_ws/build/urg_node2' returned '0': CMAKE_PREFIX_PATH=${CMAKE_PREFIX_PATH}:/home/orin_nano/f1tenth_ws/install/f1_test:/opt/ros/foxy /usr/bin/cmake --build /home/orin_nano/f1tenth_ws/build/urg_node2 -- -j6 -l6
[36.329s] Invoking command in '/home/orin_nano/f1tenth_ws/build/urg_node2': CMAKE_PREFIX_PATH=${CMAKE_PREFIX_PATH}:/home/orin_nano/f1tenth_ws/install/f1_test:/opt/ros/foxy /usr/bin/cmake --install /home/orin_nano/f1tenth_ws/build/urg_node2
[36.351s] -- Install configuration: ""
[36.351s] -- Installing: /home/orin_nano/f1tenth_ws/install/urg_node2/lib/urg_node2/urg_node2_node
[36.352s] -- Set runtime path of "/home/orin_nano/f1tenth_ws/install/urg_node2/lib/urg_node2/urg_node2_node" to ""
[36.352s] -- Installing: /home/orin_nano/f1tenth_ws/install/urg_node2/lib/liburg_node2.so
[36.358s] -- Set runtime path of "/home/orin_nano/f1tenth_ws/install/urg_node2/lib/liburg_node2.so" to ""
[36.359s] -- Installing: /home/orin_nano/f1tenth_ws/install/urg_node2/lib/liburg_c.so
[36.359s] -- Installing: /home/orin_nano/f1tenth_ws/install/urg_node2/share/urg_node2/launch
[36.359s] -- Installing: /home/orin_nano/f1tenth_ws/install/urg_node2/share/urg_node2/launch/urg_node2_component.launch.py
[36.360s] -- Installing: /home/orin_nano/f1tenth_ws/install/urg_node2/share/urg_node2/launch/urg_node2.launch.py
[36.360s] -- Installing: /home/orin_nano/f1tenth_ws/install/urg_node2/share/urg_node2/launch/urg_node2_2lidar.launch.py
[36.361s] -- Installing: /home/orin_nano/f1tenth_ws/install/urg_node2/share/urg_node2/config
[36.361s] -- Installing: /home/orin_nano/f1tenth_ws/install/urg_node2/share/urg_node2/config/params_serial.yaml
[36.361s] -- Installing: /home/orin_nano/f1tenth_ws/install/urg_node2/share/urg_node2/config/params_ether_2nd.yaml
[36.362s] -- Installing: /home/orin_nano/f1tenth_ws/install/urg_node2/share/urg_node2/config/params_ether.yaml
[36.362s] -- Installing: /home/orin_nano/f1tenth_ws/install/urg_node2/share/ament_index/resource_index/package_run_dependencies/urg_node2
[36.363s] -- Installing: /home/orin_nano/f1tenth_ws/install/urg_node2/share/ament_index/resource_index/parent_prefix_path/urg_node2
[36.363s] -- Installing: /home/orin_nano/f1tenth_ws/install/urg_node2/share/urg_node2/environment/ament_prefix_path.sh
[36.363s] -- Installing: /home/orin_nano/f1tenth_ws/install/urg_node2/share/urg_node2/environment/ament_prefix_path.dsv
[36.364s] -- Installing: /home/orin_nano/f1tenth_ws/install/urg_node2/share/urg_node2/environment/path.sh
[36.364s] -- Installing: /home/orin_nano/f1tenth_ws/install/urg_node2/share/urg_node2/environment/path.dsv
[36.364s] -- Installing: /home/orin_nano/f1tenth_ws/install/urg_node2/share/urg_node2/local_setup.bash
[36.365s] -- Installing: /home/orin_nano/f1tenth_ws/install/urg_node2/share/urg_node2/local_setup.sh
[36.365s] -- Installing: /home/orin_nano/f1tenth_ws/install/urg_node2/share/urg_node2/local_setup.zsh
[36.365s] -- Installing: /home/orin_nano/f1tenth_ws/install/urg_node2/share/urg_node2/local_setup.dsv
[36.366s] -- Installing: /home/orin_nano/f1tenth_ws/install/urg_node2/share/urg_node2/package.dsv
[36.366s] -- Installing: /home/orin_nano/f1tenth_ws/install/urg_node2/share/ament_index/resource_index/packages/urg_node2
[36.366s] -- Installing: /home/orin_nano/f1tenth_ws/install/urg_node2/share/ament_index/resource_index/rclcpp_components/urg_node2
[36.367s] -- Installing: /home/orin_nano/f1tenth_ws/install/urg_node2/share/urg_node2/cmake/urg_node2Config.cmake
[36.367s] -- Installing: /home/orin_nano/f1tenth_ws/install/urg_node2/share/urg_node2/cmake/urg_node2Config-version.cmake
[36.367s] -- Installing: /home/orin_nano/f1tenth_ws/install/urg_node2/share/urg_node2/package.xml
[36.373s] Invoked command in '/home/orin_nano/f1tenth_ws/build/urg_node2' returned '0': CMAKE_PREFIX_PATH=${CMAKE_PREFIX_PATH}:/home/orin_nano/f1tenth_ws/install/f1_test:/opt/ros/foxy /usr/bin/cmake --install /home/orin_nano/f1tenth_ws/build/urg_node2
