[0.244s] Invoking command in '/home/orin_nano/f1tenth_ws/build/vesc': AMENT_PREFIX_PATH=/home/orin_nano/f1tenth_ws/install/vesc_driver:/home/orin_nano/f1tenth_ws/install/vesc_ackermann:/home/orin_nano/f1tenth_ws/install/vesc_msgs:${AMENT_PREFIX_PATH} CMAKE_PREFIX_PATH=/home/orin_nano/f1tenth_ws/install/vesc_driver:/home/orin_nano/f1tenth_ws/install/vesc_ackermann:/home/orin_nano/f1tenth_ws/install/vesc_msgs:/opt/ros/foxy LD_LIBRARY_PATH=/home/orin_nano/f1tenth_ws/install/vesc_driver/lib:/home/orin_nano/f1tenth_ws/install/vesc_ackermann/lib:/home/orin_nano/f1tenth_ws/install/vesc_msgs/lib:/opt/ros/foxy/opt/yaml_cpp_vendor/lib:/opt/ros/foxy/opt/rviz_ogre_vendor/lib:/opt/ros/foxy/lib/aarch64-linux-gnu:/opt/ros/foxy/lib:/usr/local/cuda-11.4/lib64 PYTHONPATH=/home/orin_nano/f1tenth_ws/install/vesc_msgs/lib/python3.8/site-packages:${PYTHONPATH} /usr/bin/cmake /home/orin_nano/f1tenth_ws/src/vesc/vesc -DCMAKE_INSTALL_PREFIX=/home/orin_nano/f1tenth_ws/install/vesc
[0.355s] -- The C compiler identification is GNU 9.4.0
[0.454s] -- The CXX compiler identification is GNU 9.4.0
[0.463s] -- Check for working C compiler: /usr/bin/cc
[0.599s] -- Check for working C compiler: /usr/bin/cc -- works
[0.601s] -- Detecting C compiler ABI info
[0.751s] -- Detecting C compiler ABI info - done
[0.782s] -- Detecting C compile features
[0.783s] -- Detecting C compile features - done
[0.789s] -- Check for working CXX compiler: /usr/bin/c++
[0.945s] -- Check for working CXX compiler: /usr/bin/c++ -- works
[0.948s] -- Detecting CXX compiler ABI info
[1.111s] -- Detecting CXX compiler ABI info - done
[1.144s] -- Detecting CXX compile features
[1.145s] -- Detecting CXX compile features - done
[1.151s] -- Found ament_cmake_auto: 0.9.12 (/opt/ros/foxy/share/ament_cmake_auto/cmake)
[1.203s] -- Found PythonInterp: /usr/bin/python3 (found suitable version "3.8.10", minimum required is "3") 
[1.204s] -- Using PYTHON_EXECUTABLE: /usr/bin/python3
[1.727s] -- Configuring done
[1.730s] -- Generating done
[1.732s] -- Build files have been written to: /home/orin_nano/f1tenth_ws/build/vesc
[1.741s] Invoked command in '/home/orin_nano/f1tenth_ws/build/vesc' returned '0': AMENT_PREFIX_PATH=/home/orin_nano/f1tenth_ws/install/vesc_driver:/home/orin_nano/f1tenth_ws/install/vesc_ackermann:/home/orin_nano/f1tenth_ws/install/vesc_msgs:${AMENT_PREFIX_PATH} CMAKE_PREFIX_PATH=/home/orin_nano/f1tenth_ws/install/vesc_driver:/home/orin_nano/f1tenth_ws/install/vesc_ackermann:/home/orin_nano/f1tenth_ws/install/vesc_msgs:/opt/ros/foxy LD_LIBRARY_PATH=/home/orin_nano/f1tenth_ws/install/vesc_driver/lib:/home/orin_nano/f1tenth_ws/install/vesc_ackermann/lib:/home/orin_nano/f1tenth_ws/install/vesc_msgs/lib:/opt/ros/foxy/opt/yaml_cpp_vendor/lib:/opt/ros/foxy/opt/rviz_ogre_vendor/lib:/opt/ros/foxy/lib/aarch64-linux-gnu:/opt/ros/foxy/lib:/usr/local/cuda-11.4/lib64 PYTHONPATH=/home/orin_nano/f1tenth_ws/install/vesc_msgs/lib/python3.8/site-packages:${PYTHONPATH} /usr/bin/cmake /home/orin_nano/f1tenth_ws/src/vesc/vesc -DCMAKE_INSTALL_PREFIX=/home/orin_nano/f1tenth_ws/install/vesc
[1.748s] Invoking command in '/home/orin_nano/f1tenth_ws/build/vesc': AMENT_PREFIX_PATH=/home/orin_nano/f1tenth_ws/install/vesc_driver:/home/orin_nano/f1tenth_ws/install/vesc_ackermann:/home/orin_nano/f1tenth_ws/install/vesc_msgs:${AMENT_PREFIX_PATH} CMAKE_PREFIX_PATH=/home/orin_nano/f1tenth_ws/install/vesc_driver:/home/orin_nano/f1tenth_ws/install/vesc_ackermann:/home/orin_nano/f1tenth_ws/install/vesc_msgs:/opt/ros/foxy LD_LIBRARY_PATH=/home/orin_nano/f1tenth_ws/install/vesc_driver/lib:/home/orin_nano/f1tenth_ws/install/vesc_ackermann/lib:/home/orin_nano/f1tenth_ws/install/vesc_msgs/lib:/opt/ros/foxy/opt/yaml_cpp_vendor/lib:/opt/ros/foxy/opt/rviz_ogre_vendor/lib:/opt/ros/foxy/lib/aarch64-linux-gnu:/opt/ros/foxy/lib:/usr/local/cuda-11.4/lib64 PYTHONPATH=/home/orin_nano/f1tenth_ws/install/vesc_msgs/lib/python3.8/site-packages:${PYTHONPATH} /usr/bin/cmake --build /home/orin_nano/f1tenth_ws/build/vesc -- -j6 -l6
[1.834s] Invoked command in '/home/orin_nano/f1tenth_ws/build/vesc' returned '0': AMENT_PREFIX_PATH=/home/orin_nano/f1tenth_ws/install/vesc_driver:/home/orin_nano/f1tenth_ws/install/vesc_ackermann:/home/orin_nano/f1tenth_ws/install/vesc_msgs:${AMENT_PREFIX_PATH} CMAKE_PREFIX_PATH=/home/orin_nano/f1tenth_ws/install/vesc_driver:/home/orin_nano/f1tenth_ws/install/vesc_ackermann:/home/orin_nano/f1tenth_ws/install/vesc_msgs:/opt/ros/foxy LD_LIBRARY_PATH=/home/orin_nano/f1tenth_ws/install/vesc_driver/lib:/home/orin_nano/f1tenth_ws/install/vesc_ackermann/lib:/home/orin_nano/f1tenth_ws/install/vesc_msgs/lib:/opt/ros/foxy/opt/yaml_cpp_vendor/lib:/opt/ros/foxy/opt/rviz_ogre_vendor/lib:/opt/ros/foxy/lib/aarch64-linux-gnu:/opt/ros/foxy/lib:/usr/local/cuda-11.4/lib64 PYTHONPATH=/home/orin_nano/f1tenth_ws/install/vesc_msgs/lib/python3.8/site-packages:${PYTHONPATH} /usr/bin/cmake --build /home/orin_nano/f1tenth_ws/build/vesc -- -j6 -l6
[1.886s] Invoking command in '/home/orin_nano/f1tenth_ws/build/vesc': AMENT_PREFIX_PATH=/home/orin_nano/f1tenth_ws/install/vesc_driver:/home/orin_nano/f1tenth_ws/install/vesc_ackermann:/home/orin_nano/f1tenth_ws/install/vesc_msgs:${AMENT_PREFIX_PATH} CMAKE_PREFIX_PATH=/home/orin_nano/f1tenth_ws/install/vesc_driver:/home/orin_nano/f1tenth_ws/install/vesc_ackermann:/home/orin_nano/f1tenth_ws/install/vesc_msgs:/opt/ros/foxy LD_LIBRARY_PATH=/home/orin_nano/f1tenth_ws/install/vesc_driver/lib:/home/orin_nano/f1tenth_ws/install/vesc_ackermann/lib:/home/orin_nano/f1tenth_ws/install/vesc_msgs/lib:/opt/ros/foxy/opt/yaml_cpp_vendor/lib:/opt/ros/foxy/opt/rviz_ogre_vendor/lib:/opt/ros/foxy/lib/aarch64-linux-gnu:/opt/ros/foxy/lib:/usr/local/cuda-11.4/lib64 PYTHONPATH=/home/orin_nano/f1tenth_ws/install/vesc_msgs/lib/python3.8/site-packages:${PYTHONPATH} /usr/bin/cmake --install /home/orin_nano/f1tenth_ws/build/vesc
[1.906s] -- Install configuration: ""
[1.907s] -- Installing: /home/orin_nano/f1tenth_ws/install/vesc/share/ament_index/resource_index/package_run_dependencies/vesc
[1.907s] -- Installing: /home/orin_nano/f1tenth_ws/install/vesc/share/ament_index/resource_index/parent_prefix_path/vesc
[1.908s] -- Installing: /home/orin_nano/f1tenth_ws/install/vesc/share/vesc/environment/ament_prefix_path.sh
[1.908s] -- Installing: /home/orin_nano/f1tenth_ws/install/vesc/share/vesc/environment/ament_prefix_path.dsv
[1.908s] -- Installing: /home/orin_nano/f1tenth_ws/install/vesc/share/vesc/environment/path.sh
[1.908s] -- Installing: /home/orin_nano/f1tenth_ws/install/vesc/share/vesc/environment/path.dsv
[1.909s] -- Installing: /home/orin_nano/f1tenth_ws/install/vesc/share/vesc/local_setup.bash
[1.909s] -- Installing: /home/orin_nano/f1tenth_ws/install/vesc/share/vesc/local_setup.sh
[1.909s] -- Installing: /home/orin_nano/f1tenth_ws/install/vesc/share/vesc/local_setup.zsh
[1.910s] -- Installing: /home/orin_nano/f1tenth_ws/install/vesc/share/vesc/local_setup.dsv
[1.910s] -- Installing: /home/orin_nano/f1tenth_ws/install/vesc/share/vesc/package.dsv
[1.910s] -- Installing: /home/orin_nano/f1tenth_ws/install/vesc/share/ament_index/resource_index/packages/vesc
[1.911s] -- Installing: /home/orin_nano/f1tenth_ws/install/vesc/share/vesc/cmake/vescConfig.cmake
[1.911s] -- Installing: /home/orin_nano/f1tenth_ws/install/vesc/share/vesc/cmake/vescConfig-version.cmake
[1.911s] -- Installing: /home/orin_nano/f1tenth_ws/install/vesc/share/vesc/package.xml
[1.916s] Invoked command in '/home/orin_nano/f1tenth_ws/build/vesc' returned '0': AMENT_PREFIX_PATH=/home/orin_nano/f1tenth_ws/install/vesc_driver:/home/orin_nano/f1tenth_ws/install/vesc_ackermann:/home/orin_nano/f1tenth_ws/install/vesc_msgs:${AMENT_PREFIX_PATH} CMAKE_PREFIX_PATH=/home/orin_nano/f1tenth_ws/install/vesc_driver:/home/orin_nano/f1tenth_ws/install/vesc_ackermann:/home/orin_nano/f1tenth_ws/install/vesc_msgs:/opt/ros/foxy LD_LIBRARY_PATH=/home/orin_nano/f1tenth_ws/install/vesc_driver/lib:/home/orin_nano/f1tenth_ws/install/vesc_ackermann/lib:/home/orin_nano/f1tenth_ws/install/vesc_msgs/lib:/opt/ros/foxy/opt/yaml_cpp_vendor/lib:/opt/ros/foxy/opt/rviz_ogre_vendor/lib:/opt/ros/foxy/lib/aarch64-linux-gnu:/opt/ros/foxy/lib:/usr/local/cuda-11.4/lib64 PYTHONPATH=/home/orin_nano/f1tenth_ws/install/vesc_msgs/lib/python3.8/site-packages:${PYTHONPATH} /usr/bin/cmake --install /home/orin_nano/f1tenth_ws/build/vesc
