[4.254s] DEBUG:colcon:Command line arguments: ['/usr/bin/colcon', 'build']
[4.255s] DEBUG:colcon:Parsed command line arguments: Namespace(allow_overriding=[], ament_cmake_args=None, base_paths=['.'], build_base='build', catkin_cmake_args=None, catkin_skip_building_tests=False, cmake_args=None, cmake_clean_cache=False, cmake_clean_first=False, cmake_force_configure=False, cmake_target=None, cmake_target_skip_unavailable=False, continue_on_error=False, event_handlers=None, executor='parallel', ignore_user_meta=False, install_base='install', log_base=None, log_level=None, main=<bound method BuildVerb.main of <colcon_core.verb.build.BuildVerb object at 0xffffa6267910>>, merge_install=False, metas=['./colcon.meta'], packages_above=None, packages_above_and_dependencies=None, packages_above_depth=None, packages_end=None, packages_ignore=None, packages_ignore_regex=None, packages_select=None, packages_select_build_failed=False, packages_select_by_dep=None, packages_select_regex=None, packages_select_test_failures=False, packages_skip=None, packages_skip_build_finished=False, packages_skip_by_dep=None, packages_skip_regex=None, packages_skip_test_passed=False, packages_skip_up_to=None, packages_start=None, packages_up_to=None, packages_up_to_regex=None, parallel_workers=6, paths=None, symlink_install=False, test_result_base=None, verb_extension=<colcon_core.verb.build.BuildVerb object at 0xffffa6267910>, verb_name='build', verb_parser=<colcon_defaults.argument_parser.defaults.DefaultArgumentsDecorator object at 0xffffa5eef550>)
[4.454s] Level 1:colcon.colcon_core.package_discovery:discover_packages(colcon_meta) check parameters
[4.454s] Level 1:colcon.colcon_core.package_discovery:discover_packages(recursive) check parameters
[4.454s] Level 1:colcon.colcon_core.package_discovery:discover_packages(ignore) check parameters
[4.454s] Level 1:colcon.colcon_core.package_discovery:discover_packages(path) check parameters
[4.454s] Level 1:colcon.colcon_core.package_discovery:discover_packages(colcon_meta) discover
[4.454s] Level 1:colcon.colcon_core.package_discovery:discover_packages(recursive) discover
[4.454s] INFO:colcon.colcon_core.package_discovery:Crawling recursively for packages in '/home/orin_nano/f1tenth_ws'
[4.455s] Level 1:colcon.colcon_core.package_identification:_identify(.) by extensions ['ignore', 'ignore_ament_install']
[4.455s] Level 1:colcon.colcon_core.package_identification:_identify(.) by extension 'ignore'
[4.455s] Level 1:colcon.colcon_core.package_identification:_identify(.) by extension 'ignore_ament_install'
[4.455s] Level 1:colcon.colcon_core.package_identification:_identify(.) by extensions ['colcon_pkg']
[4.455s] Level 1:colcon.colcon_core.package_identification:_identify(.) by extension 'colcon_pkg'
[4.455s] Level 1:colcon.colcon_core.package_identification:_identify(.) by extensions ['colcon_meta']
[4.455s] Level 1:colcon.colcon_core.package_identification:_identify(.) by extension 'colcon_meta'
[4.456s] Level 1:colcon.colcon_core.package_identification:_identify(.) by extensions ['ros']
[4.456s] Level 1:colcon.colcon_core.package_identification:_identify(.) by extension 'ros'
[4.479s] Level 1:colcon.colcon_core.package_identification:_identify(.) by extensions ['cmake', 'python']
[4.479s] Level 1:colcon.colcon_core.package_identification:_identify(.) by extension 'cmake'
[4.479s] Level 1:colcon.colcon_core.package_identification:_identify(.) by extension 'python'
[4.479s] Level 1:colcon.colcon_core.package_identification:_identify(.) by extensions ['python_setup_py']
[4.479s] Level 1:colcon.colcon_core.package_identification:_identify(.) by extension 'python_setup_py'
[4.480s] Level 1:colcon.colcon_core.package_identification:_identify(build) by extensions ['ignore', 'ignore_ament_install']
[4.480s] Level 1:colcon.colcon_core.package_identification:_identify(build) by extension 'ignore'
[4.480s] Level 1:colcon.colcon_core.package_identification:_identify(build) ignored
[4.480s] Level 1:colcon.colcon_core.package_identification:_identify(install) by extensions ['ignore', 'ignore_ament_install']
[4.480s] Level 1:colcon.colcon_core.package_identification:_identify(install) by extension 'ignore'
[4.481s] Level 1:colcon.colcon_core.package_identification:_identify(install) ignored
[4.481s] Level 1:colcon.colcon_core.package_identification:_identify(log) by extensions ['ignore', 'ignore_ament_install']
[4.481s] Level 1:colcon.colcon_core.package_identification:_identify(log) by extension 'ignore'
[4.481s] Level 1:colcon.colcon_core.package_identification:_identify(log) ignored
[4.481s] Level 1:colcon.colcon_core.package_identification:_identify(src) by extensions ['ignore', 'ignore_ament_install']
[4.481s] Level 1:colcon.colcon_core.package_identification:_identify(src) by extension 'ignore'
[4.482s] Level 1:colcon.colcon_core.package_identification:_identify(src) by extension 'ignore_ament_install'
[4.482s] Level 1:colcon.colcon_core.package_identification:_identify(src) by extensions ['colcon_pkg']
[4.482s] Level 1:colcon.colcon_core.package_identification:_identify(src) by extension 'colcon_pkg'
[4.482s] Level 1:colcon.colcon_core.package_identification:_identify(src) by extensions ['colcon_meta']
[4.482s] Level 1:colcon.colcon_core.package_identification:_identify(src) by extension 'colcon_meta'
[4.482s] Level 1:colcon.colcon_core.package_identification:_identify(src) by extensions ['ros']
[4.482s] Level 1:colcon.colcon_core.package_identification:_identify(src) by extension 'ros'
[4.482s] Level 1:colcon.colcon_core.package_identification:_identify(src) by extensions ['cmake', 'python']
[4.482s] Level 1:colcon.colcon_core.package_identification:_identify(src) by extension 'cmake'
[4.482s] Level 1:colcon.colcon_core.package_identification:_identify(src) by extension 'python'
[4.483s] Level 1:colcon.colcon_core.package_identification:_identify(src) by extensions ['python_setup_py']
[4.483s] Level 1:colcon.colcon_core.package_identification:_identify(src) by extension 'python_setup_py'
[4.483s] Level 1:colcon.colcon_core.package_identification:_identify(src/combine_pkg) by extensions ['ignore', 'ignore_ament_install']
[4.483s] Level 1:colcon.colcon_core.package_identification:_identify(src/combine_pkg) by extension 'ignore'
[4.483s] Level 1:colcon.colcon_core.package_identification:_identify(src/combine_pkg) by extension 'ignore_ament_install'
[4.483s] Level 1:colcon.colcon_core.package_identification:_identify(src/combine_pkg) by extensions ['colcon_pkg']
[4.484s] Level 1:colcon.colcon_core.package_identification:_identify(src/combine_pkg) by extension 'colcon_pkg'
[4.484s] Level 1:colcon.colcon_core.package_identification:_identify(src/combine_pkg) by extensions ['colcon_meta']
[4.484s] Level 1:colcon.colcon_core.package_identification:_identify(src/combine_pkg) by extension 'colcon_meta'
[4.484s] Level 1:colcon.colcon_core.package_identification:_identify(src/combine_pkg) by extensions ['ros']
[4.484s] Level 1:colcon.colcon_core.package_identification:_identify(src/combine_pkg) by extension 'ros'
[4.489s] DEBUG:colcon.colcon_core.package_identification:Package 'src/combine_pkg' with type 'ros.ament_cmake' and name 'combine_pkg'
[4.490s] Level 1:colcon.colcon_core.package_identification:_identify(src/f1_test) by extensions ['ignore', 'ignore_ament_install']
[4.490s] Level 1:colcon.colcon_core.package_identification:_identify(src/f1_test) by extension 'ignore'
[4.491s] Level 1:colcon.colcon_core.package_identification:_identify(src/f1_test) by extension 'ignore_ament_install'
[4.491s] Level 1:colcon.colcon_core.package_identification:_identify(src/f1_test) by extensions ['colcon_pkg']
[4.491s] Level 1:colcon.colcon_core.package_identification:_identify(src/f1_test) by extension 'colcon_pkg'
[4.491s] Level 1:colcon.colcon_core.package_identification:_identify(src/f1_test) by extensions ['colcon_meta']
[4.491s] Level 1:colcon.colcon_core.package_identification:_identify(src/f1_test) by extension 'colcon_meta'
[4.491s] Level 1:colcon.colcon_core.package_identification:_identify(src/f1_test) by extensions ['ros']
[4.491s] Level 1:colcon.colcon_core.package_identification:_identify(src/f1_test) by extension 'ros'
[4.492s] DEBUG:colcon.colcon_core.package_identification:Package 'src/f1_test' with type 'ros.ament_python' and name 'f1_test'
[4.493s] Level 1:colcon.colcon_core.package_identification:_identify(src/urg_node2) by extensions ['ignore', 'ignore_ament_install']
[4.493s] Level 1:colcon.colcon_core.package_identification:_identify(src/urg_node2) by extension 'ignore'
[4.493s] Level 1:colcon.colcon_core.package_identification:_identify(src/urg_node2) by extension 'ignore_ament_install'
[4.493s] Level 1:colcon.colcon_core.package_identification:_identify(src/urg_node2) by extensions ['colcon_pkg']
[4.493s] Level 1:colcon.colcon_core.package_identification:_identify(src/urg_node2) by extension 'colcon_pkg'
[4.493s] Level 1:colcon.colcon_core.package_identification:_identify(src/urg_node2) by extensions ['colcon_meta']
[4.493s] Level 1:colcon.colcon_core.package_identification:_identify(src/urg_node2) by extension 'colcon_meta'
[4.493s] Level 1:colcon.colcon_core.package_identification:_identify(src/urg_node2) by extensions ['ros']
[4.494s] Level 1:colcon.colcon_core.package_identification:_identify(src/urg_node2) by extension 'ros'
[4.495s] DEBUG:colcon.colcon_core.package_identification:Package 'src/urg_node2' with type 'ros.ament_cmake' and name 'urg_node2'
[4.496s] Level 1:colcon.colcon_core.package_identification:_identify(src/vesc) by extensions ['ignore', 'ignore_ament_install']
[4.496s] Level 1:colcon.colcon_core.package_identification:_identify(src/vesc) by extension 'ignore'
[4.496s] Level 1:colcon.colcon_core.package_identification:_identify(src/vesc) by extension 'ignore_ament_install'
[4.496s] Level 1:colcon.colcon_core.package_identification:_identify(src/vesc) by extensions ['colcon_pkg']
[4.496s] Level 1:colcon.colcon_core.package_identification:_identify(src/vesc) by extension 'colcon_pkg'
[4.496s] Level 1:colcon.colcon_core.package_identification:_identify(src/vesc) by extensions ['colcon_meta']
[4.496s] Level 1:colcon.colcon_core.package_identification:_identify(src/vesc) by extension 'colcon_meta'
[4.497s] Level 1:colcon.colcon_core.package_identification:_identify(src/vesc) by extensions ['ros']
[4.497s] Level 1:colcon.colcon_core.package_identification:_identify(src/vesc) by extension 'ros'
[4.497s] Level 1:colcon.colcon_core.package_identification:_identify(src/vesc) by extensions ['cmake', 'python']
[4.497s] Level 1:colcon.colcon_core.package_identification:_identify(src/vesc) by extension 'cmake'
[4.497s] Level 1:colcon.colcon_core.package_identification:_identify(src/vesc) by extension 'python'
[4.497s] Level 1:colcon.colcon_core.package_identification:_identify(src/vesc) by extensions ['python_setup_py']
[4.497s] Level 1:colcon.colcon_core.package_identification:_identify(src/vesc) by extension 'python_setup_py'
[4.498s] Level 1:colcon.colcon_core.package_identification:_identify(src/vesc/vesc) by extensions ['ignore', 'ignore_ament_install']
[4.498s] Level 1:colcon.colcon_core.package_identification:_identify(src/vesc/vesc) by extension 'ignore'
[4.498s] Level 1:colcon.colcon_core.package_identification:_identify(src/vesc/vesc) by extension 'ignore_ament_install'
[4.498s] Level 1:colcon.colcon_core.package_identification:_identify(src/vesc/vesc) by extensions ['colcon_pkg']
[4.498s] Level 1:colcon.colcon_core.package_identification:_identify(src/vesc/vesc) by extension 'colcon_pkg'
[4.498s] Level 1:colcon.colcon_core.package_identification:_identify(src/vesc/vesc) by extensions ['colcon_meta']
[4.498s] Level 1:colcon.colcon_core.package_identification:_identify(src/vesc/vesc) by extension 'colcon_meta'
[4.498s] Level 1:colcon.colcon_core.package_identification:_identify(src/vesc/vesc) by extensions ['ros']
[4.498s] Level 1:colcon.colcon_core.package_identification:_identify(src/vesc/vesc) by extension 'ros'
[4.500s] DEBUG:colcon.colcon_core.package_identification:Package 'src/vesc/vesc' with type 'ros.ament_cmake' and name 'vesc'
[4.500s] Level 1:colcon.colcon_core.package_identification:_identify(src/vesc/vesc_ackermann) by extensions ['ignore', 'ignore_ament_install']
[4.500s] Level 1:colcon.colcon_core.package_identification:_identify(src/vesc/vesc_ackermann) by extension 'ignore'
[4.500s] Level 1:colcon.colcon_core.package_identification:_identify(src/vesc/vesc_ackermann) by extension 'ignore_ament_install'
[4.500s] Level 1:colcon.colcon_core.package_identification:_identify(src/vesc/vesc_ackermann) by extensions ['colcon_pkg']
[4.500s] Level 1:colcon.colcon_core.package_identification:_identify(src/vesc/vesc_ackermann) by extension 'colcon_pkg'
[4.501s] Level 1:colcon.colcon_core.package_identification:_identify(src/vesc/vesc_ackermann) by extensions ['colcon_meta']
[4.501s] Level 1:colcon.colcon_core.package_identification:_identify(src/vesc/vesc_ackermann) by extension 'colcon_meta'
[4.501s] Level 1:colcon.colcon_core.package_identification:_identify(src/vesc/vesc_ackermann) by extensions ['ros']
[4.501s] Level 1:colcon.colcon_core.package_identification:_identify(src/vesc/vesc_ackermann) by extension 'ros'
[4.503s] DEBUG:colcon.colcon_core.package_identification:Package 'src/vesc/vesc_ackermann' with type 'ros.ament_cmake' and name 'vesc_ackermann'
[4.503s] Level 1:colcon.colcon_core.package_identification:_identify(src/vesc/vesc_driver) by extensions ['ignore', 'ignore_ament_install']
[4.503s] Level 1:colcon.colcon_core.package_identification:_identify(src/vesc/vesc_driver) by extension 'ignore'
[4.503s] Level 1:colcon.colcon_core.package_identification:_identify(src/vesc/vesc_driver) by extension 'ignore_ament_install'
[4.504s] Level 1:colcon.colcon_core.package_identification:_identify(src/vesc/vesc_driver) by extensions ['colcon_pkg']
[4.504s] Level 1:colcon.colcon_core.package_identification:_identify(src/vesc/vesc_driver) by extension 'colcon_pkg'
[4.504s] Level 1:colcon.colcon_core.package_identification:_identify(src/vesc/vesc_driver) by extensions ['colcon_meta']
[4.504s] Level 1:colcon.colcon_core.package_identification:_identify(src/vesc/vesc_driver) by extension 'colcon_meta'
[4.504s] Level 1:colcon.colcon_core.package_identification:_identify(src/vesc/vesc_driver) by extensions ['ros']
[4.504s] Level 1:colcon.colcon_core.package_identification:_identify(src/vesc/vesc_driver) by extension 'ros'
[4.506s] DEBUG:colcon.colcon_core.package_identification:Package 'src/vesc/vesc_driver' with type 'ros.ament_cmake' and name 'vesc_driver'
[4.507s] Level 1:colcon.colcon_core.package_identification:_identify(src/vesc/vesc_msgs) by extensions ['ignore', 'ignore_ament_install']
[4.507s] Level 1:colcon.colcon_core.package_identification:_identify(src/vesc/vesc_msgs) by extension 'ignore'
[4.507s] Level 1:colcon.colcon_core.package_identification:_identify(src/vesc/vesc_msgs) by extension 'ignore_ament_install'
[4.507s] Level 1:colcon.colcon_core.package_identification:_identify(src/vesc/vesc_msgs) by extensions ['colcon_pkg']
[4.507s] Level 1:colcon.colcon_core.package_identification:_identify(src/vesc/vesc_msgs) by extension 'colcon_pkg'
[4.507s] Level 1:colcon.colcon_core.package_identification:_identify(src/vesc/vesc_msgs) by extensions ['colcon_meta']
[4.507s] Level 1:colcon.colcon_core.package_identification:_identify(src/vesc/vesc_msgs) by extension 'colcon_meta'
[4.508s] Level 1:colcon.colcon_core.package_identification:_identify(src/vesc/vesc_msgs) by extensions ['ros']
[4.508s] Level 1:colcon.colcon_core.package_identification:_identify(src/vesc/vesc_msgs) by extension 'ros'
[4.509s] DEBUG:colcon.colcon_core.package_identification:Package 'src/vesc/vesc_msgs' with type 'ros.ament_cmake' and name 'vesc_msgs'
[4.509s] Level 1:colcon.colcon_core.package_discovery:discover_packages(recursive) using defaults
[4.509s] Level 1:colcon.colcon_core.package_discovery:discover_packages(ignore) discover
[4.509s] Level 1:colcon.colcon_core.package_discovery:discover_packages(ignore) using defaults
[4.509s] Level 1:colcon.colcon_core.package_discovery:discover_packages(path) discover
[4.510s] Level 1:colcon.colcon_core.package_discovery:discover_packages(path) using defaults
[4.930s] Level 1:colcon.colcon_core.package_discovery:discover_packages(prefix_path) check parameters
[4.930s] Level 1:colcon.colcon_core.package_discovery:discover_packages(prefix_path) discover
[5.075s] DEBUG:colcon.colcon_installed_package_information.package_discovery:Found 262 installed packages in /opt/ros/foxy
[5.078s] Level 1:colcon.colcon_core.package_discovery:discover_packages(prefix_path) using defaults
[5.365s] Level 5:colcon.colcon_core.verb:set package 'combine_pkg' build argument 'cmake_args' from command line to 'None'
[5.365s] Level 5:colcon.colcon_core.verb:set package 'combine_pkg' build argument 'cmake_target' from command line to 'None'
[5.365s] Level 5:colcon.colcon_core.verb:set package 'combine_pkg' build argument 'cmake_target_skip_unavailable' from command line to 'False'
[5.365s] Level 5:colcon.colcon_core.verb:set package 'combine_pkg' build argument 'cmake_clean_cache' from command line to 'False'
[5.365s] Level 5:colcon.colcon_core.verb:set package 'combine_pkg' build argument 'cmake_clean_first' from command line to 'False'
[5.366s] Level 5:colcon.colcon_core.verb:set package 'combine_pkg' build argument 'cmake_force_configure' from command line to 'False'
[5.366s] Level 5:colcon.colcon_core.verb:set package 'combine_pkg' build argument 'ament_cmake_args' from command line to 'None'
[5.366s] Level 5:colcon.colcon_core.verb:set package 'combine_pkg' build argument 'catkin_cmake_args' from command line to 'None'
[5.366s] Level 5:colcon.colcon_core.verb:set package 'combine_pkg' build argument 'catkin_skip_building_tests' from command line to 'False'
[5.366s] DEBUG:colcon.colcon_core.verb:Building package 'combine_pkg' with the following arguments: {'ament_cmake_args': None, 'build_base': '/home/orin_nano/f1tenth_ws/build/combine_pkg', 'catkin_cmake_args': None, 'catkin_skip_building_tests': False, 'cmake_args': None, 'cmake_clean_cache': False, 'cmake_clean_first': False, 'cmake_force_configure': False, 'cmake_target': None, 'cmake_target_skip_unavailable': False, 'install_base': '/home/orin_nano/f1tenth_ws/install/combine_pkg', 'merge_install': False, 'path': '/home/orin_nano/f1tenth_ws/src/combine_pkg', 'symlink_install': False, 'test_result_base': None}
[5.436s] Level 5:colcon.colcon_core.verb:set package 'f1_test' build argument 'cmake_args' from command line to 'None'
[5.436s] Level 5:colcon.colcon_core.verb:set package 'f1_test' build argument 'cmake_target' from command line to 'None'
[5.436s] Level 5:colcon.colcon_core.verb:set package 'f1_test' build argument 'cmake_target_skip_unavailable' from command line to 'False'
[5.436s] Level 5:colcon.colcon_core.verb:set package 'f1_test' build argument 'cmake_clean_cache' from command line to 'False'
[5.436s] Level 5:colcon.colcon_core.verb:set package 'f1_test' build argument 'cmake_clean_first' from command line to 'False'
[5.436s] Level 5:colcon.colcon_core.verb:set package 'f1_test' build argument 'cmake_force_configure' from command line to 'False'
[5.436s] Level 5:colcon.colcon_core.verb:set package 'f1_test' build argument 'ament_cmake_args' from command line to 'None'
[5.436s] Level 5:colcon.colcon_core.verb:set package 'f1_test' build argument 'catkin_cmake_args' from command line to 'None'
[5.436s] Level 5:colcon.colcon_core.verb:set package 'f1_test' build argument 'catkin_skip_building_tests' from command line to 'False'
[5.436s] DEBUG:colcon.colcon_core.verb:Building package 'f1_test' with the following arguments: {'ament_cmake_args': None, 'build_base': '/home/orin_nano/f1tenth_ws/build/f1_test', 'catkin_cmake_args': None, 'catkin_skip_building_tests': False, 'cmake_args': None, 'cmake_clean_cache': False, 'cmake_clean_first': False, 'cmake_force_configure': False, 'cmake_target': None, 'cmake_target_skip_unavailable': False, 'install_base': '/home/orin_nano/f1tenth_ws/install/f1_test', 'merge_install': False, 'path': '/home/orin_nano/f1tenth_ws/src/f1_test', 'symlink_install': False, 'test_result_base': None}
[5.507s] Level 5:colcon.colcon_core.verb:set package 'urg_node2' build argument 'cmake_args' from command line to 'None'
[5.507s] Level 5:colcon.colcon_core.verb:set package 'urg_node2' build argument 'cmake_target' from command line to 'None'
[5.507s] Level 5:colcon.colcon_core.verb:set package 'urg_node2' build argument 'cmake_target_skip_unavailable' from command line to 'False'
[5.507s] Level 5:colcon.colcon_core.verb:set package 'urg_node2' build argument 'cmake_clean_cache' from command line to 'False'
[5.507s] Level 5:colcon.colcon_core.verb:set package 'urg_node2' build argument 'cmake_clean_first' from command line to 'False'
[5.507s] Level 5:colcon.colcon_core.verb:set package 'urg_node2' build argument 'cmake_force_configure' from command line to 'False'
[5.507s] Level 5:colcon.colcon_core.verb:set package 'urg_node2' build argument 'ament_cmake_args' from command line to 'None'
[5.507s] Level 5:colcon.colcon_core.verb:set package 'urg_node2' build argument 'catkin_cmake_args' from command line to 'None'
[5.507s] Level 5:colcon.colcon_core.verb:set package 'urg_node2' build argument 'catkin_skip_building_tests' from command line to 'False'
[5.507s] DEBUG:colcon.colcon_core.verb:Building package 'urg_node2' with the following arguments: {'ament_cmake_args': None, 'build_base': '/home/orin_nano/f1tenth_ws/build/urg_node2', 'catkin_cmake_args': None, 'catkin_skip_building_tests': False, 'cmake_args': None, 'cmake_clean_cache': False, 'cmake_clean_first': False, 'cmake_force_configure': False, 'cmake_target': None, 'cmake_target_skip_unavailable': False, 'install_base': '/home/orin_nano/f1tenth_ws/install/urg_node2', 'merge_install': False, 'path': '/home/orin_nano/f1tenth_ws/src/urg_node2', 'symlink_install': False, 'test_result_base': None}
[5.577s] Level 5:colcon.colcon_core.verb:set package 'vesc_msgs' build argument 'cmake_args' from command line to 'None'
[5.577s] Level 5:colcon.colcon_core.verb:set package 'vesc_msgs' build argument 'cmake_target' from command line to 'None'
[5.577s] Level 5:colcon.colcon_core.verb:set package 'vesc_msgs' build argument 'cmake_target_skip_unavailable' from command line to 'False'
[5.577s] Level 5:colcon.colcon_core.verb:set package 'vesc_msgs' build argument 'cmake_clean_cache' from command line to 'False'
[5.577s] Level 5:colcon.colcon_core.verb:set package 'vesc_msgs' build argument 'cmake_clean_first' from command line to 'False'
[5.578s] Level 5:colcon.colcon_core.verb:set package 'vesc_msgs' build argument 'cmake_force_configure' from command line to 'False'
[5.578s] Level 5:colcon.colcon_core.verb:set package 'vesc_msgs' build argument 'ament_cmake_args' from command line to 'None'
[5.578s] Level 5:colcon.colcon_core.verb:set package 'vesc_msgs' build argument 'catkin_cmake_args' from command line to 'None'
[5.578s] Level 5:colcon.colcon_core.verb:set package 'vesc_msgs' build argument 'catkin_skip_building_tests' from command line to 'False'
[5.578s] DEBUG:colcon.colcon_core.verb:Building package 'vesc_msgs' with the following arguments: {'ament_cmake_args': None, 'build_base': '/home/orin_nano/f1tenth_ws/build/vesc_msgs', 'catkin_cmake_args': None, 'catkin_skip_building_tests': False, 'cmake_args': None, 'cmake_clean_cache': False, 'cmake_clean_first': False, 'cmake_force_configure': False, 'cmake_target': None, 'cmake_target_skip_unavailable': False, 'install_base': '/home/orin_nano/f1tenth_ws/install/vesc_msgs', 'merge_install': False, 'path': '/home/orin_nano/f1tenth_ws/src/vesc/vesc_msgs', 'symlink_install': False, 'test_result_base': None}
[5.647s] Level 5:colcon.colcon_core.verb:set package 'vesc_ackermann' build argument 'cmake_args' from command line to 'None'
[5.647s] Level 5:colcon.colcon_core.verb:set package 'vesc_ackermann' build argument 'cmake_target' from command line to 'None'
[5.647s] Level 5:colcon.colcon_core.verb:set package 'vesc_ackermann' build argument 'cmake_target_skip_unavailable' from command line to 'False'
[5.647s] Level 5:colcon.colcon_core.verb:set package 'vesc_ackermann' build argument 'cmake_clean_cache' from command line to 'False'
[5.647s] Level 5:colcon.colcon_core.verb:set package 'vesc_ackermann' build argument 'cmake_clean_first' from command line to 'False'
[5.648s] Level 5:colcon.colcon_core.verb:set package 'vesc_ackermann' build argument 'cmake_force_configure' from command line to 'False'
[5.648s] Level 5:colcon.colcon_core.verb:set package 'vesc_ackermann' build argument 'ament_cmake_args' from command line to 'None'
[5.648s] Level 5:colcon.colcon_core.verb:set package 'vesc_ackermann' build argument 'catkin_cmake_args' from command line to 'None'
[5.648s] Level 5:colcon.colcon_core.verb:set package 'vesc_ackermann' build argument 'catkin_skip_building_tests' from command line to 'False'
[5.648s] DEBUG:colcon.colcon_core.verb:Building package 'vesc_ackermann' with the following arguments: {'ament_cmake_args': None, 'build_base': '/home/orin_nano/f1tenth_ws/build/vesc_ackermann', 'catkin_cmake_args': None, 'catkin_skip_building_tests': False, 'cmake_args': None, 'cmake_clean_cache': False, 'cmake_clean_first': False, 'cmake_force_configure': False, 'cmake_target': None, 'cmake_target_skip_unavailable': False, 'install_base': '/home/orin_nano/f1tenth_ws/install/vesc_ackermann', 'merge_install': False, 'path': '/home/orin_nano/f1tenth_ws/src/vesc/vesc_ackermann', 'symlink_install': False, 'test_result_base': None}
[5.717s] Level 5:colcon.colcon_core.verb:set package 'vesc_driver' build argument 'cmake_args' from command line to 'None'
[5.718s] Level 5:colcon.colcon_core.verb:set package 'vesc_driver' build argument 'cmake_target' from command line to 'None'
[5.718s] Level 5:colcon.colcon_core.verb:set package 'vesc_driver' build argument 'cmake_target_skip_unavailable' from command line to 'False'
[5.718s] Level 5:colcon.colcon_core.verb:set package 'vesc_driver' build argument 'cmake_clean_cache' from command line to 'False'
[5.718s] Level 5:colcon.colcon_core.verb:set package 'vesc_driver' build argument 'cmake_clean_first' from command line to 'False'
[5.718s] Level 5:colcon.colcon_core.verb:set package 'vesc_driver' build argument 'cmake_force_configure' from command line to 'False'
[5.718s] Level 5:colcon.colcon_core.verb:set package 'vesc_driver' build argument 'ament_cmake_args' from command line to 'None'
[5.718s] Level 5:colcon.colcon_core.verb:set package 'vesc_driver' build argument 'catkin_cmake_args' from command line to 'None'
[5.718s] Level 5:colcon.colcon_core.verb:set package 'vesc_driver' build argument 'catkin_skip_building_tests' from command line to 'False'
[5.718s] DEBUG:colcon.colcon_core.verb:Building package 'vesc_driver' with the following arguments: {'ament_cmake_args': None, 'build_base': '/home/orin_nano/f1tenth_ws/build/vesc_driver', 'catkin_cmake_args': None, 'catkin_skip_building_tests': False, 'cmake_args': None, 'cmake_clean_cache': False, 'cmake_clean_first': False, 'cmake_force_configure': False, 'cmake_target': None, 'cmake_target_skip_unavailable': False, 'install_base': '/home/orin_nano/f1tenth_ws/install/vesc_driver', 'merge_install': False, 'path': '/home/orin_nano/f1tenth_ws/src/vesc/vesc_driver', 'symlink_install': False, 'test_result_base': None}
[5.788s] Level 5:colcon.colcon_core.verb:set package 'vesc' build argument 'cmake_args' from command line to 'None'
[5.788s] Level 5:colcon.colcon_core.verb:set package 'vesc' build argument 'cmake_target' from command line to 'None'
[5.788s] Level 5:colcon.colcon_core.verb:set package 'vesc' build argument 'cmake_target_skip_unavailable' from command line to 'False'
[5.788s] Level 5:colcon.colcon_core.verb:set package 'vesc' build argument 'cmake_clean_cache' from command line to 'False'
[5.788s] Level 5:colcon.colcon_core.verb:set package 'vesc' build argument 'cmake_clean_first' from command line to 'False'
[5.788s] Level 5:colcon.colcon_core.verb:set package 'vesc' build argument 'cmake_force_configure' from command line to 'False'
[5.788s] Level 5:colcon.colcon_core.verb:set package 'vesc' build argument 'ament_cmake_args' from command line to 'None'
[5.788s] Level 5:colcon.colcon_core.verb:set package 'vesc' build argument 'catkin_cmake_args' from command line to 'None'
[5.788s] Level 5:colcon.colcon_core.verb:set package 'vesc' build argument 'catkin_skip_building_tests' from command line to 'False'
[5.788s] DEBUG:colcon.colcon_core.verb:Building package 'vesc' with the following arguments: {'ament_cmake_args': None, 'build_base': '/home/orin_nano/f1tenth_ws/build/vesc', 'catkin_cmake_args': None, 'catkin_skip_building_tests': False, 'cmake_args': None, 'cmake_clean_cache': False, 'cmake_clean_first': False, 'cmake_force_configure': False, 'cmake_target': None, 'cmake_target_skip_unavailable': False, 'install_base': '/home/orin_nano/f1tenth_ws/install/vesc', 'merge_install': False, 'path': '/home/orin_nano/f1tenth_ws/src/vesc/vesc', 'symlink_install': False, 'test_result_base': None}
[5.857s] INFO:colcon.colcon_core.executor:Executing jobs using 'parallel' executor
[5.930s] DEBUG:colcon.colcon_parallel_executor.executor.parallel:run_until_complete
[5.931s] INFO:colcon.colcon_ros.task.ament_cmake.build:Building ROS package in '/home/orin_nano/f1tenth_ws/src/vesc/vesc_msgs' with build type 'ament_cmake'
[5.931s] INFO:colcon.colcon_cmake.task.cmake.build:Building CMake package in '/home/orin_nano/f1tenth_ws/src/vesc/vesc_msgs'
[6.038s] INFO:colcon.colcon_core.plugin_system:Skipping extension 'colcon_core.shell.bat': Not used on non-Windows systems
[6.038s] INFO:colcon.colcon_core.shell:Skip shell extension 'powershell' for command environment: Not usable outside of PowerShell
[6.038s] DEBUG:colcon.colcon_core.shell:Skip shell extension 'dsv' for command environment
[6.192s] INFO:colcon.colcon_ros.task.ament_cmake.build:Building ROS package in '/home/orin_nano/f1tenth_ws/src/combine_pkg' with build type 'ament_cmake'
[6.192s] INFO:colcon.colcon_cmake.task.cmake.build:Building CMake package in '/home/orin_nano/f1tenth_ws/src/combine_pkg'
[6.266s] INFO:colcon.colcon_core.shell:Skip shell extension 'powershell' for command environment: Not usable outside of PowerShell
[6.267s] DEBUG:colcon.colcon_core.shell:Skip shell extension 'dsv' for command environment
[6.419s] INFO:colcon.colcon_ros.task.ament_python.build:Building ROS package in '/home/orin_nano/f1tenth_ws/src/f1_test' with build type 'ament_python'
[6.420s] Level 1:colcon.colcon_core.shell:create_environment_hook('f1_test', 'ament_prefix_path')
[6.494s] INFO:colcon.colcon_core.shell:Creating environment hook '/home/orin_nano/f1tenth_ws/install/f1_test/share/f1_test/hook/ament_prefix_path.ps1'
[6.496s] INFO:colcon.colcon_core.shell:Creating environment descriptor '/home/orin_nano/f1tenth_ws/install/f1_test/share/f1_test/hook/ament_prefix_path.dsv'
[6.497s] INFO:colcon.colcon_core.shell:Creating environment hook '/home/orin_nano/f1tenth_ws/install/f1_test/share/f1_test/hook/ament_prefix_path.sh'
[6.571s] INFO:colcon.colcon_core.shell:Skip shell extension 'powershell' for command environment: Not usable outside of PowerShell
[6.571s] DEBUG:colcon.colcon_core.shell:Skip shell extension 'dsv' for command environment
[6.724s] INFO:colcon.colcon_ros.task.ament_cmake.build:Building ROS package in '/home/orin_nano/f1tenth_ws/src/urg_node2' with build type 'ament_cmake'
[6.725s] INFO:colcon.colcon_cmake.task.cmake.build:Building CMake package in '/home/orin_nano/f1tenth_ws/src/urg_node2'
[6.798s] INFO:colcon.colcon_core.shell:Skip shell extension 'powershell' for command environment: Not usable outside of PowerShell
[6.799s] DEBUG:colcon.colcon_core.shell:Skip shell extension 'dsv' for command environment
[6.960s] DEBUG:colcon.colcon_core.event_handler.log_command:Invoking command in '/home/orin_nano/f1tenth_ws/build/vesc_msgs': CMAKE_PREFIX_PATH=/opt/ros/foxy /usr/bin/cmake --build /home/orin_nano/f1tenth_ws/build/vesc_msgs -- -j6 -l6
[6.977s] DEBUG:colcon.colcon_core.event_handler.log_command:Invoking command in '/home/orin_nano/f1tenth_ws/build/combine_pkg': CMAKE_PREFIX_PATH=/opt/ros/foxy /usr/bin/cmake --build /home/orin_nano/f1tenth_ws/build/combine_pkg -- -j6 -l6
[7.442s] INFO:colcon.colcon_core.task.python.build:Building Python package in '/home/orin_nano/f1tenth_ws/src/f1_test'
[7.518s] INFO:colcon.colcon_core.shell:Skip shell extension 'powershell' for command environment: Not usable outside of PowerShell
[7.518s] DEBUG:colcon.colcon_core.shell:Skip shell extension 'dsv' for command environment
[7.687s] DEBUG:colcon.colcon_core.event_handler.log_command:Invoking command in '/home/orin_nano/f1tenth_ws/build/urg_node2': CMAKE_PREFIX_PATH=/opt/ros/foxy /usr/bin/cmake --build /home/orin_nano/f1tenth_ws/build/urg_node2 -- -j6 -l6
[7.689s] DEBUG:colcon.colcon_core.event_handler.log_command:Invoked command in '/home/orin_nano/f1tenth_ws/build/vesc_msgs' returned '0': CMAKE_PREFIX_PATH=/opt/ros/foxy /usr/bin/cmake --build /home/orin_nano/f1tenth_ws/build/vesc_msgs -- -j6 -l6
[7.696s] DEBUG:colcon.colcon_core.event_handler.log_command:Invoked command in '/home/orin_nano/f1tenth_ws/build/combine_pkg' returned '0': CMAKE_PREFIX_PATH=/opt/ros/foxy /usr/bin/cmake --build /home/orin_nano/f1tenth_ws/build/combine_pkg -- -j6 -l6
[7.768s] DEBUG:colcon.colcon_core.event_handler.log_command:Invoking command in '/home/orin_nano/f1tenth_ws/build/combine_pkg': CMAKE_PREFIX_PATH=/opt/ros/foxy /usr/bin/cmake --install /home/orin_nano/f1tenth_ws/build/combine_pkg
[7.809s] Level 1:colcon.colcon_core.environment:create_environment_scripts_only(combine_pkg)
[7.810s] DEBUG:colcon.colcon_core.event_handler.log_command:Invoked command in '/home/orin_nano/f1tenth_ws/build/combine_pkg' returned '0': CMAKE_PREFIX_PATH=/opt/ros/foxy /usr/bin/cmake --install /home/orin_nano/f1tenth_ws/build/combine_pkg
[7.900s] Level 1:colcon.colcon_core.environment:checking '/home/orin_nano/f1tenth_ws/install/combine_pkg' for CMake module files
[7.901s] Level 1:colcon.colcon_core.environment:checking '/home/orin_nano/f1tenth_ws/install/combine_pkg' for CMake config files
[7.902s] Level 1:colcon.colcon_core.shell:create_environment_hook('combine_pkg', 'cmake_prefix_path')
[7.979s] INFO:colcon.colcon_core.shell:Creating environment hook '/home/orin_nano/f1tenth_ws/install/combine_pkg/share/combine_pkg/hook/cmake_prefix_path.ps1'
[7.980s] INFO:colcon.colcon_core.shell:Creating environment descriptor '/home/orin_nano/f1tenth_ws/install/combine_pkg/share/combine_pkg/hook/cmake_prefix_path.dsv'
[7.981s] INFO:colcon.colcon_core.shell:Creating environment hook '/home/orin_nano/f1tenth_ws/install/combine_pkg/share/combine_pkg/hook/cmake_prefix_path.sh'
[7.982s] Level 1:colcon.colcon_core.environment:checking '/home/orin_nano/f1tenth_ws/install/combine_pkg/bin'
[7.983s] Level 1:colcon.colcon_core.environment:checking '/home/orin_nano/f1tenth_ws/install/combine_pkg/lib/pkgconfig/combine_pkg.pc'
[7.983s] Level 1:colcon.colcon_core.environment:checking '/home/orin_nano/f1tenth_ws/install/combine_pkg/lib/python3.8/site-packages'
[7.983s] Level 1:colcon.colcon_core.environment:checking '/home/orin_nano/f1tenth_ws/install/combine_pkg/bin'
[8.057s] INFO:colcon.colcon_core.shell:Creating package script '/home/orin_nano/f1tenth_ws/install/combine_pkg/share/combine_pkg/package.ps1'
[8.059s] INFO:colcon.colcon_core.shell:Creating package descriptor '/home/orin_nano/f1tenth_ws/install/combine_pkg/share/combine_pkg/package.dsv'
[8.061s] INFO:colcon.colcon_core.shell:Creating package script '/home/orin_nano/f1tenth_ws/install/combine_pkg/share/combine_pkg/package.sh'
[8.062s] INFO:colcon.colcon_core.shell:Creating package script '/home/orin_nano/f1tenth_ws/install/combine_pkg/share/combine_pkg/package.bash'
[8.064s] INFO:colcon.colcon_core.shell:Creating package script '/home/orin_nano/f1tenth_ws/install/combine_pkg/share/combine_pkg/package.zsh'
[8.065s] Level 1:colcon.colcon_core.environment:create_file_with_runtime_dependencies(/home/orin_nano/f1tenth_ws/install/combine_pkg/share/colcon-core/packages/combine_pkg)
[8.082s] DEBUG:colcon.colcon_core.event_handler.log_command:Invoking command in '/home/orin_nano/f1tenth_ws/build/vesc_msgs': CMAKE_PREFIX_PATH=/opt/ros/foxy /usr/bin/cmake --install /home/orin_nano/f1tenth_ws/build/vesc_msgs
[8.086s] DEBUG:colcon.colcon_core.event_handler.log_command:Invoked command in '/home/orin_nano/f1tenth_ws/build/urg_node2' returned '0': CMAKE_PREFIX_PATH=/opt/ros/foxy /usr/bin/cmake --build /home/orin_nano/f1tenth_ws/build/urg_node2 -- -j6 -l6
[8.220s] Level 1:colcon.colcon_core.environment:create_environment_scripts_only(combine_pkg)
[8.293s] Level 1:colcon.colcon_core.environment:checking '/home/orin_nano/f1tenth_ws/install/combine_pkg' for CMake module files
[8.294s] Level 1:colcon.colcon_core.environment:checking '/home/orin_nano/f1tenth_ws/install/combine_pkg' for CMake config files
[8.295s] Level 1:colcon.colcon_core.shell:create_environment_hook('combine_pkg', 'cmake_prefix_path')
[8.366s] INFO:colcon.colcon_core.shell:Creating environment hook '/home/orin_nano/f1tenth_ws/install/combine_pkg/share/combine_pkg/hook/cmake_prefix_path.ps1'
[8.367s] INFO:colcon.colcon_core.shell:Creating environment descriptor '/home/orin_nano/f1tenth_ws/install/combine_pkg/share/combine_pkg/hook/cmake_prefix_path.dsv'
[8.368s] INFO:colcon.colcon_core.shell:Creating environment hook '/home/orin_nano/f1tenth_ws/install/combine_pkg/share/combine_pkg/hook/cmake_prefix_path.sh'
[8.369s] Level 1:colcon.colcon_core.environment:checking '/home/orin_nano/f1tenth_ws/install/combine_pkg/bin'
[8.369s] Level 1:colcon.colcon_core.environment:checking '/home/orin_nano/f1tenth_ws/install/combine_pkg/lib/pkgconfig/combine_pkg.pc'
[8.370s] Level 1:colcon.colcon_core.environment:checking '/home/orin_nano/f1tenth_ws/install/combine_pkg/lib/python3.8/site-packages'
[8.370s] Level 1:colcon.colcon_core.environment:checking '/home/orin_nano/f1tenth_ws/install/combine_pkg/bin'
[8.442s] INFO:colcon.colcon_core.shell:Creating package script '/home/orin_nano/f1tenth_ws/install/combine_pkg/share/combine_pkg/package.ps1'
[8.444s] INFO:colcon.colcon_core.shell:Creating package descriptor '/home/orin_nano/f1tenth_ws/install/combine_pkg/share/combine_pkg/package.dsv'
[8.445s] INFO:colcon.colcon_core.shell:Creating package script '/home/orin_nano/f1tenth_ws/install/combine_pkg/share/combine_pkg/package.sh'
[8.445s] INFO:colcon.colcon_core.shell:Creating package script '/home/orin_nano/f1tenth_ws/install/combine_pkg/share/combine_pkg/package.bash'
[8.446s] INFO:colcon.colcon_core.shell:Creating package script '/home/orin_nano/f1tenth_ws/install/combine_pkg/share/combine_pkg/package.zsh'
[8.447s] Level 1:colcon.colcon_core.environment:create_file_with_runtime_dependencies(/home/orin_nano/f1tenth_ws/install/combine_pkg/share/colcon-core/packages/combine_pkg)
[8.455s] DEBUG:colcon.colcon_core.event_handler.log_command:Invoking command in '/home/orin_nano/f1tenth_ws/build/urg_node2': CMAKE_PREFIX_PATH=/opt/ros/foxy /usr/bin/cmake --install /home/orin_nano/f1tenth_ws/build/urg_node2
[8.459s] Level 1:colcon.colcon_core.environment:create_environment_scripts_only(vesc_msgs)
[8.460s] DEBUG:colcon.colcon_core.event_handler.log_command:Invoked command in '/home/orin_nano/f1tenth_ws/build/vesc_msgs' returned '0': CMAKE_PREFIX_PATH=/opt/ros/foxy /usr/bin/cmake --install /home/orin_nano/f1tenth_ws/build/vesc_msgs
[8.547s] Level 1:colcon.colcon_core.environment:checking '/home/orin_nano/f1tenth_ws/install/vesc_msgs' for CMake module files
[8.549s] Level 1:colcon.colcon_core.environment:checking '/home/orin_nano/f1tenth_ws/install/vesc_msgs' for CMake config files
[8.550s] Level 1:colcon.colcon_core.shell:create_environment_hook('vesc_msgs', 'cmake_prefix_path')
[8.624s] INFO:colcon.colcon_core.shell:Creating environment hook '/home/orin_nano/f1tenth_ws/install/vesc_msgs/share/vesc_msgs/hook/cmake_prefix_path.ps1'
[8.625s] INFO:colcon.colcon_core.shell:Creating environment descriptor '/home/orin_nano/f1tenth_ws/install/vesc_msgs/share/vesc_msgs/hook/cmake_prefix_path.dsv'
[8.626s] INFO:colcon.colcon_core.shell:Creating environment hook '/home/orin_nano/f1tenth_ws/install/vesc_msgs/share/vesc_msgs/hook/cmake_prefix_path.sh'
[8.627s] Level 1:colcon.colcon_core.environment:checking '/home/orin_nano/f1tenth_ws/install/vesc_msgs/lib'
[8.628s] Level 1:colcon.colcon_core.shell:create_environment_hook('vesc_msgs', 'ld_library_path_lib')
[8.734s] INFO:colcon.colcon_core.shell:Creating environment hook '/home/orin_nano/f1tenth_ws/install/vesc_msgs/share/vesc_msgs/hook/ld_library_path_lib.ps1'
[8.735s] INFO:colcon.colcon_core.shell:Creating environment descriptor '/home/orin_nano/f1tenth_ws/install/vesc_msgs/share/vesc_msgs/hook/ld_library_path_lib.dsv'
[8.736s] INFO:colcon.colcon_core.shell:Creating environment hook '/home/orin_nano/f1tenth_ws/install/vesc_msgs/share/vesc_msgs/hook/ld_library_path_lib.sh'
[8.737s] Level 1:colcon.colcon_core.environment:checking '/home/orin_nano/f1tenth_ws/install/vesc_msgs/bin'
[8.737s] Level 1:colcon.colcon_core.environment:checking '/home/orin_nano/f1tenth_ws/install/vesc_msgs/lib/pkgconfig/vesc_msgs.pc'
[8.737s] Level 1:colcon.colcon_core.environment:checking '/home/orin_nano/f1tenth_ws/install/vesc_msgs/lib/python3.8/site-packages'
[8.738s] Level 1:colcon.colcon_core.shell:create_environment_hook('vesc_msgs', 'pythonpath')
[8.809s] INFO:colcon.colcon_core.shell:Creating environment hook '/home/orin_nano/f1tenth_ws/install/vesc_msgs/share/vesc_msgs/hook/pythonpath.ps1'
[8.810s] INFO:colcon.colcon_core.shell:Creating environment descriptor '/home/orin_nano/f1tenth_ws/install/vesc_msgs/share/vesc_msgs/hook/pythonpath.dsv'
[8.811s] INFO:colcon.colcon_core.shell:Creating environment hook '/home/orin_nano/f1tenth_ws/install/vesc_msgs/share/vesc_msgs/hook/pythonpath.sh'
[8.812s] Level 1:colcon.colcon_core.environment:checking '/home/orin_nano/f1tenth_ws/install/vesc_msgs/bin'
[8.884s] INFO:colcon.colcon_core.shell:Creating package script '/home/orin_nano/f1tenth_ws/install/vesc_msgs/share/vesc_msgs/package.ps1'
[8.885s] INFO:colcon.colcon_core.shell:Creating package descriptor '/home/orin_nano/f1tenth_ws/install/vesc_msgs/share/vesc_msgs/package.dsv'
[8.886s] INFO:colcon.colcon_core.shell:Creating package script '/home/orin_nano/f1tenth_ws/install/vesc_msgs/share/vesc_msgs/package.sh'
[8.887s] INFO:colcon.colcon_core.shell:Creating package script '/home/orin_nano/f1tenth_ws/install/vesc_msgs/share/vesc_msgs/package.bash'
[8.888s] INFO:colcon.colcon_core.shell:Creating package script '/home/orin_nano/f1tenth_ws/install/vesc_msgs/share/vesc_msgs/package.zsh'
[8.889s] Level 1:colcon.colcon_core.environment:create_file_with_runtime_dependencies(/home/orin_nano/f1tenth_ws/install/vesc_msgs/share/colcon-core/packages/vesc_msgs)
[8.905s] DEBUG:colcon.colcon_core.event_handler.log_command:Invoking command in '/home/orin_nano/f1tenth_ws/src/f1_test': PYTHONPATH=/home/orin_nano/f1tenth_ws/build/f1_test/prefix_override:/home/orin_nano/f1tenth_ws/install/f1_test/lib/python3.8/site-packages:${PYTHONPATH} /usr/bin/python3 setup.py egg_info --egg-base ../../build/f1_test build --build-base /home/orin_nano/f1tenth_ws/build/f1_test/build install --record /home/orin_nano/f1tenth_ws/build/f1_test/install.log --install-scripts $base/lib/f1_test --single-version-externally-managed
[8.907s] Level 1:colcon.colcon_core.environment:create_environment_scripts_only(urg_node2)
[8.909s] DEBUG:colcon.colcon_core.event_handler.log_command:Invoked command in '/home/orin_nano/f1tenth_ws/build/urg_node2' returned '0': CMAKE_PREFIX_PATH=/opt/ros/foxy /usr/bin/cmake --install /home/orin_nano/f1tenth_ws/build/urg_node2
[8.989s] Level 1:colcon.colcon_core.environment:checking '/home/orin_nano/f1tenth_ws/install/urg_node2' for CMake module files
[8.990s] Level 1:colcon.colcon_core.environment:checking '/home/orin_nano/f1tenth_ws/install/urg_node2' for CMake config files
[8.991s] Level 1:colcon.colcon_core.shell:create_environment_hook('urg_node2', 'cmake_prefix_path')
[9.068s] INFO:colcon.colcon_core.shell:Creating environment hook '/home/orin_nano/f1tenth_ws/install/urg_node2/share/urg_node2/hook/cmake_prefix_path.ps1'
[9.070s] INFO:colcon.colcon_core.shell:Creating environment descriptor '/home/orin_nano/f1tenth_ws/install/urg_node2/share/urg_node2/hook/cmake_prefix_path.dsv'
[9.071s] INFO:colcon.colcon_core.shell:Creating environment hook '/home/orin_nano/f1tenth_ws/install/urg_node2/share/urg_node2/hook/cmake_prefix_path.sh'
[9.072s] Level 1:colcon.colcon_core.environment:checking '/home/orin_nano/f1tenth_ws/install/urg_node2/lib'
[9.072s] Level 1:colcon.colcon_core.shell:create_environment_hook('urg_node2', 'ld_library_path_lib')
[9.146s] INFO:colcon.colcon_core.shell:Creating environment hook '/home/orin_nano/f1tenth_ws/install/urg_node2/share/urg_node2/hook/ld_library_path_lib.ps1'
[9.148s] INFO:colcon.colcon_core.shell:Creating environment descriptor '/home/orin_nano/f1tenth_ws/install/urg_node2/share/urg_node2/hook/ld_library_path_lib.dsv'
[9.148s] INFO:colcon.colcon_core.shell:Creating environment hook '/home/orin_nano/f1tenth_ws/install/urg_node2/share/urg_node2/hook/ld_library_path_lib.sh'
[9.149s] Level 1:colcon.colcon_core.environment:checking '/home/orin_nano/f1tenth_ws/install/urg_node2/bin'
[9.149s] Level 1:colcon.colcon_core.environment:checking '/home/orin_nano/f1tenth_ws/install/urg_node2/lib/pkgconfig/urg_node2.pc'
[9.150s] Level 1:colcon.colcon_core.environment:checking '/home/orin_nano/f1tenth_ws/install/urg_node2/lib/python3.8/site-packages'
[9.150s] Level 1:colcon.colcon_core.environment:checking '/home/orin_nano/f1tenth_ws/install/urg_node2/bin'
[9.224s] INFO:colcon.colcon_core.shell:Creating package script '/home/orin_nano/f1tenth_ws/install/urg_node2/share/urg_node2/package.ps1'
[9.225s] INFO:colcon.colcon_core.shell:Creating package descriptor '/home/orin_nano/f1tenth_ws/install/urg_node2/share/urg_node2/package.dsv'
[9.226s] INFO:colcon.colcon_core.shell:Creating package script '/home/orin_nano/f1tenth_ws/install/urg_node2/share/urg_node2/package.sh'
[9.227s] INFO:colcon.colcon_core.shell:Creating package script '/home/orin_nano/f1tenth_ws/install/urg_node2/share/urg_node2/package.bash'
[9.228s] INFO:colcon.colcon_core.shell:Creating package script '/home/orin_nano/f1tenth_ws/install/urg_node2/share/urg_node2/package.zsh'
[9.229s] Level 1:colcon.colcon_core.environment:create_file_with_runtime_dependencies(/home/orin_nano/f1tenth_ws/install/urg_node2/share/colcon-core/packages/urg_node2)
[9.318s] Level 1:colcon.colcon_core.environment:create_environment_scripts_only(vesc_msgs)
[9.396s] Level 1:colcon.colcon_core.environment:checking '/home/orin_nano/f1tenth_ws/install/vesc_msgs' for CMake module files
[9.397s] Level 1:colcon.colcon_core.environment:checking '/home/orin_nano/f1tenth_ws/install/vesc_msgs' for CMake config files
[9.399s] Level 1:colcon.colcon_core.shell:create_environment_hook('vesc_msgs', 'cmake_prefix_path')
[9.481s] INFO:colcon.colcon_core.shell:Creating environment hook '/home/orin_nano/f1tenth_ws/install/vesc_msgs/share/vesc_msgs/hook/cmake_prefix_path.ps1'
[9.482s] INFO:colcon.colcon_core.shell:Creating environment descriptor '/home/orin_nano/f1tenth_ws/install/vesc_msgs/share/vesc_msgs/hook/cmake_prefix_path.dsv'
[9.483s] INFO:colcon.colcon_core.shell:Creating environment hook '/home/orin_nano/f1tenth_ws/install/vesc_msgs/share/vesc_msgs/hook/cmake_prefix_path.sh'
[9.485s] Level 1:colcon.colcon_core.environment:checking '/home/orin_nano/f1tenth_ws/install/vesc_msgs/lib'
[9.485s] Level 1:colcon.colcon_core.shell:create_environment_hook('vesc_msgs', 'ld_library_path_lib')
[9.559s] INFO:colcon.colcon_core.shell:Creating environment hook '/home/orin_nano/f1tenth_ws/install/vesc_msgs/share/vesc_msgs/hook/ld_library_path_lib.ps1'
[9.560s] INFO:colcon.colcon_core.shell:Creating environment descriptor '/home/orin_nano/f1tenth_ws/install/vesc_msgs/share/vesc_msgs/hook/ld_library_path_lib.dsv'
[9.561s] INFO:colcon.colcon_core.shell:Creating environment hook '/home/orin_nano/f1tenth_ws/install/vesc_msgs/share/vesc_msgs/hook/ld_library_path_lib.sh'
[9.561s] Level 1:colcon.colcon_core.environment:checking '/home/orin_nano/f1tenth_ws/install/vesc_msgs/bin'
[9.562s] Level 1:colcon.colcon_core.environment:checking '/home/orin_nano/f1tenth_ws/install/vesc_msgs/lib/pkgconfig/vesc_msgs.pc'
[9.562s] Level 1:colcon.colcon_core.environment:checking '/home/orin_nano/f1tenth_ws/install/vesc_msgs/lib/python3.8/site-packages'
[9.562s] Level 1:colcon.colcon_core.shell:create_environment_hook('vesc_msgs', 'pythonpath')
[9.635s] INFO:colcon.colcon_core.shell:Creating environment hook '/home/orin_nano/f1tenth_ws/install/vesc_msgs/share/vesc_msgs/hook/pythonpath.ps1'
[9.636s] INFO:colcon.colcon_core.shell:Creating environment descriptor '/home/orin_nano/f1tenth_ws/install/vesc_msgs/share/vesc_msgs/hook/pythonpath.dsv'
[9.636s] INFO:colcon.colcon_core.shell:Creating environment hook '/home/orin_nano/f1tenth_ws/install/vesc_msgs/share/vesc_msgs/hook/pythonpath.sh'
[9.637s] Level 1:colcon.colcon_core.environment:checking '/home/orin_nano/f1tenth_ws/install/vesc_msgs/bin'
[9.710s] INFO:colcon.colcon_core.shell:Creating package script '/home/orin_nano/f1tenth_ws/install/vesc_msgs/share/vesc_msgs/package.ps1'
[9.712s] INFO:colcon.colcon_core.shell:Creating package descriptor '/home/orin_nano/f1tenth_ws/install/vesc_msgs/share/vesc_msgs/package.dsv'
[9.713s] INFO:colcon.colcon_core.shell:Creating package script '/home/orin_nano/f1tenth_ws/install/vesc_msgs/share/vesc_msgs/package.sh'
[9.714s] INFO:colcon.colcon_core.shell:Creating package script '/home/orin_nano/f1tenth_ws/install/vesc_msgs/share/vesc_msgs/package.bash'
[9.714s] INFO:colcon.colcon_core.shell:Creating package script '/home/orin_nano/f1tenth_ws/install/vesc_msgs/share/vesc_msgs/package.zsh'
[9.715s] Level 1:colcon.colcon_core.environment:create_file_with_runtime_dependencies(/home/orin_nano/f1tenth_ws/install/vesc_msgs/share/colcon-core/packages/vesc_msgs)
[9.718s] INFO:colcon.colcon_ros.task.ament_cmake.build:Building ROS package in '/home/orin_nano/f1tenth_ws/src/vesc/vesc_ackermann' with build type 'ament_cmake'
[9.718s] INFO:colcon.colcon_cmake.task.cmake.build:Building CMake package in '/home/orin_nano/f1tenth_ws/src/vesc/vesc_ackermann'
[9.791s] INFO:colcon.colcon_core.shell:Skip shell extension 'powershell' for command environment: Not usable outside of PowerShell
[9.792s] DEBUG:colcon.colcon_core.shell:Skip shell extension 'dsv' for command environment
[9.947s] INFO:colcon.colcon_ros.task.ament_cmake.build:Building ROS package in '/home/orin_nano/f1tenth_ws/src/vesc/vesc_driver' with build type 'ament_cmake'
[9.948s] INFO:colcon.colcon_cmake.task.cmake.build:Building CMake package in '/home/orin_nano/f1tenth_ws/src/vesc/vesc_driver'
[10.022s] INFO:colcon.colcon_core.shell:Skip shell extension 'powershell' for command environment: Not usable outside of PowerShell
[10.022s] DEBUG:colcon.colcon_core.shell:Skip shell extension 'dsv' for command environment
[10.178s] DEBUG:colcon.colcon_core.event_handler.log_command:Invoked command in '/home/orin_nano/f1tenth_ws/src/f1_test' returned '0': PYTHONPATH=/home/orin_nano/f1tenth_ws/build/f1_test/prefix_override:/home/orin_nano/f1tenth_ws/install/f1_test/lib/python3.8/site-packages:${PYTHONPATH} /usr/bin/python3 setup.py egg_info --egg-base ../../build/f1_test build --build-base /home/orin_nano/f1tenth_ws/build/f1_test/build install --record /home/orin_nano/f1tenth_ws/build/f1_test/install.log --install-scripts $base/lib/f1_test --single-version-externally-managed
[10.251s] Level 1:colcon.colcon_core.environment:checking '/home/orin_nano/f1tenth_ws/install/f1_test' for CMake module files
[10.252s] Level 1:colcon.colcon_core.environment:checking '/home/orin_nano/f1tenth_ws/install/f1_test' for CMake config files
[10.253s] Level 1:colcon.colcon_core.environment:checking '/home/orin_nano/f1tenth_ws/install/f1_test/lib'
[10.254s] Level 1:colcon.colcon_core.environment:checking '/home/orin_nano/f1tenth_ws/install/f1_test/bin'
[10.254s] Level 1:colcon.colcon_core.environment:checking '/home/orin_nano/f1tenth_ws/install/f1_test/lib/pkgconfig/f1_test.pc'
[10.254s] Level 1:colcon.colcon_core.environment:checking '/home/orin_nano/f1tenth_ws/install/f1_test/lib/python3.8/site-packages'
[10.254s] Level 1:colcon.colcon_core.shell:create_environment_hook('f1_test', 'pythonpath')
[10.326s] INFO:colcon.colcon_core.shell:Creating environment hook '/home/orin_nano/f1tenth_ws/install/f1_test/share/f1_test/hook/pythonpath.ps1'
[10.327s] INFO:colcon.colcon_core.shell:Creating environment descriptor '/home/orin_nano/f1tenth_ws/install/f1_test/share/f1_test/hook/pythonpath.dsv'
[10.328s] INFO:colcon.colcon_core.shell:Creating environment hook '/home/orin_nano/f1tenth_ws/install/f1_test/share/f1_test/hook/pythonpath.sh'
[10.329s] Level 1:colcon.colcon_core.environment:checking '/home/orin_nano/f1tenth_ws/install/f1_test/bin'
[10.329s] Level 1:colcon.colcon_core.environment:create_environment_scripts_only(f1_test)
[10.402s] INFO:colcon.colcon_core.shell:Creating package script '/home/orin_nano/f1tenth_ws/install/f1_test/share/f1_test/package.ps1'
[10.403s] INFO:colcon.colcon_core.shell:Creating package descriptor '/home/orin_nano/f1tenth_ws/install/f1_test/share/f1_test/package.dsv'
[10.404s] INFO:colcon.colcon_core.shell:Creating package script '/home/orin_nano/f1tenth_ws/install/f1_test/share/f1_test/package.sh'
[10.405s] INFO:colcon.colcon_core.shell:Creating package script '/home/orin_nano/f1tenth_ws/install/f1_test/share/f1_test/package.bash'
[10.405s] INFO:colcon.colcon_core.shell:Creating package script '/home/orin_nano/f1tenth_ws/install/f1_test/share/f1_test/package.zsh'
[10.406s] Level 1:colcon.colcon_core.environment:create_file_with_runtime_dependencies(/home/orin_nano/f1tenth_ws/install/f1_test/share/colcon-core/packages/f1_test)
[10.481s] Level 1:colcon.colcon_core.environment:create_environment_scripts_only(urg_node2)
[10.553s] Level 1:colcon.colcon_core.environment:checking '/home/orin_nano/f1tenth_ws/install/urg_node2' for CMake module files
[10.554s] Level 1:colcon.colcon_core.environment:checking '/home/orin_nano/f1tenth_ws/install/urg_node2' for CMake config files
[10.555s] Level 1:colcon.colcon_core.shell:create_environment_hook('urg_node2', 'cmake_prefix_path')
[10.626s] INFO:colcon.colcon_core.shell:Creating environment hook '/home/orin_nano/f1tenth_ws/install/urg_node2/share/urg_node2/hook/cmake_prefix_path.ps1'
[10.627s] INFO:colcon.colcon_core.shell:Creating environment descriptor '/home/orin_nano/f1tenth_ws/install/urg_node2/share/urg_node2/hook/cmake_prefix_path.dsv'
[10.628s] INFO:colcon.colcon_core.shell:Creating environment hook '/home/orin_nano/f1tenth_ws/install/urg_node2/share/urg_node2/hook/cmake_prefix_path.sh'
[10.629s] Level 1:colcon.colcon_core.environment:checking '/home/orin_nano/f1tenth_ws/install/urg_node2/lib'
[10.630s] Level 1:colcon.colcon_core.shell:create_environment_hook('urg_node2', 'ld_library_path_lib')
[10.733s] INFO:colcon.colcon_core.shell:Creating environment hook '/home/orin_nano/f1tenth_ws/install/urg_node2/share/urg_node2/hook/ld_library_path_lib.ps1'
[10.735s] INFO:colcon.colcon_core.shell:Creating environment descriptor '/home/orin_nano/f1tenth_ws/install/urg_node2/share/urg_node2/hook/ld_library_path_lib.dsv'
[10.735s] INFO:colcon.colcon_core.shell:Creating environment hook '/home/orin_nano/f1tenth_ws/install/urg_node2/share/urg_node2/hook/ld_library_path_lib.sh'
[10.736s] Level 1:colcon.colcon_core.environment:checking '/home/orin_nano/f1tenth_ws/install/urg_node2/bin'
[10.736s] Level 1:colcon.colcon_core.environment:checking '/home/orin_nano/f1tenth_ws/install/urg_node2/lib/pkgconfig/urg_node2.pc'
[10.737s] Level 1:colcon.colcon_core.environment:checking '/home/orin_nano/f1tenth_ws/install/urg_node2/lib/python3.8/site-packages'
[10.737s] Level 1:colcon.colcon_core.environment:checking '/home/orin_nano/f1tenth_ws/install/urg_node2/bin'
[10.810s] INFO:colcon.colcon_core.shell:Creating package script '/home/orin_nano/f1tenth_ws/install/urg_node2/share/urg_node2/package.ps1'
[10.811s] INFO:colcon.colcon_core.shell:Creating package descriptor '/home/orin_nano/f1tenth_ws/install/urg_node2/share/urg_node2/package.dsv'
[10.812s] INFO:colcon.colcon_core.shell:Creating package script '/home/orin_nano/f1tenth_ws/install/urg_node2/share/urg_node2/package.sh'
[10.813s] INFO:colcon.colcon_core.shell:Creating package script '/home/orin_nano/f1tenth_ws/install/urg_node2/share/urg_node2/package.bash'
[10.814s] INFO:colcon.colcon_core.shell:Creating package script '/home/orin_nano/f1tenth_ws/install/urg_node2/share/urg_node2/package.zsh'
[10.814s] Level 1:colcon.colcon_core.environment:create_file_with_runtime_dependencies(/home/orin_nano/f1tenth_ws/install/urg_node2/share/colcon-core/packages/urg_node2)
[10.827s] DEBUG:colcon.colcon_core.event_handler.log_command:Invoking command in '/home/orin_nano/f1tenth_ws/build/vesc_ackermann': AMENT_PREFIX_PATH=/home/orin_nano/f1tenth_ws/install/vesc_msgs:${AMENT_PREFIX_PATH} CMAKE_PREFIX_PATH=/home/orin_nano/f1tenth_ws/install/vesc_msgs:/opt/ros/foxy LD_LIBRARY_PATH=/home/orin_nano/f1tenth_ws/install/vesc_msgs/lib:/opt/ros/foxy/opt/yaml_cpp_vendor/lib:/opt/ros/foxy/opt/rviz_ogre_vendor/lib:/opt/ros/foxy/lib/aarch64-linux-gnu:/opt/ros/foxy/lib:/usr/local/cuda-11.4/lib64 PYTHONPATH=/home/orin_nano/f1tenth_ws/install/vesc_msgs/lib/python3.8/site-packages:${PYTHONPATH} /usr/bin/cmake --build /home/orin_nano/f1tenth_ws/build/vesc_ackermann -- -j6 -l6
[10.839s] DEBUG:colcon.colcon_core.event_handler.log_command:Invoking command in '/home/orin_nano/f1tenth_ws/build/vesc_driver': AMENT_PREFIX_PATH=/home/orin_nano/f1tenth_ws/install/vesc_msgs:${AMENT_PREFIX_PATH} CMAKE_PREFIX_PATH=/home/orin_nano/f1tenth_ws/install/vesc_msgs:/opt/ros/foxy LD_LIBRARY_PATH=/home/orin_nano/f1tenth_ws/install/vesc_msgs/lib:/opt/ros/foxy/opt/yaml_cpp_vendor/lib:/opt/ros/foxy/opt/rviz_ogre_vendor/lib:/opt/ros/foxy/lib/aarch64-linux-gnu:/opt/ros/foxy/lib:/usr/local/cuda-11.4/lib64 PYTHONPATH=/home/orin_nano/f1tenth_ws/install/vesc_msgs/lib/python3.8/site-packages:${PYTHONPATH} /usr/bin/cmake --build /home/orin_nano/f1tenth_ws/build/vesc_driver -- -j6 -l6
[11.053s] DEBUG:colcon.colcon_core.event_handler.log_command:Invoked command in '/home/orin_nano/f1tenth_ws/build/vesc_driver' returned '0': AMENT_PREFIX_PATH=/home/orin_nano/f1tenth_ws/install/vesc_msgs:${AMENT_PREFIX_PATH} CMAKE_PREFIX_PATH=/home/orin_nano/f1tenth_ws/install/vesc_msgs:/opt/ros/foxy LD_LIBRARY_PATH=/home/orin_nano/f1tenth_ws/install/vesc_msgs/lib:/opt/ros/foxy/opt/yaml_cpp_vendor/lib:/opt/ros/foxy/opt/rviz_ogre_vendor/lib:/opt/ros/foxy/lib/aarch64-linux-gnu:/opt/ros/foxy/lib:/usr/local/cuda-11.4/lib64 PYTHONPATH=/home/orin_nano/f1tenth_ws/install/vesc_msgs/lib/python3.8/site-packages:${PYTHONPATH} /usr/bin/cmake --build /home/orin_nano/f1tenth_ws/build/vesc_driver -- -j6 -l6
[11.130s] DEBUG:colcon.colcon_core.event_handler.log_command:Invoking command in '/home/orin_nano/f1tenth_ws/build/vesc_driver': AMENT_PREFIX_PATH=/home/orin_nano/f1tenth_ws/install/vesc_msgs:${AMENT_PREFIX_PATH} CMAKE_PREFIX_PATH=/home/orin_nano/f1tenth_ws/install/vesc_msgs:/opt/ros/foxy LD_LIBRARY_PATH=/home/orin_nano/f1tenth_ws/install/vesc_msgs/lib:/opt/ros/foxy/opt/yaml_cpp_vendor/lib:/opt/ros/foxy/opt/rviz_ogre_vendor/lib:/opt/ros/foxy/lib/aarch64-linux-gnu:/opt/ros/foxy/lib:/usr/local/cuda-11.4/lib64 PYTHONPATH=/home/orin_nano/f1tenth_ws/install/vesc_msgs/lib/python3.8/site-packages:${PYTHONPATH} /usr/bin/cmake --install /home/orin_nano/f1tenth_ws/build/vesc_driver
[11.161s] Level 1:colcon.colcon_core.environment:create_environment_scripts_only(vesc_driver)
[11.162s] DEBUG:colcon.colcon_core.event_handler.log_command:Invoked command in '/home/orin_nano/f1tenth_ws/build/vesc_driver' returned '0': AMENT_PREFIX_PATH=/home/orin_nano/f1tenth_ws/install/vesc_msgs:${AMENT_PREFIX_PATH} CMAKE_PREFIX_PATH=/home/orin_nano/f1tenth_ws/install/vesc_msgs:/opt/ros/foxy LD_LIBRARY_PATH=/home/orin_nano/f1tenth_ws/install/vesc_msgs/lib:/opt/ros/foxy/opt/yaml_cpp_vendor/lib:/opt/ros/foxy/opt/rviz_ogre_vendor/lib:/opt/ros/foxy/lib/aarch64-linux-gnu:/opt/ros/foxy/lib:/usr/local/cuda-11.4/lib64 PYTHONPATH=/home/orin_nano/f1tenth_ws/install/vesc_msgs/lib/python3.8/site-packages:${PYTHONPATH} /usr/bin/cmake --install /home/orin_nano/f1tenth_ws/build/vesc_driver
[11.238s] Level 1:colcon.colcon_core.environment:checking '/home/orin_nano/f1tenth_ws/install/vesc_driver' for CMake module files
[11.239s] Level 1:colcon.colcon_core.environment:checking '/home/orin_nano/f1tenth_ws/install/vesc_driver' for CMake config files
[11.240s] Level 1:colcon.colcon_core.shell:create_environment_hook('vesc_driver', 'cmake_prefix_path')
[11.312s] INFO:colcon.colcon_core.shell:Creating environment hook '/home/orin_nano/f1tenth_ws/install/vesc_driver/share/vesc_driver/hook/cmake_prefix_path.ps1'
[11.314s] INFO:colcon.colcon_core.shell:Creating environment descriptor '/home/orin_nano/f1tenth_ws/install/vesc_driver/share/vesc_driver/hook/cmake_prefix_path.dsv'
[11.314s] INFO:colcon.colcon_core.shell:Creating environment hook '/home/orin_nano/f1tenth_ws/install/vesc_driver/share/vesc_driver/hook/cmake_prefix_path.sh'
[11.316s] Level 1:colcon.colcon_core.environment:checking '/home/orin_nano/f1tenth_ws/install/vesc_driver/lib'
[11.316s] Level 1:colcon.colcon_core.shell:create_environment_hook('vesc_driver', 'ld_library_path_lib')
[11.387s] INFO:colcon.colcon_core.shell:Creating environment hook '/home/orin_nano/f1tenth_ws/install/vesc_driver/share/vesc_driver/hook/ld_library_path_lib.ps1'
[11.389s] INFO:colcon.colcon_core.shell:Creating environment descriptor '/home/orin_nano/f1tenth_ws/install/vesc_driver/share/vesc_driver/hook/ld_library_path_lib.dsv'
[11.389s] INFO:colcon.colcon_core.shell:Creating environment hook '/home/orin_nano/f1tenth_ws/install/vesc_driver/share/vesc_driver/hook/ld_library_path_lib.sh'
[11.390s] Level 1:colcon.colcon_core.environment:checking '/home/orin_nano/f1tenth_ws/install/vesc_driver/bin'
[11.390s] Level 1:colcon.colcon_core.environment:checking '/home/orin_nano/f1tenth_ws/install/vesc_driver/lib/pkgconfig/vesc_driver.pc'
[11.391s] Level 1:colcon.colcon_core.environment:checking '/home/orin_nano/f1tenth_ws/install/vesc_driver/lib/python3.8/site-packages'
[11.391s] Level 1:colcon.colcon_core.environment:checking '/home/orin_nano/f1tenth_ws/install/vesc_driver/bin'
[11.463s] INFO:colcon.colcon_core.shell:Creating package script '/home/orin_nano/f1tenth_ws/install/vesc_driver/share/vesc_driver/package.ps1'
[11.464s] INFO:colcon.colcon_core.shell:Creating package descriptor '/home/orin_nano/f1tenth_ws/install/vesc_driver/share/vesc_driver/package.dsv'
[11.465s] INFO:colcon.colcon_core.shell:Creating package script '/home/orin_nano/f1tenth_ws/install/vesc_driver/share/vesc_driver/package.sh'
[11.466s] INFO:colcon.colcon_core.shell:Creating package script '/home/orin_nano/f1tenth_ws/install/vesc_driver/share/vesc_driver/package.bash'
[11.467s] INFO:colcon.colcon_core.shell:Creating package script '/home/orin_nano/f1tenth_ws/install/vesc_driver/share/vesc_driver/package.zsh'
[11.467s] Level 1:colcon.colcon_core.environment:create_file_with_runtime_dependencies(/home/orin_nano/f1tenth_ws/install/vesc_driver/share/colcon-core/packages/vesc_driver)
[11.612s] Level 1:colcon.colcon_core.environment:create_environment_scripts_only(vesc_driver)
[11.689s] Level 1:colcon.colcon_core.environment:checking '/home/orin_nano/f1tenth_ws/install/vesc_driver' for CMake module files
[11.690s] Level 1:colcon.colcon_core.environment:checking '/home/orin_nano/f1tenth_ws/install/vesc_driver' for CMake config files
[11.691s] Level 1:colcon.colcon_core.shell:create_environment_hook('vesc_driver', 'cmake_prefix_path')
[11.766s] INFO:colcon.colcon_core.shell:Creating environment hook '/home/orin_nano/f1tenth_ws/install/vesc_driver/share/vesc_driver/hook/cmake_prefix_path.ps1'
[11.768s] INFO:colcon.colcon_core.shell:Creating environment descriptor '/home/orin_nano/f1tenth_ws/install/vesc_driver/share/vesc_driver/hook/cmake_prefix_path.dsv'
[11.769s] INFO:colcon.colcon_core.shell:Creating environment hook '/home/orin_nano/f1tenth_ws/install/vesc_driver/share/vesc_driver/hook/cmake_prefix_path.sh'
[11.770s] Level 1:colcon.colcon_core.environment:checking '/home/orin_nano/f1tenth_ws/install/vesc_driver/lib'
[11.770s] Level 1:colcon.colcon_core.shell:create_environment_hook('vesc_driver', 'ld_library_path_lib')
[11.846s] INFO:colcon.colcon_core.shell:Creating environment hook '/home/orin_nano/f1tenth_ws/install/vesc_driver/share/vesc_driver/hook/ld_library_path_lib.ps1'
[11.848s] INFO:colcon.colcon_core.shell:Creating environment descriptor '/home/orin_nano/f1tenth_ws/install/vesc_driver/share/vesc_driver/hook/ld_library_path_lib.dsv'
[11.848s] INFO:colcon.colcon_core.shell:Creating environment hook '/home/orin_nano/f1tenth_ws/install/vesc_driver/share/vesc_driver/hook/ld_library_path_lib.sh'
[11.849s] Level 1:colcon.colcon_core.environment:checking '/home/orin_nano/f1tenth_ws/install/vesc_driver/bin'
[11.849s] Level 1:colcon.colcon_core.environment:checking '/home/orin_nano/f1tenth_ws/install/vesc_driver/lib/pkgconfig/vesc_driver.pc'
[11.850s] Level 1:colcon.colcon_core.environment:checking '/home/orin_nano/f1tenth_ws/install/vesc_driver/lib/python3.8/site-packages'
[11.850s] Level 1:colcon.colcon_core.environment:checking '/home/orin_nano/f1tenth_ws/install/vesc_driver/bin'
[11.927s] INFO:colcon.colcon_core.shell:Creating package script '/home/orin_nano/f1tenth_ws/install/vesc_driver/share/vesc_driver/package.ps1'
[11.929s] INFO:colcon.colcon_core.shell:Creating package descriptor '/home/orin_nano/f1tenth_ws/install/vesc_driver/share/vesc_driver/package.dsv'
[11.930s] INFO:colcon.colcon_core.shell:Creating package script '/home/orin_nano/f1tenth_ws/install/vesc_driver/share/vesc_driver/package.sh'
[11.931s] INFO:colcon.colcon_core.shell:Creating package script '/home/orin_nano/f1tenth_ws/install/vesc_driver/share/vesc_driver/package.bash'
[11.932s] INFO:colcon.colcon_core.shell:Creating package script '/home/orin_nano/f1tenth_ws/install/vesc_driver/share/vesc_driver/package.zsh'
[11.933s] Level 1:colcon.colcon_core.environment:create_file_with_runtime_dependencies(/home/orin_nano/f1tenth_ws/install/vesc_driver/share/colcon-core/packages/vesc_driver)
[24.706s] DEBUG:colcon.colcon_core.event_handler.log_command:Invoked command in '/home/orin_nano/f1tenth_ws/build/vesc_ackermann' returned '0': AMENT_PREFIX_PATH=/home/orin_nano/f1tenth_ws/install/vesc_msgs:${AMENT_PREFIX_PATH} CMAKE_PREFIX_PATH=/home/orin_nano/f1tenth_ws/install/vesc_msgs:/opt/ros/foxy LD_LIBRARY_PATH=/home/orin_nano/f1tenth_ws/install/vesc_msgs/lib:/opt/ros/foxy/opt/yaml_cpp_vendor/lib:/opt/ros/foxy/opt/rviz_ogre_vendor/lib:/opt/ros/foxy/lib/aarch64-linux-gnu:/opt/ros/foxy/lib:/usr/local/cuda-11.4/lib64 PYTHONPATH=/home/orin_nano/f1tenth_ws/install/vesc_msgs/lib/python3.8/site-packages:${PYTHONPATH} /usr/bin/cmake --build /home/orin_nano/f1tenth_ws/build/vesc_ackermann -- -j6 -l6
[24.772s] DEBUG:colcon.colcon_core.event_handler.log_command:Invoking command in '/home/orin_nano/f1tenth_ws/build/vesc_ackermann': AMENT_PREFIX_PATH=/home/orin_nano/f1tenth_ws/install/vesc_msgs:${AMENT_PREFIX_PATH} CMAKE_PREFIX_PATH=/home/orin_nano/f1tenth_ws/install/vesc_msgs:/opt/ros/foxy LD_LIBRARY_PATH=/home/orin_nano/f1tenth_ws/install/vesc_msgs/lib:/opt/ros/foxy/opt/yaml_cpp_vendor/lib:/opt/ros/foxy/opt/rviz_ogre_vendor/lib:/opt/ros/foxy/lib/aarch64-linux-gnu:/opt/ros/foxy/lib:/usr/local/cuda-11.4/lib64 PYTHONPATH=/home/orin_nano/f1tenth_ws/install/vesc_msgs/lib/python3.8/site-packages:${PYTHONPATH} /usr/bin/cmake --install /home/orin_nano/f1tenth_ws/build/vesc_ackermann
[24.813s] Level 1:colcon.colcon_core.environment:create_environment_scripts_only(vesc_ackermann)
[24.815s] DEBUG:colcon.colcon_core.event_handler.log_command:Invoked command in '/home/orin_nano/f1tenth_ws/build/vesc_ackermann' returned '0': AMENT_PREFIX_PATH=/home/orin_nano/f1tenth_ws/install/vesc_msgs:${AMENT_PREFIX_PATH} CMAKE_PREFIX_PATH=/home/orin_nano/f1tenth_ws/install/vesc_msgs:/opt/ros/foxy LD_LIBRARY_PATH=/home/orin_nano/f1tenth_ws/install/vesc_msgs/lib:/opt/ros/foxy/opt/yaml_cpp_vendor/lib:/opt/ros/foxy/opt/rviz_ogre_vendor/lib:/opt/ros/foxy/lib/aarch64-linux-gnu:/opt/ros/foxy/lib:/usr/local/cuda-11.4/lib64 PYTHONPATH=/home/orin_nano/f1tenth_ws/install/vesc_msgs/lib/python3.8/site-packages:${PYTHONPATH} /usr/bin/cmake --install /home/orin_nano/f1tenth_ws/build/vesc_ackermann
[24.897s] Level 1:colcon.colcon_core.environment:checking '/home/orin_nano/f1tenth_ws/install/vesc_ackermann' for CMake module files
[24.899s] Level 1:colcon.colcon_core.environment:checking '/home/orin_nano/f1tenth_ws/install/vesc_ackermann' for CMake config files
[24.899s] Level 1:colcon.colcon_core.shell:create_environment_hook('vesc_ackermann', 'cmake_prefix_path')
[24.971s] INFO:colcon.colcon_core.shell:Creating environment hook '/home/orin_nano/f1tenth_ws/install/vesc_ackermann/share/vesc_ackermann/hook/cmake_prefix_path.ps1'
[24.973s] INFO:colcon.colcon_core.shell:Creating environment descriptor '/home/orin_nano/f1tenth_ws/install/vesc_ackermann/share/vesc_ackermann/hook/cmake_prefix_path.dsv'
[24.973s] INFO:colcon.colcon_core.shell:Creating environment hook '/home/orin_nano/f1tenth_ws/install/vesc_ackermann/share/vesc_ackermann/hook/cmake_prefix_path.sh'
[24.975s] Level 1:colcon.colcon_core.environment:checking '/home/orin_nano/f1tenth_ws/install/vesc_ackermann/lib'
[24.975s] Level 1:colcon.colcon_core.shell:create_environment_hook('vesc_ackermann', 'ld_library_path_lib')
[25.046s] INFO:colcon.colcon_core.shell:Creating environment hook '/home/orin_nano/f1tenth_ws/install/vesc_ackermann/share/vesc_ackermann/hook/ld_library_path_lib.ps1'
[25.047s] INFO:colcon.colcon_core.shell:Creating environment descriptor '/home/orin_nano/f1tenth_ws/install/vesc_ackermann/share/vesc_ackermann/hook/ld_library_path_lib.dsv'
[25.048s] INFO:colcon.colcon_core.shell:Creating environment hook '/home/orin_nano/f1tenth_ws/install/vesc_ackermann/share/vesc_ackermann/hook/ld_library_path_lib.sh'
[25.049s] Level 1:colcon.colcon_core.environment:checking '/home/orin_nano/f1tenth_ws/install/vesc_ackermann/bin'
[25.049s] Level 1:colcon.colcon_core.environment:checking '/home/orin_nano/f1tenth_ws/install/vesc_ackermann/lib/pkgconfig/vesc_ackermann.pc'
[25.050s] Level 1:colcon.colcon_core.environment:checking '/home/orin_nano/f1tenth_ws/install/vesc_ackermann/lib/python3.8/site-packages'
[25.050s] Level 1:colcon.colcon_core.environment:checking '/home/orin_nano/f1tenth_ws/install/vesc_ackermann/bin'
[25.124s] INFO:colcon.colcon_core.shell:Creating package script '/home/orin_nano/f1tenth_ws/install/vesc_ackermann/share/vesc_ackermann/package.ps1'
[25.126s] INFO:colcon.colcon_core.shell:Creating package descriptor '/home/orin_nano/f1tenth_ws/install/vesc_ackermann/share/vesc_ackermann/package.dsv'
[25.126s] INFO:colcon.colcon_core.shell:Creating package script '/home/orin_nano/f1tenth_ws/install/vesc_ackermann/share/vesc_ackermann/package.sh'
[25.127s] INFO:colcon.colcon_core.shell:Creating package script '/home/orin_nano/f1tenth_ws/install/vesc_ackermann/share/vesc_ackermann/package.bash'
[25.128s] INFO:colcon.colcon_core.shell:Creating package script '/home/orin_nano/f1tenth_ws/install/vesc_ackermann/share/vesc_ackermann/package.zsh'
[25.129s] Level 1:colcon.colcon_core.environment:create_file_with_runtime_dependencies(/home/orin_nano/f1tenth_ws/install/vesc_ackermann/share/colcon-core/packages/vesc_ackermann)
[25.260s] Level 1:colcon.colcon_core.environment:create_environment_scripts_only(vesc_ackermann)
[25.332s] Level 1:colcon.colcon_core.environment:checking '/home/orin_nano/f1tenth_ws/install/vesc_ackermann' for CMake module files
[25.333s] Level 1:colcon.colcon_core.environment:checking '/home/orin_nano/f1tenth_ws/install/vesc_ackermann' for CMake config files
[25.334s] Level 1:colcon.colcon_core.shell:create_environment_hook('vesc_ackermann', 'cmake_prefix_path')
[25.405s] INFO:colcon.colcon_core.shell:Creating environment hook '/home/orin_nano/f1tenth_ws/install/vesc_ackermann/share/vesc_ackermann/hook/cmake_prefix_path.ps1'
[25.406s] INFO:colcon.colcon_core.shell:Creating environment descriptor '/home/orin_nano/f1tenth_ws/install/vesc_ackermann/share/vesc_ackermann/hook/cmake_prefix_path.dsv'
[25.406s] INFO:colcon.colcon_core.shell:Creating environment hook '/home/orin_nano/f1tenth_ws/install/vesc_ackermann/share/vesc_ackermann/hook/cmake_prefix_path.sh'
[25.408s] Level 1:colcon.colcon_core.environment:checking '/home/orin_nano/f1tenth_ws/install/vesc_ackermann/lib'
[25.408s] Level 1:colcon.colcon_core.shell:create_environment_hook('vesc_ackermann', 'ld_library_path_lib')
[25.479s] INFO:colcon.colcon_core.shell:Creating environment hook '/home/orin_nano/f1tenth_ws/install/vesc_ackermann/share/vesc_ackermann/hook/ld_library_path_lib.ps1'
[25.480s] INFO:colcon.colcon_core.shell:Creating environment descriptor '/home/orin_nano/f1tenth_ws/install/vesc_ackermann/share/vesc_ackermann/hook/ld_library_path_lib.dsv'
[25.481s] INFO:colcon.colcon_core.shell:Creating environment hook '/home/orin_nano/f1tenth_ws/install/vesc_ackermann/share/vesc_ackermann/hook/ld_library_path_lib.sh'
[25.482s] Level 1:colcon.colcon_core.environment:checking '/home/orin_nano/f1tenth_ws/install/vesc_ackermann/bin'
[25.482s] Level 1:colcon.colcon_core.environment:checking '/home/orin_nano/f1tenth_ws/install/vesc_ackermann/lib/pkgconfig/vesc_ackermann.pc'
[25.483s] Level 1:colcon.colcon_core.environment:checking '/home/orin_nano/f1tenth_ws/install/vesc_ackermann/lib/python3.8/site-packages'
[25.483s] Level 1:colcon.colcon_core.environment:checking '/home/orin_nano/f1tenth_ws/install/vesc_ackermann/bin'
[25.555s] INFO:colcon.colcon_core.shell:Creating package script '/home/orin_nano/f1tenth_ws/install/vesc_ackermann/share/vesc_ackermann/package.ps1'
[25.556s] INFO:colcon.colcon_core.shell:Creating package descriptor '/home/orin_nano/f1tenth_ws/install/vesc_ackermann/share/vesc_ackermann/package.dsv'
[25.557s] INFO:colcon.colcon_core.shell:Creating package script '/home/orin_nano/f1tenth_ws/install/vesc_ackermann/share/vesc_ackermann/package.sh'
[25.558s] INFO:colcon.colcon_core.shell:Creating package script '/home/orin_nano/f1tenth_ws/install/vesc_ackermann/share/vesc_ackermann/package.bash'
[25.559s] INFO:colcon.colcon_core.shell:Creating package script '/home/orin_nano/f1tenth_ws/install/vesc_ackermann/share/vesc_ackermann/package.zsh'
[25.559s] Level 1:colcon.colcon_core.environment:create_file_with_runtime_dependencies(/home/orin_nano/f1tenth_ws/install/vesc_ackermann/share/colcon-core/packages/vesc_ackermann)
[25.560s] INFO:colcon.colcon_ros.task.ament_cmake.build:Building ROS package in '/home/orin_nano/f1tenth_ws/src/vesc/vesc' with build type 'ament_cmake'
[25.561s] INFO:colcon.colcon_cmake.task.cmake.build:Building CMake package in '/home/orin_nano/f1tenth_ws/src/vesc/vesc'
[25.635s] INFO:colcon.colcon_core.shell:Skip shell extension 'powershell' for command environment: Not usable outside of PowerShell
[25.635s] DEBUG:colcon.colcon_core.shell:Skip shell extension 'dsv' for command environment
[25.813s] DEBUG:colcon.colcon_core.event_handler.log_command:Invoking command in '/home/orin_nano/f1tenth_ws/build/vesc': AMENT_PREFIX_PATH=/home/orin_nano/f1tenth_ws/install/vesc_driver:/home/orin_nano/f1tenth_ws/install/vesc_ackermann:/home/orin_nano/f1tenth_ws/install/vesc_msgs:${AMENT_PREFIX_PATH} CMAKE_PREFIX_PATH=/home/orin_nano/f1tenth_ws/install/vesc_driver:/home/orin_nano/f1tenth_ws/install/vesc_ackermann:/home/orin_nano/f1tenth_ws/install/vesc_msgs:/opt/ros/foxy LD_LIBRARY_PATH=/home/orin_nano/f1tenth_ws/install/vesc_driver/lib:/home/orin_nano/f1tenth_ws/install/vesc_ackermann/lib:/home/orin_nano/f1tenth_ws/install/vesc_msgs/lib:/opt/ros/foxy/opt/yaml_cpp_vendor/lib:/opt/ros/foxy/opt/rviz_ogre_vendor/lib:/opt/ros/foxy/lib/aarch64-linux-gnu:/opt/ros/foxy/lib:/usr/local/cuda-11.4/lib64 PYTHONPATH=/home/orin_nano/f1tenth_ws/install/vesc_msgs/lib/python3.8/site-packages:${PYTHONPATH} /usr/bin/cmake --build /home/orin_nano/f1tenth_ws/build/vesc -- -j6 -l6
[25.898s] DEBUG:colcon.colcon_core.event_handler.log_command:Invoked command in '/home/orin_nano/f1tenth_ws/build/vesc' returned '0': AMENT_PREFIX_PATH=/home/orin_nano/f1tenth_ws/install/vesc_driver:/home/orin_nano/f1tenth_ws/install/vesc_ackermann:/home/orin_nano/f1tenth_ws/install/vesc_msgs:${AMENT_PREFIX_PATH} CMAKE_PREFIX_PATH=/home/orin_nano/f1tenth_ws/install/vesc_driver:/home/orin_nano/f1tenth_ws/install/vesc_ackermann:/home/orin_nano/f1tenth_ws/install/vesc_msgs:/opt/ros/foxy LD_LIBRARY_PATH=/home/orin_nano/f1tenth_ws/install/vesc_driver/lib:/home/orin_nano/f1tenth_ws/install/vesc_ackermann/lib:/home/orin_nano/f1tenth_ws/install/vesc_msgs/lib:/opt/ros/foxy/opt/yaml_cpp_vendor/lib:/opt/ros/foxy/opt/rviz_ogre_vendor/lib:/opt/ros/foxy/lib/aarch64-linux-gnu:/opt/ros/foxy/lib:/usr/local/cuda-11.4/lib64 PYTHONPATH=/home/orin_nano/f1tenth_ws/install/vesc_msgs/lib/python3.8/site-packages:${PYTHONPATH} /usr/bin/cmake --build /home/orin_nano/f1tenth_ws/build/vesc -- -j6 -l6
[25.947s] DEBUG:colcon.colcon_core.event_handler.log_command:Invoking command in '/home/orin_nano/f1tenth_ws/build/vesc': AMENT_PREFIX_PATH=/home/orin_nano/f1tenth_ws/install/vesc_driver:/home/orin_nano/f1tenth_ws/install/vesc_ackermann:/home/orin_nano/f1tenth_ws/install/vesc_msgs:${AMENT_PREFIX_PATH} CMAKE_PREFIX_PATH=/home/orin_nano/f1tenth_ws/install/vesc_driver:/home/orin_nano/f1tenth_ws/install/vesc_ackermann:/home/orin_nano/f1tenth_ws/install/vesc_msgs:/opt/ros/foxy LD_LIBRARY_PATH=/home/orin_nano/f1tenth_ws/install/vesc_driver/lib:/home/orin_nano/f1tenth_ws/install/vesc_ackermann/lib:/home/orin_nano/f1tenth_ws/install/vesc_msgs/lib:/opt/ros/foxy/opt/yaml_cpp_vendor/lib:/opt/ros/foxy/opt/rviz_ogre_vendor/lib:/opt/ros/foxy/lib/aarch64-linux-gnu:/opt/ros/foxy/lib:/usr/local/cuda-11.4/lib64 PYTHONPATH=/home/orin_nano/f1tenth_ws/install/vesc_msgs/lib/python3.8/site-packages:${PYTHONPATH} /usr/bin/cmake --install /home/orin_nano/f1tenth_ws/build/vesc
[25.972s] Level 1:colcon.colcon_core.environment:create_environment_scripts_only(vesc)
[25.973s] DEBUG:colcon.colcon_core.event_handler.log_command:Invoked command in '/home/orin_nano/f1tenth_ws/build/vesc' returned '0': AMENT_PREFIX_PATH=/home/orin_nano/f1tenth_ws/install/vesc_driver:/home/orin_nano/f1tenth_ws/install/vesc_ackermann:/home/orin_nano/f1tenth_ws/install/vesc_msgs:${AMENT_PREFIX_PATH} CMAKE_PREFIX_PATH=/home/orin_nano/f1tenth_ws/install/vesc_driver:/home/orin_nano/f1tenth_ws/install/vesc_ackermann:/home/orin_nano/f1tenth_ws/install/vesc_msgs:/opt/ros/foxy LD_LIBRARY_PATH=/home/orin_nano/f1tenth_ws/install/vesc_driver/lib:/home/orin_nano/f1tenth_ws/install/vesc_ackermann/lib:/home/orin_nano/f1tenth_ws/install/vesc_msgs/lib:/opt/ros/foxy/opt/yaml_cpp_vendor/lib:/opt/ros/foxy/opt/rviz_ogre_vendor/lib:/opt/ros/foxy/lib/aarch64-linux-gnu:/opt/ros/foxy/lib:/usr/local/cuda-11.4/lib64 PYTHONPATH=/home/orin_nano/f1tenth_ws/install/vesc_msgs/lib/python3.8/site-packages:${PYTHONPATH} /usr/bin/cmake --install /home/orin_nano/f1tenth_ws/build/vesc
[26.057s] Level 1:colcon.colcon_core.environment:checking '/home/orin_nano/f1tenth_ws/install/vesc' for CMake module files
[26.058s] Level 1:colcon.colcon_core.environment:checking '/home/orin_nano/f1tenth_ws/install/vesc' for CMake config files
[26.059s] Level 1:colcon.colcon_core.shell:create_environment_hook('vesc', 'cmake_prefix_path')
[26.132s] INFO:colcon.colcon_core.shell:Creating environment hook '/home/orin_nano/f1tenth_ws/install/vesc/share/vesc/hook/cmake_prefix_path.ps1'
[26.134s] INFO:colcon.colcon_core.shell:Creating environment descriptor '/home/orin_nano/f1tenth_ws/install/vesc/share/vesc/hook/cmake_prefix_path.dsv'
[26.134s] INFO:colcon.colcon_core.shell:Creating environment hook '/home/orin_nano/f1tenth_ws/install/vesc/share/vesc/hook/cmake_prefix_path.sh'
[26.135s] Level 1:colcon.colcon_core.environment:checking '/home/orin_nano/f1tenth_ws/install/vesc/bin'
[26.136s] Level 1:colcon.colcon_core.environment:checking '/home/orin_nano/f1tenth_ws/install/vesc/lib/pkgconfig/vesc.pc'
[26.136s] Level 1:colcon.colcon_core.environment:checking '/home/orin_nano/f1tenth_ws/install/vesc/lib/python3.8/site-packages'
[26.136s] Level 1:colcon.colcon_core.environment:checking '/home/orin_nano/f1tenth_ws/install/vesc/bin'
[26.210s] INFO:colcon.colcon_core.shell:Creating package script '/home/orin_nano/f1tenth_ws/install/vesc/share/vesc/package.ps1'
[26.211s] INFO:colcon.colcon_core.shell:Creating package descriptor '/home/orin_nano/f1tenth_ws/install/vesc/share/vesc/package.dsv'
[26.212s] INFO:colcon.colcon_core.shell:Creating package script '/home/orin_nano/f1tenth_ws/install/vesc/share/vesc/package.sh'
[26.213s] INFO:colcon.colcon_core.shell:Creating package script '/home/orin_nano/f1tenth_ws/install/vesc/share/vesc/package.bash'
[26.213s] INFO:colcon.colcon_core.shell:Creating package script '/home/orin_nano/f1tenth_ws/install/vesc/share/vesc/package.zsh'
[26.214s] Level 1:colcon.colcon_core.environment:create_file_with_runtime_dependencies(/home/orin_nano/f1tenth_ws/install/vesc/share/colcon-core/packages/vesc)
[26.331s] Level 1:colcon.colcon_core.environment:create_environment_scripts_only(vesc)
[26.404s] Level 1:colcon.colcon_core.environment:checking '/home/orin_nano/f1tenth_ws/install/vesc' for CMake module files
[26.405s] Level 1:colcon.colcon_core.environment:checking '/home/orin_nano/f1tenth_ws/install/vesc' for CMake config files
[26.406s] Level 1:colcon.colcon_core.shell:create_environment_hook('vesc', 'cmake_prefix_path')
[26.478s] INFO:colcon.colcon_core.shell:Creating environment hook '/home/orin_nano/f1tenth_ws/install/vesc/share/vesc/hook/cmake_prefix_path.ps1'
[26.479s] INFO:colcon.colcon_core.shell:Creating environment descriptor '/home/orin_nano/f1tenth_ws/install/vesc/share/vesc/hook/cmake_prefix_path.dsv'
[26.479s] INFO:colcon.colcon_core.shell:Creating environment hook '/home/orin_nano/f1tenth_ws/install/vesc/share/vesc/hook/cmake_prefix_path.sh'
[26.481s] Level 1:colcon.colcon_core.environment:checking '/home/orin_nano/f1tenth_ws/install/vesc/bin'
[26.481s] Level 1:colcon.colcon_core.environment:checking '/home/orin_nano/f1tenth_ws/install/vesc/lib/pkgconfig/vesc.pc'
[26.481s] Level 1:colcon.colcon_core.environment:checking '/home/orin_nano/f1tenth_ws/install/vesc/lib/python3.8/site-packages'
[26.482s] Level 1:colcon.colcon_core.environment:checking '/home/orin_nano/f1tenth_ws/install/vesc/bin'
[26.587s] INFO:colcon.colcon_core.shell:Creating package script '/home/orin_nano/f1tenth_ws/install/vesc/share/vesc/package.ps1'
[26.588s] INFO:colcon.colcon_core.shell:Creating package descriptor '/home/orin_nano/f1tenth_ws/install/vesc/share/vesc/package.dsv'
[26.589s] INFO:colcon.colcon_core.shell:Creating package script '/home/orin_nano/f1tenth_ws/install/vesc/share/vesc/package.sh'
[26.590s] INFO:colcon.colcon_core.shell:Creating package script '/home/orin_nano/f1tenth_ws/install/vesc/share/vesc/package.bash'
[26.591s] INFO:colcon.colcon_core.shell:Creating package script '/home/orin_nano/f1tenth_ws/install/vesc/share/vesc/package.zsh'
[26.591s] Level 1:colcon.colcon_core.environment:create_file_with_runtime_dependencies(/home/orin_nano/f1tenth_ws/install/vesc/share/colcon-core/packages/vesc)
[26.592s] DEBUG:colcon.colcon_parallel_executor.executor.parallel:closing loop
[26.593s] DEBUG:colcon.colcon_parallel_executor.executor.parallel:loop closed
[26.593s] DEBUG:colcon.colcon_parallel_executor.executor.parallel:run_until_complete finished with '0'
[26.593s] DEBUG:colcon.colcon_core.event_reactor:joining thread
[26.698s] INFO:colcon.colcon_core.plugin_system:Skipping extension 'colcon_notification.desktop_notification.terminal_notifier': Not used on non-Darwin systems
[26.699s] INFO:colcon.colcon_core.plugin_system:Skipping extension 'colcon_notification.desktop_notification.win32': Not used on non-Windows systems
[26.699s] INFO:colcon.colcon_notification.desktop_notification:Sending desktop notification using 'notify2'
[26.752s] DEBUG:colcon.colcon_core.event_reactor:joined thread
[26.832s] INFO:colcon.colcon_core.shell:Creating prefix script '/home/orin_nano/f1tenth_ws/install/local_setup.ps1'
[26.834s] INFO:colcon.colcon_core.shell:Creating prefix util module '/home/orin_nano/f1tenth_ws/install/_local_setup_util_ps1.py'
[26.837s] INFO:colcon.colcon_core.shell:Creating prefix chain script '/home/orin_nano/f1tenth_ws/install/setup.ps1'
[26.911s] INFO:colcon.colcon_core.shell:Creating prefix script '/home/orin_nano/f1tenth_ws/install/local_setup.sh'
[26.913s] INFO:colcon.colcon_core.shell:Creating prefix util module '/home/orin_nano/f1tenth_ws/install/_local_setup_util_sh.py'
[26.914s] INFO:colcon.colcon_core.shell:Creating prefix chain script '/home/orin_nano/f1tenth_ws/install/setup.sh'
[26.988s] INFO:colcon.colcon_core.shell:Creating prefix script '/home/orin_nano/f1tenth_ws/install/local_setup.bash'
[26.989s] INFO:colcon.colcon_core.shell:Creating prefix chain script '/home/orin_nano/f1tenth_ws/install/setup.bash'
[27.062s] INFO:colcon.colcon_core.shell:Creating prefix script '/home/orin_nano/f1tenth_ws/install/local_setup.zsh'
[27.064s] INFO:colcon.colcon_core.shell:Creating prefix chain script '/home/orin_nano/f1tenth_ws/install/setup.zsh'
