[4.753s] DEBUG:colcon:Command line arguments: ['/usr/bin/colcon', 'build']
[4.753s] DEBUG:colcon:Parsed command line arguments: Namespace(allow_overriding=[], ament_cmake_args=None, base_paths=['.'], build_base='build', catkin_cmake_args=None, catkin_skip_building_tests=False, cmake_args=None, cmake_clean_cache=False, cmake_clean_first=False, cmake_force_configure=False, cmake_target=None, cmake_target_skip_unavailable=False, continue_on_error=False, event_handlers=None, executor='parallel', ignore_user_meta=False, install_base='install', log_base=None, log_level=None, main=<bound method BuildVerb.main of <colcon_core.verb.build.BuildVerb object at 0xffffb69ce130>>, merge_install=False, metas=['./colcon.meta'], packages_above=None, packages_above_and_dependencies=None, packages_above_depth=None, packages_end=None, packages_ignore=None, packages_ignore_regex=None, packages_select=None, packages_select_build_failed=False, packages_select_by_dep=None, packages_select_regex=None, packages_select_test_failures=False, packages_skip=None, packages_skip_build_finished=False, packages_skip_by_dep=None, packages_skip_regex=None, packages_skip_test_passed=False, packages_skip_up_to=None, packages_start=None, packages_up_to=None, packages_up_to_regex=None, parallel_workers=6, paths=None, symlink_install=False, test_result_base=None, verb_extension=<colcon_core.verb.build.BuildVerb object at 0xffffb69ce130>, verb_name='build', verb_parser=<colcon_defaults.argument_parser.defaults.DefaultArgumentsDecorator object at 0xffffb66c2730>)
[5.000s] Level 1:colcon.colcon_core.package_discovery:discover_packages(colcon_meta) check parameters
[5.000s] Level 1:colcon.colcon_core.package_discovery:discover_packages(recursive) check parameters
[5.000s] Level 1:colcon.colcon_core.package_discovery:discover_packages(ignore) check parameters
[5.000s] Level 1:colcon.colcon_core.package_discovery:discover_packages(path) check parameters
[5.000s] Level 1:colcon.colcon_core.package_discovery:discover_packages(colcon_meta) discover
[5.001s] Level 1:colcon.colcon_core.package_discovery:discover_packages(recursive) discover
[5.001s] INFO:colcon.colcon_core.package_discovery:Crawling recursively for packages in '/home/orin_nano/f1tenth_ws'
[5.001s] Level 1:colcon.colcon_core.package_identification:_identify(.) by extensions ['ignore', 'ignore_ament_install']
[5.001s] Level 1:colcon.colcon_core.package_identification:_identify(.) by extension 'ignore'
[5.001s] Level 1:colcon.colcon_core.package_identification:_identify(.) by extension 'ignore_ament_install'
[5.002s] Level 1:colcon.colcon_core.package_identification:_identify(.) by extensions ['colcon_pkg']
[5.002s] Level 1:colcon.colcon_core.package_identification:_identify(.) by extension 'colcon_pkg'
[5.002s] Level 1:colcon.colcon_core.package_identification:_identify(.) by extensions ['colcon_meta']
[5.002s] Level 1:colcon.colcon_core.package_identification:_identify(.) by extension 'colcon_meta'
[5.002s] Level 1:colcon.colcon_core.package_identification:_identify(.) by extensions ['ros']
[5.002s] Level 1:colcon.colcon_core.package_identification:_identify(.) by extension 'ros'
[5.028s] Level 1:colcon.colcon_core.package_identification:_identify(.) by extensions ['cmake', 'python']
[5.028s] Level 1:colcon.colcon_core.package_identification:_identify(.) by extension 'cmake'
[5.029s] Level 1:colcon.colcon_core.package_identification:_identify(.) by extension 'python'
[5.029s] Level 1:colcon.colcon_core.package_identification:_identify(.) by extensions ['python_setup_py']
[5.029s] Level 1:colcon.colcon_core.package_identification:_identify(.) by extension 'python_setup_py'
[5.029s] Level 1:colcon.colcon_core.package_identification:_identify(build) by extensions ['ignore', 'ignore_ament_install']
[5.029s] Level 1:colcon.colcon_core.package_identification:_identify(build) by extension 'ignore'
[5.030s] Level 1:colcon.colcon_core.package_identification:_identify(build) ignored
[5.030s] Level 1:colcon.colcon_core.package_identification:_identify(install) by extensions ['ignore', 'ignore_ament_install']
[5.030s] Level 1:colcon.colcon_core.package_identification:_identify(install) by extension 'ignore'
[5.030s] Level 1:colcon.colcon_core.package_identification:_identify(install) ignored
[5.030s] Level 1:colcon.colcon_core.package_identification:_identify(log) by extensions ['ignore', 'ignore_ament_install']
[5.031s] Level 1:colcon.colcon_core.package_identification:_identify(log) by extension 'ignore'
[5.031s] Level 1:colcon.colcon_core.package_identification:_identify(log) ignored
[5.031s] Level 1:colcon.colcon_core.package_identification:_identify(src) by extensions ['ignore', 'ignore_ament_install']
[5.031s] Level 1:colcon.colcon_core.package_identification:_identify(src) by extension 'ignore'
[5.031s] Level 1:colcon.colcon_core.package_identification:_identify(src) by extension 'ignore_ament_install'
[5.031s] Level 1:colcon.colcon_core.package_identification:_identify(src) by extensions ['colcon_pkg']
[5.031s] Level 1:colcon.colcon_core.package_identification:_identify(src) by extension 'colcon_pkg'
[5.031s] Level 1:colcon.colcon_core.package_identification:_identify(src) by extensions ['colcon_meta']
[5.032s] Level 1:colcon.colcon_core.package_identification:_identify(src) by extension 'colcon_meta'
[5.032s] Level 1:colcon.colcon_core.package_identification:_identify(src) by extensions ['ros']
[5.032s] Level 1:colcon.colcon_core.package_identification:_identify(src) by extension 'ros'
[5.032s] Level 1:colcon.colcon_core.package_identification:_identify(src) by extensions ['cmake', 'python']
[5.032s] Level 1:colcon.colcon_core.package_identification:_identify(src) by extension 'cmake'
[5.032s] Level 1:colcon.colcon_core.package_identification:_identify(src) by extension 'python'
[5.032s] Level 1:colcon.colcon_core.package_identification:_identify(src) by extensions ['python_setup_py']
[5.032s] Level 1:colcon.colcon_core.package_identification:_identify(src) by extension 'python_setup_py'
[5.033s] Level 1:colcon.colcon_core.package_identification:_identify(src/combine_pkg) by extensions ['ignore', 'ignore_ament_install']
[5.033s] Level 1:colcon.colcon_core.package_identification:_identify(src/combine_pkg) by extension 'ignore'
[5.033s] Level 1:colcon.colcon_core.package_identification:_identify(src/combine_pkg) by extension 'ignore_ament_install'
[5.033s] Level 1:colcon.colcon_core.package_identification:_identify(src/combine_pkg) by extensions ['colcon_pkg']
[5.033s] Level 1:colcon.colcon_core.package_identification:_identify(src/combine_pkg) by extension 'colcon_pkg'
[5.033s] Level 1:colcon.colcon_core.package_identification:_identify(src/combine_pkg) by extensions ['colcon_meta']
[5.033s] Level 1:colcon.colcon_core.package_identification:_identify(src/combine_pkg) by extension 'colcon_meta'
[5.034s] Level 1:colcon.colcon_core.package_identification:_identify(src/combine_pkg) by extensions ['ros']
[5.034s] Level 1:colcon.colcon_core.package_identification:_identify(src/combine_pkg) by extension 'ros'
[5.044s] DEBUG:colcon.colcon_core.package_identification:Package 'src/combine_pkg' with type 'ros.ament_cmake' and name 'combine_pkg'
[5.045s] Level 1:colcon.colcon_core.package_identification:_identify(src/f1_test) by extensions ['ignore', 'ignore_ament_install']
[5.045s] Level 1:colcon.colcon_core.package_identification:_identify(src/f1_test) by extension 'ignore'
[5.045s] Level 1:colcon.colcon_core.package_identification:_identify(src/f1_test) by extension 'ignore_ament_install'
[5.045s] Level 1:colcon.colcon_core.package_identification:_identify(src/f1_test) by extensions ['colcon_pkg']
[5.045s] Level 1:colcon.colcon_core.package_identification:_identify(src/f1_test) by extension 'colcon_pkg'
[5.046s] Level 1:colcon.colcon_core.package_identification:_identify(src/f1_test) by extensions ['colcon_meta']
[5.046s] Level 1:colcon.colcon_core.package_identification:_identify(src/f1_test) by extension 'colcon_meta'
[5.046s] Level 1:colcon.colcon_core.package_identification:_identify(src/f1_test) by extensions ['ros']
[5.046s] Level 1:colcon.colcon_core.package_identification:_identify(src/f1_test) by extension 'ros'
[5.047s] DEBUG:colcon.colcon_core.package_identification:Package 'src/f1_test' with type 'ros.ament_python' and name 'f1_test'
[5.048s] Level 1:colcon.colcon_core.package_identification:_identify(src/urg_node2) by extensions ['ignore', 'ignore_ament_install']
[5.048s] Level 1:colcon.colcon_core.package_identification:_identify(src/urg_node2) by extension 'ignore'
[5.048s] Level 1:colcon.colcon_core.package_identification:_identify(src/urg_node2) by extension 'ignore_ament_install'
[5.048s] Level 1:colcon.colcon_core.package_identification:_identify(src/urg_node2) by extensions ['colcon_pkg']
[5.048s] Level 1:colcon.colcon_core.package_identification:_identify(src/urg_node2) by extension 'colcon_pkg'
[5.048s] Level 1:colcon.colcon_core.package_identification:_identify(src/urg_node2) by extensions ['colcon_meta']
[5.048s] Level 1:colcon.colcon_core.package_identification:_identify(src/urg_node2) by extension 'colcon_meta'
[5.049s] Level 1:colcon.colcon_core.package_identification:_identify(src/urg_node2) by extensions ['ros']
[5.049s] Level 1:colcon.colcon_core.package_identification:_identify(src/urg_node2) by extension 'ros'
[5.051s] DEBUG:colcon.colcon_core.package_identification:Package 'src/urg_node2' with type 'ros.ament_cmake' and name 'urg_node2'
[5.051s] Level 1:colcon.colcon_core.package_identification:_identify(src/vesc) by extensions ['ignore', 'ignore_ament_install']
[5.051s] Level 1:colcon.colcon_core.package_identification:_identify(src/vesc) by extension 'ignore'
[5.052s] Level 1:colcon.colcon_core.package_identification:_identify(src/vesc) by extension 'ignore_ament_install'
[5.052s] Level 1:colcon.colcon_core.package_identification:_identify(src/vesc) by extensions ['colcon_pkg']
[5.052s] Level 1:colcon.colcon_core.package_identification:_identify(src/vesc) by extension 'colcon_pkg'
[5.052s] Level 1:colcon.colcon_core.package_identification:_identify(src/vesc) by extensions ['colcon_meta']
[5.052s] Level 1:colcon.colcon_core.package_identification:_identify(src/vesc) by extension 'colcon_meta'
[5.052s] Level 1:colcon.colcon_core.package_identification:_identify(src/vesc) by extensions ['ros']
[5.052s] Level 1:colcon.colcon_core.package_identification:_identify(src/vesc) by extension 'ros'
[5.052s] Level 1:colcon.colcon_core.package_identification:_identify(src/vesc) by extensions ['cmake', 'python']
[5.052s] Level 1:colcon.colcon_core.package_identification:_identify(src/vesc) by extension 'cmake'
[5.053s] Level 1:colcon.colcon_core.package_identification:_identify(src/vesc) by extension 'python'
[5.053s] Level 1:colcon.colcon_core.package_identification:_identify(src/vesc) by extensions ['python_setup_py']
[5.053s] Level 1:colcon.colcon_core.package_identification:_identify(src/vesc) by extension 'python_setup_py'
[5.053s] Level 1:colcon.colcon_core.package_identification:_identify(src/vesc/vesc) by extensions ['ignore', 'ignore_ament_install']
[5.053s] Level 1:colcon.colcon_core.package_identification:_identify(src/vesc/vesc) by extension 'ignore'
[5.053s] Level 1:colcon.colcon_core.package_identification:_identify(src/vesc/vesc) by extension 'ignore_ament_install'
[5.054s] Level 1:colcon.colcon_core.package_identification:_identify(src/vesc/vesc) by extensions ['colcon_pkg']
[5.054s] Level 1:colcon.colcon_core.package_identification:_identify(src/vesc/vesc) by extension 'colcon_pkg'
[5.054s] Level 1:colcon.colcon_core.package_identification:_identify(src/vesc/vesc) by extensions ['colcon_meta']
[5.054s] Level 1:colcon.colcon_core.package_identification:_identify(src/vesc/vesc) by extension 'colcon_meta'
[5.054s] Level 1:colcon.colcon_core.package_identification:_identify(src/vesc/vesc) by extensions ['ros']
[5.054s] Level 1:colcon.colcon_core.package_identification:_identify(src/vesc/vesc) by extension 'ros'
[5.055s] DEBUG:colcon.colcon_core.package_identification:Package 'src/vesc/vesc' with type 'ros.ament_cmake' and name 'vesc'
[5.056s] Level 1:colcon.colcon_core.package_identification:_identify(src/vesc/vesc_ackermann) by extensions ['ignore', 'ignore_ament_install']
[5.056s] Level 1:colcon.colcon_core.package_identification:_identify(src/vesc/vesc_ackermann) by extension 'ignore'
[5.056s] Level 1:colcon.colcon_core.package_identification:_identify(src/vesc/vesc_ackermann) by extension 'ignore_ament_install'
[5.056s] Level 1:colcon.colcon_core.package_identification:_identify(src/vesc/vesc_ackermann) by extensions ['colcon_pkg']
[5.056s] Level 1:colcon.colcon_core.package_identification:_identify(src/vesc/vesc_ackermann) by extension 'colcon_pkg'
[5.056s] Level 1:colcon.colcon_core.package_identification:_identify(src/vesc/vesc_ackermann) by extensions ['colcon_meta']
[5.056s] Level 1:colcon.colcon_core.package_identification:_identify(src/vesc/vesc_ackermann) by extension 'colcon_meta'
[5.056s] Level 1:colcon.colcon_core.package_identification:_identify(src/vesc/vesc_ackermann) by extensions ['ros']
[5.056s] Level 1:colcon.colcon_core.package_identification:_identify(src/vesc/vesc_ackermann) by extension 'ros'
[5.059s] DEBUG:colcon.colcon_core.package_identification:Package 'src/vesc/vesc_ackermann' with type 'ros.ament_cmake' and name 'vesc_ackermann'
[5.059s] Level 1:colcon.colcon_core.package_identification:_identify(src/vesc/vesc_driver) by extensions ['ignore', 'ignore_ament_install']
[5.059s] Level 1:colcon.colcon_core.package_identification:_identify(src/vesc/vesc_driver) by extension 'ignore'
[5.059s] Level 1:colcon.colcon_core.package_identification:_identify(src/vesc/vesc_driver) by extension 'ignore_ament_install'
[5.060s] Level 1:colcon.colcon_core.package_identification:_identify(src/vesc/vesc_driver) by extensions ['colcon_pkg']
[5.060s] Level 1:colcon.colcon_core.package_identification:_identify(src/vesc/vesc_driver) by extension 'colcon_pkg'
[5.060s] Level 1:colcon.colcon_core.package_identification:_identify(src/vesc/vesc_driver) by extensions ['colcon_meta']
[5.060s] Level 1:colcon.colcon_core.package_identification:_identify(src/vesc/vesc_driver) by extension 'colcon_meta'
[5.060s] Level 1:colcon.colcon_core.package_identification:_identify(src/vesc/vesc_driver) by extensions ['ros']
[5.060s] Level 1:colcon.colcon_core.package_identification:_identify(src/vesc/vesc_driver) by extension 'ros'
[5.062s] DEBUG:colcon.colcon_core.package_identification:Package 'src/vesc/vesc_driver' with type 'ros.ament_cmake' and name 'vesc_driver'
[5.062s] Level 1:colcon.colcon_core.package_identification:_identify(src/vesc/vesc_msgs) by extensions ['ignore', 'ignore_ament_install']
[5.063s] Level 1:colcon.colcon_core.package_identification:_identify(src/vesc/vesc_msgs) by extension 'ignore'
[5.063s] Level 1:colcon.colcon_core.package_identification:_identify(src/vesc/vesc_msgs) by extension 'ignore_ament_install'
[5.063s] Level 1:colcon.colcon_core.package_identification:_identify(src/vesc/vesc_msgs) by extensions ['colcon_pkg']
[5.063s] Level 1:colcon.colcon_core.package_identification:_identify(src/vesc/vesc_msgs) by extension 'colcon_pkg'
[5.063s] Level 1:colcon.colcon_core.package_identification:_identify(src/vesc/vesc_msgs) by extensions ['colcon_meta']
[5.063s] Level 1:colcon.colcon_core.package_identification:_identify(src/vesc/vesc_msgs) by extension 'colcon_meta'
[5.063s] Level 1:colcon.colcon_core.package_identification:_identify(src/vesc/vesc_msgs) by extensions ['ros']
[5.063s] Level 1:colcon.colcon_core.package_identification:_identify(src/vesc/vesc_msgs) by extension 'ros'
[5.065s] DEBUG:colcon.colcon_core.package_identification:Package 'src/vesc/vesc_msgs' with type 'ros.ament_cmake' and name 'vesc_msgs'
[5.065s] Level 1:colcon.colcon_core.package_discovery:discover_packages(recursive) using defaults
[5.065s] Level 1:colcon.colcon_core.package_discovery:discover_packages(ignore) discover
[5.065s] Level 1:colcon.colcon_core.package_discovery:discover_packages(ignore) using defaults
[5.065s] Level 1:colcon.colcon_core.package_discovery:discover_packages(path) discover
[5.065s] Level 1:colcon.colcon_core.package_discovery:discover_packages(path) using defaults
[5.476s] Level 1:colcon.colcon_core.package_discovery:discover_packages(prefix_path) check parameters
[5.476s] Level 1:colcon.colcon_core.package_discovery:discover_packages(prefix_path) discover
[5.627s] DEBUG:colcon.colcon_installed_package_information.package_discovery:Found 7 installed packages in /home/orin_nano/f1tenth_ws/install
[5.703s] DEBUG:colcon.colcon_installed_package_information.package_discovery:Found 262 installed packages in /opt/ros/foxy
[5.705s] Level 1:colcon.colcon_core.package_discovery:discover_packages(prefix_path) using defaults
[6.049s] Level 5:colcon.colcon_core.verb:set package 'combine_pkg' build argument 'cmake_args' from command line to 'None'
[6.049s] Level 5:colcon.colcon_core.verb:set package 'combine_pkg' build argument 'cmake_target' from command line to 'None'
[6.050s] Level 5:colcon.colcon_core.verb:set package 'combine_pkg' build argument 'cmake_target_skip_unavailable' from command line to 'False'
[6.050s] Level 5:colcon.colcon_core.verb:set package 'combine_pkg' build argument 'cmake_clean_cache' from command line to 'False'
[6.050s] Level 5:colcon.colcon_core.verb:set package 'combine_pkg' build argument 'cmake_clean_first' from command line to 'False'
[6.050s] Level 5:colcon.colcon_core.verb:set package 'combine_pkg' build argument 'cmake_force_configure' from command line to 'False'
[6.050s] Level 5:colcon.colcon_core.verb:set package 'combine_pkg' build argument 'ament_cmake_args' from command line to 'None'
[6.050s] Level 5:colcon.colcon_core.verb:set package 'combine_pkg' build argument 'catkin_cmake_args' from command line to 'None'
[6.050s] Level 5:colcon.colcon_core.verb:set package 'combine_pkg' build argument 'catkin_skip_building_tests' from command line to 'False'
[6.050s] DEBUG:colcon.colcon_core.verb:Building package 'combine_pkg' with the following arguments: {'ament_cmake_args': None, 'build_base': '/home/orin_nano/f1tenth_ws/build/combine_pkg', 'catkin_cmake_args': None, 'catkin_skip_building_tests': False, 'cmake_args': None, 'cmake_clean_cache': False, 'cmake_clean_first': False, 'cmake_force_configure': False, 'cmake_target': None, 'cmake_target_skip_unavailable': False, 'install_base': '/home/orin_nano/f1tenth_ws/install/combine_pkg', 'merge_install': False, 'path': '/home/orin_nano/f1tenth_ws/src/combine_pkg', 'symlink_install': False, 'test_result_base': None}
[6.125s] Level 5:colcon.colcon_core.verb:set package 'f1_test' build argument 'cmake_args' from command line to 'None'
[6.125s] Level 5:colcon.colcon_core.verb:set package 'f1_test' build argument 'cmake_target' from command line to 'None'
[6.125s] Level 5:colcon.colcon_core.verb:set package 'f1_test' build argument 'cmake_target_skip_unavailable' from command line to 'False'
[6.125s] Level 5:colcon.colcon_core.verb:set package 'f1_test' build argument 'cmake_clean_cache' from command line to 'False'
[6.125s] Level 5:colcon.colcon_core.verb:set package 'f1_test' build argument 'cmake_clean_first' from command line to 'False'
[6.125s] Level 5:colcon.colcon_core.verb:set package 'f1_test' build argument 'cmake_force_configure' from command line to 'False'
[6.125s] Level 5:colcon.colcon_core.verb:set package 'f1_test' build argument 'ament_cmake_args' from command line to 'None'
[6.125s] Level 5:colcon.colcon_core.verb:set package 'f1_test' build argument 'catkin_cmake_args' from command line to 'None'
[6.125s] Level 5:colcon.colcon_core.verb:set package 'f1_test' build argument 'catkin_skip_building_tests' from command line to 'False'
[6.125s] DEBUG:colcon.colcon_core.verb:Building package 'f1_test' with the following arguments: {'ament_cmake_args': None, 'build_base': '/home/orin_nano/f1tenth_ws/build/f1_test', 'catkin_cmake_args': None, 'catkin_skip_building_tests': False, 'cmake_args': None, 'cmake_clean_cache': False, 'cmake_clean_first': False, 'cmake_force_configure': False, 'cmake_target': None, 'cmake_target_skip_unavailable': False, 'install_base': '/home/orin_nano/f1tenth_ws/install/f1_test', 'merge_install': False, 'path': '/home/orin_nano/f1tenth_ws/src/f1_test', 'symlink_install': False, 'test_result_base': None}
[6.199s] Level 5:colcon.colcon_core.verb:set package 'urg_node2' build argument 'cmake_args' from command line to 'None'
[6.199s] Level 5:colcon.colcon_core.verb:set package 'urg_node2' build argument 'cmake_target' from command line to 'None'
[6.199s] Level 5:colcon.colcon_core.verb:set package 'urg_node2' build argument 'cmake_target_skip_unavailable' from command line to 'False'
[6.199s] Level 5:colcon.colcon_core.verb:set package 'urg_node2' build argument 'cmake_clean_cache' from command line to 'False'
[6.199s] Level 5:colcon.colcon_core.verb:set package 'urg_node2' build argument 'cmake_clean_first' from command line to 'False'
[6.199s] Level 5:colcon.colcon_core.verb:set package 'urg_node2' build argument 'cmake_force_configure' from command line to 'False'
[6.199s] Level 5:colcon.colcon_core.verb:set package 'urg_node2' build argument 'ament_cmake_args' from command line to 'None'
[6.199s] Level 5:colcon.colcon_core.verb:set package 'urg_node2' build argument 'catkin_cmake_args' from command line to 'None'
[6.199s] Level 5:colcon.colcon_core.verb:set package 'urg_node2' build argument 'catkin_skip_building_tests' from command line to 'False'
[6.199s] DEBUG:colcon.colcon_core.verb:Building package 'urg_node2' with the following arguments: {'ament_cmake_args': None, 'build_base': '/home/orin_nano/f1tenth_ws/build/urg_node2', 'catkin_cmake_args': None, 'catkin_skip_building_tests': False, 'cmake_args': None, 'cmake_clean_cache': False, 'cmake_clean_first': False, 'cmake_force_configure': False, 'cmake_target': None, 'cmake_target_skip_unavailable': False, 'install_base': '/home/orin_nano/f1tenth_ws/install/urg_node2', 'merge_install': False, 'path': '/home/orin_nano/f1tenth_ws/src/urg_node2', 'symlink_install': False, 'test_result_base': None}
[6.274s] Level 5:colcon.colcon_core.verb:set package 'vesc_msgs' build argument 'cmake_args' from command line to 'None'
[6.274s] Level 5:colcon.colcon_core.verb:set package 'vesc_msgs' build argument 'cmake_target' from command line to 'None'
[6.274s] Level 5:colcon.colcon_core.verb:set package 'vesc_msgs' build argument 'cmake_target_skip_unavailable' from command line to 'False'
[6.274s] Level 5:colcon.colcon_core.verb:set package 'vesc_msgs' build argument 'cmake_clean_cache' from command line to 'False'
[6.274s] Level 5:colcon.colcon_core.verb:set package 'vesc_msgs' build argument 'cmake_clean_first' from command line to 'False'
[6.274s] Level 5:colcon.colcon_core.verb:set package 'vesc_msgs' build argument 'cmake_force_configure' from command line to 'False'
[6.274s] Level 5:colcon.colcon_core.verb:set package 'vesc_msgs' build argument 'ament_cmake_args' from command line to 'None'
[6.274s] Level 5:colcon.colcon_core.verb:set package 'vesc_msgs' build argument 'catkin_cmake_args' from command line to 'None'
[6.274s] Level 5:colcon.colcon_core.verb:set package 'vesc_msgs' build argument 'catkin_skip_building_tests' from command line to 'False'
[6.275s] DEBUG:colcon.colcon_core.verb:Building package 'vesc_msgs' with the following arguments: {'ament_cmake_args': None, 'build_base': '/home/orin_nano/f1tenth_ws/build/vesc_msgs', 'catkin_cmake_args': None, 'catkin_skip_building_tests': False, 'cmake_args': None, 'cmake_clean_cache': False, 'cmake_clean_first': False, 'cmake_force_configure': False, 'cmake_target': None, 'cmake_target_skip_unavailable': False, 'install_base': '/home/orin_nano/f1tenth_ws/install/vesc_msgs', 'merge_install': False, 'path': '/home/orin_nano/f1tenth_ws/src/vesc/vesc_msgs', 'symlink_install': False, 'test_result_base': None}
[6.349s] Level 5:colcon.colcon_core.verb:set package 'vesc_ackermann' build argument 'cmake_args' from command line to 'None'
[6.349s] Level 5:colcon.colcon_core.verb:set package 'vesc_ackermann' build argument 'cmake_target' from command line to 'None'
[6.349s] Level 5:colcon.colcon_core.verb:set package 'vesc_ackermann' build argument 'cmake_target_skip_unavailable' from command line to 'False'
[6.349s] Level 5:colcon.colcon_core.verb:set package 'vesc_ackermann' build argument 'cmake_clean_cache' from command line to 'False'
[6.349s] Level 5:colcon.colcon_core.verb:set package 'vesc_ackermann' build argument 'cmake_clean_first' from command line to 'False'
[6.349s] Level 5:colcon.colcon_core.verb:set package 'vesc_ackermann' build argument 'cmake_force_configure' from command line to 'False'
[6.349s] Level 5:colcon.colcon_core.verb:set package 'vesc_ackermann' build argument 'ament_cmake_args' from command line to 'None'
[6.349s] Level 5:colcon.colcon_core.verb:set package 'vesc_ackermann' build argument 'catkin_cmake_args' from command line to 'None'
[6.349s] Level 5:colcon.colcon_core.verb:set package 'vesc_ackermann' build argument 'catkin_skip_building_tests' from command line to 'False'
[6.349s] DEBUG:colcon.colcon_core.verb:Building package 'vesc_ackermann' with the following arguments: {'ament_cmake_args': None, 'build_base': '/home/orin_nano/f1tenth_ws/build/vesc_ackermann', 'catkin_cmake_args': None, 'catkin_skip_building_tests': False, 'cmake_args': None, 'cmake_clean_cache': False, 'cmake_clean_first': False, 'cmake_force_configure': False, 'cmake_target': None, 'cmake_target_skip_unavailable': False, 'install_base': '/home/orin_nano/f1tenth_ws/install/vesc_ackermann', 'merge_install': False, 'path': '/home/orin_nano/f1tenth_ws/src/vesc/vesc_ackermann', 'symlink_install': False, 'test_result_base': None}
[6.424s] Level 5:colcon.colcon_core.verb:set package 'vesc_driver' build argument 'cmake_args' from command line to 'None'
[6.424s] Level 5:colcon.colcon_core.verb:set package 'vesc_driver' build argument 'cmake_target' from command line to 'None'
[6.424s] Level 5:colcon.colcon_core.verb:set package 'vesc_driver' build argument 'cmake_target_skip_unavailable' from command line to 'False'
[6.424s] Level 5:colcon.colcon_core.verb:set package 'vesc_driver' build argument 'cmake_clean_cache' from command line to 'False'
[6.424s] Level 5:colcon.colcon_core.verb:set package 'vesc_driver' build argument 'cmake_clean_first' from command line to 'False'
[6.424s] Level 5:colcon.colcon_core.verb:set package 'vesc_driver' build argument 'cmake_force_configure' from command line to 'False'
[6.424s] Level 5:colcon.colcon_core.verb:set package 'vesc_driver' build argument 'ament_cmake_args' from command line to 'None'
[6.424s] Level 5:colcon.colcon_core.verb:set package 'vesc_driver' build argument 'catkin_cmake_args' from command line to 'None'
[6.425s] Level 5:colcon.colcon_core.verb:set package 'vesc_driver' build argument 'catkin_skip_building_tests' from command line to 'False'
[6.425s] DEBUG:colcon.colcon_core.verb:Building package 'vesc_driver' with the following arguments: {'ament_cmake_args': None, 'build_base': '/home/orin_nano/f1tenth_ws/build/vesc_driver', 'catkin_cmake_args': None, 'catkin_skip_building_tests': False, 'cmake_args': None, 'cmake_clean_cache': False, 'cmake_clean_first': False, 'cmake_force_configure': False, 'cmake_target': None, 'cmake_target_skip_unavailable': False, 'install_base': '/home/orin_nano/f1tenth_ws/install/vesc_driver', 'merge_install': False, 'path': '/home/orin_nano/f1tenth_ws/src/vesc/vesc_driver', 'symlink_install': False, 'test_result_base': None}
[6.499s] Level 5:colcon.colcon_core.verb:set package 'vesc' build argument 'cmake_args' from command line to 'None'
[6.499s] Level 5:colcon.colcon_core.verb:set package 'vesc' build argument 'cmake_target' from command line to 'None'
[6.499s] Level 5:colcon.colcon_core.verb:set package 'vesc' build argument 'cmake_target_skip_unavailable' from command line to 'False'
[6.499s] Level 5:colcon.colcon_core.verb:set package 'vesc' build argument 'cmake_clean_cache' from command line to 'False'
[6.499s] Level 5:colcon.colcon_core.verb:set package 'vesc' build argument 'cmake_clean_first' from command line to 'False'
[6.500s] Level 5:colcon.colcon_core.verb:set package 'vesc' build argument 'cmake_force_configure' from command line to 'False'
[6.500s] Level 5:colcon.colcon_core.verb:set package 'vesc' build argument 'ament_cmake_args' from command line to 'None'
[6.500s] Level 5:colcon.colcon_core.verb:set package 'vesc' build argument 'catkin_cmake_args' from command line to 'None'
[6.500s] Level 5:colcon.colcon_core.verb:set package 'vesc' build argument 'catkin_skip_building_tests' from command line to 'False'
[6.500s] DEBUG:colcon.colcon_core.verb:Building package 'vesc' with the following arguments: {'ament_cmake_args': None, 'build_base': '/home/orin_nano/f1tenth_ws/build/vesc', 'catkin_cmake_args': None, 'catkin_skip_building_tests': False, 'cmake_args': None, 'cmake_clean_cache': False, 'cmake_clean_first': False, 'cmake_force_configure': False, 'cmake_target': None, 'cmake_target_skip_unavailable': False, 'install_base': '/home/orin_nano/f1tenth_ws/install/vesc', 'merge_install': False, 'path': '/home/orin_nano/f1tenth_ws/src/vesc/vesc', 'symlink_install': False, 'test_result_base': None}
[6.573s] INFO:colcon.colcon_core.executor:Executing jobs using 'parallel' executor
[6.650s] DEBUG:colcon.colcon_parallel_executor.executor.parallel:run_until_complete
[6.651s] INFO:colcon.colcon_ros.task.ament_cmake.build:Building ROS package in '/home/orin_nano/f1tenth_ws/src/vesc/vesc_msgs' with build type 'ament_cmake'
[6.651s] INFO:colcon.colcon_cmake.task.cmake.build:Building CMake package in '/home/orin_nano/f1tenth_ws/src/vesc/vesc_msgs'
[6.734s] INFO:colcon.colcon_core.plugin_system:Skipping extension 'colcon_core.shell.bat': Not used on non-Windows systems
[6.734s] INFO:colcon.colcon_core.shell:Skip shell extension 'powershell' for command environment: Not usable outside of PowerShell
[6.734s] DEBUG:colcon.colcon_core.shell:Skip shell extension 'dsv' for command environment
[6.976s] INFO:colcon.colcon_ros.task.ament_cmake.build:Building ROS package in '/home/orin_nano/f1tenth_ws/src/combine_pkg' with build type 'ament_cmake'
[6.976s] INFO:colcon.colcon_cmake.task.cmake.build:Building CMake package in '/home/orin_nano/f1tenth_ws/src/combine_pkg'
[7.053s] INFO:colcon.colcon_core.shell:Skip shell extension 'powershell' for command environment: Not usable outside of PowerShell
[7.054s] DEBUG:colcon.colcon_core.shell:Skip shell extension 'dsv' for command environment
[7.286s] INFO:colcon.colcon_ros.task.ament_python.build:Building ROS package in '/home/orin_nano/f1tenth_ws/src/f1_test' with build type 'ament_python'
[7.287s] Level 1:colcon.colcon_core.shell:create_environment_hook('f1_test', 'ament_prefix_path')
[7.365s] INFO:colcon.colcon_core.shell:Creating environment hook '/home/orin_nano/f1tenth_ws/install/f1_test/share/f1_test/hook/ament_prefix_path.ps1'
[7.367s] INFO:colcon.colcon_core.shell:Creating environment descriptor '/home/orin_nano/f1tenth_ws/install/f1_test/share/f1_test/hook/ament_prefix_path.dsv'
[7.368s] INFO:colcon.colcon_core.shell:Creating environment hook '/home/orin_nano/f1tenth_ws/install/f1_test/share/f1_test/hook/ament_prefix_path.sh'
[7.443s] INFO:colcon.colcon_core.shell:Skip shell extension 'powershell' for command environment: Not usable outside of PowerShell
[7.443s] DEBUG:colcon.colcon_core.shell:Skip shell extension 'dsv' for command environment
[7.684s] INFO:colcon.colcon_ros.task.ament_cmake.build:Building ROS package in '/home/orin_nano/f1tenth_ws/src/urg_node2' with build type 'ament_cmake'
[7.686s] INFO:colcon.colcon_cmake.task.cmake.build:Building CMake package in '/home/orin_nano/f1tenth_ws/src/urg_node2'
[7.763s] INFO:colcon.colcon_core.shell:Skip shell extension 'powershell' for command environment: Not usable outside of PowerShell
[7.763s] DEBUG:colcon.colcon_core.shell:Skip shell extension 'dsv' for command environment
[8.014s] DEBUG:colcon.colcon_core.event_handler.log_command:Invoking command in '/home/orin_nano/f1tenth_ws/build/vesc_msgs': CMAKE_PREFIX_PATH=${CMAKE_PREFIX_PATH}:/home/orin_nano/f1tenth_ws/install/f1_test:/opt/ros/foxy /usr/bin/cmake --build /home/orin_nano/f1tenth_ws/build/vesc_msgs -- -j6 -l6
[8.031s] DEBUG:colcon.colcon_core.event_handler.log_command:Invoking command in '/home/orin_nano/f1tenth_ws/build/combine_pkg': CMAKE_PREFIX_PATH=${CMAKE_PREFIX_PATH}:/home/orin_nano/f1tenth_ws/install/f1_test:/opt/ros/foxy /usr/bin/cmake --build /home/orin_nano/f1tenth_ws/build/combine_pkg -- -j6 -l6
[8.533s] INFO:colcon.colcon_core.task.python.build:Building Python package in '/home/orin_nano/f1tenth_ws/src/f1_test'
[8.667s] INFO:colcon.colcon_core.shell:Skip shell extension 'powershell' for command environment: Not usable outside of PowerShell
[8.667s] DEBUG:colcon.colcon_core.shell:Skip shell extension 'dsv' for command environment
[8.931s] DEBUG:colcon.colcon_core.event_handler.log_command:Invoking command in '/home/orin_nano/f1tenth_ws/build/urg_node2': CMAKE_PREFIX_PATH=${CMAKE_PREFIX_PATH}:/home/orin_nano/f1tenth_ws/install/f1_test:/opt/ros/foxy /usr/bin/cmake --build /home/orin_nano/f1tenth_ws/build/urg_node2 -- -j6 -l6
[8.932s] DEBUG:colcon.colcon_core.event_handler.log_command:Invoked command in '/home/orin_nano/f1tenth_ws/build/vesc_msgs' returned '0': CMAKE_PREFIX_PATH=${CMAKE_PREFIX_PATH}:/home/orin_nano/f1tenth_ws/install/f1_test:/opt/ros/foxy /usr/bin/cmake --build /home/orin_nano/f1tenth_ws/build/vesc_msgs -- -j6 -l6
[8.935s] DEBUG:colcon.colcon_core.event_handler.log_command:Invoked command in '/home/orin_nano/f1tenth_ws/build/combine_pkg' returned '0': CMAKE_PREFIX_PATH=${CMAKE_PREFIX_PATH}:/home/orin_nano/f1tenth_ws/install/f1_test:/opt/ros/foxy /usr/bin/cmake --build /home/orin_nano/f1tenth_ws/build/combine_pkg -- -j6 -l6
[9.026s] DEBUG:colcon.colcon_core.event_handler.log_command:Invoking command in '/home/orin_nano/f1tenth_ws/build/combine_pkg': CMAKE_PREFIX_PATH=${CMAKE_PREFIX_PATH}:/home/orin_nano/f1tenth_ws/install/f1_test:/opt/ros/foxy /usr/bin/cmake --install /home/orin_nano/f1tenth_ws/build/combine_pkg
[9.075s] Level 1:colcon.colcon_core.environment:create_environment_scripts_only(combine_pkg)
[9.076s] DEBUG:colcon.colcon_core.event_handler.log_command:Invoked command in '/home/orin_nano/f1tenth_ws/build/combine_pkg' returned '0': CMAKE_PREFIX_PATH=${CMAKE_PREFIX_PATH}:/home/orin_nano/f1tenth_ws/install/f1_test:/opt/ros/foxy /usr/bin/cmake --install /home/orin_nano/f1tenth_ws/build/combine_pkg
[9.215s] Level 1:colcon.colcon_core.environment:checking '/home/orin_nano/f1tenth_ws/install/combine_pkg' for CMake module files
[9.217s] Level 1:colcon.colcon_core.environment:checking '/home/orin_nano/f1tenth_ws/install/combine_pkg' for CMake config files
[9.218s] Level 1:colcon.colcon_core.shell:create_environment_hook('combine_pkg', 'cmake_prefix_path')
[9.323s] INFO:colcon.colcon_core.shell:Creating environment hook '/home/orin_nano/f1tenth_ws/install/combine_pkg/share/combine_pkg/hook/cmake_prefix_path.ps1'
[9.324s] INFO:colcon.colcon_core.shell:Creating environment descriptor '/home/orin_nano/f1tenth_ws/install/combine_pkg/share/combine_pkg/hook/cmake_prefix_path.dsv'
[9.325s] INFO:colcon.colcon_core.shell:Creating environment hook '/home/orin_nano/f1tenth_ws/install/combine_pkg/share/combine_pkg/hook/cmake_prefix_path.sh'
[9.326s] Level 1:colcon.colcon_core.environment:checking '/home/orin_nano/f1tenth_ws/install/combine_pkg/bin'
[9.327s] Level 1:colcon.colcon_core.environment:checking '/home/orin_nano/f1tenth_ws/install/combine_pkg/lib/pkgconfig/combine_pkg.pc'
[9.327s] Level 1:colcon.colcon_core.environment:checking '/home/orin_nano/f1tenth_ws/install/combine_pkg/lib/python3.8/site-packages'
[9.328s] Level 1:colcon.colcon_core.environment:checking '/home/orin_nano/f1tenth_ws/install/combine_pkg/bin'
[9.406s] INFO:colcon.colcon_core.shell:Creating package script '/home/orin_nano/f1tenth_ws/install/combine_pkg/share/combine_pkg/package.ps1'
[9.408s] INFO:colcon.colcon_core.shell:Creating package descriptor '/home/orin_nano/f1tenth_ws/install/combine_pkg/share/combine_pkg/package.dsv'
[9.410s] INFO:colcon.colcon_core.shell:Creating package script '/home/orin_nano/f1tenth_ws/install/combine_pkg/share/combine_pkg/package.sh'
[9.412s] INFO:colcon.colcon_core.shell:Creating package script '/home/orin_nano/f1tenth_ws/install/combine_pkg/share/combine_pkg/package.bash'
[9.413s] INFO:colcon.colcon_core.shell:Creating package script '/home/orin_nano/f1tenth_ws/install/combine_pkg/share/combine_pkg/package.zsh'
[9.415s] Level 1:colcon.colcon_core.environment:create_file_with_runtime_dependencies(/home/orin_nano/f1tenth_ws/install/combine_pkg/share/colcon-core/packages/combine_pkg)
[9.431s] DEBUG:colcon.colcon_core.event_handler.log_command:Invoking command in '/home/orin_nano/f1tenth_ws/build/vesc_msgs': CMAKE_PREFIX_PATH=${CMAKE_PREFIX_PATH}:/home/orin_nano/f1tenth_ws/install/f1_test:/opt/ros/foxy /usr/bin/cmake --install /home/orin_nano/f1tenth_ws/build/vesc_msgs
[9.439s] DEBUG:colcon.colcon_core.event_handler.log_command:Invoked command in '/home/orin_nano/f1tenth_ws/build/urg_node2' returned '0': CMAKE_PREFIX_PATH=${CMAKE_PREFIX_PATH}:/home/orin_nano/f1tenth_ws/install/f1_test:/opt/ros/foxy /usr/bin/cmake --build /home/orin_nano/f1tenth_ws/build/urg_node2 -- -j6 -l6
[9.586s] Level 1:colcon.colcon_core.environment:create_environment_scripts_only(combine_pkg)
[9.675s] Level 1:colcon.colcon_core.environment:checking '/home/orin_nano/f1tenth_ws/install/combine_pkg' for CMake module files
[9.676s] Level 1:colcon.colcon_core.environment:checking '/home/orin_nano/f1tenth_ws/install/combine_pkg' for CMake config files
[9.677s] Level 1:colcon.colcon_core.shell:create_environment_hook('combine_pkg', 'cmake_prefix_path')
[9.756s] INFO:colcon.colcon_core.shell:Creating environment hook '/home/orin_nano/f1tenth_ws/install/combine_pkg/share/combine_pkg/hook/cmake_prefix_path.ps1'
[9.757s] INFO:colcon.colcon_core.shell:Creating environment descriptor '/home/orin_nano/f1tenth_ws/install/combine_pkg/share/combine_pkg/hook/cmake_prefix_path.dsv'
[9.758s] INFO:colcon.colcon_core.shell:Creating environment hook '/home/orin_nano/f1tenth_ws/install/combine_pkg/share/combine_pkg/hook/cmake_prefix_path.sh'
[9.759s] Level 1:colcon.colcon_core.environment:checking '/home/orin_nano/f1tenth_ws/install/combine_pkg/bin'
[9.759s] Level 1:colcon.colcon_core.environment:checking '/home/orin_nano/f1tenth_ws/install/combine_pkg/lib/pkgconfig/combine_pkg.pc'
[9.760s] Level 1:colcon.colcon_core.environment:checking '/home/orin_nano/f1tenth_ws/install/combine_pkg/lib/python3.8/site-packages'
[9.760s] Level 1:colcon.colcon_core.environment:checking '/home/orin_nano/f1tenth_ws/install/combine_pkg/bin'
[9.839s] INFO:colcon.colcon_core.shell:Creating package script '/home/orin_nano/f1tenth_ws/install/combine_pkg/share/combine_pkg/package.ps1'
[9.840s] INFO:colcon.colcon_core.shell:Creating package descriptor '/home/orin_nano/f1tenth_ws/install/combine_pkg/share/combine_pkg/package.dsv'
[9.841s] INFO:colcon.colcon_core.shell:Creating package script '/home/orin_nano/f1tenth_ws/install/combine_pkg/share/combine_pkg/package.sh'
[9.842s] INFO:colcon.colcon_core.shell:Creating package script '/home/orin_nano/f1tenth_ws/install/combine_pkg/share/combine_pkg/package.bash'
[9.843s] INFO:colcon.colcon_core.shell:Creating package script '/home/orin_nano/f1tenth_ws/install/combine_pkg/share/combine_pkg/package.zsh'
[9.844s] Level 1:colcon.colcon_core.environment:create_file_with_runtime_dependencies(/home/orin_nano/f1tenth_ws/install/combine_pkg/share/colcon-core/packages/combine_pkg)
[9.848s] Level 1:colcon.colcon_core.environment:create_environment_scripts_only(vesc_msgs)
[9.849s] DEBUG:colcon.colcon_core.event_handler.log_command:Invoked command in '/home/orin_nano/f1tenth_ws/build/vesc_msgs' returned '0': CMAKE_PREFIX_PATH=${CMAKE_PREFIX_PATH}:/home/orin_nano/f1tenth_ws/install/f1_test:/opt/ros/foxy /usr/bin/cmake --install /home/orin_nano/f1tenth_ws/build/vesc_msgs
[9.927s] Level 1:colcon.colcon_core.environment:checking '/home/orin_nano/f1tenth_ws/install/vesc_msgs' for CMake module files
[9.929s] Level 1:colcon.colcon_core.environment:checking '/home/orin_nano/f1tenth_ws/install/vesc_msgs' for CMake config files
[9.930s] Level 1:colcon.colcon_core.shell:create_environment_hook('vesc_msgs', 'cmake_prefix_path')
[10.008s] INFO:colcon.colcon_core.shell:Creating environment hook '/home/orin_nano/f1tenth_ws/install/vesc_msgs/share/vesc_msgs/hook/cmake_prefix_path.ps1'
[10.009s] INFO:colcon.colcon_core.shell:Creating environment descriptor '/home/orin_nano/f1tenth_ws/install/vesc_msgs/share/vesc_msgs/hook/cmake_prefix_path.dsv'
[10.010s] INFO:colcon.colcon_core.shell:Creating environment hook '/home/orin_nano/f1tenth_ws/install/vesc_msgs/share/vesc_msgs/hook/cmake_prefix_path.sh'
[10.011s] Level 1:colcon.colcon_core.environment:checking '/home/orin_nano/f1tenth_ws/install/vesc_msgs/lib'
[10.012s] Level 1:colcon.colcon_core.shell:create_environment_hook('vesc_msgs', 'ld_library_path_lib')
[10.088s] INFO:colcon.colcon_core.shell:Creating environment hook '/home/orin_nano/f1tenth_ws/install/vesc_msgs/share/vesc_msgs/hook/ld_library_path_lib.ps1'
[10.089s] INFO:colcon.colcon_core.shell:Creating environment descriptor '/home/orin_nano/f1tenth_ws/install/vesc_msgs/share/vesc_msgs/hook/ld_library_path_lib.dsv'
[10.090s] INFO:colcon.colcon_core.shell:Creating environment hook '/home/orin_nano/f1tenth_ws/install/vesc_msgs/share/vesc_msgs/hook/ld_library_path_lib.sh'
[10.091s] Level 1:colcon.colcon_core.environment:checking '/home/orin_nano/f1tenth_ws/install/vesc_msgs/bin'
[10.091s] Level 1:colcon.colcon_core.environment:checking '/home/orin_nano/f1tenth_ws/install/vesc_msgs/lib/pkgconfig/vesc_msgs.pc'
[10.091s] Level 1:colcon.colcon_core.environment:checking '/home/orin_nano/f1tenth_ws/install/vesc_msgs/lib/python3.8/site-packages'
[10.091s] Level 1:colcon.colcon_core.shell:create_environment_hook('vesc_msgs', 'pythonpath')
[10.163s] INFO:colcon.colcon_core.shell:Creating environment hook '/home/orin_nano/f1tenth_ws/install/vesc_msgs/share/vesc_msgs/hook/pythonpath.ps1'
[10.165s] INFO:colcon.colcon_core.shell:Creating environment descriptor '/home/orin_nano/f1tenth_ws/install/vesc_msgs/share/vesc_msgs/hook/pythonpath.dsv'
[10.165s] INFO:colcon.colcon_core.shell:Creating environment hook '/home/orin_nano/f1tenth_ws/install/vesc_msgs/share/vesc_msgs/hook/pythonpath.sh'
[10.167s] Level 1:colcon.colcon_core.environment:checking '/home/orin_nano/f1tenth_ws/install/vesc_msgs/bin'
[10.241s] INFO:colcon.colcon_core.shell:Creating package script '/home/orin_nano/f1tenth_ws/install/vesc_msgs/share/vesc_msgs/package.ps1'
[10.243s] INFO:colcon.colcon_core.shell:Creating package descriptor '/home/orin_nano/f1tenth_ws/install/vesc_msgs/share/vesc_msgs/package.dsv'
[10.244s] INFO:colcon.colcon_core.shell:Creating package script '/home/orin_nano/f1tenth_ws/install/vesc_msgs/share/vesc_msgs/package.sh'
[10.245s] INFO:colcon.colcon_core.shell:Creating package script '/home/orin_nano/f1tenth_ws/install/vesc_msgs/share/vesc_msgs/package.bash'
[10.245s] INFO:colcon.colcon_core.shell:Creating package script '/home/orin_nano/f1tenth_ws/install/vesc_msgs/share/vesc_msgs/package.zsh'
[10.246s] Level 1:colcon.colcon_core.environment:create_file_with_runtime_dependencies(/home/orin_nano/f1tenth_ws/install/vesc_msgs/share/colcon-core/packages/vesc_msgs)
[10.260s] DEBUG:colcon.colcon_core.event_handler.log_command:Invoking command in '/home/orin_nano/f1tenth_ws/build/urg_node2': CMAKE_PREFIX_PATH=${CMAKE_PREFIX_PATH}:/home/orin_nano/f1tenth_ws/install/f1_test:/opt/ros/foxy /usr/bin/cmake --install /home/orin_nano/f1tenth_ws/build/urg_node2
[10.268s] DEBUG:colcon.colcon_core.event_handler.log_command:Invoking command in '/home/orin_nano/f1tenth_ws/src/f1_test': PYTHONPATH=/home/orin_nano/f1tenth_ws/build/f1_test/prefix_override:/home/orin_nano/f1tenth_ws/install/f1_test/lib/python3.8/site-packages:${PYTHONPATH} /usr/bin/python3 setup.py egg_info --egg-base ../../build/f1_test build --build-base /home/orin_nano/f1tenth_ws/build/f1_test/build install --record /home/orin_nano/f1tenth_ws/build/f1_test/install.log --install-scripts $base/lib/f1_test --single-version-externally-managed
[10.319s] Level 1:colcon.colcon_core.environment:create_environment_scripts_only(urg_node2)
[10.331s] DEBUG:colcon.colcon_core.event_handler.log_command:Invoked command in '/home/orin_nano/f1tenth_ws/build/urg_node2' returned '0': CMAKE_PREFIX_PATH=${CMAKE_PREFIX_PATH}:/home/orin_nano/f1tenth_ws/install/f1_test:/opt/ros/foxy /usr/bin/cmake --install /home/orin_nano/f1tenth_ws/build/urg_node2
[10.400s] Level 1:colcon.colcon_core.environment:checking '/home/orin_nano/f1tenth_ws/install/urg_node2' for CMake module files
[10.401s] Level 1:colcon.colcon_core.environment:checking '/home/orin_nano/f1tenth_ws/install/urg_node2' for CMake config files
[10.402s] Level 1:colcon.colcon_core.shell:create_environment_hook('urg_node2', 'cmake_prefix_path')
[10.478s] INFO:colcon.colcon_core.shell:Creating environment hook '/home/orin_nano/f1tenth_ws/install/urg_node2/share/urg_node2/hook/cmake_prefix_path.ps1'
[10.480s] INFO:colcon.colcon_core.shell:Creating environment descriptor '/home/orin_nano/f1tenth_ws/install/urg_node2/share/urg_node2/hook/cmake_prefix_path.dsv'
[10.481s] INFO:colcon.colcon_core.shell:Creating environment hook '/home/orin_nano/f1tenth_ws/install/urg_node2/share/urg_node2/hook/cmake_prefix_path.sh'
[10.483s] Level 1:colcon.colcon_core.environment:checking '/home/orin_nano/f1tenth_ws/install/urg_node2/lib'
[10.483s] Level 1:colcon.colcon_core.shell:create_environment_hook('urg_node2', 'ld_library_path_lib')
[10.564s] INFO:colcon.colcon_core.shell:Creating environment hook '/home/orin_nano/f1tenth_ws/install/urg_node2/share/urg_node2/hook/ld_library_path_lib.ps1'
[10.565s] INFO:colcon.colcon_core.shell:Creating environment descriptor '/home/orin_nano/f1tenth_ws/install/urg_node2/share/urg_node2/hook/ld_library_path_lib.dsv'
[10.566s] INFO:colcon.colcon_core.shell:Creating environment hook '/home/orin_nano/f1tenth_ws/install/urg_node2/share/urg_node2/hook/ld_library_path_lib.sh'
[10.566s] Level 1:colcon.colcon_core.environment:checking '/home/orin_nano/f1tenth_ws/install/urg_node2/bin'
[10.567s] Level 1:colcon.colcon_core.environment:checking '/home/orin_nano/f1tenth_ws/install/urg_node2/lib/pkgconfig/urg_node2.pc'
[10.567s] Level 1:colcon.colcon_core.environment:checking '/home/orin_nano/f1tenth_ws/install/urg_node2/lib/python3.8/site-packages'
[10.567s] Level 1:colcon.colcon_core.environment:checking '/home/orin_nano/f1tenth_ws/install/urg_node2/bin'
[10.652s] INFO:colcon.colcon_core.shell:Creating package script '/home/orin_nano/f1tenth_ws/install/urg_node2/share/urg_node2/package.ps1'
[10.654s] INFO:colcon.colcon_core.shell:Creating package descriptor '/home/orin_nano/f1tenth_ws/install/urg_node2/share/urg_node2/package.dsv'
[10.655s] INFO:colcon.colcon_core.shell:Creating package script '/home/orin_nano/f1tenth_ws/install/urg_node2/share/urg_node2/package.sh'
[10.656s] INFO:colcon.colcon_core.shell:Creating package script '/home/orin_nano/f1tenth_ws/install/urg_node2/share/urg_node2/package.bash'
[10.657s] INFO:colcon.colcon_core.shell:Creating package script '/home/orin_nano/f1tenth_ws/install/urg_node2/share/urg_node2/package.zsh'
[10.657s] Level 1:colcon.colcon_core.environment:create_file_with_runtime_dependencies(/home/orin_nano/f1tenth_ws/install/urg_node2/share/colcon-core/packages/urg_node2)
[10.758s] Level 1:colcon.colcon_core.environment:create_environment_scripts_only(vesc_msgs)
[10.852s] Level 1:colcon.colcon_core.environment:checking '/home/orin_nano/f1tenth_ws/install/vesc_msgs' for CMake module files
[10.853s] Level 1:colcon.colcon_core.environment:checking '/home/orin_nano/f1tenth_ws/install/vesc_msgs' for CMake config files
[10.854s] Level 1:colcon.colcon_core.shell:create_environment_hook('vesc_msgs', 'cmake_prefix_path')
[10.936s] INFO:colcon.colcon_core.shell:Creating environment hook '/home/orin_nano/f1tenth_ws/install/vesc_msgs/share/vesc_msgs/hook/cmake_prefix_path.ps1'
[10.938s] INFO:colcon.colcon_core.shell:Creating environment descriptor '/home/orin_nano/f1tenth_ws/install/vesc_msgs/share/vesc_msgs/hook/cmake_prefix_path.dsv'
[10.939s] INFO:colcon.colcon_core.shell:Creating environment hook '/home/orin_nano/f1tenth_ws/install/vesc_msgs/share/vesc_msgs/hook/cmake_prefix_path.sh'
[10.941s] Level 1:colcon.colcon_core.environment:checking '/home/orin_nano/f1tenth_ws/install/vesc_msgs/lib'
[10.941s] Level 1:colcon.colcon_core.shell:create_environment_hook('vesc_msgs', 'ld_library_path_lib')
[11.019s] INFO:colcon.colcon_core.shell:Creating environment hook '/home/orin_nano/f1tenth_ws/install/vesc_msgs/share/vesc_msgs/hook/ld_library_path_lib.ps1'
[11.021s] INFO:colcon.colcon_core.shell:Creating environment descriptor '/home/orin_nano/f1tenth_ws/install/vesc_msgs/share/vesc_msgs/hook/ld_library_path_lib.dsv'
[11.021s] INFO:colcon.colcon_core.shell:Creating environment hook '/home/orin_nano/f1tenth_ws/install/vesc_msgs/share/vesc_msgs/hook/ld_library_path_lib.sh'
[11.022s] Level 1:colcon.colcon_core.environment:checking '/home/orin_nano/f1tenth_ws/install/vesc_msgs/bin'
[11.022s] Level 1:colcon.colcon_core.environment:checking '/home/orin_nano/f1tenth_ws/install/vesc_msgs/lib/pkgconfig/vesc_msgs.pc'
[11.023s] Level 1:colcon.colcon_core.environment:checking '/home/orin_nano/f1tenth_ws/install/vesc_msgs/lib/python3.8/site-packages'
[11.023s] Level 1:colcon.colcon_core.shell:create_environment_hook('vesc_msgs', 'pythonpath')
[11.132s] INFO:colcon.colcon_core.shell:Creating environment hook '/home/orin_nano/f1tenth_ws/install/vesc_msgs/share/vesc_msgs/hook/pythonpath.ps1'
[11.133s] INFO:colcon.colcon_core.shell:Creating environment descriptor '/home/orin_nano/f1tenth_ws/install/vesc_msgs/share/vesc_msgs/hook/pythonpath.dsv'
[11.134s] INFO:colcon.colcon_core.shell:Creating environment hook '/home/orin_nano/f1tenth_ws/install/vesc_msgs/share/vesc_msgs/hook/pythonpath.sh'
[11.135s] Level 1:colcon.colcon_core.environment:checking '/home/orin_nano/f1tenth_ws/install/vesc_msgs/bin'
[11.211s] INFO:colcon.colcon_core.shell:Creating package script '/home/orin_nano/f1tenth_ws/install/vesc_msgs/share/vesc_msgs/package.ps1'
[11.212s] INFO:colcon.colcon_core.shell:Creating package descriptor '/home/orin_nano/f1tenth_ws/install/vesc_msgs/share/vesc_msgs/package.dsv'
[11.213s] INFO:colcon.colcon_core.shell:Creating package script '/home/orin_nano/f1tenth_ws/install/vesc_msgs/share/vesc_msgs/package.sh'
[11.214s] INFO:colcon.colcon_core.shell:Creating package script '/home/orin_nano/f1tenth_ws/install/vesc_msgs/share/vesc_msgs/package.bash'
[11.215s] INFO:colcon.colcon_core.shell:Creating package script '/home/orin_nano/f1tenth_ws/install/vesc_msgs/share/vesc_msgs/package.zsh'
[11.216s] Level 1:colcon.colcon_core.environment:create_file_with_runtime_dependencies(/home/orin_nano/f1tenth_ws/install/vesc_msgs/share/colcon-core/packages/vesc_msgs)
[11.218s] INFO:colcon.colcon_ros.task.ament_cmake.build:Building ROS package in '/home/orin_nano/f1tenth_ws/src/vesc/vesc_ackermann' with build type 'ament_cmake'
[11.219s] INFO:colcon.colcon_cmake.task.cmake.build:Building CMake package in '/home/orin_nano/f1tenth_ws/src/vesc/vesc_ackermann'
[11.293s] INFO:colcon.colcon_core.shell:Skip shell extension 'powershell' for command environment: Not usable outside of PowerShell
[11.293s] DEBUG:colcon.colcon_core.shell:Skip shell extension 'dsv' for command environment
[11.530s] INFO:colcon.colcon_ros.task.ament_cmake.build:Building ROS package in '/home/orin_nano/f1tenth_ws/src/vesc/vesc_driver' with build type 'ament_cmake'
[11.531s] INFO:colcon.colcon_cmake.task.cmake.build:Building CMake package in '/home/orin_nano/f1tenth_ws/src/vesc/vesc_driver'
[11.609s] INFO:colcon.colcon_core.shell:Skip shell extension 'powershell' for command environment: Not usable outside of PowerShell
[11.609s] DEBUG:colcon.colcon_core.shell:Skip shell extension 'dsv' for command environment
[11.869s] DEBUG:colcon.colcon_core.event_handler.log_command:Invoked command in '/home/orin_nano/f1tenth_ws/src/f1_test' returned '0': PYTHONPATH=/home/orin_nano/f1tenth_ws/build/f1_test/prefix_override:/home/orin_nano/f1tenth_ws/install/f1_test/lib/python3.8/site-packages:${PYTHONPATH} /usr/bin/python3 setup.py egg_info --egg-base ../../build/f1_test build --build-base /home/orin_nano/f1tenth_ws/build/f1_test/build install --record /home/orin_nano/f1tenth_ws/build/f1_test/install.log --install-scripts $base/lib/f1_test --single-version-externally-managed
[11.950s] Level 1:colcon.colcon_core.environment:checking '/home/orin_nano/f1tenth_ws/install/f1_test' for CMake module files
[11.951s] Level 1:colcon.colcon_core.environment:checking '/home/orin_nano/f1tenth_ws/install/f1_test' for CMake config files
[11.952s] Level 1:colcon.colcon_core.environment:checking '/home/orin_nano/f1tenth_ws/install/f1_test/lib'
[11.953s] Level 1:colcon.colcon_core.environment:checking '/home/orin_nano/f1tenth_ws/install/f1_test/bin'
[11.953s] Level 1:colcon.colcon_core.environment:checking '/home/orin_nano/f1tenth_ws/install/f1_test/lib/pkgconfig/f1_test.pc'
[11.953s] Level 1:colcon.colcon_core.environment:checking '/home/orin_nano/f1tenth_ws/install/f1_test/lib/python3.8/site-packages'
[11.954s] Level 1:colcon.colcon_core.shell:create_environment_hook('f1_test', 'pythonpath')
[12.030s] INFO:colcon.colcon_core.shell:Creating environment hook '/home/orin_nano/f1tenth_ws/install/f1_test/share/f1_test/hook/pythonpath.ps1'
[12.032s] INFO:colcon.colcon_core.shell:Creating environment descriptor '/home/orin_nano/f1tenth_ws/install/f1_test/share/f1_test/hook/pythonpath.dsv'
[12.032s] INFO:colcon.colcon_core.shell:Creating environment hook '/home/orin_nano/f1tenth_ws/install/f1_test/share/f1_test/hook/pythonpath.sh'
[12.034s] Level 1:colcon.colcon_core.environment:checking '/home/orin_nano/f1tenth_ws/install/f1_test/bin'
[12.034s] Level 1:colcon.colcon_core.environment:create_environment_scripts_only(f1_test)
[12.109s] INFO:colcon.colcon_core.shell:Creating package script '/home/orin_nano/f1tenth_ws/install/f1_test/share/f1_test/package.ps1'
[12.111s] INFO:colcon.colcon_core.shell:Creating package descriptor '/home/orin_nano/f1tenth_ws/install/f1_test/share/f1_test/package.dsv'
[12.112s] INFO:colcon.colcon_core.shell:Creating package script '/home/orin_nano/f1tenth_ws/install/f1_test/share/f1_test/package.sh'
[12.113s] INFO:colcon.colcon_core.shell:Creating package script '/home/orin_nano/f1tenth_ws/install/f1_test/share/f1_test/package.bash'
[12.114s] INFO:colcon.colcon_core.shell:Creating package script '/home/orin_nano/f1tenth_ws/install/f1_test/share/f1_test/package.zsh'
[12.114s] Level 1:colcon.colcon_core.environment:create_file_with_runtime_dependencies(/home/orin_nano/f1tenth_ws/install/f1_test/share/colcon-core/packages/f1_test)
[12.192s] Level 1:colcon.colcon_core.environment:create_environment_scripts_only(urg_node2)
[12.266s] Level 1:colcon.colcon_core.environment:checking '/home/orin_nano/f1tenth_ws/install/urg_node2' for CMake module files
[12.267s] Level 1:colcon.colcon_core.environment:checking '/home/orin_nano/f1tenth_ws/install/urg_node2' for CMake config files
[12.268s] Level 1:colcon.colcon_core.shell:create_environment_hook('urg_node2', 'cmake_prefix_path')
[12.342s] INFO:colcon.colcon_core.shell:Creating environment hook '/home/orin_nano/f1tenth_ws/install/urg_node2/share/urg_node2/hook/cmake_prefix_path.ps1'
[12.344s] INFO:colcon.colcon_core.shell:Creating environment descriptor '/home/orin_nano/f1tenth_ws/install/urg_node2/share/urg_node2/hook/cmake_prefix_path.dsv'
[12.345s] INFO:colcon.colcon_core.shell:Creating environment hook '/home/orin_nano/f1tenth_ws/install/urg_node2/share/urg_node2/hook/cmake_prefix_path.sh'
[12.347s] Level 1:colcon.colcon_core.environment:checking '/home/orin_nano/f1tenth_ws/install/urg_node2/lib'
[12.347s] Level 1:colcon.colcon_core.shell:create_environment_hook('urg_node2', 'ld_library_path_lib')
[12.421s] INFO:colcon.colcon_core.shell:Creating environment hook '/home/orin_nano/f1tenth_ws/install/urg_node2/share/urg_node2/hook/ld_library_path_lib.ps1'
[12.423s] INFO:colcon.colcon_core.shell:Creating environment descriptor '/home/orin_nano/f1tenth_ws/install/urg_node2/share/urg_node2/hook/ld_library_path_lib.dsv'
[12.424s] INFO:colcon.colcon_core.shell:Creating environment hook '/home/orin_nano/f1tenth_ws/install/urg_node2/share/urg_node2/hook/ld_library_path_lib.sh'
[12.424s] Level 1:colcon.colcon_core.environment:checking '/home/orin_nano/f1tenth_ws/install/urg_node2/bin'
[12.425s] Level 1:colcon.colcon_core.environment:checking '/home/orin_nano/f1tenth_ws/install/urg_node2/lib/pkgconfig/urg_node2.pc'
[12.425s] Level 1:colcon.colcon_core.environment:checking '/home/orin_nano/f1tenth_ws/install/urg_node2/lib/python3.8/site-packages'
[12.425s] Level 1:colcon.colcon_core.environment:checking '/home/orin_nano/f1tenth_ws/install/urg_node2/bin'
[12.499s] INFO:colcon.colcon_core.shell:Creating package script '/home/orin_nano/f1tenth_ws/install/urg_node2/share/urg_node2/package.ps1'
[12.500s] INFO:colcon.colcon_core.shell:Creating package descriptor '/home/orin_nano/f1tenth_ws/install/urg_node2/share/urg_node2/package.dsv'
[12.501s] INFO:colcon.colcon_core.shell:Creating package script '/home/orin_nano/f1tenth_ws/install/urg_node2/share/urg_node2/package.sh'
[12.502s] INFO:colcon.colcon_core.shell:Creating package script '/home/orin_nano/f1tenth_ws/install/urg_node2/share/urg_node2/package.bash'
[12.503s] INFO:colcon.colcon_core.shell:Creating package script '/home/orin_nano/f1tenth_ws/install/urg_node2/share/urg_node2/package.zsh'
[12.504s] Level 1:colcon.colcon_core.environment:create_file_with_runtime_dependencies(/home/orin_nano/f1tenth_ws/install/urg_node2/share/colcon-core/packages/urg_node2)
[12.518s] DEBUG:colcon.colcon_core.event_handler.log_command:Invoking command in '/home/orin_nano/f1tenth_ws/build/vesc_ackermann': CMAKE_PREFIX_PATH=/home/orin_nano/f1tenth_ws/install/vesc_msgs:/home/orin_nano/f1tenth_ws/install/vesc:/home/orin_nano/f1tenth_ws/install/vesc_driver:/home/orin_nano/f1tenth_ws/install/vesc_ackermann:/home/orin_nano/f1tenth_ws/install/urg_node2:/home/orin_nano/f1tenth_ws/install/combine_pkg:/home/orin_nano/f1tenth_ws/install/f1_test:/opt/ros/foxy LD_LIBRARY_PATH=/home/orin_nano/f1tenth_ws/install/vesc_msgs/lib:/home/orin_nano/f1tenth_ws/install/vesc_driver/lib:/home/orin_nano/f1tenth_ws/install/vesc_ackermann/lib:/home/orin_nano/f1tenth_ws/install/urg_node2/lib:/opt/ros/foxy/opt/yaml_cpp_vendor/lib:/opt/ros/foxy/opt/rviz_ogre_vendor/lib:/opt/ros/foxy/lib/aarch64-linux-gnu:/opt/ros/foxy/lib:/usr/local/cuda-11.4/lib64 /usr/bin/cmake --build /home/orin_nano/f1tenth_ws/build/vesc_ackermann -- -j6 -l6
[12.530s] DEBUG:colcon.colcon_core.event_handler.log_command:Invoking command in '/home/orin_nano/f1tenth_ws/build/vesc_driver': CMAKE_PREFIX_PATH=/home/orin_nano/f1tenth_ws/install/vesc_msgs:/home/orin_nano/f1tenth_ws/install/vesc:/home/orin_nano/f1tenth_ws/install/vesc_driver:/home/orin_nano/f1tenth_ws/install/vesc_ackermann:/home/orin_nano/f1tenth_ws/install/urg_node2:/home/orin_nano/f1tenth_ws/install/combine_pkg:/home/orin_nano/f1tenth_ws/install/f1_test:/opt/ros/foxy LD_LIBRARY_PATH=/home/orin_nano/f1tenth_ws/install/vesc_msgs/lib:/home/orin_nano/f1tenth_ws/install/vesc_driver/lib:/home/orin_nano/f1tenth_ws/install/vesc_ackermann/lib:/home/orin_nano/f1tenth_ws/install/urg_node2/lib:/opt/ros/foxy/opt/yaml_cpp_vendor/lib:/opt/ros/foxy/opt/rviz_ogre_vendor/lib:/opt/ros/foxy/lib/aarch64-linux-gnu:/opt/ros/foxy/lib:/usr/local/cuda-11.4/lib64 /usr/bin/cmake --build /home/orin_nano/f1tenth_ws/build/vesc_driver -- -j6 -l6
[12.782s] DEBUG:colcon.colcon_core.event_handler.log_command:Invoked command in '/home/orin_nano/f1tenth_ws/build/vesc_driver' returned '0': CMAKE_PREFIX_PATH=/home/orin_nano/f1tenth_ws/install/vesc_msgs:/home/orin_nano/f1tenth_ws/install/vesc:/home/orin_nano/f1tenth_ws/install/vesc_driver:/home/orin_nano/f1tenth_ws/install/vesc_ackermann:/home/orin_nano/f1tenth_ws/install/urg_node2:/home/orin_nano/f1tenth_ws/install/combine_pkg:/home/orin_nano/f1tenth_ws/install/f1_test:/opt/ros/foxy LD_LIBRARY_PATH=/home/orin_nano/f1tenth_ws/install/vesc_msgs/lib:/home/orin_nano/f1tenth_ws/install/vesc_driver/lib:/home/orin_nano/f1tenth_ws/install/vesc_ackermann/lib:/home/orin_nano/f1tenth_ws/install/urg_node2/lib:/opt/ros/foxy/opt/yaml_cpp_vendor/lib:/opt/ros/foxy/opt/rviz_ogre_vendor/lib:/opt/ros/foxy/lib/aarch64-linux-gnu:/opt/ros/foxy/lib:/usr/local/cuda-11.4/lib64 /usr/bin/cmake --build /home/orin_nano/f1tenth_ws/build/vesc_driver -- -j6 -l6
[12.872s] DEBUG:colcon.colcon_core.event_handler.log_command:Invoking command in '/home/orin_nano/f1tenth_ws/build/vesc_driver': CMAKE_PREFIX_PATH=/home/orin_nano/f1tenth_ws/install/vesc_msgs:/home/orin_nano/f1tenth_ws/install/vesc:/home/orin_nano/f1tenth_ws/install/vesc_driver:/home/orin_nano/f1tenth_ws/install/vesc_ackermann:/home/orin_nano/f1tenth_ws/install/urg_node2:/home/orin_nano/f1tenth_ws/install/combine_pkg:/home/orin_nano/f1tenth_ws/install/f1_test:/opt/ros/foxy LD_LIBRARY_PATH=/home/orin_nano/f1tenth_ws/install/vesc_msgs/lib:/home/orin_nano/f1tenth_ws/install/vesc_driver/lib:/home/orin_nano/f1tenth_ws/install/vesc_ackermann/lib:/home/orin_nano/f1tenth_ws/install/urg_node2/lib:/opt/ros/foxy/opt/yaml_cpp_vendor/lib:/opt/ros/foxy/opt/rviz_ogre_vendor/lib:/opt/ros/foxy/lib/aarch64-linux-gnu:/opt/ros/foxy/lib:/usr/local/cuda-11.4/lib64 /usr/bin/cmake --install /home/orin_nano/f1tenth_ws/build/vesc_driver
[12.905s] Level 1:colcon.colcon_core.environment:create_environment_scripts_only(vesc_driver)
[12.918s] DEBUG:colcon.colcon_core.event_handler.log_command:Invoked command in '/home/orin_nano/f1tenth_ws/build/vesc_driver' returned '0': CMAKE_PREFIX_PATH=/home/orin_nano/f1tenth_ws/install/vesc_msgs:/home/orin_nano/f1tenth_ws/install/vesc:/home/orin_nano/f1tenth_ws/install/vesc_driver:/home/orin_nano/f1tenth_ws/install/vesc_ackermann:/home/orin_nano/f1tenth_ws/install/urg_node2:/home/orin_nano/f1tenth_ws/install/combine_pkg:/home/orin_nano/f1tenth_ws/install/f1_test:/opt/ros/foxy LD_LIBRARY_PATH=/home/orin_nano/f1tenth_ws/install/vesc_msgs/lib:/home/orin_nano/f1tenth_ws/install/vesc_driver/lib:/home/orin_nano/f1tenth_ws/install/vesc_ackermann/lib:/home/orin_nano/f1tenth_ws/install/urg_node2/lib:/opt/ros/foxy/opt/yaml_cpp_vendor/lib:/opt/ros/foxy/opt/rviz_ogre_vendor/lib:/opt/ros/foxy/lib/aarch64-linux-gnu:/opt/ros/foxy/lib:/usr/local/cuda-11.4/lib64 /usr/bin/cmake --install /home/orin_nano/f1tenth_ws/build/vesc_driver
[12.985s] Level 1:colcon.colcon_core.environment:checking '/home/orin_nano/f1tenth_ws/install/vesc_driver' for CMake module files
[12.986s] Level 1:colcon.colcon_core.environment:checking '/home/orin_nano/f1tenth_ws/install/vesc_driver' for CMake config files
[12.987s] Level 1:colcon.colcon_core.shell:create_environment_hook('vesc_driver', 'cmake_prefix_path')
[13.068s] INFO:colcon.colcon_core.shell:Creating environment hook '/home/orin_nano/f1tenth_ws/install/vesc_driver/share/vesc_driver/hook/cmake_prefix_path.ps1'
[13.070s] INFO:colcon.colcon_core.shell:Creating environment descriptor '/home/orin_nano/f1tenth_ws/install/vesc_driver/share/vesc_driver/hook/cmake_prefix_path.dsv'
[13.072s] INFO:colcon.colcon_core.shell:Creating environment hook '/home/orin_nano/f1tenth_ws/install/vesc_driver/share/vesc_driver/hook/cmake_prefix_path.sh'
[13.074s] Level 1:colcon.colcon_core.environment:checking '/home/orin_nano/f1tenth_ws/install/vesc_driver/lib'
[13.074s] Level 1:colcon.colcon_core.shell:create_environment_hook('vesc_driver', 'ld_library_path_lib')
[13.158s] INFO:colcon.colcon_core.shell:Creating environment hook '/home/orin_nano/f1tenth_ws/install/vesc_driver/share/vesc_driver/hook/ld_library_path_lib.ps1'
[13.159s] INFO:colcon.colcon_core.shell:Creating environment descriptor '/home/orin_nano/f1tenth_ws/install/vesc_driver/share/vesc_driver/hook/ld_library_path_lib.dsv'
[13.160s] INFO:colcon.colcon_core.shell:Creating environment hook '/home/orin_nano/f1tenth_ws/install/vesc_driver/share/vesc_driver/hook/ld_library_path_lib.sh'
[13.160s] Level 1:colcon.colcon_core.environment:checking '/home/orin_nano/f1tenth_ws/install/vesc_driver/bin'
[13.161s] Level 1:colcon.colcon_core.environment:checking '/home/orin_nano/f1tenth_ws/install/vesc_driver/lib/pkgconfig/vesc_driver.pc'
[13.161s] Level 1:colcon.colcon_core.environment:checking '/home/orin_nano/f1tenth_ws/install/vesc_driver/lib/python3.8/site-packages'
[13.161s] Level 1:colcon.colcon_core.environment:checking '/home/orin_nano/f1tenth_ws/install/vesc_driver/bin'
[13.251s] INFO:colcon.colcon_core.shell:Creating package script '/home/orin_nano/f1tenth_ws/install/vesc_driver/share/vesc_driver/package.ps1'
[13.253s] INFO:colcon.colcon_core.shell:Creating package descriptor '/home/orin_nano/f1tenth_ws/install/vesc_driver/share/vesc_driver/package.dsv'
[13.254s] INFO:colcon.colcon_core.shell:Creating package script '/home/orin_nano/f1tenth_ws/install/vesc_driver/share/vesc_driver/package.sh'
[13.255s] INFO:colcon.colcon_core.shell:Creating package script '/home/orin_nano/f1tenth_ws/install/vesc_driver/share/vesc_driver/package.bash'
[13.256s] INFO:colcon.colcon_core.shell:Creating package script '/home/orin_nano/f1tenth_ws/install/vesc_driver/share/vesc_driver/package.zsh'
[13.257s] Level 1:colcon.colcon_core.environment:create_file_with_runtime_dependencies(/home/orin_nano/f1tenth_ws/install/vesc_driver/share/colcon-core/packages/vesc_driver)
[13.429s] Level 1:colcon.colcon_core.environment:create_environment_scripts_only(vesc_driver)
[13.518s] Level 1:colcon.colcon_core.environment:checking '/home/orin_nano/f1tenth_ws/install/vesc_driver' for CMake module files
[13.519s] Level 1:colcon.colcon_core.environment:checking '/home/orin_nano/f1tenth_ws/install/vesc_driver' for CMake config files
[13.520s] Level 1:colcon.colcon_core.shell:create_environment_hook('vesc_driver', 'cmake_prefix_path')
[13.602s] INFO:colcon.colcon_core.shell:Creating environment hook '/home/orin_nano/f1tenth_ws/install/vesc_driver/share/vesc_driver/hook/cmake_prefix_path.ps1'
[13.605s] INFO:colcon.colcon_core.shell:Creating environment descriptor '/home/orin_nano/f1tenth_ws/install/vesc_driver/share/vesc_driver/hook/cmake_prefix_path.dsv'
[13.606s] INFO:colcon.colcon_core.shell:Creating environment hook '/home/orin_nano/f1tenth_ws/install/vesc_driver/share/vesc_driver/hook/cmake_prefix_path.sh'
[13.608s] Level 1:colcon.colcon_core.environment:checking '/home/orin_nano/f1tenth_ws/install/vesc_driver/lib'
[13.608s] Level 1:colcon.colcon_core.shell:create_environment_hook('vesc_driver', 'ld_library_path_lib')
[13.687s] INFO:colcon.colcon_core.shell:Creating environment hook '/home/orin_nano/f1tenth_ws/install/vesc_driver/share/vesc_driver/hook/ld_library_path_lib.ps1'
[13.688s] INFO:colcon.colcon_core.shell:Creating environment descriptor '/home/orin_nano/f1tenth_ws/install/vesc_driver/share/vesc_driver/hook/ld_library_path_lib.dsv'
[13.689s] INFO:colcon.colcon_core.shell:Creating environment hook '/home/orin_nano/f1tenth_ws/install/vesc_driver/share/vesc_driver/hook/ld_library_path_lib.sh'
[13.690s] Level 1:colcon.colcon_core.environment:checking '/home/orin_nano/f1tenth_ws/install/vesc_driver/bin'
[13.690s] Level 1:colcon.colcon_core.environment:checking '/home/orin_nano/f1tenth_ws/install/vesc_driver/lib/pkgconfig/vesc_driver.pc'
[13.691s] Level 1:colcon.colcon_core.environment:checking '/home/orin_nano/f1tenth_ws/install/vesc_driver/lib/python3.8/site-packages'
[13.691s] Level 1:colcon.colcon_core.environment:checking '/home/orin_nano/f1tenth_ws/install/vesc_driver/bin'
[13.769s] INFO:colcon.colcon_core.shell:Creating package script '/home/orin_nano/f1tenth_ws/install/vesc_driver/share/vesc_driver/package.ps1'
[13.771s] INFO:colcon.colcon_core.shell:Creating package descriptor '/home/orin_nano/f1tenth_ws/install/vesc_driver/share/vesc_driver/package.dsv'
[13.772s] INFO:colcon.colcon_core.shell:Creating package script '/home/orin_nano/f1tenth_ws/install/vesc_driver/share/vesc_driver/package.sh'
[13.773s] INFO:colcon.colcon_core.shell:Creating package script '/home/orin_nano/f1tenth_ws/install/vesc_driver/share/vesc_driver/package.bash'
[13.774s] INFO:colcon.colcon_core.shell:Creating package script '/home/orin_nano/f1tenth_ws/install/vesc_driver/share/vesc_driver/package.zsh'
[13.775s] Level 1:colcon.colcon_core.environment:create_file_with_runtime_dependencies(/home/orin_nano/f1tenth_ws/install/vesc_driver/share/colcon-core/packages/vesc_driver)
[20.245s] DEBUG:colcon.colcon_core.event_handler.log_command:Invoked command in '/home/orin_nano/f1tenth_ws/build/vesc_ackermann' returned '2': CMAKE_PREFIX_PATH=/home/orin_nano/f1tenth_ws/install/vesc_msgs:/home/orin_nano/f1tenth_ws/install/vesc:/home/orin_nano/f1tenth_ws/install/vesc_driver:/home/orin_nano/f1tenth_ws/install/vesc_ackermann:/home/orin_nano/f1tenth_ws/install/urg_node2:/home/orin_nano/f1tenth_ws/install/combine_pkg:/home/orin_nano/f1tenth_ws/install/f1_test:/opt/ros/foxy LD_LIBRARY_PATH=/home/orin_nano/f1tenth_ws/install/vesc_msgs/lib:/home/orin_nano/f1tenth_ws/install/vesc_driver/lib:/home/orin_nano/f1tenth_ws/install/vesc_ackermann/lib:/home/orin_nano/f1tenth_ws/install/urg_node2/lib:/opt/ros/foxy/opt/yaml_cpp_vendor/lib:/opt/ros/foxy/opt/rviz_ogre_vendor/lib:/opt/ros/foxy/lib/aarch64-linux-gnu:/opt/ros/foxy/lib:/usr/local/cuda-11.4/lib64 /usr/bin/cmake --build /home/orin_nano/f1tenth_ws/build/vesc_ackermann -- -j6 -l6
[20.432s] Level 1:colcon.colcon_core.environment:create_environment_scripts_only(vesc_ackermann)
[20.509s] Level 1:colcon.colcon_core.environment:checking '/home/orin_nano/f1tenth_ws/install/vesc_ackermann' for CMake module files
[20.510s] Level 1:colcon.colcon_core.environment:checking '/home/orin_nano/f1tenth_ws/install/vesc_ackermann' for CMake config files
[20.512s] Level 1:colcon.colcon_core.shell:create_environment_hook('vesc_ackermann', 'cmake_prefix_path')
[20.587s] INFO:colcon.colcon_core.shell:Creating environment hook '/home/orin_nano/f1tenth_ws/install/vesc_ackermann/share/vesc_ackermann/hook/cmake_prefix_path.ps1'
[20.588s] INFO:colcon.colcon_core.shell:Creating environment descriptor '/home/orin_nano/f1tenth_ws/install/vesc_ackermann/share/vesc_ackermann/hook/cmake_prefix_path.dsv'
[20.589s] INFO:colcon.colcon_core.shell:Creating environment hook '/home/orin_nano/f1tenth_ws/install/vesc_ackermann/share/vesc_ackermann/hook/cmake_prefix_path.sh'
[20.590s] Level 1:colcon.colcon_core.environment:checking '/home/orin_nano/f1tenth_ws/install/vesc_ackermann/lib'
[20.590s] Level 1:colcon.colcon_core.shell:create_environment_hook('vesc_ackermann', 'ld_library_path_lib')
[20.665s] INFO:colcon.colcon_core.shell:Creating environment hook '/home/orin_nano/f1tenth_ws/install/vesc_ackermann/share/vesc_ackermann/hook/ld_library_path_lib.ps1'
[20.666s] INFO:colcon.colcon_core.shell:Creating environment descriptor '/home/orin_nano/f1tenth_ws/install/vesc_ackermann/share/vesc_ackermann/hook/ld_library_path_lib.dsv'
[20.667s] INFO:colcon.colcon_core.shell:Creating environment hook '/home/orin_nano/f1tenth_ws/install/vesc_ackermann/share/vesc_ackermann/hook/ld_library_path_lib.sh'
[20.667s] Level 1:colcon.colcon_core.environment:checking '/home/orin_nano/f1tenth_ws/install/vesc_ackermann/bin'
[20.668s] Level 1:colcon.colcon_core.environment:checking '/home/orin_nano/f1tenth_ws/install/vesc_ackermann/lib/pkgconfig/vesc_ackermann.pc'
[20.668s] Level 1:colcon.colcon_core.environment:checking '/home/orin_nano/f1tenth_ws/install/vesc_ackermann/lib/python3.8/site-packages'
[20.668s] Level 1:colcon.colcon_core.environment:checking '/home/orin_nano/f1tenth_ws/install/vesc_ackermann/bin'
[20.742s] INFO:colcon.colcon_core.shell:Creating package script '/home/orin_nano/f1tenth_ws/install/vesc_ackermann/share/vesc_ackermann/package.ps1'
[20.744s] INFO:colcon.colcon_core.shell:Creating package descriptor '/home/orin_nano/f1tenth_ws/install/vesc_ackermann/share/vesc_ackermann/package.dsv'
[20.745s] INFO:colcon.colcon_core.shell:Creating package script '/home/orin_nano/f1tenth_ws/install/vesc_ackermann/share/vesc_ackermann/package.sh'
[20.746s] INFO:colcon.colcon_core.shell:Creating package script '/home/orin_nano/f1tenth_ws/install/vesc_ackermann/share/vesc_ackermann/package.bash'
[20.747s] INFO:colcon.colcon_core.shell:Creating package script '/home/orin_nano/f1tenth_ws/install/vesc_ackermann/share/vesc_ackermann/package.zsh'
[20.748s] Level 1:colcon.colcon_core.environment:create_file_with_runtime_dependencies(/home/orin_nano/f1tenth_ws/install/vesc_ackermann/share/colcon-core/packages/vesc_ackermann)
[20.758s] DEBUG:colcon.colcon_parallel_executor.executor.parallel:closing loop
[20.759s] DEBUG:colcon.colcon_parallel_executor.executor.parallel:loop closed
[20.759s] DEBUG:colcon.colcon_parallel_executor.executor.parallel:run_until_complete finished with '2'
[20.759s] DEBUG:colcon.colcon_core.event_reactor:joining thread
[20.849s] INFO:colcon.colcon_core.plugin_system:Skipping extension 'colcon_notification.desktop_notification.terminal_notifier': Not used on non-Darwin systems
[20.850s] INFO:colcon.colcon_core.plugin_system:Skipping extension 'colcon_notification.desktop_notification.win32': Not used on non-Windows systems
[20.850s] INFO:colcon.colcon_notification.desktop_notification:Sending desktop notification using 'notify2'
[20.897s] DEBUG:colcon.colcon_core.event_reactor:joined thread
[20.972s] INFO:colcon.colcon_core.shell:Creating prefix script '/home/orin_nano/f1tenth_ws/install/local_setup.ps1'
[20.975s] INFO:colcon.colcon_core.shell:Creating prefix util module '/home/orin_nano/f1tenth_ws/install/_local_setup_util_ps1.py'
[20.978s] INFO:colcon.colcon_core.shell:Creating prefix chain script '/home/orin_nano/f1tenth_ws/install/setup.ps1'
[21.055s] INFO:colcon.colcon_core.shell:Creating prefix script '/home/orin_nano/f1tenth_ws/install/local_setup.sh'
[21.056s] INFO:colcon.colcon_core.shell:Creating prefix util module '/home/orin_nano/f1tenth_ws/install/_local_setup_util_sh.py'
[21.057s] INFO:colcon.colcon_core.shell:Creating prefix chain script '/home/orin_nano/f1tenth_ws/install/setup.sh'
[21.132s] INFO:colcon.colcon_core.shell:Creating prefix script '/home/orin_nano/f1tenth_ws/install/local_setup.bash'
[21.134s] INFO:colcon.colcon_core.shell:Creating prefix chain script '/home/orin_nano/f1tenth_ws/install/setup.bash'
[21.209s] INFO:colcon.colcon_core.shell:Creating prefix script '/home/orin_nano/f1tenth_ws/install/local_setup.zsh'
[21.211s] INFO:colcon.colcon_core.shell:Creating prefix chain script '/home/orin_nano/f1tenth_ws/install/setup.zsh'
