[1.155s] Invoking command in '/home/orin_nano/f1tenth_ws/build/urg_node2': CMAKE_PREFIX_PATH=${CMAKE_PREFIX_PATH}:/home/orin_nano/f1tenth_ws/install/f1_test:/opt/ros/foxy /usr/bin/cmake --build /home/orin_nano/f1tenth_ws/build/urg_node2 -- -j6 -l6
[1.272s] [ 10%] Built target gtest_main
[1.278s] [ 20%] Built target gtest
[1.307s] [ 65%] Built target urg_c
[1.316s] [ 75%] Built target urg_node2_node
[1.386s] [100%] Built target urg_node2
[1.387s] [100%] Built target urg_node2_test
[1.553s] Invoked command in '/home/orin_nano/f1tenth_ws/build/urg_node2' returned '0': CMAKE_PREFIX_PATH=${CMAKE_PREFIX_PATH}:/home/orin_nano/f1tenth_ws/install/f1_test:/opt/ros/foxy /usr/bin/cmake --build /home/orin_nano/f1tenth_ws/build/urg_node2 -- -j6 -l6
[2.353s] Invoking command in '/home/orin_nano/f1tenth_ws/build/urg_node2': CMAKE_PREFIX_PATH=${CMAKE_PREFIX_PATH}:/home/orin_nano/f1tenth_ws/install/f1_test:/opt/ros/foxy /usr/bin/cmake --install /home/orin_nano/f1tenth_ws/build/urg_node2
[2.373s] -- Install configuration: ""
[2.374s] -- Up-to-date: /home/orin_nano/f1tenth_ws/install/urg_node2/lib/urg_node2/urg_node2_node
[2.374s] -- Up-to-date: /home/orin_nano/f1tenth_ws/install/urg_node2/lib/liburg_node2.so
[2.375s] -- Up-to-date: /home/orin_nano/f1tenth_ws/install/urg_node2/lib/liburg_c.so
[2.375s] -- Up-to-date: /home/orin_nano/f1tenth_ws/install/urg_node2/share/urg_node2/launch
[2.376s] -- Up-to-date: /home/orin_nano/f1tenth_ws/install/urg_node2/share/urg_node2/launch/urg_node2_component.launch.py
[2.376s] -- Up-to-date: /home/orin_nano/f1tenth_ws/install/urg_node2/share/urg_node2/launch/urg_node2.launch.py
[2.377s] -- Up-to-date: /home/orin_nano/f1tenth_ws/install/urg_node2/share/urg_node2/launch/urg_node2_2lidar.launch.py
[2.377s] -- Up-to-date: /home/orin_nano/f1tenth_ws/install/urg_node2/share/urg_node2/config
[2.377s] -- Up-to-date: /home/orin_nano/f1tenth_ws/install/urg_node2/share/urg_node2/config/params_serial.yaml
[2.377s] -- Up-to-date: /home/orin_nano/f1tenth_ws/install/urg_node2/share/urg_node2/config/params_ether_2nd.yaml
[2.378s] -- Up-to-date: /home/orin_nano/f1tenth_ws/install/urg_node2/share/urg_node2/config/params_ether.yaml
[2.378s] -- Up-to-date: /home/orin_nano/f1tenth_ws/install/urg_node2/share/ament_index/resource_index/package_run_dependencies/urg_node2
[2.378s] -- Up-to-date: /home/orin_nano/f1tenth_ws/install/urg_node2/share/ament_index/resource_index/parent_prefix_path/urg_node2
[2.379s] -- Up-to-date: /home/orin_nano/f1tenth_ws/install/urg_node2/share/urg_node2/environment/ament_prefix_path.sh
[2.379s] -- Up-to-date: /home/orin_nano/f1tenth_ws/install/urg_node2/share/urg_node2/environment/ament_prefix_path.dsv
[2.379s] -- Up-to-date: /home/orin_nano/f1tenth_ws/install/urg_node2/share/urg_node2/environment/path.sh
[2.379s] -- Up-to-date: /home/orin_nano/f1tenth_ws/install/urg_node2/share/urg_node2/environment/path.dsv
[2.379s] -- Up-to-date: /home/orin_nano/f1tenth_ws/install/urg_node2/share/urg_node2/local_setup.bash
[2.379s] -- Up-to-date: /home/orin_nano/f1tenth_ws/install/urg_node2/share/urg_node2/local_setup.sh
[2.379s] -- Up-to-date: /home/orin_nano/f1tenth_ws/install/urg_node2/share/urg_node2/local_setup.zsh
[2.380s] -- Up-to-date: /home/orin_nano/f1tenth_ws/install/urg_node2/share/urg_node2/local_setup.dsv
[2.381s] -- Installing: /home/orin_nano/f1tenth_ws/install/urg_node2/share/urg_node2/package.dsv
[2.382s] -- Up-to-date: /home/orin_nano/f1tenth_ws/install/urg_node2/share/ament_index/resource_index/packages/urg_node2
[2.382s] -- Up-to-date: /home/orin_nano/f1tenth_ws/install/urg_node2/share/ament_index/resource_index/rclcpp_components/urg_node2
[2.383s] -- Up-to-date: /home/orin_nano/f1tenth_ws/install/urg_node2/share/urg_node2/cmake/urg_node2Config.cmake
[2.383s] -- Up-to-date: /home/orin_nano/f1tenth_ws/install/urg_node2/share/urg_node2/cmake/urg_node2Config-version.cmake
[2.383s] -- Up-to-date: /home/orin_nano/f1tenth_ws/install/urg_node2/share/urg_node2/package.xml
[2.384s] Invoked command in '/home/orin_nano/f1tenth_ws/build/urg_node2' returned '0': CMAKE_PREFIX_PATH=${CMAKE_PREFIX_PATH}:/home/orin_nano/f1tenth_ws/install/f1_test:/opt/ros/foxy /usr/bin/cmake --install /home/orin_nano/f1tenth_ws/build/urg_node2
