[1.010s] Invoking command in '/home/orin_nano/f1tenth_ws/build/vesc_driver': CMAKE_PREFIX_PATH=/home/orin_nano/f1tenth_ws/install/vesc_msgs:/home/orin_nano/f1tenth_ws/install/vesc:/home/orin_nano/f1tenth_ws/install/vesc_driver:/home/orin_nano/f1tenth_ws/install/vesc_ackermann:/home/orin_nano/f1tenth_ws/install/urg_node2:/home/orin_nano/f1tenth_ws/install/combine_pkg:/home/orin_nano/f1tenth_ws/install/f1_test:/opt/ros/foxy LD_LIBRARY_PATH=/home/orin_nano/f1tenth_ws/install/vesc_msgs/lib:/home/orin_nano/f1tenth_ws/install/vesc_driver/lib:/home/orin_nano/f1tenth_ws/install/vesc_ackermann/lib:/home/orin_nano/f1tenth_ws/install/urg_node2/lib:/opt/ros/foxy/opt/yaml_cpp_vendor/lib:/opt/ros/foxy/opt/rviz_ogre_vendor/lib:/opt/ros/foxy/lib/aarch64-linux-gnu:/opt/ros/foxy/lib:/usr/local/cuda-11.4/lib64 /usr/bin/cmake --build /home/orin_nano/f1tenth_ws/build/vesc_driver -- -j6 -l6
[1.168s] [ 50%] Built target vesc_driver
[1.178s] [ 70%] Built target vesc_driver_node
[1.228s] [100%] Built target vesc_device_namer
[1.256s] Invoked command in '/home/orin_nano/f1tenth_ws/build/vesc_driver' returned '0': CMAKE_PREFIX_PATH=/home/orin_nano/f1tenth_ws/install/vesc_msgs:/home/orin_nano/f1tenth_ws/install/vesc:/home/orin_nano/f1tenth_ws/install/vesc_driver:/home/orin_nano/f1tenth_ws/install/vesc_ackermann:/home/orin_nano/f1tenth_ws/install/urg_node2:/home/orin_nano/f1tenth_ws/install/combine_pkg:/home/orin_nano/f1tenth_ws/install/f1_test:/opt/ros/foxy LD_LIBRARY_PATH=/home/orin_nano/f1tenth_ws/install/vesc_msgs/lib:/home/orin_nano/f1tenth_ws/install/vesc_driver/lib:/home/orin_nano/f1tenth_ws/install/vesc_ackermann/lib:/home/orin_nano/f1tenth_ws/install/urg_node2/lib:/opt/ros/foxy/opt/yaml_cpp_vendor/lib:/opt/ros/foxy/opt/rviz_ogre_vendor/lib:/opt/ros/foxy/lib/aarch64-linux-gnu:/opt/ros/foxy/lib:/usr/local/cuda-11.4/lib64 /usr/bin/cmake --build /home/orin_nano/f1tenth_ws/build/vesc_driver -- -j6 -l6
[1.341s] Invoking command in '/home/orin_nano/f1tenth_ws/build/vesc_driver': CMAKE_PREFIX_PATH=/home/orin_nano/f1tenth_ws/install/vesc_msgs:/home/orin_nano/f1tenth_ws/install/vesc:/home/orin_nano/f1tenth_ws/install/vesc_driver:/home/orin_nano/f1tenth_ws/install/vesc_ackermann:/home/orin_nano/f1tenth_ws/install/urg_node2:/home/orin_nano/f1tenth_ws/install/combine_pkg:/home/orin_nano/f1tenth_ws/install/f1_test:/opt/ros/foxy LD_LIBRARY_PATH=/home/orin_nano/f1tenth_ws/install/vesc_msgs/lib:/home/orin_nano/f1tenth_ws/install/vesc_driver/lib:/home/orin_nano/f1tenth_ws/install/vesc_ackermann/lib:/home/orin_nano/f1tenth_ws/install/urg_node2/lib:/opt/ros/foxy/opt/yaml_cpp_vendor/lib:/opt/ros/foxy/opt/rviz_ogre_vendor/lib:/opt/ros/foxy/lib/aarch64-linux-gnu:/opt/ros/foxy/lib:/usr/local/cuda-11.4/lib64 /usr/bin/cmake --install /home/orin_nano/f1tenth_ws/build/vesc_driver
[1.366s] -- Install configuration: ""
[1.367s] -- Up-to-date: /home/orin_nano/f1tenth_ws/install/vesc_driver/lib/vesc_driver/vesc_driver_node
[1.367s] -- Up-to-date: /home/orin_nano/f1tenth_ws/install/vesc_driver/include
[1.367s] -- Up-to-date: /home/orin_nano/f1tenth_ws/install/vesc_driver/include/vesc_driver
[1.367s] -- Up-to-date: /home/orin_nano/f1tenth_ws/install/vesc_driver/include/vesc_driver/datatypes.hpp
[1.368s] -- Up-to-date: /home/orin_nano/f1tenth_ws/install/vesc_driver/include/vesc_driver/vesc_interface.hpp
[1.368s] -- Up-to-date: /home/orin_nano/f1tenth_ws/install/vesc_driver/include/vesc_driver/vesc_driver.hpp
[1.368s] -- Up-to-date: /home/orin_nano/f1tenth_ws/install/vesc_driver/include/vesc_driver/vesc_packet.hpp
[1.368s] -- Up-to-date: /home/orin_nano/f1tenth_ws/install/vesc_driver/include/vesc_driver/crc.hpp
[1.368s] -- Up-to-date: /home/orin_nano/f1tenth_ws/install/vesc_driver/include/vesc_driver/vesc_device_uuid_lookup.hpp
[1.368s] -- Up-to-date: /home/orin_nano/f1tenth_ws/install/vesc_driver/include/vesc_driver/vesc_packet_factory.hpp
[1.369s] -- Up-to-date: /home/orin_nano/f1tenth_ws/install/vesc_driver/share/vesc_driver/environment/library_path.sh
[1.369s] -- Up-to-date: /home/orin_nano/f1tenth_ws/install/vesc_driver/share/vesc_driver/environment/library_path.dsv
[1.369s] -- Up-to-date: /home/orin_nano/f1tenth_ws/install/vesc_driver/lib/libvesc_driver.so
[1.369s] -- Up-to-date: /home/orin_nano/f1tenth_ws/install/vesc_driver/lib/vesc_driver/vesc_device_namer
[1.369s] -- Up-to-date: /home/orin_nano/f1tenth_ws/install/vesc_driver/share/vesc_driver/launch
[1.369s] -- Up-to-date: /home/orin_nano/f1tenth_ws/install/vesc_driver/share/vesc_driver/launch/vesc_driver_node.launch.py
[1.370s] -- Up-to-date: /home/orin_nano/f1tenth_ws/install/vesc_driver/share/vesc_driver/params
[1.370s] -- Up-to-date: /home/orin_nano/f1tenth_ws/install/vesc_driver/share/vesc_driver/params/vesc_config.yaml
[1.370s] -- Up-to-date: /home/orin_nano/f1tenth_ws/install/vesc_driver/share/ament_index/resource_index/package_run_dependencies/vesc_driver
[1.370s] -- Up-to-date: /home/orin_nano/f1tenth_ws/install/vesc_driver/share/ament_index/resource_index/parent_prefix_path/vesc_driver
[1.371s] -- Up-to-date: /home/orin_nano/f1tenth_ws/install/vesc_driver/share/vesc_driver/environment/ament_prefix_path.sh
[1.371s] -- Up-to-date: /home/orin_nano/f1tenth_ws/install/vesc_driver/share/vesc_driver/environment/ament_prefix_path.dsv
[1.371s] -- Up-to-date: /home/orin_nano/f1tenth_ws/install/vesc_driver/share/vesc_driver/environment/path.sh
[1.371s] -- Up-to-date: /home/orin_nano/f1tenth_ws/install/vesc_driver/share/vesc_driver/environment/path.dsv
[1.371s] -- Up-to-date: /home/orin_nano/f1tenth_ws/install/vesc_driver/share/vesc_driver/local_setup.bash
[1.371s] -- Up-to-date: /home/orin_nano/f1tenth_ws/install/vesc_driver/share/vesc_driver/local_setup.sh
[1.371s] -- Up-to-date: /home/orin_nano/f1tenth_ws/install/vesc_driver/share/vesc_driver/local_setup.zsh
[1.372s] -- Up-to-date: /home/orin_nano/f1tenth_ws/install/vesc_driver/share/vesc_driver/local_setup.dsv
[1.372s] -- Installing: /home/orin_nano/f1tenth_ws/install/vesc_driver/share/vesc_driver/package.dsv
[1.372s] -- Up-to-date: /home/orin_nano/f1tenth_ws/install/vesc_driver/share/ament_index/resource_index/packages/vesc_driver
[1.372s] -- Up-to-date: /home/orin_nano/f1tenth_ws/install/vesc_driver/share/ament_index/resource_index/rclcpp_components/vesc_driver
[1.372s] -- Up-to-date: /home/orin_nano/f1tenth_ws/install/vesc_driver/share/vesc_driver/cmake/ament_cmake_export_dependencies-extras.cmake
[1.372s] -- Up-to-date: /home/orin_nano/f1tenth_ws/install/vesc_driver/share/vesc_driver/cmake/ament_cmake_export_include_directories-extras.cmake
[1.372s] -- Up-to-date: /home/orin_nano/f1tenth_ws/install/vesc_driver/share/vesc_driver/cmake/ament_cmake_export_libraries-extras.cmake
[1.372s] -- Up-to-date: /home/orin_nano/f1tenth_ws/install/vesc_driver/share/vesc_driver/cmake/vesc_driverConfig.cmake
[1.373s] -- Up-to-date: /home/orin_nano/f1tenth_ws/install/vesc_driver/share/vesc_driver/cmake/vesc_driverConfig-version.cmake
[1.373s] -- Up-to-date: /home/orin_nano/f1tenth_ws/install/vesc_driver/share/vesc_driver/package.xml
[1.382s] Invoked command in '/home/orin_nano/f1tenth_ws/build/vesc_driver' returned '0': CMAKE_PREFIX_PATH=/home/orin_nano/f1tenth_ws/install/vesc_msgs:/home/orin_nano/f1tenth_ws/install/vesc:/home/orin_nano/f1tenth_ws/install/vesc_driver:/home/orin_nano/f1tenth_ws/install/vesc_ackermann:/home/orin_nano/f1tenth_ws/install/urg_node2:/home/orin_nano/f1tenth_ws/install/combine_pkg:/home/orin_nano/f1tenth_ws/install/f1_test:/opt/ros/foxy LD_LIBRARY_PATH=/home/orin_nano/f1tenth_ws/install/vesc_msgs/lib:/home/orin_nano/f1tenth_ws/install/vesc_driver/lib:/home/orin_nano/f1tenth_ws/install/vesc_ackermann/lib:/home/orin_nano/f1tenth_ws/install/urg_node2/lib:/opt/ros/foxy/opt/yaml_cpp_vendor/lib:/opt/ros/foxy/opt/rviz_ogre_vendor/lib:/opt/ros/foxy/lib/aarch64-linux-gnu:/opt/ros/foxy/lib:/usr/local/cuda-11.4/lib64 /usr/bin/cmake --install /home/orin_nano/f1tenth_ws/build/vesc_driver
