[0.961s] Invoking command in '/home/orin_nano/f1tenth_ws/build/urg_node2': CMAKE_PREFIX_PATH=/opt/ros/foxy /usr/bin/cmake --build /home/orin_nano/f1tenth_ws/build/urg_node2 -- -j6 -l6
[1.077s] [ 20%] Built target gtest
[1.077s] [ 55%] Built target urg_c
[1.101s] [ 70%] Built target urg_node2_node
[1.102s] [ 75%] Built target gtest_main
[1.151s] [ 85%] Built target urg_node2
[1.179s] [100%] Built target urg_node2_test
[1.357s] Invoked command in '/home/orin_nano/f1tenth_ws/build/urg_node2' returned '0': CMAKE_PREFIX_PATH=/opt/ros/foxy /usr/bin/cmake --build /home/orin_nano/f1tenth_ws/build/urg_node2 -- -j6 -l6
[2.164s] Invoking command in '/home/orin_nano/f1tenth_ws/build/urg_node2': CMAKE_PREFIX_PATH=/opt/ros/foxy /usr/bin/cmake --install /home/orin_nano/f1tenth_ws/build/urg_node2
[2.185s] -- Install configuration: ""
[2.185s] -- Up-to-date: /home/orin_nano/f1tenth_ws/install/urg_node2/lib/urg_node2/urg_node2_node
[2.186s] -- Up-to-date: /home/orin_nano/f1tenth_ws/install/urg_node2/lib/liburg_node2.so
[2.187s] -- Up-to-date: /home/orin_nano/f1tenth_ws/install/urg_node2/lib/liburg_c.so
[2.187s] -- Up-to-date: /home/orin_nano/f1tenth_ws/install/urg_node2/share/urg_node2/launch
[2.187s] -- Up-to-date: /home/orin_nano/f1tenth_ws/install/urg_node2/share/urg_node2/launch/urg_node2_component.launch.py
[2.188s] -- Up-to-date: /home/orin_nano/f1tenth_ws/install/urg_node2/share/urg_node2/launch/urg_node2.launch.py
[2.188s] -- Up-to-date: /home/orin_nano/f1tenth_ws/install/urg_node2/share/urg_node2/launch/urg_node2_2lidar.launch.py
[2.188s] -- Up-to-date: /home/orin_nano/f1tenth_ws/install/urg_node2/share/urg_node2/config
[2.188s] -- Up-to-date: /home/orin_nano/f1tenth_ws/install/urg_node2/share/urg_node2/config/params_serial.yaml
[2.189s] -- Up-to-date: /home/orin_nano/f1tenth_ws/install/urg_node2/share/urg_node2/config/params_ether_2nd.yaml
[2.189s] -- Up-to-date: /home/orin_nano/f1tenth_ws/install/urg_node2/share/urg_node2/config/params_ether.yaml
[2.189s] -- Up-to-date: /home/orin_nano/f1tenth_ws/install/urg_node2/share/ament_index/resource_index/package_run_dependencies/urg_node2
[2.190s] -- Up-to-date: /home/orin_nano/f1tenth_ws/install/urg_node2/share/ament_index/resource_index/parent_prefix_path/urg_node2
[2.190s] -- Up-to-date: /home/orin_nano/f1tenth_ws/install/urg_node2/share/urg_node2/environment/ament_prefix_path.sh
[2.190s] -- Up-to-date: /home/orin_nano/f1tenth_ws/install/urg_node2/share/urg_node2/environment/ament_prefix_path.dsv
[2.190s] -- Up-to-date: /home/orin_nano/f1tenth_ws/install/urg_node2/share/urg_node2/environment/path.sh
[2.190s] -- Up-to-date: /home/orin_nano/f1tenth_ws/install/urg_node2/share/urg_node2/environment/path.dsv
[2.191s] -- Up-to-date: /home/orin_nano/f1tenth_ws/install/urg_node2/share/urg_node2/local_setup.bash
[2.191s] -- Up-to-date: /home/orin_nano/f1tenth_ws/install/urg_node2/share/urg_node2/local_setup.sh
[2.191s] -- Up-to-date: /home/orin_nano/f1tenth_ws/install/urg_node2/share/urg_node2/local_setup.zsh
[2.191s] -- Up-to-date: /home/orin_nano/f1tenth_ws/install/urg_node2/share/urg_node2/local_setup.dsv
[2.191s] -- Installing: /home/orin_nano/f1tenth_ws/install/urg_node2/share/urg_node2/package.dsv
[2.191s] -- Up-to-date: /home/orin_nano/f1tenth_ws/install/urg_node2/share/ament_index/resource_index/packages/urg_node2
[2.191s] -- Up-to-date: /home/orin_nano/f1tenth_ws/install/urg_node2/share/ament_index/resource_index/rclcpp_components/urg_node2
[2.192s] -- Up-to-date: /home/orin_nano/f1tenth_ws/install/urg_node2/share/urg_node2/cmake/urg_node2Config.cmake
[2.192s] -- Up-to-date: /home/orin_nano/f1tenth_ws/install/urg_node2/share/urg_node2/cmake/urg_node2Config-version.cmake
[2.192s] -- Up-to-date: /home/orin_nano/f1tenth_ws/install/urg_node2/share/urg_node2/package.xml
[2.195s] Invoked command in '/home/orin_nano/f1tenth_ws/build/urg_node2' returned '0': CMAKE_PREFIX_PATH=/opt/ros/foxy /usr/bin/cmake --install /home/orin_nano/f1tenth_ws/build/urg_node2
