[0.942s] Invoking command in '/home/orin_nano/f1tenth_ws/build/vesc_driver': CMAKE_PREFIX_PATH=/home/orin_nano/f1tenth_ws/install/vesc_msgs:/home/orin_nano/f1tenth_ws/install/vesc:/home/orin_nano/f1tenth_ws/install/vesc_driver:/home/orin_nano/f1tenth_ws/install/vesc_ackermann:/home/orin_nano/f1tenth_ws/install/urg_node2:/home/orin_nano/f1tenth_ws/install/combine_pkg:/home/orin_nano/f1tenth_ws/install/f1_test:/opt/ros/foxy LD_LIBRARY_PATH=/home/orin_nano/f1tenth_ws/install/vesc_msgs/lib:/home/orin_nano/f1tenth_ws/install/vesc_driver/lib:/home/orin_nano/f1tenth_ws/install/vesc_ackermann/lib:/home/orin_nano/f1tenth_ws/install/urg_node2/lib:/opt/ros/foxy/opt/yaml_cpp_vendor/lib:/opt/ros/foxy/opt/rviz_ogre_vendor/lib:/opt/ros/foxy/lib/aarch64-linux-gnu:/opt/ros/foxy/lib:/usr/local/cuda-11.4/lib64 /usr/bin/cmake --build /home/orin_nano/f1tenth_ws/build/vesc_driver -- -j6 -l6
[1.038s] [35m[1mScanning dependencies of target vesc_driver[0m
[1.074s] [ 20%] Built target vesc_driver_node
[1.102s] [ 30%] [32mBuilding CXX object CMakeFiles/vesc_driver.dir/src/vesc_driver.cpp.o[0m
[17.990s] [ 40%] [32m[1mLinking CXX shared library libvesc_driver.so[0m
[19.104s] [ 70%] Built target vesc_driver
[19.159s] [ 80%] [32m[1mLinking CXX executable vesc_device_namer[0m
[19.692s] [100%] Built target vesc_device_namer
[19.719s] Invoked command in '/home/orin_nano/f1tenth_ws/build/vesc_driver' returned '0': CMAKE_PREFIX_PATH=/home/orin_nano/f1tenth_ws/install/vesc_msgs:/home/orin_nano/f1tenth_ws/install/vesc:/home/orin_nano/f1tenth_ws/install/vesc_driver:/home/orin_nano/f1tenth_ws/install/vesc_ackermann:/home/orin_nano/f1tenth_ws/install/urg_node2:/home/orin_nano/f1tenth_ws/install/combine_pkg:/home/orin_nano/f1tenth_ws/install/f1_test:/opt/ros/foxy LD_LIBRARY_PATH=/home/orin_nano/f1tenth_ws/install/vesc_msgs/lib:/home/orin_nano/f1tenth_ws/install/vesc_driver/lib:/home/orin_nano/f1tenth_ws/install/vesc_ackermann/lib:/home/orin_nano/f1tenth_ws/install/urg_node2/lib:/opt/ros/foxy/opt/yaml_cpp_vendor/lib:/opt/ros/foxy/opt/rviz_ogre_vendor/lib:/opt/ros/foxy/lib/aarch64-linux-gnu:/opt/ros/foxy/lib:/usr/local/cuda-11.4/lib64 /usr/bin/cmake --build /home/orin_nano/f1tenth_ws/build/vesc_driver -- -j6 -l6
[19.804s] Invoking command in '/home/orin_nano/f1tenth_ws/build/vesc_driver': CMAKE_PREFIX_PATH=/home/orin_nano/f1tenth_ws/install/vesc_msgs:/home/orin_nano/f1tenth_ws/install/vesc:/home/orin_nano/f1tenth_ws/install/vesc_driver:/home/orin_nano/f1tenth_ws/install/vesc_ackermann:/home/orin_nano/f1tenth_ws/install/urg_node2:/home/orin_nano/f1tenth_ws/install/combine_pkg:/home/orin_nano/f1tenth_ws/install/f1_test:/opt/ros/foxy LD_LIBRARY_PATH=/home/orin_nano/f1tenth_ws/install/vesc_msgs/lib:/home/orin_nano/f1tenth_ws/install/vesc_driver/lib:/home/orin_nano/f1tenth_ws/install/vesc_ackermann/lib:/home/orin_nano/f1tenth_ws/install/urg_node2/lib:/opt/ros/foxy/opt/yaml_cpp_vendor/lib:/opt/ros/foxy/opt/rviz_ogre_vendor/lib:/opt/ros/foxy/lib/aarch64-linux-gnu:/opt/ros/foxy/lib:/usr/local/cuda-11.4/lib64 /usr/bin/cmake --install /home/orin_nano/f1tenth_ws/build/vesc_driver
[19.824s] -- Install configuration: ""
[19.825s] -- Up-to-date: /home/orin_nano/f1tenth_ws/install/vesc_driver/lib/vesc_driver/vesc_driver_node
[19.825s] -- Up-to-date: /home/orin_nano/f1tenth_ws/install/vesc_driver/include
[19.825s] -- Up-to-date: /home/orin_nano/f1tenth_ws/install/vesc_driver/include/vesc_driver
[19.826s] -- Up-to-date: /home/orin_nano/f1tenth_ws/install/vesc_driver/include/vesc_driver/datatypes.hpp
[19.826s] -- Up-to-date: /home/orin_nano/f1tenth_ws/install/vesc_driver/include/vesc_driver/vesc_interface.hpp
[19.826s] -- Up-to-date: /home/orin_nano/f1tenth_ws/install/vesc_driver/include/vesc_driver/vesc_driver.hpp
[19.826s] -- Up-to-date: /home/orin_nano/f1tenth_ws/install/vesc_driver/include/vesc_driver/vesc_packet.hpp
[19.827s] -- Up-to-date: /home/orin_nano/f1tenth_ws/install/vesc_driver/include/vesc_driver/crc.hpp
[19.827s] -- Up-to-date: /home/orin_nano/f1tenth_ws/install/vesc_driver/include/vesc_driver/vesc_device_uuid_lookup.hpp
[19.827s] -- Up-to-date: /home/orin_nano/f1tenth_ws/install/vesc_driver/include/vesc_driver/vesc_packet_factory.hpp
[19.827s] -- Up-to-date: /home/orin_nano/f1tenth_ws/install/vesc_driver/share/vesc_driver/environment/library_path.sh
[19.828s] -- Up-to-date: /home/orin_nano/f1tenth_ws/install/vesc_driver/share/vesc_driver/environment/library_path.dsv
[19.828s] -- Installing: /home/orin_nano/f1tenth_ws/install/vesc_driver/lib/libvesc_driver.so
[19.839s] -- Set runtime path of "/home/orin_nano/f1tenth_ws/install/vesc_driver/lib/libvesc_driver.so" to ""
[19.839s] -- Installing: /home/orin_nano/f1tenth_ws/install/vesc_driver/lib/vesc_driver/vesc_device_namer
[19.840s] -- Set runtime path of "/home/orin_nano/f1tenth_ws/install/vesc_driver/lib/vesc_driver/vesc_device_namer" to ""
[19.841s] -- Up-to-date: /home/orin_nano/f1tenth_ws/install/vesc_driver/share/vesc_driver/launch
[19.841s] -- Up-to-date: /home/orin_nano/f1tenth_ws/install/vesc_driver/share/vesc_driver/launch/vesc_driver_node.launch.py
[19.841s] -- Up-to-date: /home/orin_nano/f1tenth_ws/install/vesc_driver/share/vesc_driver/params
[19.842s] -- Up-to-date: /home/orin_nano/f1tenth_ws/install/vesc_driver/share/vesc_driver/params/vesc_config.yaml
[19.843s] -- Up-to-date: /home/orin_nano/f1tenth_ws/install/vesc_driver/share/ament_index/resource_index/package_run_dependencies/vesc_driver
[19.843s] -- Up-to-date: /home/orin_nano/f1tenth_ws/install/vesc_driver/share/ament_index/resource_index/parent_prefix_path/vesc_driver
[19.843s] -- Up-to-date: /home/orin_nano/f1tenth_ws/install/vesc_driver/share/vesc_driver/environment/ament_prefix_path.sh
[19.843s] -- Up-to-date: /home/orin_nano/f1tenth_ws/install/vesc_driver/share/vesc_driver/environment/ament_prefix_path.dsv
[19.844s] -- Up-to-date: /home/orin_nano/f1tenth_ws/install/vesc_driver/share/vesc_driver/environment/path.sh
[19.844s] -- Up-to-date: /home/orin_nano/f1tenth_ws/install/vesc_driver/share/vesc_driver/environment/path.dsv
[19.844s] -- Up-to-date: /home/orin_nano/f1tenth_ws/install/vesc_driver/share/vesc_driver/local_setup.bash
[19.844s] -- Up-to-date: /home/orin_nano/f1tenth_ws/install/vesc_driver/share/vesc_driver/local_setup.sh
[19.845s] -- Up-to-date: /home/orin_nano/f1tenth_ws/install/vesc_driver/share/vesc_driver/local_setup.zsh
[19.845s] -- Up-to-date: /home/orin_nano/f1tenth_ws/install/vesc_driver/share/vesc_driver/local_setup.dsv
[19.845s] -- Installing: /home/orin_nano/f1tenth_ws/install/vesc_driver/share/vesc_driver/package.dsv
[19.845s] -- Up-to-date: /home/orin_nano/f1tenth_ws/install/vesc_driver/share/ament_index/resource_index/packages/vesc_driver
[19.846s] -- Up-to-date: /home/orin_nano/f1tenth_ws/install/vesc_driver/share/ament_index/resource_index/rclcpp_components/vesc_driver
[19.847s] -- Up-to-date: /home/orin_nano/f1tenth_ws/install/vesc_driver/share/vesc_driver/cmake/ament_cmake_export_dependencies-extras.cmake
[19.849s] -- Up-to-date: /home/orin_nano/f1tenth_ws/install/vesc_driver/share/vesc_driver/cmake/ament_cmake_export_include_directories-extras.cmake
[19.849s] -- Up-to-date: /home/orin_nano/f1tenth_ws/install/vesc_driver/share/vesc_driver/cmake/ament_cmake_export_libraries-extras.cmake
[19.849s] -- Up-to-date: /home/orin_nano/f1tenth_ws/install/vesc_driver/share/vesc_driver/cmake/vesc_driverConfig.cmake
[19.849s] -- Up-to-date: /home/orin_nano/f1tenth_ws/install/vesc_driver/share/vesc_driver/cmake/vesc_driverConfig-version.cmake
[19.850s] -- Up-to-date: /home/orin_nano/f1tenth_ws/install/vesc_driver/share/vesc_driver/package.xml
[19.850s] Invoked command in '/home/orin_nano/f1tenth_ws/build/vesc_driver' returned '0': CMAKE_PREFIX_PATH=/home/orin_nano/f1tenth_ws/install/vesc_msgs:/home/orin_nano/f1tenth_ws/install/vesc:/home/orin_nano/f1tenth_ws/install/vesc_driver:/home/orin_nano/f1tenth_ws/install/vesc_ackermann:/home/orin_nano/f1tenth_ws/install/urg_node2:/home/orin_nano/f1tenth_ws/install/combine_pkg:/home/orin_nano/f1tenth_ws/install/f1_test:/opt/ros/foxy LD_LIBRARY_PATH=/home/orin_nano/f1tenth_ws/install/vesc_msgs/lib:/home/orin_nano/f1tenth_ws/install/vesc_driver/lib:/home/orin_nano/f1tenth_ws/install/vesc_ackermann/lib:/home/orin_nano/f1tenth_ws/install/urg_node2/lib:/opt/ros/foxy/opt/yaml_cpp_vendor/lib:/opt/ros/foxy/opt/rviz_ogre_vendor/lib:/opt/ros/foxy/lib/aarch64-linux-gnu:/opt/ros/foxy/lib:/usr/local/cuda-11.4/lib64 /usr/bin/cmake --install /home/orin_nano/f1tenth_ws/build/vesc_driver
