[4.229s] DEBUG:colcon:Command line arguments: ['/usr/bin/colcon', 'build']
[4.229s] DEBUG:colcon:Parsed command line arguments: Namespace(allow_overriding=[], ament_cmake_args=None, base_paths=['.'], build_base='build', catkin_cmake_args=None, catkin_skip_building_tests=False, cmake_args=None, cmake_clean_cache=False, cmake_clean_first=False, cmake_force_configure=False, cmake_target=None, cmake_target_skip_unavailable=False, continue_on_error=False, event_handlers=None, executor='parallel', ignore_user_meta=False, install_base='install', log_base=None, log_level=None, main=<bound method BuildVerb.main of <colcon_core.verb.build.BuildVerb object at 0xffffb8283640>>, merge_install=False, metas=['./colcon.meta'], packages_above=None, packages_above_and_dependencies=None, packages_above_depth=None, packages_end=None, packages_ignore=None, packages_ignore_regex=None, packages_select=None, packages_select_build_failed=False, packages_select_by_dep=None, packages_select_regex=None, packages_select_test_failures=False, packages_skip=None, packages_skip_build_finished=False, packages_skip_by_dep=None, packages_skip_regex=None, packages_skip_test_passed=False, packages_skip_up_to=None, packages_start=None, packages_up_to=None, packages_up_to_regex=None, parallel_workers=6, paths=None, symlink_install=False, test_result_base=None, verb_extension=<colcon_core.verb.build.BuildVerb object at 0xffffb8283640>, verb_name='build', verb_parser=<colcon_defaults.argument_parser.defaults.DefaultArgumentsDecorator object at 0xffffb7e83e20>)
[4.432s] Level 1:colcon.colcon_core.package_discovery:discover_packages(colcon_meta) check parameters
[4.432s] Level 1:colcon.colcon_core.package_discovery:discover_packages(recursive) check parameters
[4.433s] Level 1:colcon.colcon_core.package_discovery:discover_packages(ignore) check parameters
[4.433s] Level 1:colcon.colcon_core.package_discovery:discover_packages(path) check parameters
[4.433s] Level 1:colcon.colcon_core.package_discovery:discover_packages(colcon_meta) discover
[4.433s] Level 1:colcon.colcon_core.package_discovery:discover_packages(recursive) discover
[4.433s] INFO:colcon.colcon_core.package_discovery:Crawling recursively for packages in '/home/orin_nano/microros_ws'
[4.433s] Level 1:colcon.colcon_core.package_identification:_identify(.) by extensions ['ignore', 'ignore_ament_install']
[4.433s] Level 1:colcon.colcon_core.package_identification:_identify(.) by extension 'ignore'
[4.434s] Level 1:colcon.colcon_core.package_identification:_identify(.) by extension 'ignore_ament_install'
[4.434s] Level 1:colcon.colcon_core.package_identification:_identify(.) by extensions ['colcon_pkg']
[4.434s] Level 1:colcon.colcon_core.package_identification:_identify(.) by extension 'colcon_pkg'
[4.434s] Level 1:colcon.colcon_core.package_identification:_identify(.) by extensions ['colcon_meta']
[4.434s] Level 1:colcon.colcon_core.package_identification:_identify(.) by extension 'colcon_meta'
[4.434s] Level 1:colcon.colcon_core.package_identification:_identify(.) by extensions ['ros']
[4.434s] Level 1:colcon.colcon_core.package_identification:_identify(.) by extension 'ros'
[4.458s] Level 1:colcon.colcon_core.package_identification:_identify(.) by extensions ['cmake', 'python']
[4.458s] Level 1:colcon.colcon_core.package_identification:_identify(.) by extension 'cmake'
[4.458s] Level 1:colcon.colcon_core.package_identification:_identify(.) by extension 'python'
[4.458s] Level 1:colcon.colcon_core.package_identification:_identify(.) by extensions ['python_setup_py']
[4.458s] Level 1:colcon.colcon_core.package_identification:_identify(.) by extension 'python_setup_py'
[4.458s] Level 1:colcon.colcon_core.package_identification:_identify(build) by extensions ['ignore', 'ignore_ament_install']
[4.459s] Level 1:colcon.colcon_core.package_identification:_identify(build) by extension 'ignore'
[4.459s] Level 1:colcon.colcon_core.package_identification:_identify(build) ignored
[4.459s] Level 1:colcon.colcon_core.package_identification:_identify(install) by extensions ['ignore', 'ignore_ament_install']
[4.459s] Level 1:colcon.colcon_core.package_identification:_identify(install) by extension 'ignore'
[4.459s] Level 1:colcon.colcon_core.package_identification:_identify(install) ignored
[4.460s] Level 1:colcon.colcon_core.package_identification:_identify(log) by extensions ['ignore', 'ignore_ament_install']
[4.460s] Level 1:colcon.colcon_core.package_identification:_identify(log) by extension 'ignore'
[4.460s] Level 1:colcon.colcon_core.package_identification:_identify(log) ignored
[4.460s] Level 1:colcon.colcon_core.package_identification:_identify(src) by extensions ['ignore', 'ignore_ament_install']
[4.460s] Level 1:colcon.colcon_core.package_identification:_identify(src) by extension 'ignore'
[4.460s] Level 1:colcon.colcon_core.package_identification:_identify(src) by extension 'ignore_ament_install'
[4.461s] Level 1:colcon.colcon_core.package_identification:_identify(src) by extensions ['colcon_pkg']
[4.461s] Level 1:colcon.colcon_core.package_identification:_identify(src) by extension 'colcon_pkg'
[4.461s] Level 1:colcon.colcon_core.package_identification:_identify(src) by extensions ['colcon_meta']
[4.461s] Level 1:colcon.colcon_core.package_identification:_identify(src) by extension 'colcon_meta'
[4.461s] Level 1:colcon.colcon_core.package_identification:_identify(src) by extensions ['ros']
[4.461s] Level 1:colcon.colcon_core.package_identification:_identify(src) by extension 'ros'
[4.461s] Level 1:colcon.colcon_core.package_identification:_identify(src) by extensions ['cmake', 'python']
[4.461s] Level 1:colcon.colcon_core.package_identification:_identify(src) by extension 'cmake'
[4.461s] Level 1:colcon.colcon_core.package_identification:_identify(src) by extension 'python'
[4.461s] Level 1:colcon.colcon_core.package_identification:_identify(src) by extensions ['python_setup_py']
[4.462s] Level 1:colcon.colcon_core.package_identification:_identify(src) by extension 'python_setup_py'
[4.462s] Level 1:colcon.colcon_core.package_identification:_identify(src/micro_ros_setup) by extensions ['ignore', 'ignore_ament_install']
[4.462s] Level 1:colcon.colcon_core.package_identification:_identify(src/micro_ros_setup) by extension 'ignore'
[4.462s] Level 1:colcon.colcon_core.package_identification:_identify(src/micro_ros_setup) by extension 'ignore_ament_install'
[4.462s] Level 1:colcon.colcon_core.package_identification:_identify(src/micro_ros_setup) by extensions ['colcon_pkg']
[4.463s] Level 1:colcon.colcon_core.package_identification:_identify(src/micro_ros_setup) by extension 'colcon_pkg'
[4.463s] Level 1:colcon.colcon_core.package_identification:_identify(src/micro_ros_setup) by extensions ['colcon_meta']
[4.463s] Level 1:colcon.colcon_core.package_identification:_identify(src/micro_ros_setup) by extension 'colcon_meta'
[4.463s] Level 1:colcon.colcon_core.package_identification:_identify(src/micro_ros_setup) by extensions ['ros']
[4.463s] Level 1:colcon.colcon_core.package_identification:_identify(src/micro_ros_setup) by extension 'ros'
[4.470s] DEBUG:colcon.colcon_core.package_identification:Package 'src/micro_ros_setup' with type 'ros.ament_cmake' and name 'micro_ros_setup'
[4.471s] Level 1:colcon.colcon_core.package_identification:_identify(src/uros) by extensions ['ignore', 'ignore_ament_install']
[4.471s] Level 1:colcon.colcon_core.package_identification:_identify(src/uros) by extension 'ignore'
[4.471s] Level 1:colcon.colcon_core.package_identification:_identify(src/uros) by extension 'ignore_ament_install'
[4.471s] Level 1:colcon.colcon_core.package_identification:_identify(src/uros) by extensions ['colcon_pkg']
[4.471s] Level 1:colcon.colcon_core.package_identification:_identify(src/uros) by extension 'colcon_pkg'
[4.472s] Level 1:colcon.colcon_core.package_identification:_identify(src/uros) by extensions ['colcon_meta']
[4.472s] Level 1:colcon.colcon_core.package_identification:_identify(src/uros) by extension 'colcon_meta'
[4.472s] Level 1:colcon.colcon_core.package_identification:_identify(src/uros) by extensions ['ros']
[4.472s] Level 1:colcon.colcon_core.package_identification:_identify(src/uros) by extension 'ros'
[4.472s] Level 1:colcon.colcon_core.package_identification:_identify(src/uros) by extensions ['cmake', 'python']
[4.472s] Level 1:colcon.colcon_core.package_identification:_identify(src/uros) by extension 'cmake'
[4.472s] Level 1:colcon.colcon_core.package_identification:_identify(src/uros) by extension 'python'
[4.472s] Level 1:colcon.colcon_core.package_identification:_identify(src/uros) by extensions ['python_setup_py']
[4.472s] Level 1:colcon.colcon_core.package_identification:_identify(src/uros) by extension 'python_setup_py'
[4.473s] Level 1:colcon.colcon_core.package_identification:_identify(src/uros/drive_base) by extensions ['ignore', 'ignore_ament_install']
[4.473s] Level 1:colcon.colcon_core.package_identification:_identify(src/uros/drive_base) by extension 'ignore'
[4.473s] Level 1:colcon.colcon_core.package_identification:_identify(src/uros/drive_base) by extension 'ignore_ament_install'
[4.473s] Level 1:colcon.colcon_core.package_identification:_identify(src/uros/drive_base) by extensions ['colcon_pkg']
[4.473s] Level 1:colcon.colcon_core.package_identification:_identify(src/uros/drive_base) by extension 'colcon_pkg'
[4.473s] Level 1:colcon.colcon_core.package_identification:_identify(src/uros/drive_base) by extensions ['colcon_meta']
[4.473s] Level 1:colcon.colcon_core.package_identification:_identify(src/uros/drive_base) by extension 'colcon_meta'
[4.474s] Level 1:colcon.colcon_core.package_identification:_identify(src/uros/drive_base) by extensions ['ros']
[4.474s] Level 1:colcon.colcon_core.package_identification:_identify(src/uros/drive_base) by extension 'ros'
[4.474s] Level 1:colcon.colcon_core.package_identification:_identify(src/uros/drive_base) by extensions ['cmake', 'python']
[4.474s] Level 1:colcon.colcon_core.package_identification:_identify(src/uros/drive_base) by extension 'cmake'
[4.474s] Level 1:colcon.colcon_core.package_identification:_identify(src/uros/drive_base) by extension 'python'
[4.474s] Level 1:colcon.colcon_core.package_identification:_identify(src/uros/drive_base) by extensions ['python_setup_py']
[4.474s] Level 1:colcon.colcon_core.package_identification:_identify(src/uros/drive_base) by extension 'python_setup_py'
[4.475s] Level 1:colcon.colcon_core.package_identification:_identify(src/uros/drive_base/drive_base_msgs) by extensions ['ignore', 'ignore_ament_install']
[4.475s] Level 1:colcon.colcon_core.package_identification:_identify(src/uros/drive_base/drive_base_msgs) by extension 'ignore'
[4.475s] Level 1:colcon.colcon_core.package_identification:_identify(src/uros/drive_base/drive_base_msgs) by extension 'ignore_ament_install'
[4.475s] Level 1:colcon.colcon_core.package_identification:_identify(src/uros/drive_base/drive_base_msgs) by extensions ['colcon_pkg']
[4.475s] Level 1:colcon.colcon_core.package_identification:_identify(src/uros/drive_base/drive_base_msgs) by extension 'colcon_pkg'
[4.475s] Level 1:colcon.colcon_core.package_identification:_identify(src/uros/drive_base/drive_base_msgs) by extensions ['colcon_meta']
[4.476s] Level 1:colcon.colcon_core.package_identification:_identify(src/uros/drive_base/drive_base_msgs) by extension 'colcon_meta'
[4.476s] Level 1:colcon.colcon_core.package_identification:_identify(src/uros/drive_base/drive_base_msgs) by extensions ['ros']
[4.476s] Level 1:colcon.colcon_core.package_identification:_identify(src/uros/drive_base/drive_base_msgs) by extension 'ros'
[4.477s] DEBUG:colcon.colcon_core.package_identification:Package 'src/uros/drive_base/drive_base_msgs' with type 'ros.ament_cmake' and name 'drive_base_msgs'
[4.477s] Level 1:colcon.colcon_core.package_identification:_identify(src/uros/micro-ROS-Agent) by extensions ['ignore', 'ignore_ament_install']
[4.477s] Level 1:colcon.colcon_core.package_identification:_identify(src/uros/micro-ROS-Agent) by extension 'ignore'
[4.478s] Level 1:colcon.colcon_core.package_identification:_identify(src/uros/micro-ROS-Agent) by extension 'ignore_ament_install'
[4.478s] Level 1:colcon.colcon_core.package_identification:_identify(src/uros/micro-ROS-Agent) by extensions ['colcon_pkg']
[4.478s] Level 1:colcon.colcon_core.package_identification:_identify(src/uros/micro-ROS-Agent) by extension 'colcon_pkg'
[4.478s] Level 1:colcon.colcon_core.package_identification:_identify(src/uros/micro-ROS-Agent) by extensions ['colcon_meta']
[4.478s] Level 1:colcon.colcon_core.package_identification:_identify(src/uros/micro-ROS-Agent) by extension 'colcon_meta'
[4.478s] Level 1:colcon.colcon_core.package_identification:_identify(src/uros/micro-ROS-Agent) by extensions ['ros']
[4.478s] Level 1:colcon.colcon_core.package_identification:_identify(src/uros/micro-ROS-Agent) by extension 'ros'
[4.478s] Level 1:colcon.colcon_core.package_identification:_identify(src/uros/micro-ROS-Agent) by extensions ['cmake', 'python']
[4.479s] Level 1:colcon.colcon_core.package_identification:_identify(src/uros/micro-ROS-Agent) by extension 'cmake'
[4.479s] Level 1:colcon.colcon_core.package_identification:_identify(src/uros/micro-ROS-Agent) by extension 'python'
[4.479s] Level 1:colcon.colcon_core.package_identification:_identify(src/uros/micro-ROS-Agent) by extensions ['python_setup_py']
[4.479s] Level 1:colcon.colcon_core.package_identification:_identify(src/uros/micro-ROS-Agent) by extension 'python_setup_py'
[4.479s] Level 1:colcon.colcon_core.package_identification:_identify(src/uros/micro-ROS-Agent/micro_ros_agent) by extensions ['ignore', 'ignore_ament_install']
[4.479s] Level 1:colcon.colcon_core.package_identification:_identify(src/uros/micro-ROS-Agent/micro_ros_agent) by extension 'ignore'
[4.479s] Level 1:colcon.colcon_core.package_identification:_identify(src/uros/micro-ROS-Agent/micro_ros_agent) by extension 'ignore_ament_install'
[4.480s] Level 1:colcon.colcon_core.package_identification:_identify(src/uros/micro-ROS-Agent/micro_ros_agent) by extensions ['colcon_pkg']
[4.480s] Level 1:colcon.colcon_core.package_identification:_identify(src/uros/micro-ROS-Agent/micro_ros_agent) by extension 'colcon_pkg'
[4.480s] Level 1:colcon.colcon_core.package_identification:_identify(src/uros/micro-ROS-Agent/micro_ros_agent) by extensions ['colcon_meta']
[4.480s] Level 1:colcon.colcon_core.package_identification:_identify(src/uros/micro-ROS-Agent/micro_ros_agent) by extension 'colcon_meta'
[4.480s] Level 1:colcon.colcon_core.package_identification:_identify(src/uros/micro-ROS-Agent/micro_ros_agent) by extensions ['ros']
[4.480s] Level 1:colcon.colcon_core.package_identification:_identify(src/uros/micro-ROS-Agent/micro_ros_agent) by extension 'ros'
[4.482s] DEBUG:colcon.colcon_core.package_identification:Package 'src/uros/micro-ROS-Agent/micro_ros_agent' with type 'ros.ament_cmake' and name 'micro_ros_agent'
[4.482s] Level 1:colcon.colcon_core.package_identification:_identify(src/uros/micro-ROS-Agent/snap) by extensions ['ignore', 'ignore_ament_install']
[4.482s] Level 1:colcon.colcon_core.package_identification:_identify(src/uros/micro-ROS-Agent/snap) by extension 'ignore'
[4.482s] Level 1:colcon.colcon_core.package_identification:_identify(src/uros/micro-ROS-Agent/snap) by extension 'ignore_ament_install'
[4.483s] Level 1:colcon.colcon_core.package_identification:_identify(src/uros/micro-ROS-Agent/snap) by extensions ['colcon_pkg']
[4.483s] Level 1:colcon.colcon_core.package_identification:_identify(src/uros/micro-ROS-Agent/snap) by extension 'colcon_pkg'
[4.483s] Level 1:colcon.colcon_core.package_identification:_identify(src/uros/micro-ROS-Agent/snap) by extensions ['colcon_meta']
[4.483s] Level 1:colcon.colcon_core.package_identification:_identify(src/uros/micro-ROS-Agent/snap) by extension 'colcon_meta'
[4.483s] Level 1:colcon.colcon_core.package_identification:_identify(src/uros/micro-ROS-Agent/snap) by extensions ['ros']
[4.483s] Level 1:colcon.colcon_core.package_identification:_identify(src/uros/micro-ROS-Agent/snap) by extension 'ros'
[4.483s] Level 1:colcon.colcon_core.package_identification:_identify(src/uros/micro-ROS-Agent/snap) by extensions ['cmake', 'python']
[4.483s] Level 1:colcon.colcon_core.package_identification:_identify(src/uros/micro-ROS-Agent/snap) by extension 'cmake'
[4.483s] Level 1:colcon.colcon_core.package_identification:_identify(src/uros/micro-ROS-Agent/snap) by extension 'python'
[4.483s] Level 1:colcon.colcon_core.package_identification:_identify(src/uros/micro-ROS-Agent/snap) by extensions ['python_setup_py']
[4.484s] Level 1:colcon.colcon_core.package_identification:_identify(src/uros/micro-ROS-Agent/snap) by extension 'python_setup_py'
[4.484s] Level 1:colcon.colcon_core.package_identification:_identify(src/uros/micro-ROS-Agent/snap/hooks) by extensions ['ignore', 'ignore_ament_install']
[4.484s] Level 1:colcon.colcon_core.package_identification:_identify(src/uros/micro-ROS-Agent/snap/hooks) by extension 'ignore'
[4.484s] Level 1:colcon.colcon_core.package_identification:_identify(src/uros/micro-ROS-Agent/snap/hooks) by extension 'ignore_ament_install'
[4.484s] Level 1:colcon.colcon_core.package_identification:_identify(src/uros/micro-ROS-Agent/snap/hooks) by extensions ['colcon_pkg']
[4.484s] Level 1:colcon.colcon_core.package_identification:_identify(src/uros/micro-ROS-Agent/snap/hooks) by extension 'colcon_pkg'
[4.484s] Level 1:colcon.colcon_core.package_identification:_identify(src/uros/micro-ROS-Agent/snap/hooks) by extensions ['colcon_meta']
[4.485s] Level 1:colcon.colcon_core.package_identification:_identify(src/uros/micro-ROS-Agent/snap/hooks) by extension 'colcon_meta'
[4.485s] Level 1:colcon.colcon_core.package_identification:_identify(src/uros/micro-ROS-Agent/snap/hooks) by extensions ['ros']
[4.485s] Level 1:colcon.colcon_core.package_identification:_identify(src/uros/micro-ROS-Agent/snap/hooks) by extension 'ros'
[4.485s] Level 1:colcon.colcon_core.package_identification:_identify(src/uros/micro-ROS-Agent/snap/hooks) by extensions ['cmake', 'python']
[4.485s] Level 1:colcon.colcon_core.package_identification:_identify(src/uros/micro-ROS-Agent/snap/hooks) by extension 'cmake'
[4.485s] Level 1:colcon.colcon_core.package_identification:_identify(src/uros/micro-ROS-Agent/snap/hooks) by extension 'python'
[4.485s] Level 1:colcon.colcon_core.package_identification:_identify(src/uros/micro-ROS-Agent/snap/hooks) by extensions ['python_setup_py']
[4.485s] Level 1:colcon.colcon_core.package_identification:_identify(src/uros/micro-ROS-Agent/snap/hooks) by extension 'python_setup_py'
[4.486s] Level 1:colcon.colcon_core.package_identification:_identify(src/uros/micro-ROS-Agent/snap/local) by extensions ['ignore', 'ignore_ament_install']
[4.486s] Level 1:colcon.colcon_core.package_identification:_identify(src/uros/micro-ROS-Agent/snap/local) by extension 'ignore'
[4.486s] Level 1:colcon.colcon_core.package_identification:_identify(src/uros/micro-ROS-Agent/snap/local) by extension 'ignore_ament_install'
[4.486s] Level 1:colcon.colcon_core.package_identification:_identify(src/uros/micro-ROS-Agent/snap/local) by extensions ['colcon_pkg']
[4.486s] Level 1:colcon.colcon_core.package_identification:_identify(src/uros/micro-ROS-Agent/snap/local) by extension 'colcon_pkg'
[4.486s] Level 1:colcon.colcon_core.package_identification:_identify(src/uros/micro-ROS-Agent/snap/local) by extensions ['colcon_meta']
[4.486s] Level 1:colcon.colcon_core.package_identification:_identify(src/uros/micro-ROS-Agent/snap/local) by extension 'colcon_meta'
[4.487s] Level 1:colcon.colcon_core.package_identification:_identify(src/uros/micro-ROS-Agent/snap/local) by extensions ['ros']
[4.487s] Level 1:colcon.colcon_core.package_identification:_identify(src/uros/micro-ROS-Agent/snap/local) by extension 'ros'
[4.487s] Level 1:colcon.colcon_core.package_identification:_identify(src/uros/micro-ROS-Agent/snap/local) by extensions ['cmake', 'python']
[4.487s] Level 1:colcon.colcon_core.package_identification:_identify(src/uros/micro-ROS-Agent/snap/local) by extension 'cmake'
[4.487s] Level 1:colcon.colcon_core.package_identification:_identify(src/uros/micro-ROS-Agent/snap/local) by extension 'python'
[4.487s] Level 1:colcon.colcon_core.package_identification:_identify(src/uros/micro-ROS-Agent/snap/local) by extensions ['python_setup_py']
[4.487s] Level 1:colcon.colcon_core.package_identification:_identify(src/uros/micro-ROS-Agent/snap/local) by extension 'python_setup_py'
[4.487s] Level 1:colcon.colcon_core.package_identification:_identify(src/uros/micro_ros_msgs) by extensions ['ignore', 'ignore_ament_install']
[4.488s] Level 1:colcon.colcon_core.package_identification:_identify(src/uros/micro_ros_msgs) by extension 'ignore'
[4.488s] Level 1:colcon.colcon_core.package_identification:_identify(src/uros/micro_ros_msgs) by extension 'ignore_ament_install'
[4.488s] Level 1:colcon.colcon_core.package_identification:_identify(src/uros/micro_ros_msgs) by extensions ['colcon_pkg']
[4.488s] Level 1:colcon.colcon_core.package_identification:_identify(src/uros/micro_ros_msgs) by extension 'colcon_pkg'
[4.488s] Level 1:colcon.colcon_core.package_identification:_identify(src/uros/micro_ros_msgs) by extensions ['colcon_meta']
[4.488s] Level 1:colcon.colcon_core.package_identification:_identify(src/uros/micro_ros_msgs) by extension 'colcon_meta'
[4.488s] Level 1:colcon.colcon_core.package_identification:_identify(src/uros/micro_ros_msgs) by extensions ['ros']
[4.488s] Level 1:colcon.colcon_core.package_identification:_identify(src/uros/micro_ros_msgs) by extension 'ros'
[4.489s] DEBUG:colcon.colcon_core.package_identification:Package 'src/uros/micro_ros_msgs' with type 'ros.ament_cmake' and name 'micro_ros_msgs'
[4.489s] Level 1:colcon.colcon_core.package_discovery:discover_packages(recursive) using defaults
[4.490s] Level 1:colcon.colcon_core.package_discovery:discover_packages(ignore) discover
[4.490s] Level 1:colcon.colcon_core.package_discovery:discover_packages(ignore) using defaults
[4.490s] Level 1:colcon.colcon_core.package_discovery:discover_packages(path) discover
[4.490s] Level 1:colcon.colcon_core.package_discovery:discover_packages(path) using defaults
[4.907s] Level 1:colcon.colcon_core.package_discovery:discover_packages(prefix_path) check parameters
[4.907s] Level 1:colcon.colcon_core.package_discovery:discover_packages(prefix_path) discover
[5.051s] DEBUG:colcon.colcon_installed_package_information.package_discovery:Found 262 installed packages in /opt/ros/foxy
[5.054s] Level 1:colcon.colcon_core.package_discovery:discover_packages(prefix_path) using defaults
[5.342s] Level 5:colcon.colcon_core.verb:set package 'drive_base_msgs' build argument 'cmake_args' from command line to 'None'
[5.342s] Level 5:colcon.colcon_core.verb:set package 'drive_base_msgs' build argument 'cmake_target' from command line to 'None'
[5.342s] Level 5:colcon.colcon_core.verb:set package 'drive_base_msgs' build argument 'cmake_target_skip_unavailable' from command line to 'False'
[5.342s] Level 5:colcon.colcon_core.verb:set package 'drive_base_msgs' build argument 'cmake_clean_cache' from command line to 'False'
[5.342s] Level 5:colcon.colcon_core.verb:set package 'drive_base_msgs' build argument 'cmake_clean_first' from command line to 'False'
[5.342s] Level 5:colcon.colcon_core.verb:set package 'drive_base_msgs' build argument 'cmake_force_configure' from command line to 'False'
[5.342s] Level 5:colcon.colcon_core.verb:set package 'drive_base_msgs' build argument 'ament_cmake_args' from command line to 'None'
[5.342s] Level 5:colcon.colcon_core.verb:set package 'drive_base_msgs' build argument 'catkin_cmake_args' from command line to 'None'
[5.342s] Level 5:colcon.colcon_core.verb:set package 'drive_base_msgs' build argument 'catkin_skip_building_tests' from command line to 'False'
[5.343s] DEBUG:colcon.colcon_core.verb:Building package 'drive_base_msgs' with the following arguments: {'ament_cmake_args': None, 'build_base': '/home/orin_nano/microros_ws/build/drive_base_msgs', 'catkin_cmake_args': None, 'catkin_skip_building_tests': False, 'cmake_args': None, 'cmake_clean_cache': False, 'cmake_clean_first': False, 'cmake_force_configure': False, 'cmake_target': None, 'cmake_target_skip_unavailable': False, 'install_base': '/home/orin_nano/microros_ws/install/drive_base_msgs', 'merge_install': False, 'path': '/home/orin_nano/microros_ws/src/uros/drive_base/drive_base_msgs', 'symlink_install': False, 'test_result_base': None}
[5.411s] Level 5:colcon.colcon_core.verb:set package 'micro_ros_msgs' build argument 'cmake_args' from command line to 'None'
[5.412s] Level 5:colcon.colcon_core.verb:set package 'micro_ros_msgs' build argument 'cmake_target' from command line to 'None'
[5.412s] Level 5:colcon.colcon_core.verb:set package 'micro_ros_msgs' build argument 'cmake_target_skip_unavailable' from command line to 'False'
[5.412s] Level 5:colcon.colcon_core.verb:set package 'micro_ros_msgs' build argument 'cmake_clean_cache' from command line to 'False'
[5.412s] Level 5:colcon.colcon_core.verb:set package 'micro_ros_msgs' build argument 'cmake_clean_first' from command line to 'False'
[5.412s] Level 5:colcon.colcon_core.verb:set package 'micro_ros_msgs' build argument 'cmake_force_configure' from command line to 'False'
[5.412s] Level 5:colcon.colcon_core.verb:set package 'micro_ros_msgs' build argument 'ament_cmake_args' from command line to 'None'
[5.412s] Level 5:colcon.colcon_core.verb:set package 'micro_ros_msgs' build argument 'catkin_cmake_args' from command line to 'None'
[5.412s] Level 5:colcon.colcon_core.verb:set package 'micro_ros_msgs' build argument 'catkin_skip_building_tests' from command line to 'False'
[5.412s] DEBUG:colcon.colcon_core.verb:Building package 'micro_ros_msgs' with the following arguments: {'ament_cmake_args': None, 'build_base': '/home/orin_nano/microros_ws/build/micro_ros_msgs', 'catkin_cmake_args': None, 'catkin_skip_building_tests': False, 'cmake_args': None, 'cmake_clean_cache': False, 'cmake_clean_first': False, 'cmake_force_configure': False, 'cmake_target': None, 'cmake_target_skip_unavailable': False, 'install_base': '/home/orin_nano/microros_ws/install/micro_ros_msgs', 'merge_install': False, 'path': '/home/orin_nano/microros_ws/src/uros/micro_ros_msgs', 'symlink_install': False, 'test_result_base': None}
[5.481s] Level 5:colcon.colcon_core.verb:set package 'micro_ros_setup' build argument 'cmake_args' from command line to 'None'
[5.481s] Level 5:colcon.colcon_core.verb:set package 'micro_ros_setup' build argument 'cmake_target' from command line to 'None'
[5.481s] Level 5:colcon.colcon_core.verb:set package 'micro_ros_setup' build argument 'cmake_target_skip_unavailable' from command line to 'False'
[5.481s] Level 5:colcon.colcon_core.verb:set package 'micro_ros_setup' build argument 'cmake_clean_cache' from command line to 'False'
[5.481s] Level 5:colcon.colcon_core.verb:set package 'micro_ros_setup' build argument 'cmake_clean_first' from command line to 'False'
[5.481s] Level 5:colcon.colcon_core.verb:set package 'micro_ros_setup' build argument 'cmake_force_configure' from command line to 'False'
[5.481s] Level 5:colcon.colcon_core.verb:set package 'micro_ros_setup' build argument 'ament_cmake_args' from command line to 'None'
[5.481s] Level 5:colcon.colcon_core.verb:set package 'micro_ros_setup' build argument 'catkin_cmake_args' from command line to 'None'
[5.481s] Level 5:colcon.colcon_core.verb:set package 'micro_ros_setup' build argument 'catkin_skip_building_tests' from command line to 'False'
[5.481s] DEBUG:colcon.colcon_core.verb:Building package 'micro_ros_setup' with the following arguments: {'ament_cmake_args': None, 'build_base': '/home/orin_nano/microros_ws/build/micro_ros_setup', 'catkin_cmake_args': None, 'catkin_skip_building_tests': False, 'cmake_args': None, 'cmake_clean_cache': False, 'cmake_clean_first': False, 'cmake_force_configure': False, 'cmake_target': None, 'cmake_target_skip_unavailable': False, 'install_base': '/home/orin_nano/microros_ws/install/micro_ros_setup', 'merge_install': False, 'path': '/home/orin_nano/microros_ws/src/micro_ros_setup', 'symlink_install': False, 'test_result_base': None}
[5.550s] Level 5:colcon.colcon_core.verb:set package 'micro_ros_agent' build argument 'cmake_args' from command line to 'None'
[5.550s] Level 5:colcon.colcon_core.verb:set package 'micro_ros_agent' build argument 'cmake_target' from command line to 'None'
[5.550s] Level 5:colcon.colcon_core.verb:set package 'micro_ros_agent' build argument 'cmake_target_skip_unavailable' from command line to 'False'
[5.550s] Level 5:colcon.colcon_core.verb:set package 'micro_ros_agent' build argument 'cmake_clean_cache' from command line to 'False'
[5.550s] Level 5:colcon.colcon_core.verb:set package 'micro_ros_agent' build argument 'cmake_clean_first' from command line to 'False'
[5.550s] Level 5:colcon.colcon_core.verb:set package 'micro_ros_agent' build argument 'cmake_force_configure' from command line to 'False'
[5.550s] Level 5:colcon.colcon_core.verb:set package 'micro_ros_agent' build argument 'ament_cmake_args' from command line to 'None'
[5.551s] Level 5:colcon.colcon_core.verb:set package 'micro_ros_agent' build argument 'catkin_cmake_args' from command line to 'None'
[5.551s] Level 5:colcon.colcon_core.verb:set package 'micro_ros_agent' build argument 'catkin_skip_building_tests' from command line to 'False'
[5.551s] DEBUG:colcon.colcon_core.verb:Building package 'micro_ros_agent' with the following arguments: {'ament_cmake_args': None, 'build_base': '/home/orin_nano/microros_ws/build/micro_ros_agent', 'catkin_cmake_args': None, 'catkin_skip_building_tests': False, 'cmake_args': None, 'cmake_clean_cache': False, 'cmake_clean_first': False, 'cmake_force_configure': False, 'cmake_target': None, 'cmake_target_skip_unavailable': False, 'install_base': '/home/orin_nano/microros_ws/install/micro_ros_agent', 'merge_install': False, 'path': '/home/orin_nano/microros_ws/src/uros/micro-ROS-Agent/micro_ros_agent', 'symlink_install': False, 'test_result_base': None}
[5.619s] INFO:colcon.colcon_core.executor:Executing jobs using 'parallel' executor
[5.689s] DEBUG:colcon.colcon_parallel_executor.executor.parallel:run_until_complete
[5.689s] INFO:colcon.colcon_ros.task.ament_cmake.build:Building ROS package in '/home/orin_nano/microros_ws/src/uros/micro_ros_msgs' with build type 'ament_cmake'
[5.690s] INFO:colcon.colcon_cmake.task.cmake.build:Building CMake package in '/home/orin_nano/microros_ws/src/uros/micro_ros_msgs'
[5.767s] INFO:colcon.colcon_core.plugin_system:Skipping extension 'colcon_core.shell.bat': Not used on non-Windows systems
[5.768s] INFO:colcon.colcon_core.shell:Skip shell extension 'powershell' for command environment: Not usable outside of PowerShell
[5.768s] DEBUG:colcon.colcon_core.shell:Skip shell extension 'dsv' for command environment
[5.920s] INFO:colcon.colcon_ros.task.ament_cmake.build:Building ROS package in '/home/orin_nano/microros_ws/src/uros/drive_base/drive_base_msgs' with build type 'ament_cmake'
[5.921s] INFO:colcon.colcon_cmake.task.cmake.build:Building CMake package in '/home/orin_nano/microros_ws/src/uros/drive_base/drive_base_msgs'
[5.995s] INFO:colcon.colcon_core.shell:Skip shell extension 'powershell' for command environment: Not usable outside of PowerShell
[5.995s] DEBUG:colcon.colcon_core.shell:Skip shell extension 'dsv' for command environment
[6.177s] INFO:colcon.colcon_ros.task.ament_cmake.build:Building ROS package in '/home/orin_nano/microros_ws/src/micro_ros_setup' with build type 'ament_cmake'
[6.178s] INFO:colcon.colcon_cmake.task.cmake.build:Building CMake package in '/home/orin_nano/microros_ws/src/micro_ros_setup'
[6.252s] INFO:colcon.colcon_core.shell:Skip shell extension 'powershell' for command environment: Not usable outside of PowerShell
[6.252s] DEBUG:colcon.colcon_core.shell:Skip shell extension 'dsv' for command environment
[6.413s] DEBUG:colcon.colcon_core.event_handler.log_command:Invoking command in '/home/orin_nano/microros_ws/build/micro_ros_msgs': CMAKE_PREFIX_PATH=/opt/ros/foxy /usr/bin/cmake /home/orin_nano/microros_ws/src/uros/micro_ros_msgs -DCMAKE_INSTALL_PREFIX=/home/orin_nano/microros_ws/install/micro_ros_msgs
[6.430s] DEBUG:colcon.colcon_core.event_handler.log_command:Invoking command in '/home/orin_nano/microros_ws/build/drive_base_msgs': CMAKE_PREFIX_PATH=/opt/ros/foxy /usr/bin/cmake /home/orin_nano/microros_ws/src/uros/drive_base/drive_base_msgs -DCMAKE_INSTALL_PREFIX=/home/orin_nano/microros_ws/install/drive_base_msgs
[6.440s] DEBUG:colcon.colcon_core.event_handler.log_command:Invoking command in '/home/orin_nano/microros_ws/build/micro_ros_setup': CMAKE_PREFIX_PATH=/opt/ros/foxy /usr/bin/cmake --build /home/orin_nano/microros_ws/build/micro_ros_setup -- -j6 -l6
[6.547s] DEBUG:colcon.colcon_core.event_handler.log_command:Invoked command in '/home/orin_nano/microros_ws/build/micro_ros_setup' returned '0': CMAKE_PREFIX_PATH=/opt/ros/foxy /usr/bin/cmake --build /home/orin_nano/microros_ws/build/micro_ros_setup -- -j6 -l6
[6.621s] DEBUG:colcon.colcon_core.event_handler.log_command:Invoking command in '/home/orin_nano/microros_ws/build/micro_ros_setup': CMAKE_PREFIX_PATH=/opt/ros/foxy /usr/bin/cmake --install /home/orin_nano/microros_ws/build/micro_ros_setup
[6.664s] Level 1:colcon.colcon_core.environment:create_environment_scripts_only(micro_ros_setup)
[6.675s] DEBUG:colcon.colcon_core.event_handler.log_command:Invoked command in '/home/orin_nano/microros_ws/build/micro_ros_setup' returned '0': CMAKE_PREFIX_PATH=/opt/ros/foxy /usr/bin/cmake --install /home/orin_nano/microros_ws/build/micro_ros_setup
[6.758s] Level 1:colcon.colcon_core.environment:checking '/home/orin_nano/microros_ws/install/micro_ros_setup' for CMake module files
[6.759s] Level 1:colcon.colcon_core.environment:checking '/home/orin_nano/microros_ws/install/micro_ros_setup' for CMake config files
[6.761s] Level 1:colcon.colcon_core.shell:create_environment_hook('micro_ros_setup', 'cmake_prefix_path')
[6.838s] INFO:colcon.colcon_core.shell:Creating environment hook '/home/orin_nano/microros_ws/install/micro_ros_setup/share/micro_ros_setup/hook/cmake_prefix_path.ps1'
[6.841s] INFO:colcon.colcon_core.shell:Creating environment descriptor '/home/orin_nano/microros_ws/install/micro_ros_setup/share/micro_ros_setup/hook/cmake_prefix_path.dsv'
[6.842s] INFO:colcon.colcon_core.shell:Creating environment hook '/home/orin_nano/microros_ws/install/micro_ros_setup/share/micro_ros_setup/hook/cmake_prefix_path.sh'
[6.844s] Level 1:colcon.colcon_core.environment:checking '/home/orin_nano/microros_ws/install/micro_ros_setup/lib'
[6.844s] Level 1:colcon.colcon_core.environment:checking '/home/orin_nano/microros_ws/install/micro_ros_setup/bin'
[6.844s] Level 1:colcon.colcon_core.environment:checking '/home/orin_nano/microros_ws/install/micro_ros_setup/lib/pkgconfig/micro_ros_setup.pc'
[6.845s] Level 1:colcon.colcon_core.environment:checking '/home/orin_nano/microros_ws/install/micro_ros_setup/lib/python3.8/site-packages'
[6.845s] Level 1:colcon.colcon_core.environment:checking '/home/orin_nano/microros_ws/install/micro_ros_setup/bin'
[6.920s] INFO:colcon.colcon_core.shell:Creating package script '/home/orin_nano/microros_ws/install/micro_ros_setup/share/micro_ros_setup/package.ps1'
[6.923s] INFO:colcon.colcon_core.shell:Creating package descriptor '/home/orin_nano/microros_ws/install/micro_ros_setup/share/micro_ros_setup/package.dsv'
[6.924s] INFO:colcon.colcon_core.shell:Creating package script '/home/orin_nano/microros_ws/install/micro_ros_setup/share/micro_ros_setup/package.sh'
[6.926s] INFO:colcon.colcon_core.shell:Creating package script '/home/orin_nano/microros_ws/install/micro_ros_setup/share/micro_ros_setup/package.bash'
[6.927s] INFO:colcon.colcon_core.shell:Creating package script '/home/orin_nano/microros_ws/install/micro_ros_setup/share/micro_ros_setup/package.zsh'
[6.929s] Level 1:colcon.colcon_core.environment:create_file_with_runtime_dependencies(/home/orin_nano/microros_ws/install/micro_ros_setup/share/colcon-core/packages/micro_ros_setup)
[7.050s] Level 1:colcon.colcon_core.environment:create_environment_scripts_only(micro_ros_setup)
[7.124s] Level 1:colcon.colcon_core.environment:checking '/home/orin_nano/microros_ws/install/micro_ros_setup' for CMake module files
[7.126s] Level 1:colcon.colcon_core.environment:checking '/home/orin_nano/microros_ws/install/micro_ros_setup' for CMake config files
[7.128s] Level 1:colcon.colcon_core.shell:create_environment_hook('micro_ros_setup', 'cmake_prefix_path')
[7.202s] INFO:colcon.colcon_core.shell:Creating environment hook '/home/orin_nano/microros_ws/install/micro_ros_setup/share/micro_ros_setup/hook/cmake_prefix_path.ps1'
[7.203s] INFO:colcon.colcon_core.shell:Creating environment descriptor '/home/orin_nano/microros_ws/install/micro_ros_setup/share/micro_ros_setup/hook/cmake_prefix_path.dsv'
[7.204s] INFO:colcon.colcon_core.shell:Creating environment hook '/home/orin_nano/microros_ws/install/micro_ros_setup/share/micro_ros_setup/hook/cmake_prefix_path.sh'
[7.205s] Level 1:colcon.colcon_core.environment:checking '/home/orin_nano/microros_ws/install/micro_ros_setup/lib'
[7.205s] Level 1:colcon.colcon_core.environment:checking '/home/orin_nano/microros_ws/install/micro_ros_setup/bin'
[7.205s] Level 1:colcon.colcon_core.environment:checking '/home/orin_nano/microros_ws/install/micro_ros_setup/lib/pkgconfig/micro_ros_setup.pc'
[7.206s] Level 1:colcon.colcon_core.environment:checking '/home/orin_nano/microros_ws/install/micro_ros_setup/lib/python3.8/site-packages'
[7.206s] Level 1:colcon.colcon_core.environment:checking '/home/orin_nano/microros_ws/install/micro_ros_setup/bin'
[7.282s] INFO:colcon.colcon_core.shell:Creating package script '/home/orin_nano/microros_ws/install/micro_ros_setup/share/micro_ros_setup/package.ps1'
[7.284s] INFO:colcon.colcon_core.shell:Creating package descriptor '/home/orin_nano/microros_ws/install/micro_ros_setup/share/micro_ros_setup/package.dsv'
[7.285s] INFO:colcon.colcon_core.shell:Creating package script '/home/orin_nano/microros_ws/install/micro_ros_setup/share/micro_ros_setup/package.sh'
[7.286s] INFO:colcon.colcon_core.shell:Creating package script '/home/orin_nano/microros_ws/install/micro_ros_setup/share/micro_ros_setup/package.bash'
[7.287s] INFO:colcon.colcon_core.shell:Creating package script '/home/orin_nano/microros_ws/install/micro_ros_setup/share/micro_ros_setup/package.zsh'
[7.289s] Level 1:colcon.colcon_core.environment:create_file_with_runtime_dependencies(/home/orin_nano/microros_ws/install/micro_ros_setup/share/colcon-core/packages/micro_ros_setup)
[8.154s] DEBUG:colcon.colcon_core.event_handler.log_command:Invoked command in '/home/orin_nano/microros_ws/build/micro_ros_msgs' returned '0': CMAKE_PREFIX_PATH=/opt/ros/foxy /usr/bin/cmake /home/orin_nano/microros_ws/src/uros/micro_ros_msgs -DCMAKE_INSTALL_PREFIX=/home/orin_nano/microros_ws/install/micro_ros_msgs
[8.159s] DEBUG:colcon.colcon_core.event_handler.log_command:Invoking command in '/home/orin_nano/microros_ws/build/micro_ros_msgs': CMAKE_PREFIX_PATH=/opt/ros/foxy /usr/bin/cmake --build /home/orin_nano/microros_ws/build/micro_ros_msgs -- -j6 -l6
[8.602s] DEBUG:colcon.colcon_core.event_handler.log_command:Invoked command in '/home/orin_nano/microros_ws/build/micro_ros_msgs' returned '0': CMAKE_PREFIX_PATH=/opt/ros/foxy /usr/bin/cmake --build /home/orin_nano/microros_ws/build/micro_ros_msgs -- -j6 -l6
[8.760s] DEBUG:colcon.colcon_core.event_handler.log_command:Invoking command in '/home/orin_nano/microros_ws/build/micro_ros_msgs': CMAKE_PREFIX_PATH=/opt/ros/foxy /usr/bin/cmake --install /home/orin_nano/microros_ws/build/micro_ros_msgs
[8.881s] Level 1:colcon.colcon_core.environment:create_environment_scripts_only(micro_ros_msgs)
[8.882s] DEBUG:colcon.colcon_core.event_handler.log_command:Invoked command in '/home/orin_nano/microros_ws/build/micro_ros_msgs' returned '0': CMAKE_PREFIX_PATH=/opt/ros/foxy /usr/bin/cmake --install /home/orin_nano/microros_ws/build/micro_ros_msgs
[8.957s] Level 1:colcon.colcon_core.environment:checking '/home/orin_nano/microros_ws/install/micro_ros_msgs' for CMake module files
[8.959s] Level 1:colcon.colcon_core.environment:checking '/home/orin_nano/microros_ws/install/micro_ros_msgs' for CMake config files
[8.960s] Level 1:colcon.colcon_core.shell:create_environment_hook('micro_ros_msgs', 'cmake_prefix_path')
[9.032s] INFO:colcon.colcon_core.shell:Creating environment hook '/home/orin_nano/microros_ws/install/micro_ros_msgs/share/micro_ros_msgs/hook/cmake_prefix_path.ps1'
[9.034s] INFO:colcon.colcon_core.shell:Creating environment descriptor '/home/orin_nano/microros_ws/install/micro_ros_msgs/share/micro_ros_msgs/hook/cmake_prefix_path.dsv'
[9.034s] INFO:colcon.colcon_core.shell:Creating environment hook '/home/orin_nano/microros_ws/install/micro_ros_msgs/share/micro_ros_msgs/hook/cmake_prefix_path.sh'
[9.036s] Level 1:colcon.colcon_core.environment:checking '/home/orin_nano/microros_ws/install/micro_ros_msgs/lib'
[9.036s] Level 1:colcon.colcon_core.shell:create_environment_hook('micro_ros_msgs', 'ld_library_path_lib')
[9.108s] INFO:colcon.colcon_core.shell:Creating environment hook '/home/orin_nano/microros_ws/install/micro_ros_msgs/share/micro_ros_msgs/hook/ld_library_path_lib.ps1'
[9.109s] INFO:colcon.colcon_core.shell:Creating environment descriptor '/home/orin_nano/microros_ws/install/micro_ros_msgs/share/micro_ros_msgs/hook/ld_library_path_lib.dsv'
[9.110s] INFO:colcon.colcon_core.shell:Creating environment hook '/home/orin_nano/microros_ws/install/micro_ros_msgs/share/micro_ros_msgs/hook/ld_library_path_lib.sh'
[9.111s] Level 1:colcon.colcon_core.environment:checking '/home/orin_nano/microros_ws/install/micro_ros_msgs/bin'
[9.111s] Level 1:colcon.colcon_core.environment:checking '/home/orin_nano/microros_ws/install/micro_ros_msgs/lib/pkgconfig/micro_ros_msgs.pc'
[9.111s] Level 1:colcon.colcon_core.environment:checking '/home/orin_nano/microros_ws/install/micro_ros_msgs/lib/python3.8/site-packages'
[9.111s] Level 1:colcon.colcon_core.shell:create_environment_hook('micro_ros_msgs', 'pythonpath')
[9.182s] INFO:colcon.colcon_core.shell:Creating environment hook '/home/orin_nano/microros_ws/install/micro_ros_msgs/share/micro_ros_msgs/hook/pythonpath.ps1'
[9.183s] INFO:colcon.colcon_core.shell:Creating environment descriptor '/home/orin_nano/microros_ws/install/micro_ros_msgs/share/micro_ros_msgs/hook/pythonpath.dsv'
[9.185s] INFO:colcon.colcon_core.shell:Creating environment hook '/home/orin_nano/microros_ws/install/micro_ros_msgs/share/micro_ros_msgs/hook/pythonpath.sh'
[9.186s] Level 1:colcon.colcon_core.environment:checking '/home/orin_nano/microros_ws/install/micro_ros_msgs/bin'
[9.257s] INFO:colcon.colcon_core.shell:Creating package script '/home/orin_nano/microros_ws/install/micro_ros_msgs/share/micro_ros_msgs/package.ps1'
[9.259s] INFO:colcon.colcon_core.shell:Creating package descriptor '/home/orin_nano/microros_ws/install/micro_ros_msgs/share/micro_ros_msgs/package.dsv'
[9.260s] INFO:colcon.colcon_core.shell:Creating package script '/home/orin_nano/microros_ws/install/micro_ros_msgs/share/micro_ros_msgs/package.sh'
[9.261s] INFO:colcon.colcon_core.shell:Creating package script '/home/orin_nano/microros_ws/install/micro_ros_msgs/share/micro_ros_msgs/package.bash'
[9.261s] INFO:colcon.colcon_core.shell:Creating package script '/home/orin_nano/microros_ws/install/micro_ros_msgs/share/micro_ros_msgs/package.zsh'
[9.262s] Level 1:colcon.colcon_core.environment:create_file_with_runtime_dependencies(/home/orin_nano/microros_ws/install/micro_ros_msgs/share/colcon-core/packages/micro_ros_msgs)
[9.473s] Level 1:colcon.colcon_core.environment:create_environment_scripts_only(micro_ros_msgs)
[9.544s] Level 1:colcon.colcon_core.environment:checking '/home/orin_nano/microros_ws/install/micro_ros_msgs' for CMake module files
[9.545s] Level 1:colcon.colcon_core.environment:checking '/home/orin_nano/microros_ws/install/micro_ros_msgs' for CMake config files
[9.546s] Level 1:colcon.colcon_core.shell:create_environment_hook('micro_ros_msgs', 'cmake_prefix_path')
[9.619s] INFO:colcon.colcon_core.shell:Creating environment hook '/home/orin_nano/microros_ws/install/micro_ros_msgs/share/micro_ros_msgs/hook/cmake_prefix_path.ps1'
[9.621s] INFO:colcon.colcon_core.shell:Creating environment descriptor '/home/orin_nano/microros_ws/install/micro_ros_msgs/share/micro_ros_msgs/hook/cmake_prefix_path.dsv'
[9.621s] INFO:colcon.colcon_core.shell:Creating environment hook '/home/orin_nano/microros_ws/install/micro_ros_msgs/share/micro_ros_msgs/hook/cmake_prefix_path.sh'
[9.623s] Level 1:colcon.colcon_core.environment:checking '/home/orin_nano/microros_ws/install/micro_ros_msgs/lib'
[9.623s] Level 1:colcon.colcon_core.shell:create_environment_hook('micro_ros_msgs', 'ld_library_path_lib')
[9.693s] INFO:colcon.colcon_core.shell:Creating environment hook '/home/orin_nano/microros_ws/install/micro_ros_msgs/share/micro_ros_msgs/hook/ld_library_path_lib.ps1'
[9.695s] INFO:colcon.colcon_core.shell:Creating environment descriptor '/home/orin_nano/microros_ws/install/micro_ros_msgs/share/micro_ros_msgs/hook/ld_library_path_lib.dsv'
[9.696s] INFO:colcon.colcon_core.shell:Creating environment hook '/home/orin_nano/microros_ws/install/micro_ros_msgs/share/micro_ros_msgs/hook/ld_library_path_lib.sh'
[9.696s] Level 1:colcon.colcon_core.environment:checking '/home/orin_nano/microros_ws/install/micro_ros_msgs/bin'
[9.697s] Level 1:colcon.colcon_core.environment:checking '/home/orin_nano/microros_ws/install/micro_ros_msgs/lib/pkgconfig/micro_ros_msgs.pc'
[9.697s] Level 1:colcon.colcon_core.environment:checking '/home/orin_nano/microros_ws/install/micro_ros_msgs/lib/python3.8/site-packages'
[9.697s] Level 1:colcon.colcon_core.shell:create_environment_hook('micro_ros_msgs', 'pythonpath')
[9.769s] INFO:colcon.colcon_core.shell:Creating environment hook '/home/orin_nano/microros_ws/install/micro_ros_msgs/share/micro_ros_msgs/hook/pythonpath.ps1'
[9.770s] INFO:colcon.colcon_core.shell:Creating environment descriptor '/home/orin_nano/microros_ws/install/micro_ros_msgs/share/micro_ros_msgs/hook/pythonpath.dsv'
[9.771s] INFO:colcon.colcon_core.shell:Creating environment hook '/home/orin_nano/microros_ws/install/micro_ros_msgs/share/micro_ros_msgs/hook/pythonpath.sh'
[9.772s] Level 1:colcon.colcon_core.environment:checking '/home/orin_nano/microros_ws/install/micro_ros_msgs/bin'
[9.844s] INFO:colcon.colcon_core.shell:Creating package script '/home/orin_nano/microros_ws/install/micro_ros_msgs/share/micro_ros_msgs/package.ps1'
[9.846s] INFO:colcon.colcon_core.shell:Creating package descriptor '/home/orin_nano/microros_ws/install/micro_ros_msgs/share/micro_ros_msgs/package.dsv'
[9.847s] INFO:colcon.colcon_core.shell:Creating package script '/home/orin_nano/microros_ws/install/micro_ros_msgs/share/micro_ros_msgs/package.sh'
[9.848s] INFO:colcon.colcon_core.shell:Creating package script '/home/orin_nano/microros_ws/install/micro_ros_msgs/share/micro_ros_msgs/package.bash'
[9.849s] INFO:colcon.colcon_core.shell:Creating package script '/home/orin_nano/microros_ws/install/micro_ros_msgs/share/micro_ros_msgs/package.zsh'
[9.849s] Level 1:colcon.colcon_core.environment:create_file_with_runtime_dependencies(/home/orin_nano/microros_ws/install/micro_ros_msgs/share/colcon-core/packages/micro_ros_msgs)
[9.851s] INFO:colcon.colcon_ros.task.ament_cmake.build:Building ROS package in '/home/orin_nano/microros_ws/src/uros/micro-ROS-Agent/micro_ros_agent' with build type 'ament_cmake'
[9.852s] INFO:colcon.colcon_cmake.task.cmake.build:Building CMake package in '/home/orin_nano/microros_ws/src/uros/micro-ROS-Agent/micro_ros_agent'
[9.925s] INFO:colcon.colcon_core.shell:Skip shell extension 'powershell' for command environment: Not usable outside of PowerShell
[9.925s] DEBUG:colcon.colcon_core.shell:Skip shell extension 'dsv' for command environment
[10.080s] DEBUG:colcon.colcon_core.event_handler.log_command:Invoked command in '/home/orin_nano/microros_ws/build/drive_base_msgs' returned '0': CMAKE_PREFIX_PATH=/opt/ros/foxy /usr/bin/cmake /home/orin_nano/microros_ws/src/uros/drive_base/drive_base_msgs -DCMAKE_INSTALL_PREFIX=/home/orin_nano/microros_ws/install/drive_base_msgs
[10.086s] DEBUG:colcon.colcon_core.event_handler.log_command:Invoking command in '/home/orin_nano/microros_ws/build/drive_base_msgs': CMAKE_PREFIX_PATH=/opt/ros/foxy /usr/bin/cmake --build /home/orin_nano/microros_ws/build/drive_base_msgs -- -j6 -l6
[10.098s] DEBUG:colcon.colcon_core.event_handler.log_command:Invoking command in '/home/orin_nano/microros_ws/build/micro_ros_agent': AMENT_PREFIX_PATH=/home/orin_nano/microros_ws/install/micro_ros_msgs:${AMENT_PREFIX_PATH} CMAKE_PREFIX_PATH=/home/orin_nano/microros_ws/install/micro_ros_msgs:/opt/ros/foxy LD_LIBRARY_PATH=/home/orin_nano/microros_ws/install/micro_ros_msgs/lib:/opt/ros/foxy/opt/yaml_cpp_vendor/lib:/opt/ros/foxy/opt/rviz_ogre_vendor/lib:/opt/ros/foxy/lib/aarch64-linux-gnu:/opt/ros/foxy/lib:/usr/local/cuda-11.4/lib64 PYTHONPATH=/home/orin_nano/microros_ws/install/micro_ros_msgs/lib/python3.8/site-packages:${PYTHONPATH} /usr/bin/cmake /home/orin_nano/microros_ws/src/uros/micro-ROS-Agent/micro_ros_agent -DCMAKE_INSTALL_PREFIX=/home/orin_nano/microros_ws/install/micro_ros_agent
[11.224s] DEBUG:colcon.colcon_core.event_handler.log_command:Invoked command in '/home/orin_nano/microros_ws/build/micro_ros_agent' returned '0': AMENT_PREFIX_PATH=/home/orin_nano/microros_ws/install/micro_ros_msgs:${AMENT_PREFIX_PATH} CMAKE_PREFIX_PATH=/home/orin_nano/microros_ws/install/micro_ros_msgs:/opt/ros/foxy LD_LIBRARY_PATH=/home/orin_nano/microros_ws/install/micro_ros_msgs/lib:/opt/ros/foxy/opt/yaml_cpp_vendor/lib:/opt/ros/foxy/opt/rviz_ogre_vendor/lib:/opt/ros/foxy/lib/aarch64-linux-gnu:/opt/ros/foxy/lib:/usr/local/cuda-11.4/lib64 PYTHONPATH=/home/orin_nano/microros_ws/install/micro_ros_msgs/lib/python3.8/site-packages:${PYTHONPATH} /usr/bin/cmake /home/orin_nano/microros_ws/src/uros/micro-ROS-Agent/micro_ros_agent -DCMAKE_INSTALL_PREFIX=/home/orin_nano/microros_ws/install/micro_ros_agent
[11.230s] DEBUG:colcon.colcon_core.event_handler.log_command:Invoking command in '/home/orin_nano/microros_ws/build/micro_ros_agent': AMENT_PREFIX_PATH=/home/orin_nano/microros_ws/install/micro_ros_msgs:${AMENT_PREFIX_PATH} CMAKE_PREFIX_PATH=/home/orin_nano/microros_ws/install/micro_ros_msgs:/opt/ros/foxy LD_LIBRARY_PATH=/home/orin_nano/microros_ws/install/micro_ros_msgs/lib:/opt/ros/foxy/opt/yaml_cpp_vendor/lib:/opt/ros/foxy/opt/rviz_ogre_vendor/lib:/opt/ros/foxy/lib/aarch64-linux-gnu:/opt/ros/foxy/lib:/usr/local/cuda-11.4/lib64 PYTHONPATH=/home/orin_nano/microros_ws/install/micro_ros_msgs/lib/python3.8/site-packages:${PYTHONPATH} /usr/bin/cmake --build /home/orin_nano/microros_ws/build/micro_ros_agent -- -j6 -l6
[11.411s] DEBUG:colcon.colcon_core.event_handler.log_command:Invoked command in '/home/orin_nano/microros_ws/build/micro_ros_agent' returned '0': AMENT_PREFIX_PATH=/home/orin_nano/microros_ws/install/micro_ros_msgs:${AMENT_PREFIX_PATH} CMAKE_PREFIX_PATH=/home/orin_nano/microros_ws/install/micro_ros_msgs:/opt/ros/foxy LD_LIBRARY_PATH=/home/orin_nano/microros_ws/install/micro_ros_msgs/lib:/opt/ros/foxy/opt/yaml_cpp_vendor/lib:/opt/ros/foxy/opt/rviz_ogre_vendor/lib:/opt/ros/foxy/lib/aarch64-linux-gnu:/opt/ros/foxy/lib:/usr/local/cuda-11.4/lib64 PYTHONPATH=/home/orin_nano/microros_ws/install/micro_ros_msgs/lib/python3.8/site-packages:${PYTHONPATH} /usr/bin/cmake --build /home/orin_nano/microros_ws/build/micro_ros_agent -- -j6 -l6
[11.480s] DEBUG:colcon.colcon_core.event_handler.log_command:Invoking command in '/home/orin_nano/microros_ws/build/micro_ros_agent': AMENT_PREFIX_PATH=/home/orin_nano/microros_ws/install/micro_ros_msgs:${AMENT_PREFIX_PATH} CMAKE_PREFIX_PATH=/home/orin_nano/microros_ws/install/micro_ros_msgs:/opt/ros/foxy LD_LIBRARY_PATH=/home/orin_nano/microros_ws/install/micro_ros_msgs/lib:/opt/ros/foxy/opt/yaml_cpp_vendor/lib:/opt/ros/foxy/opt/rviz_ogre_vendor/lib:/opt/ros/foxy/lib/aarch64-linux-gnu:/opt/ros/foxy/lib:/usr/local/cuda-11.4/lib64 PYTHONPATH=/home/orin_nano/microros_ws/install/micro_ros_msgs/lib/python3.8/site-packages:${PYTHONPATH} /usr/bin/cmake --install /home/orin_nano/microros_ws/build/micro_ros_agent
[11.525s] Level 1:colcon.colcon_core.environment:create_environment_scripts_only(micro_ros_agent)
[11.531s] DEBUG:colcon.colcon_core.event_handler.log_command:Invoked command in '/home/orin_nano/microros_ws/build/micro_ros_agent' returned '0': AMENT_PREFIX_PATH=/home/orin_nano/microros_ws/install/micro_ros_msgs:${AMENT_PREFIX_PATH} CMAKE_PREFIX_PATH=/home/orin_nano/microros_ws/install/micro_ros_msgs:/opt/ros/foxy LD_LIBRARY_PATH=/home/orin_nano/microros_ws/install/micro_ros_msgs/lib:/opt/ros/foxy/opt/yaml_cpp_vendor/lib:/opt/ros/foxy/opt/rviz_ogre_vendor/lib:/opt/ros/foxy/lib/aarch64-linux-gnu:/opt/ros/foxy/lib:/usr/local/cuda-11.4/lib64 PYTHONPATH=/home/orin_nano/microros_ws/install/micro_ros_msgs/lib/python3.8/site-packages:${PYTHONPATH} /usr/bin/cmake --install /home/orin_nano/microros_ws/build/micro_ros_agent
[11.631s] Level 1:colcon.colcon_core.environment:checking '/home/orin_nano/microros_ws/install/micro_ros_agent' for CMake module files
[11.633s] Level 1:colcon.colcon_core.environment:checking '/home/orin_nano/microros_ws/install/micro_ros_agent' for CMake config files
[11.633s] Level 1:colcon.colcon_core.shell:create_environment_hook('micro_ros_agent', 'cmake_prefix_path')
[11.751s] INFO:colcon.colcon_core.shell:Creating environment hook '/home/orin_nano/microros_ws/install/micro_ros_agent/share/micro_ros_agent/hook/cmake_prefix_path.ps1'
[11.752s] INFO:colcon.colcon_core.shell:Creating environment descriptor '/home/orin_nano/microros_ws/install/micro_ros_agent/share/micro_ros_agent/hook/cmake_prefix_path.dsv'
[11.753s] INFO:colcon.colcon_core.shell:Creating environment hook '/home/orin_nano/microros_ws/install/micro_ros_agent/share/micro_ros_agent/hook/cmake_prefix_path.sh'
[11.755s] Level 1:colcon.colcon_core.environment:checking '/home/orin_nano/microros_ws/install/micro_ros_agent/lib'
[11.755s] Level 1:colcon.colcon_core.shell:create_environment_hook('micro_ros_agent', 'ld_library_path_lib')
[11.865s] INFO:colcon.colcon_core.shell:Creating environment hook '/home/orin_nano/microros_ws/install/micro_ros_agent/share/micro_ros_agent/hook/ld_library_path_lib.ps1'
[11.867s] INFO:colcon.colcon_core.shell:Creating environment descriptor '/home/orin_nano/microros_ws/install/micro_ros_agent/share/micro_ros_agent/hook/ld_library_path_lib.dsv'
[11.867s] INFO:colcon.colcon_core.shell:Creating environment hook '/home/orin_nano/microros_ws/install/micro_ros_agent/share/micro_ros_agent/hook/ld_library_path_lib.sh'
[11.868s] Level 1:colcon.colcon_core.environment:checking '/home/orin_nano/microros_ws/install/micro_ros_agent/bin'
[11.868s] Level 1:colcon.colcon_core.environment:checking '/home/orin_nano/microros_ws/install/micro_ros_agent/lib/pkgconfig/micro_ros_agent.pc'
[11.869s] Level 1:colcon.colcon_core.environment:checking '/home/orin_nano/microros_ws/install/micro_ros_agent/lib/python3.8/site-packages'
[11.869s] Level 1:colcon.colcon_core.environment:checking '/home/orin_nano/microros_ws/install/micro_ros_agent/bin'
[11.949s] INFO:colcon.colcon_core.shell:Creating package script '/home/orin_nano/microros_ws/install/micro_ros_agent/share/micro_ros_agent/package.ps1'
[11.951s] INFO:colcon.colcon_core.shell:Creating package descriptor '/home/orin_nano/microros_ws/install/micro_ros_agent/share/micro_ros_agent/package.dsv'
[11.952s] INFO:colcon.colcon_core.shell:Creating package script '/home/orin_nano/microros_ws/install/micro_ros_agent/share/micro_ros_agent/package.sh'
[11.954s] INFO:colcon.colcon_core.shell:Creating package script '/home/orin_nano/microros_ws/install/micro_ros_agent/share/micro_ros_agent/package.bash'
[11.954s] INFO:colcon.colcon_core.shell:Creating package script '/home/orin_nano/microros_ws/install/micro_ros_agent/share/micro_ros_agent/package.zsh'
[11.955s] Level 1:colcon.colcon_core.environment:create_file_with_runtime_dependencies(/home/orin_nano/microros_ws/install/micro_ros_agent/share/colcon-core/packages/micro_ros_agent)
[12.113s] Level 1:colcon.colcon_core.environment:create_environment_scripts_only(micro_ros_agent)
[12.188s] Level 1:colcon.colcon_core.environment:checking '/home/orin_nano/microros_ws/install/micro_ros_agent' for CMake module files
[12.190s] Level 1:colcon.colcon_core.environment:checking '/home/orin_nano/microros_ws/install/micro_ros_agent' for CMake config files
[12.190s] Level 1:colcon.colcon_core.shell:create_environment_hook('micro_ros_agent', 'cmake_prefix_path')
[12.264s] INFO:colcon.colcon_core.shell:Creating environment hook '/home/orin_nano/microros_ws/install/micro_ros_agent/share/micro_ros_agent/hook/cmake_prefix_path.ps1'
[12.266s] INFO:colcon.colcon_core.shell:Creating environment descriptor '/home/orin_nano/microros_ws/install/micro_ros_agent/share/micro_ros_agent/hook/cmake_prefix_path.dsv'
[12.266s] INFO:colcon.colcon_core.shell:Creating environment hook '/home/orin_nano/microros_ws/install/micro_ros_agent/share/micro_ros_agent/hook/cmake_prefix_path.sh'
[12.268s] Level 1:colcon.colcon_core.environment:checking '/home/orin_nano/microros_ws/install/micro_ros_agent/lib'
[12.268s] Level 1:colcon.colcon_core.shell:create_environment_hook('micro_ros_agent', 'ld_library_path_lib')
[12.343s] INFO:colcon.colcon_core.shell:Creating environment hook '/home/orin_nano/microros_ws/install/micro_ros_agent/share/micro_ros_agent/hook/ld_library_path_lib.ps1'
[12.345s] INFO:colcon.colcon_core.shell:Creating environment descriptor '/home/orin_nano/microros_ws/install/micro_ros_agent/share/micro_ros_agent/hook/ld_library_path_lib.dsv'
[12.346s] INFO:colcon.colcon_core.shell:Creating environment hook '/home/orin_nano/microros_ws/install/micro_ros_agent/share/micro_ros_agent/hook/ld_library_path_lib.sh'
[12.346s] Level 1:colcon.colcon_core.environment:checking '/home/orin_nano/microros_ws/install/micro_ros_agent/bin'
[12.347s] Level 1:colcon.colcon_core.environment:checking '/home/orin_nano/microros_ws/install/micro_ros_agent/lib/pkgconfig/micro_ros_agent.pc'
[12.347s] Level 1:colcon.colcon_core.environment:checking '/home/orin_nano/microros_ws/install/micro_ros_agent/lib/python3.8/site-packages'
[12.348s] Level 1:colcon.colcon_core.environment:checking '/home/orin_nano/microros_ws/install/micro_ros_agent/bin'
[12.424s] INFO:colcon.colcon_core.shell:Creating package script '/home/orin_nano/microros_ws/install/micro_ros_agent/share/micro_ros_agent/package.ps1'
[12.425s] INFO:colcon.colcon_core.shell:Creating package descriptor '/home/orin_nano/microros_ws/install/micro_ros_agent/share/micro_ros_agent/package.dsv'
[12.427s] INFO:colcon.colcon_core.shell:Creating package script '/home/orin_nano/microros_ws/install/micro_ros_agent/share/micro_ros_agent/package.sh'
[12.428s] INFO:colcon.colcon_core.shell:Creating package script '/home/orin_nano/microros_ws/install/micro_ros_agent/share/micro_ros_agent/package.bash'
[12.429s] INFO:colcon.colcon_core.shell:Creating package script '/home/orin_nano/microros_ws/install/micro_ros_agent/share/micro_ros_agent/package.zsh'
[12.429s] Level 1:colcon.colcon_core.environment:create_file_with_runtime_dependencies(/home/orin_nano/microros_ws/install/micro_ros_agent/share/colcon-core/packages/micro_ros_agent)
[20.444s] DEBUG:colcon.colcon_core.event_handler.log_command:Invoked command in '/home/orin_nano/microros_ws/build/drive_base_msgs' returned '0': CMAKE_PREFIX_PATH=/opt/ros/foxy /usr/bin/cmake --build /home/orin_nano/microros_ws/build/drive_base_msgs -- -j6 -l6
[20.632s] DEBUG:colcon.colcon_core.event_handler.log_command:Invoking command in '/home/orin_nano/microros_ws/build/drive_base_msgs': CMAKE_PREFIX_PATH=/opt/ros/foxy /usr/bin/cmake --install /home/orin_nano/microros_ws/build/drive_base_msgs
[20.769s] Level 1:colcon.colcon_core.environment:create_environment_scripts_only(drive_base_msgs)
[20.771s] DEBUG:colcon.colcon_core.event_handler.log_command:Invoked command in '/home/orin_nano/microros_ws/build/drive_base_msgs' returned '0': CMAKE_PREFIX_PATH=/opt/ros/foxy /usr/bin/cmake --install /home/orin_nano/microros_ws/build/drive_base_msgs
[20.862s] Level 1:colcon.colcon_core.environment:checking '/home/orin_nano/microros_ws/install/drive_base_msgs' for CMake module files
[20.863s] Level 1:colcon.colcon_core.environment:checking '/home/orin_nano/microros_ws/install/drive_base_msgs' for CMake config files
[20.865s] Level 1:colcon.colcon_core.shell:create_environment_hook('drive_base_msgs', 'cmake_prefix_path')
[20.934s] INFO:colcon.colcon_core.shell:Creating environment hook '/home/orin_nano/microros_ws/install/drive_base_msgs/share/drive_base_msgs/hook/cmake_prefix_path.ps1'
[20.935s] INFO:colcon.colcon_core.shell:Creating environment descriptor '/home/orin_nano/microros_ws/install/drive_base_msgs/share/drive_base_msgs/hook/cmake_prefix_path.dsv'
[20.936s] INFO:colcon.colcon_core.shell:Creating environment hook '/home/orin_nano/microros_ws/install/drive_base_msgs/share/drive_base_msgs/hook/cmake_prefix_path.sh'
[20.937s] Level 1:colcon.colcon_core.environment:checking '/home/orin_nano/microros_ws/install/drive_base_msgs/lib'
[20.937s] Level 1:colcon.colcon_core.shell:create_environment_hook('drive_base_msgs', 'ld_library_path_lib')
[21.008s] INFO:colcon.colcon_core.shell:Creating environment hook '/home/orin_nano/microros_ws/install/drive_base_msgs/share/drive_base_msgs/hook/ld_library_path_lib.ps1'
[21.009s] INFO:colcon.colcon_core.shell:Creating environment descriptor '/home/orin_nano/microros_ws/install/drive_base_msgs/share/drive_base_msgs/hook/ld_library_path_lib.dsv'
[21.010s] INFO:colcon.colcon_core.shell:Creating environment hook '/home/orin_nano/microros_ws/install/drive_base_msgs/share/drive_base_msgs/hook/ld_library_path_lib.sh'
[21.010s] Level 1:colcon.colcon_core.environment:checking '/home/orin_nano/microros_ws/install/drive_base_msgs/bin'
[21.011s] Level 1:colcon.colcon_core.environment:checking '/home/orin_nano/microros_ws/install/drive_base_msgs/lib/pkgconfig/drive_base_msgs.pc'
[21.011s] Level 1:colcon.colcon_core.environment:checking '/home/orin_nano/microros_ws/install/drive_base_msgs/lib/python3.8/site-packages'
[21.011s] Level 1:colcon.colcon_core.shell:create_environment_hook('drive_base_msgs', 'pythonpath')
[21.083s] INFO:colcon.colcon_core.shell:Creating environment hook '/home/orin_nano/microros_ws/install/drive_base_msgs/share/drive_base_msgs/hook/pythonpath.ps1'
[21.084s] INFO:colcon.colcon_core.shell:Creating environment descriptor '/home/orin_nano/microros_ws/install/drive_base_msgs/share/drive_base_msgs/hook/pythonpath.dsv'
[21.084s] INFO:colcon.colcon_core.shell:Creating environment hook '/home/orin_nano/microros_ws/install/drive_base_msgs/share/drive_base_msgs/hook/pythonpath.sh'
[21.085s] Level 1:colcon.colcon_core.environment:checking '/home/orin_nano/microros_ws/install/drive_base_msgs/bin'
[21.156s] INFO:colcon.colcon_core.shell:Creating package script '/home/orin_nano/microros_ws/install/drive_base_msgs/share/drive_base_msgs/package.ps1'
[21.157s] INFO:colcon.colcon_core.shell:Creating package descriptor '/home/orin_nano/microros_ws/install/drive_base_msgs/share/drive_base_msgs/package.dsv'
[21.158s] INFO:colcon.colcon_core.shell:Creating package script '/home/orin_nano/microros_ws/install/drive_base_msgs/share/drive_base_msgs/package.sh'
[21.159s] INFO:colcon.colcon_core.shell:Creating package script '/home/orin_nano/microros_ws/install/drive_base_msgs/share/drive_base_msgs/package.bash'
[21.160s] INFO:colcon.colcon_core.shell:Creating package script '/home/orin_nano/microros_ws/install/drive_base_msgs/share/drive_base_msgs/package.zsh'
[21.160s] Level 1:colcon.colcon_core.environment:create_file_with_runtime_dependencies(/home/orin_nano/microros_ws/install/drive_base_msgs/share/colcon-core/packages/drive_base_msgs)
[21.411s] Level 1:colcon.colcon_core.environment:create_environment_scripts_only(drive_base_msgs)
[21.484s] Level 1:colcon.colcon_core.environment:checking '/home/orin_nano/microros_ws/install/drive_base_msgs' for CMake module files
[21.485s] Level 1:colcon.colcon_core.environment:checking '/home/orin_nano/microros_ws/install/drive_base_msgs' for CMake config files
[21.486s] Level 1:colcon.colcon_core.shell:create_environment_hook('drive_base_msgs', 'cmake_prefix_path')
[21.556s] INFO:colcon.colcon_core.shell:Creating environment hook '/home/orin_nano/microros_ws/install/drive_base_msgs/share/drive_base_msgs/hook/cmake_prefix_path.ps1'
[21.557s] INFO:colcon.colcon_core.shell:Creating environment descriptor '/home/orin_nano/microros_ws/install/drive_base_msgs/share/drive_base_msgs/hook/cmake_prefix_path.dsv'
[21.558s] INFO:colcon.colcon_core.shell:Creating environment hook '/home/orin_nano/microros_ws/install/drive_base_msgs/share/drive_base_msgs/hook/cmake_prefix_path.sh'
[21.559s] Level 1:colcon.colcon_core.environment:checking '/home/orin_nano/microros_ws/install/drive_base_msgs/lib'
[21.559s] Level 1:colcon.colcon_core.shell:create_environment_hook('drive_base_msgs', 'ld_library_path_lib')
[21.629s] INFO:colcon.colcon_core.shell:Creating environment hook '/home/orin_nano/microros_ws/install/drive_base_msgs/share/drive_base_msgs/hook/ld_library_path_lib.ps1'
[21.630s] INFO:colcon.colcon_core.shell:Creating environment descriptor '/home/orin_nano/microros_ws/install/drive_base_msgs/share/drive_base_msgs/hook/ld_library_path_lib.dsv'
[21.631s] INFO:colcon.colcon_core.shell:Creating environment hook '/home/orin_nano/microros_ws/install/drive_base_msgs/share/drive_base_msgs/hook/ld_library_path_lib.sh'
[21.632s] Level 1:colcon.colcon_core.environment:checking '/home/orin_nano/microros_ws/install/drive_base_msgs/bin'
[21.632s] Level 1:colcon.colcon_core.environment:checking '/home/orin_nano/microros_ws/install/drive_base_msgs/lib/pkgconfig/drive_base_msgs.pc'
[21.632s] Level 1:colcon.colcon_core.environment:checking '/home/orin_nano/microros_ws/install/drive_base_msgs/lib/python3.8/site-packages'
[21.632s] Level 1:colcon.colcon_core.shell:create_environment_hook('drive_base_msgs', 'pythonpath')
[21.702s] INFO:colcon.colcon_core.shell:Creating environment hook '/home/orin_nano/microros_ws/install/drive_base_msgs/share/drive_base_msgs/hook/pythonpath.ps1'
[21.703s] INFO:colcon.colcon_core.shell:Creating environment descriptor '/home/orin_nano/microros_ws/install/drive_base_msgs/share/drive_base_msgs/hook/pythonpath.dsv'
[21.704s] INFO:colcon.colcon_core.shell:Creating environment hook '/home/orin_nano/microros_ws/install/drive_base_msgs/share/drive_base_msgs/hook/pythonpath.sh'
[21.705s] Level 1:colcon.colcon_core.environment:checking '/home/orin_nano/microros_ws/install/drive_base_msgs/bin'
[21.776s] INFO:colcon.colcon_core.shell:Creating package script '/home/orin_nano/microros_ws/install/drive_base_msgs/share/drive_base_msgs/package.ps1'
[21.777s] INFO:colcon.colcon_core.shell:Creating package descriptor '/home/orin_nano/microros_ws/install/drive_base_msgs/share/drive_base_msgs/package.dsv'
[21.779s] INFO:colcon.colcon_core.shell:Creating package script '/home/orin_nano/microros_ws/install/drive_base_msgs/share/drive_base_msgs/package.sh'
[21.779s] INFO:colcon.colcon_core.shell:Creating package script '/home/orin_nano/microros_ws/install/drive_base_msgs/share/drive_base_msgs/package.bash'
[21.780s] INFO:colcon.colcon_core.shell:Creating package script '/home/orin_nano/microros_ws/install/drive_base_msgs/share/drive_base_msgs/package.zsh'
[21.781s] Level 1:colcon.colcon_core.environment:create_file_with_runtime_dependencies(/home/orin_nano/microros_ws/install/drive_base_msgs/share/colcon-core/packages/drive_base_msgs)
[21.782s] DEBUG:colcon.colcon_parallel_executor.executor.parallel:closing loop
[21.782s] DEBUG:colcon.colcon_parallel_executor.executor.parallel:loop closed
[21.782s] DEBUG:colcon.colcon_parallel_executor.executor.parallel:run_until_complete finished with '0'
[21.783s] DEBUG:colcon.colcon_core.event_reactor:joining thread
[21.864s] INFO:colcon.colcon_core.plugin_system:Skipping extension 'colcon_notification.desktop_notification.terminal_notifier': Not used on non-Darwin systems
[21.865s] INFO:colcon.colcon_core.plugin_system:Skipping extension 'colcon_notification.desktop_notification.win32': Not used on non-Windows systems
[21.865s] INFO:colcon.colcon_notification.desktop_notification:Sending desktop notification using 'notify2'
[21.912s] DEBUG:colcon.colcon_core.event_reactor:joined thread
[21.984s] INFO:colcon.colcon_core.shell:Creating prefix script '/home/orin_nano/microros_ws/install/local_setup.ps1'
[21.987s] INFO:colcon.colcon_core.shell:Creating prefix util module '/home/orin_nano/microros_ws/install/_local_setup_util_ps1.py'
[21.989s] INFO:colcon.colcon_core.shell:Creating prefix chain script '/home/orin_nano/microros_ws/install/setup.ps1'
[22.062s] INFO:colcon.colcon_core.shell:Creating prefix script '/home/orin_nano/microros_ws/install/local_setup.sh'
[22.063s] INFO:colcon.colcon_core.shell:Creating prefix util module '/home/orin_nano/microros_ws/install/_local_setup_util_sh.py'
[22.064s] INFO:colcon.colcon_core.shell:Creating prefix chain script '/home/orin_nano/microros_ws/install/setup.sh'
[22.136s] INFO:colcon.colcon_core.shell:Creating prefix script '/home/orin_nano/microros_ws/install/local_setup.bash'
[22.137s] INFO:colcon.colcon_core.shell:Creating prefix chain script '/home/orin_nano/microros_ws/install/setup.bash'
[22.209s] INFO:colcon.colcon_core.shell:Creating prefix script '/home/orin_nano/microros_ws/install/local_setup.zsh'
[22.210s] INFO:colcon.colcon_core.shell:Creating prefix chain script '/home/orin_nano/microros_ws/install/setup.zsh'
