[1.009s] Invoking command in '/home/orin_nano/f1tenth_ws/build/combine_pkg': CMAKE_PREFIX_PATH=${CMAKE_PREFIX_PATH}:/home/orin_nano/f1tenth_ws/install/f1_test:/opt/ros/foxy /usr/bin/cmake /home/orin_nano/f1tenth_ws/src/combine_pkg -DCMAKE_INSTALL_PREFIX=/home/orin_nano/f1tenth_ws/install/combine_pkg
[1.795s] -- The C compiler identification is GNU 9.4.0
[1.797s] -- The CXX compiler identification is GNU 9.4.0
[1.797s] -- Check for working C compiler: /usr/bin/cc
[1.801s] -- Check for working C compiler: /usr/bin/cc -- works
[1.802s] -- Detecting C compiler ABI info
[1.803s] -- Detecting C compiler ABI info - done
[1.804s] -- Detecting C compile features
[1.805s] -- Detecting C compile features - done
[1.805s] -- Check for working CXX compiler: /usr/bin/c++
[1.821s] -- Check for working CXX compiler: /usr/bin/c++ -- works
[1.821s] -- Detecting CXX compiler ABI info
[1.968s] -- Detecting CXX compiler ABI info - done
[1.987s] -- Detecting CXX compile features
[1.988s] -- Detecting CXX compile features - done
[1.992s] -- Found ament_cmake: 0.9.12 (/opt/ros/foxy/share/ament_cmake/cmake)
[2.043s] -- Found PythonInterp: /usr/bin/python3 (found suitable version "3.8.10", minimum required is "3") 
[2.043s] -- Using PYTHON_EXECUTABLE: /usr/bin/python3
[2.474s] -- Found ament_lint_auto: 0.9.8 (/opt/ros/foxy/share/ament_lint_auto/cmake)
[2.647s] -- Added test 'copyright' to check source files copyright and LICENSE
[2.653s] -- Added test 'flake8' to check Python code syntax and style conventions
[2.654s] -- Added test 'lint_cmake' to check CMake code style
[2.655s] -- Added test 'pep257' to check Python code against some of the style conventions in PEP 257
[2.657s] -- Added test 'xmllint' to check XML markup files
[2.662s] -- Configuring done
[2.666s] -- Generating done
[2.668s] -- Build files have been written to: /home/orin_nano/f1tenth_ws/build/combine_pkg
[2.677s] Invoked command in '/home/orin_nano/f1tenth_ws/build/combine_pkg' returned '0': CMAKE_PREFIX_PATH=${CMAKE_PREFIX_PATH}:/home/orin_nano/f1tenth_ws/install/f1_test:/opt/ros/foxy /usr/bin/cmake /home/orin_nano/f1tenth_ws/src/combine_pkg -DCMAKE_INSTALL_PREFIX=/home/orin_nano/f1tenth_ws/install/combine_pkg
[2.686s] Invoking command in '/home/orin_nano/f1tenth_ws/build/combine_pkg': CMAKE_PREFIX_PATH=${CMAKE_PREFIX_PATH}:/home/orin_nano/f1tenth_ws/install/f1_test:/opt/ros/foxy /usr/bin/cmake --build /home/orin_nano/f1tenth_ws/build/combine_pkg -- -j6 -l6
[2.779s] Invoked command in '/home/orin_nano/f1tenth_ws/build/combine_pkg' returned '0': CMAKE_PREFIX_PATH=${CMAKE_PREFIX_PATH}:/home/orin_nano/f1tenth_ws/install/f1_test:/opt/ros/foxy /usr/bin/cmake --build /home/orin_nano/f1tenth_ws/build/combine_pkg -- -j6 -l6
[2.861s] Invoking command in '/home/orin_nano/f1tenth_ws/build/combine_pkg': CMAKE_PREFIX_PATH=${CMAKE_PREFIX_PATH}:/home/orin_nano/f1tenth_ws/install/f1_test:/opt/ros/foxy /usr/bin/cmake --install /home/orin_nano/f1tenth_ws/build/combine_pkg
[2.882s] -- Install configuration: ""
[2.882s] -- Installing: /home/orin_nano/f1tenth_ws/install/combine_pkg/share/ament_index/resource_index/package_run_dependencies/combine_pkg
[2.883s] -- Installing: /home/orin_nano/f1tenth_ws/install/combine_pkg/share/ament_index/resource_index/parent_prefix_path/combine_pkg
[2.883s] -- Installing: /home/orin_nano/f1tenth_ws/install/combine_pkg/share/combine_pkg/environment/ament_prefix_path.sh
[2.883s] -- Installing: /home/orin_nano/f1tenth_ws/install/combine_pkg/share/combine_pkg/environment/ament_prefix_path.dsv
[2.884s] -- Installing: /home/orin_nano/f1tenth_ws/install/combine_pkg/share/combine_pkg/environment/path.sh
[2.884s] -- Installing: /home/orin_nano/f1tenth_ws/install/combine_pkg/share/combine_pkg/environment/path.dsv
[2.884s] -- Installing: /home/orin_nano/f1tenth_ws/install/combine_pkg/share/combine_pkg/local_setup.bash
[2.884s] -- Installing: /home/orin_nano/f1tenth_ws/install/combine_pkg/share/combine_pkg/local_setup.sh
[2.885s] -- Installing: /home/orin_nano/f1tenth_ws/install/combine_pkg/share/combine_pkg/local_setup.zsh
[2.885s] -- Installing: /home/orin_nano/f1tenth_ws/install/combine_pkg/share/combine_pkg/local_setup.dsv
[2.885s] -- Installing: /home/orin_nano/f1tenth_ws/install/combine_pkg/share/combine_pkg/package.dsv
[2.886s] -- Installing: /home/orin_nano/f1tenth_ws/install/combine_pkg/share/ament_index/resource_index/packages/combine_pkg
[2.886s] -- Installing: /home/orin_nano/f1tenth_ws/install/combine_pkg/share/combine_pkg/cmake/combine_pkgConfig.cmake
[2.886s] -- Installing: /home/orin_nano/f1tenth_ws/install/combine_pkg/share/combine_pkg/cmake/combine_pkgConfig-version.cmake
[2.886s] -- Installing: /home/orin_nano/f1tenth_ws/install/combine_pkg/share/combine_pkg/package.xml
[2.892s] Invoked command in '/home/orin_nano/f1tenth_ws/build/combine_pkg' returned '0': CMAKE_PREFIX_PATH=${CMAKE_PREFIX_PATH}:/home/orin_nano/f1tenth_ws/install/f1_test:/opt/ros/foxy /usr/bin/cmake --install /home/orin_nano/f1tenth_ws/build/combine_pkg
