[0.778s] Invoking command in '/home/orin_nano/f1tenth_ws/build/combine_pkg': CMAKE_PREFIX_PATH=/opt/ros/foxy /usr/bin/cmake --build /home/orin_nano/f1tenth_ws/build/combine_pkg -- -j6 -l6
[1.499s] Invoked command in '/home/orin_nano/f1tenth_ws/build/combine_pkg' returned '0': CMAKE_PREFIX_PATH=/opt/ros/foxy /usr/bin/cmake --build /home/orin_nano/f1tenth_ws/build/combine_pkg -- -j6 -l6
[1.575s] Invoking command in '/home/orin_nano/f1tenth_ws/build/combine_pkg': CMAKE_PREFIX_PATH=/opt/ros/foxy /usr/bin/cmake --install /home/orin_nano/f1tenth_ws/build/combine_pkg
[1.601s] -- Install configuration: ""
[1.602s] -- Up-to-date: /home/orin_nano/f1tenth_ws/install/combine_pkg/share/ament_index/resource_index/package_run_dependencies/combine_pkg
[1.603s] -- Up-to-date: /home/orin_nano/f1tenth_ws/install/combine_pkg/share/ament_index/resource_index/parent_prefix_path/combine_pkg
[1.604s] -- Up-to-date: /home/orin_nano/f1tenth_ws/install/combine_pkg/share/combine_pkg/environment/ament_prefix_path.sh
[1.604s] -- Up-to-date: /home/orin_nano/f1tenth_ws/install/combine_pkg/share/combine_pkg/environment/ament_prefix_path.dsv
[1.604s] -- Up-to-date: /home/orin_nano/f1tenth_ws/install/combine_pkg/share/combine_pkg/environment/path.sh
[1.604s] -- Up-to-date: /home/orin_nano/f1tenth_ws/install/combine_pkg/share/combine_pkg/environment/path.dsv
[1.605s] -- Up-to-date: /home/orin_nano/f1tenth_ws/install/combine_pkg/share/combine_pkg/local_setup.bash
[1.605s] -- Up-to-date: /home/orin_nano/f1tenth_ws/install/combine_pkg/share/combine_pkg/local_setup.sh
[1.606s] -- Up-to-date: /home/orin_nano/f1tenth_ws/install/combine_pkg/share/combine_pkg/local_setup.zsh
[1.606s] -- Up-to-date: /home/orin_nano/f1tenth_ws/install/combine_pkg/share/combine_pkg/local_setup.dsv
[1.606s] -- Installing: /home/orin_nano/f1tenth_ws/install/combine_pkg/share/combine_pkg/package.dsv
[1.606s] -- Up-to-date: /home/orin_nano/f1tenth_ws/install/combine_pkg/share/ament_index/resource_index/packages/combine_pkg
[1.606s] -- Up-to-date: /home/orin_nano/f1tenth_ws/install/combine_pkg/share/combine_pkg/cmake/combine_pkgConfig.cmake
[1.606s] -- Up-to-date: /home/orin_nano/f1tenth_ws/install/combine_pkg/share/combine_pkg/cmake/combine_pkgConfig-version.cmake
[1.606s] -- Up-to-date: /home/orin_nano/f1tenth_ws/install/combine_pkg/share/combine_pkg/package.xml
[1.620s] Invoked command in '/home/orin_nano/f1tenth_ws/build/combine_pkg' returned '0': CMAKE_PREFIX_PATH=/opt/ros/foxy /usr/bin/cmake --install /home/orin_nano/f1tenth_ws/build/combine_pkg
