[1.144s] Invoking command in '/home/orin_nano/f1tenth_ws/build/vesc_ackermann': AMENT_PREFIX_PATH=/home/orin_nano/f1tenth_ws/install/vesc_msgs:${AMENT_PREFIX_PATH} CMAKE_PREFIX_PATH=/home/orin_nano/f1tenth_ws/install/vesc_msgs:/opt/ros/foxy LD_LIBRARY_PATH=/home/orin_nano/f1tenth_ws/install/vesc_msgs/lib:/opt/ros/foxy/opt/yaml_cpp_vendor/lib:/opt/ros/foxy/opt/rviz_ogre_vendor/lib:/opt/ros/foxy/lib/aarch64-linux-gnu:/opt/ros/foxy/lib:/usr/local/cuda-11.4/lib64 PYTHONPATH=/home/orin_nano/f1tenth_ws/install/vesc_msgs/lib/python3.8/site-packages:${PYTHONPATH} /usr/bin/cmake --build /home/orin_nano/f1tenth_ws/build/vesc_ackermann -- -j6 -l6
[1.279s] [ 57%] Built target vesc_to_odom_node
[1.280s] [ 57%] Built target ackermann_to_vesc_node
[1.287s] [100%] Built target vesc_ackermann
[1.311s] Invoked command in '/home/orin_nano/f1tenth_ws/build/vesc_ackermann' returned '0': AMENT_PREFIX_PATH=/home/orin_nano/f1tenth_ws/install/vesc_msgs:${AMENT_PREFIX_PATH} CMAKE_PREFIX_PATH=/home/orin_nano/f1tenth_ws/install/vesc_msgs:/opt/ros/foxy LD_LIBRARY_PATH=/home/orin_nano/f1tenth_ws/install/vesc_msgs/lib:/opt/ros/foxy/opt/yaml_cpp_vendor/lib:/opt/ros/foxy/opt/rviz_ogre_vendor/lib:/opt/ros/foxy/lib/aarch64-linux-gnu:/opt/ros/foxy/lib:/usr/local/cuda-11.4/lib64 PYTHONPATH=/home/orin_nano/f1tenth_ws/install/vesc_msgs/lib/python3.8/site-packages:${PYTHONPATH} /usr/bin/cmake --build /home/orin_nano/f1tenth_ws/build/vesc_ackermann -- -j6 -l6
[1.376s] Invoking command in '/home/orin_nano/f1tenth_ws/build/vesc_ackermann': AMENT_PREFIX_PATH=/home/orin_nano/f1tenth_ws/install/vesc_msgs:${AMENT_PREFIX_PATH} CMAKE_PREFIX_PATH=/home/orin_nano/f1tenth_ws/install/vesc_msgs:/opt/ros/foxy LD_LIBRARY_PATH=/home/orin_nano/f1tenth_ws/install/vesc_msgs/lib:/opt/ros/foxy/opt/yaml_cpp_vendor/lib:/opt/ros/foxy/opt/rviz_ogre_vendor/lib:/opt/ros/foxy/lib/aarch64-linux-gnu:/opt/ros/foxy/lib:/usr/local/cuda-11.4/lib64 PYTHONPATH=/home/orin_nano/f1tenth_ws/install/vesc_msgs/lib/python3.8/site-packages:${PYTHONPATH} /usr/bin/cmake --install /home/orin_nano/f1tenth_ws/build/vesc_ackermann
[1.395s] -- Install configuration: ""
[1.396s] -- Up-to-date: /home/orin_nano/f1tenth_ws/install/vesc_ackermann/lib/vesc_ackermann/ackermann_to_vesc_node
[1.397s] -- Up-to-date: /home/orin_nano/f1tenth_ws/install/vesc_ackermann/lib/vesc_ackermann/vesc_to_odom_node
[1.397s] -- Up-to-date: /home/orin_nano/f1tenth_ws/install/vesc_ackermann/include
[1.397s] -- Up-to-date: /home/orin_nano/f1tenth_ws/install/vesc_ackermann/include/vesc_ackermann
[1.398s] -- Up-to-date: /home/orin_nano/f1tenth_ws/install/vesc_ackermann/include/vesc_ackermann/vesc_to_odom.hpp
[1.398s] -- Up-to-date: /home/orin_nano/f1tenth_ws/install/vesc_ackermann/include/vesc_ackermann/ackermann_to_vesc.hpp
[1.398s] -- Up-to-date: /home/orin_nano/f1tenth_ws/install/vesc_ackermann/share/vesc_ackermann/environment/library_path.sh
[1.398s] -- Up-to-date: /home/orin_nano/f1tenth_ws/install/vesc_ackermann/share/vesc_ackermann/environment/library_path.dsv
[1.398s] -- Up-to-date: /home/orin_nano/f1tenth_ws/install/vesc_ackermann/lib/libvesc_ackermann.so
[1.399s] -- Up-to-date: /home/orin_nano/f1tenth_ws/install/vesc_ackermann/share/vesc_ackermann/launch
[1.399s] -- Up-to-date: /home/orin_nano/f1tenth_ws/install/vesc_ackermann/share/vesc_ackermann/launch/ackermann_to_vesc_node.launch.xml
[1.399s] -- Up-to-date: /home/orin_nano/f1tenth_ws/install/vesc_ackermann/share/vesc_ackermann/launch/vesc_to_odom_node.launch.xml
[1.399s] -- Up-to-date: /home/orin_nano/f1tenth_ws/install/vesc_ackermann/share/ament_index/resource_index/package_run_dependencies/vesc_ackermann
[1.400s] -- Up-to-date: /home/orin_nano/f1tenth_ws/install/vesc_ackermann/share/ament_index/resource_index/parent_prefix_path/vesc_ackermann
[1.400s] -- Up-to-date: /home/orin_nano/f1tenth_ws/install/vesc_ackermann/share/vesc_ackermann/environment/ament_prefix_path.sh
[1.400s] -- Up-to-date: /home/orin_nano/f1tenth_ws/install/vesc_ackermann/share/vesc_ackermann/environment/ament_prefix_path.dsv
[1.400s] -- Up-to-date: /home/orin_nano/f1tenth_ws/install/vesc_ackermann/share/vesc_ackermann/environment/path.sh
[1.401s] -- Up-to-date: /home/orin_nano/f1tenth_ws/install/vesc_ackermann/share/vesc_ackermann/environment/path.dsv
[1.401s] -- Up-to-date: /home/orin_nano/f1tenth_ws/install/vesc_ackermann/share/vesc_ackermann/local_setup.bash
[1.401s] -- Up-to-date: /home/orin_nano/f1tenth_ws/install/vesc_ackermann/share/vesc_ackermann/local_setup.sh
[1.401s] -- Up-to-date: /home/orin_nano/f1tenth_ws/install/vesc_ackermann/share/vesc_ackermann/local_setup.zsh
[1.401s] -- Up-to-date: /home/orin_nano/f1tenth_ws/install/vesc_ackermann/share/vesc_ackermann/local_setup.dsv
[1.402s] -- Installing: /home/orin_nano/f1tenth_ws/install/vesc_ackermann/share/vesc_ackermann/package.dsv
[1.402s] -- Up-to-date: /home/orin_nano/f1tenth_ws/install/vesc_ackermann/share/ament_index/resource_index/packages/vesc_ackermann
[1.402s] -- Up-to-date: /home/orin_nano/f1tenth_ws/install/vesc_ackermann/share/ament_index/resource_index/rclcpp_components/vesc_ackermann
[1.402s] -- Up-to-date: /home/orin_nano/f1tenth_ws/install/vesc_ackermann/share/vesc_ackermann/cmake/ament_cmake_export_dependencies-extras.cmake
[1.403s] -- Up-to-date: /home/orin_nano/f1tenth_ws/install/vesc_ackermann/share/vesc_ackermann/cmake/ament_cmake_export_include_directories-extras.cmake
[1.403s] -- Up-to-date: /home/orin_nano/f1tenth_ws/install/vesc_ackermann/share/vesc_ackermann/cmake/ament_cmake_export_libraries-extras.cmake
[1.403s] -- Up-to-date: /home/orin_nano/f1tenth_ws/install/vesc_ackermann/share/vesc_ackermann/cmake/vesc_ackermannConfig.cmake
[1.403s] -- Up-to-date: /home/orin_nano/f1tenth_ws/install/vesc_ackermann/share/vesc_ackermann/cmake/vesc_ackermannConfig-version.cmake
[1.404s] -- Up-to-date: /home/orin_nano/f1tenth_ws/install/vesc_ackermann/share/vesc_ackermann/package.xml
[1.407s] Invoked command in '/home/orin_nano/f1tenth_ws/build/vesc_ackermann' returned '0': AMENT_PREFIX_PATH=/home/orin_nano/f1tenth_ws/install/vesc_msgs:${AMENT_PREFIX_PATH} CMAKE_PREFIX_PATH=/home/orin_nano/f1tenth_ws/install/vesc_msgs:/opt/ros/foxy LD_LIBRARY_PATH=/home/orin_nano/f1tenth_ws/install/vesc_msgs/lib:/opt/ros/foxy/opt/yaml_cpp_vendor/lib:/opt/ros/foxy/opt/rviz_ogre_vendor/lib:/opt/ros/foxy/lib/aarch64-linux-gnu:/opt/ros/foxy/lib:/usr/local/cuda-11.4/lib64 PYTHONPATH=/home/orin_nano/f1tenth_ws/install/vesc_msgs/lib/python3.8/site-packages:${PYTHONPATH} /usr/bin/cmake --install /home/orin_nano/f1tenth_ws/build/vesc_ackermann
